2024-11-28 17:27:57.851 +01:00 [INF] User profile is available. Using 'C:\Users\Kristoffer\AppData\Local\ASP.NET\DataProtection-Keys' as key repository and Windows DPAPI to encrypt keys at rest.
2024-11-28 17:27:59.001 +01:00 [WRN] The ASP.NET Core developer certificate is not trusted. For information about trusting the ASP.NET Core developer certificate, see https://aka.ms/aspnet/https-trust-dev-cert.
2024-11-28 17:27:59.021 +01:00 [INF] Now listening on: https://localhost:7046
2024-11-28 17:27:59.022 +01:00 [INF] Now listening on: http://localhost:5062
2024-11-28 17:27:59.025 +01:00 [INF] Application started. Press Ctrl+C to shut down.
2024-11-28 17:27:59.026 +01:00 [INF] Hosting environment: Development
2024-11-28 17:27:59.027 +01:00 [INF] Content root path: C:\Users\Kristoffer\Documents\TestFriendly\api
2024-11-28 17:28:07.836 +01:00 [INF] Request starting HTTP/1.1 GET http://localhost:5062/api/CommentAPI/commentlist - null null
2024-11-28 17:28:07.836 +01:00 [INF] Request starting HTTP/1.1 GET http://localhost:5062/api/PostAPI/postlist - null null
2024-11-28 17:28:07.836 +01:00 [INF] Request starting HTTP/1.1 GET http://localhost:5062/api/UserAPI/userlist - null null
2024-11-28 17:28:07.887 +01:00 [INF] CORS policy execution successful.
2024-11-28 17:28:07.887 +01:00 [INF] CORS policy execution successful.
2024-11-28 17:28:07.887 +01:00 [INF] CORS policy execution successful.
2024-11-28 17:28:07.893 +01:00 [INF] Executing endpoint 'friendly.Controllers.CommentAPIController.CommentList (api)'
2024-11-28 17:28:07.893 +01:00 [INF] Executing endpoint 'friendly.Controllers.UserAPIController.UserList (api)'
2024-11-28 17:28:07.893 +01:00 [INF] Executing endpoint 'friendly.Controllers.PostAPIController.PostList (api)'
2024-11-28 17:28:07.899 +01:00 [INF] Route matched with {action = "PostList", controller = "PostAPI"}. Executing controller action with signature System.Threading.Tasks.Task`1[Microsoft.AspNetCore.Mvc.IActionResult] PostList() on controller friendly.Controllers.PostAPIController (api).
2024-11-28 17:28:07.899 +01:00 [INF] Route matched with {action = "CommentList", controller = "CommentAPI"}. Executing controller action with signature System.Threading.Tasks.Task`1[Microsoft.AspNetCore.Mvc.IActionResult] CommentList() on controller friendly.Controllers.CommentAPIController (api).
2024-11-28 17:28:07.899 +01:00 [INF] Route matched with {action = "UserList", controller = "UserAPI"}. Executing controller action with signature System.Threading.Tasks.Task`1[Microsoft.AspNetCore.Mvc.IActionResult] UserList() on controller friendly.Controllers.UserAPIController (api).
2024-11-28 17:28:07.927 +01:00 [INF] Executing OkObjectResult, writing value of type 'System.Linq.Enumerable+SelectListIterator`2[[friendly.Models.User, api, Version=0.0.0.0, Culture=neutral, PublicKeyToken=null],[friendly.DTOs.UserDto, api, Version=0.0.0.0, Culture=neutral, PublicKeyToken=null]]'.
2024-11-28 17:28:07.927 +01:00 [INF] Executing OkObjectResult, writing value of type 'System.Linq.Enumerable+SelectListIterator`2[[friendly.Models.Post, api, Version=0.0.0.0, Culture=neutral, PublicKeyToken=null],[friendly.DTOs.PostDto, api, Version=0.0.0.0, Culture=neutral, PublicKeyToken=null]]'.
2024-11-28 17:28:07.927 +01:00 [INF] Executing OkObjectResult, writing value of type 'System.Linq.Enumerable+SelectListIterator`2[[friendly.Models.Comment, api, Version=0.0.0.0, Culture=neutral, PublicKeyToken=null],[friendly.DTOs.CommentDto, api, Version=0.0.0.0, Culture=neutral, PublicKeyToken=null]]'.
2024-11-28 17:28:07.974 +01:00 [INF] Executed action friendly.Controllers.PostAPIController.PostList (api) in 69.5052ms
2024-11-28 17:28:07.974 +01:00 [INF] Executed action friendly.Controllers.UserAPIController.UserList (api) in 69.5052ms
2024-11-28 17:28:07.974 +01:00 [INF] Executed action friendly.Controllers.CommentAPIController.CommentList (api) in 69.5056ms
2024-11-28 17:28:07.975 +01:00 [INF] Executed endpoint 'friendly.Controllers.PostAPIController.PostList (api)'
2024-11-28 17:28:07.975 +01:00 [INF] Executed endpoint 'friendly.Controllers.UserAPIController.UserList (api)'
2024-11-28 17:28:07.974 +01:00 [INF] Request starting HTTP/1.1 GET http://localhost:5062/api/CommentAPI/commentlist - null null
2024-11-28 17:28:07.974 +01:00 [INF] Request starting HTTP/1.1 GET http://localhost:5062/api/UserAPI/userlist - null null
2024-11-28 17:28:07.975 +01:00 [INF] Executed endpoint 'friendly.Controllers.CommentAPIController.CommentList (api)'
2024-11-28 17:28:07.976 +01:00 [INF] CORS policy execution successful.
2024-11-28 17:28:07.976 +01:00 [INF] CORS policy execution successful.
2024-11-28 17:28:07.976 +01:00 [INF] Request starting HTTP/1.1 GET http://localhost:5062/api/LikeAPI/likes/3 - null null
2024-11-28 17:28:07.976 +01:00 [INF] CORS policy execution successful.
2024-11-28 17:28:07.979 +01:00 [INF] Executing endpoint 'friendly.Controllers.CommentAPIController.CommentList (api)'
2024-11-28 17:28:07.979 +01:00 [INF] Executing endpoint 'friendly.Controllers.LikeAPIController.GetLikesCount (api)'
2024-11-28 17:28:07.979 +01:00 [INF] Executing endpoint 'friendly.Controllers.UserAPIController.UserList (api)'
2024-11-28 17:28:07.980 +01:00 [INF] Route matched with {action = "CommentList", controller = "CommentAPI"}. Executing controller action with signature System.Threading.Tasks.Task`1[Microsoft.AspNetCore.Mvc.IActionResult] CommentList() on controller friendly.Controllers.CommentAPIController (api).
2024-11-28 17:28:07.980 +01:00 [INF] Route matched with {action = "UserList", controller = "UserAPI"}. Executing controller action with signature System.Threading.Tasks.Task`1[Microsoft.AspNetCore.Mvc.IActionResult] UserList() on controller friendly.Controllers.UserAPIController (api).
2024-11-28 17:28:07.980 +01:00 [INF] Request finished HTTP/1.1 GET http://localhost:5062/api/CommentAPI/commentlist - 200 447 application/json; charset=utf-8 145.3333ms
2024-11-28 17:28:07.980 +01:00 [INF] Request finished HTTP/1.1 GET http://localhost:5062/api/PostAPI/postlist - 200 500 application/json; charset=utf-8 145.3373ms
2024-11-28 17:28:07.980 +01:00 [INF] Request finished HTTP/1.1 GET http://localhost:5062/api/UserAPI/userlist - 200 979 application/json; charset=utf-8 145.3193ms
2024-11-28 17:28:07.981 +01:00 [INF] Request starting HTTP/1.1 GET http://localhost:5062/api/LikeAPI/likes/2 - null null
2024-11-28 17:28:07.981 +01:00 [INF] Request starting HTTP/1.1 GET http://localhost:5062/api/LikeAPI/likes/1 - null null
2024-11-28 17:28:07.981 +01:00 [INF] Request starting HTTP/1.1 GET http://localhost:5062/api/PostAPI/postlist - null null
2024-11-28 17:28:07.981 +01:00 [INF] CORS policy execution successful.
2024-11-28 17:28:07.981 +01:00 [INF] CORS policy execution successful.
2024-11-28 17:28:07.981 +01:00 [INF] Executing endpoint 'friendly.Controllers.LikeAPIController.GetLikesCount (api)'
2024-11-28 17:28:07.981 +01:00 [INF] Executing endpoint 'friendly.Controllers.LikeAPIController.GetLikesCount (api)'
2024-11-28 17:28:07.981 +01:00 [INF] CORS policy execution successful.
2024-11-28 17:28:07.981 +01:00 [INF] Executing endpoint 'friendly.Controllers.PostAPIController.PostList (api)'
2024-11-28 17:28:07.981 +01:00 [INF] Route matched with {action = "PostList", controller = "PostAPI"}. Executing controller action with signature System.Threading.Tasks.Task`1[Microsoft.AspNetCore.Mvc.IActionResult] PostList() on controller friendly.Controllers.PostAPIController (api).
2024-11-28 17:28:07.984 +01:00 [INF] Route matched with {action = "GetLikesCount", controller = "LikeAPI"}. Executing controller action with signature System.Threading.Tasks.Task`1[Microsoft.AspNetCore.Mvc.IActionResult] GetLikesCount(Int32) on controller friendly.Controllers.LikeAPIController (api).
2024-11-28 17:28:07.984 +01:00 [INF] Route matched with {action = "GetLikesCount", controller = "LikeAPI"}. Executing controller action with signature System.Threading.Tasks.Task`1[Microsoft.AspNetCore.Mvc.IActionResult] GetLikesCount(Int32) on controller friendly.Controllers.LikeAPIController (api).
2024-11-28 17:28:07.984 +01:00 [INF] Route matched with {action = "GetLikesCount", controller = "LikeAPI"}. Executing controller action with signature System.Threading.Tasks.Task`1[Microsoft.AspNetCore.Mvc.IActionResult] GetLikesCount(Int32) on controller friendly.Controllers.LikeAPIController (api).
2024-11-28 17:28:08.005 +01:00 [INF] Executing OkObjectResult, writing value of type 'System.Linq.Enumerable+SelectListIterator`2[[friendly.Models.Comment, api, Version=0.0.0.0, Culture=neutral, PublicKeyToken=null],[friendly.DTOs.CommentDto, api, Version=0.0.0.0, Culture=neutral, PublicKeyToken=null]]'.
2024-11-28 17:28:08.005 +01:00 [INF] Executing OkObjectResult, writing value of type 'System.Linq.Enumerable+SelectListIterator`2[[friendly.Models.User, api, Version=0.0.0.0, Culture=neutral, PublicKeyToken=null],[friendly.DTOs.UserDto, api, Version=0.0.0.0, Culture=neutral, PublicKeyToken=null]]'.
2024-11-28 17:28:08.005 +01:00 [INF] Executing OkObjectResult, writing value of type 'System.Linq.Enumerable+SelectListIterator`2[[friendly.Models.Post, api, Version=0.0.0.0, Culture=neutral, PublicKeyToken=null],[friendly.DTOs.PostDto, api, Version=0.0.0.0, Culture=neutral, PublicKeyToken=null]]'.
2024-11-28 17:28:08.005 +01:00 [INF] Executed action friendly.Controllers.CommentAPIController.CommentList (api) in 25.5975ms
2024-11-28 17:28:08.005 +01:00 [INF] Executed action friendly.Controllers.UserAPIController.UserList (api) in 25.5777ms
2024-11-28 17:28:08.005 +01:00 [INF] Executed endpoint 'friendly.Controllers.CommentAPIController.CommentList (api)'
2024-11-28 17:28:08.005 +01:00 [INF] Executed action friendly.Controllers.PostAPIController.PostList (api) in 23.7767ms
2024-11-28 17:28:08.005 +01:00 [INF] Executed endpoint 'friendly.Controllers.UserAPIController.UserList (api)'
2024-11-28 17:28:08.005 +01:00 [INF] Executed endpoint 'friendly.Controllers.PostAPIController.PostList (api)'
2024-11-28 17:28:08.005 +01:00 [INF] Request finished HTTP/1.1 GET http://localhost:5062/api/UserAPI/userlist - 200 979 application/json; charset=utf-8 31.494ms
2024-11-28 17:28:08.005 +01:00 [INF] Request finished HTTP/1.1 GET http://localhost:5062/api/CommentAPI/commentlist - 200 447 application/json; charset=utf-8 31.494ms
2024-11-28 17:28:08.005 +01:00 [INF] Request finished HTTP/1.1 GET http://localhost:5062/api/PostAPI/postlist - 200 500 application/json; charset=utf-8 24.5771ms
2024-11-28 17:28:08.025 +01:00 [INF] Like count retrieved successfully for PostId: 1, Count: 0
2024-11-28 17:28:08.026 +01:00 [INF] Like count retrieved successfully for PostId: 2, Count: 0
2024-11-28 17:28:08.026 +01:00 [INF] Like count retrieved successfully for PostId: 3, Count: 0
2024-11-28 17:28:08.026 +01:00 [INF] Executing OkObjectResult, writing value of type 'System.Int32'.
2024-11-28 17:28:08.026 +01:00 [INF] Executing OkObjectResult, writing value of type 'System.Int32'.
2024-11-28 17:28:08.026 +01:00 [INF] Executing OkObjectResult, writing value of type 'System.Int32'.
2024-11-28 17:28:08.026 +01:00 [INF] Executed action friendly.Controllers.LikeAPIController.GetLikesCount (api) in 42.0076ms
2024-11-28 17:28:08.026 +01:00 [INF] Executed action friendly.Controllers.LikeAPIController.GetLikesCount (api) in 41.989ms
2024-11-28 17:28:08.026 +01:00 [INF] Executed action friendly.Controllers.LikeAPIController.GetLikesCount (api) in 41.8881ms
2024-11-28 17:28:08.026 +01:00 [INF] Executed endpoint 'friendly.Controllers.LikeAPIController.GetLikesCount (api)'
2024-11-28 17:28:08.026 +01:00 [INF] Executed endpoint 'friendly.Controllers.LikeAPIController.GetLikesCount (api)'
2024-11-28 17:28:08.026 +01:00 [INF] Executed endpoint 'friendly.Controllers.LikeAPIController.GetLikesCount (api)'
2024-11-28 17:28:08.026 +01:00 [INF] Request finished HTTP/1.1 GET http://localhost:5062/api/LikeAPI/likes/3 - 200 1 application/json; charset=utf-8 50.1189ms
2024-11-28 17:28:08.026 +01:00 [INF] Request finished HTTP/1.1 GET http://localhost:5062/api/LikeAPI/likes/2 - 200 1 application/json; charset=utf-8 45.5638ms
2024-11-28 17:28:08.026 +01:00 [INF] Request finished HTTP/1.1 GET http://localhost:5062/api/LikeAPI/likes/1 - 200 1 application/json; charset=utf-8 45.5595ms
2024-11-28 17:28:08.027 +01:00 [INF] Request starting HTTP/1.1 GET http://localhost:5062/api/LikeAPI/likes/3 - null null
2024-11-28 17:28:08.027 +01:00 [INF] Request starting HTTP/1.1 GET http://localhost:5062/api/LikeAPI/likes/1 - null null
2024-11-28 17:28:08.027 +01:00 [INF] CORS policy execution successful.
2024-11-28 17:28:08.027 +01:00 [INF] Request starting HTTP/1.1 GET http://localhost:5062/api/LikeAPI/likes/2 - null null
2024-11-28 17:28:08.027 +01:00 [INF] CORS policy execution successful.
2024-11-28 17:28:08.027 +01:00 [INF] CORS policy execution successful.
2024-11-28 17:28:08.027 +01:00 [INF] Executing endpoint 'friendly.Controllers.LikeAPIController.GetLikesCount (api)'
2024-11-28 17:28:08.027 +01:00 [INF] Executing endpoint 'friendly.Controllers.LikeAPIController.GetLikesCount (api)'
2024-11-28 17:28:08.027 +01:00 [INF] Executing endpoint 'friendly.Controllers.LikeAPIController.GetLikesCount (api)'
2024-11-28 17:28:08.028 +01:00 [INF] Route matched with {action = "GetLikesCount", controller = "LikeAPI"}. Executing controller action with signature System.Threading.Tasks.Task`1[Microsoft.AspNetCore.Mvc.IActionResult] GetLikesCount(Int32) on controller friendly.Controllers.LikeAPIController (api).
2024-11-28 17:28:08.028 +01:00 [INF] Route matched with {action = "GetLikesCount", controller = "LikeAPI"}. Executing controller action with signature System.Threading.Tasks.Task`1[Microsoft.AspNetCore.Mvc.IActionResult] GetLikesCount(Int32) on controller friendly.Controllers.LikeAPIController (api).
2024-11-28 17:28:08.028 +01:00 [INF] Route matched with {action = "GetLikesCount", controller = "LikeAPI"}. Executing controller action with signature System.Threading.Tasks.Task`1[Microsoft.AspNetCore.Mvc.IActionResult] GetLikesCount(Int32) on controller friendly.Controllers.LikeAPIController (api).
2024-11-28 17:28:08.034 +01:00 [INF] Like count retrieved successfully for PostId: 1, Count: 0
2024-11-28 17:28:08.035 +01:00 [INF] Like count retrieved successfully for PostId: 3, Count: 0
2024-11-28 17:28:08.035 +01:00 [INF] Executing OkObjectResult, writing value of type 'System.Int32'.
2024-11-28 17:28:08.035 +01:00 [INF] Executing OkObjectResult, writing value of type 'System.Int32'.
2024-11-28 17:28:08.035 +01:00 [INF] Like count retrieved successfully for PostId: 2, Count: 0
2024-11-28 17:28:08.036 +01:00 [INF] Executing OkObjectResult, writing value of type 'System.Int32'.
2024-11-28 17:28:08.036 +01:00 [INF] Executed action friendly.Controllers.LikeAPIController.GetLikesCount (api) in 8.0649ms
2024-11-28 17:28:08.036 +01:00 [INF] Executed action friendly.Controllers.LikeAPIController.GetLikesCount (api) in 8.0684ms
2024-11-28 17:28:08.036 +01:00 [INF] Executed endpoint 'friendly.Controllers.LikeAPIController.GetLikesCount (api)'
2024-11-28 17:28:08.036 +01:00 [INF] Executed action friendly.Controllers.LikeAPIController.GetLikesCount (api) in 8.1153ms
2024-11-28 17:28:08.036 +01:00 [INF] Executed endpoint 'friendly.Controllers.LikeAPIController.GetLikesCount (api)'
2024-11-28 17:28:08.036 +01:00 [INF] Executed endpoint 'friendly.Controllers.LikeAPIController.GetLikesCount (api)'
2024-11-28 17:28:08.036 +01:00 [INF] Request finished HTTP/1.1 GET http://localhost:5062/api/LikeAPI/likes/2 - 200 1 application/json; charset=utf-8 8.4212ms
2024-11-28 17:28:08.036 +01:00 [INF] Request finished HTTP/1.1 GET http://localhost:5062/api/LikeAPI/likes/3 - 200 1 application/json; charset=utf-8 8.5554ms
2024-11-28 17:28:08.036 +01:00 [INF] Request finished HTTP/1.1 GET http://localhost:5062/api/LikeAPI/likes/1 - 200 1 application/json; charset=utf-8 8.4732ms
2024-11-28 17:28:15.285 +01:00 [INF] Request starting HTTP/1.1 OPTIONS http://localhost:5062/api/postapi/create - null null
2024-11-28 17:28:15.285 +01:00 [INF] CORS policy execution successful.
2024-11-28 17:28:15.286 +01:00 [INF] Request finished HTTP/1.1 OPTIONS http://localhost:5062/api/postapi/create - 204 null null 1.2693ms
2024-11-28 17:28:15.287 +01:00 [INF] Request starting HTTP/1.1 POST http://localhost:5062/api/postapi/create - application/json 56
2024-11-28 17:28:15.287 +01:00 [INF] CORS policy execution successful.
2024-11-28 17:28:15.287 +01:00 [INF] Executing endpoint 'friendly.Controllers.PostAPIController.Create (api)'
2024-11-28 17:28:15.290 +01:00 [INF] Route matched with {action = "Create", controller = "PostAPI"}. Executing controller action with signature System.Threading.Tasks.Task`1[Microsoft.AspNetCore.Mvc.IActionResult] Create(friendly.DTOs.PostDto) on controller friendly.Controllers.PostAPIController (api).
2024-11-28 17:28:15.308 +01:00 [INF] [PostRepository] Adding post to the DbContext: {"PostId":0,"PostImagePath":null,"Caption":"HEI","PostDate":null,"UserId":null,"User":null,"Comments":null,"Likes":null,"$type":"Post"}
2024-11-28 17:28:15.311 +01:00 [INF] [PostRepository] Entity state before saving: "Added"
2024-11-28 17:28:15.316 +01:00 [INF] [PostRepository] Entity state after saving: "Unchanged"
2024-11-28 17:28:15.317 +01:00 [INF] [PostRepository] Post creation succeeded with PostId: 4
2024-11-28 17:28:15.317 +01:00 [INF] Executing CreatedAtActionResult, writing value of type 'friendly.Models.Post'.
2024-11-28 17:28:15.328 +01:00 [INF] Executed action friendly.Controllers.PostAPIController.Create (api) in 38.2653ms
2024-11-28 17:28:15.328 +01:00 [INF] Executed endpoint 'friendly.Controllers.PostAPIController.Create (api)'
2024-11-28 17:28:15.328 +01:00 [INF] Request finished HTTP/1.1 POST http://localhost:5062/api/postapi/create - 201 120 application/json; charset=utf-8 41.2419ms
2024-11-28 17:28:18.282 +01:00 [INF] Request starting HTTP/1.1 GET http://localhost:5062/api/UserAPI/userlist - null null
2024-11-28 17:28:18.282 +01:00 [INF] Request starting HTTP/1.1 GET http://localhost:5062/api/CommentAPI/commentlist - null null
2024-11-28 17:28:18.282 +01:00 [INF] Request starting HTTP/1.1 GET http://localhost:5062/api/PostAPI/postlist - null null
2024-11-28 17:28:18.282 +01:00 [INF] CORS policy execution successful.
2024-11-28 17:28:18.282 +01:00 [INF] CORS policy execution successful.
2024-11-28 17:28:18.282 +01:00 [INF] CORS policy execution successful.
2024-11-28 17:28:18.282 +01:00 [INF] Executing endpoint 'friendly.Controllers.CommentAPIController.CommentList (api)'
2024-11-28 17:28:18.282 +01:00 [INF] Executing endpoint 'friendly.Controllers.UserAPIController.UserList (api)'
2024-11-28 17:28:18.282 +01:00 [INF] Executing endpoint 'friendly.Controllers.PostAPIController.PostList (api)'
2024-11-28 17:28:18.282 +01:00 [INF] Route matched with {action = "CommentList", controller = "CommentAPI"}. Executing controller action with signature System.Threading.Tasks.Task`1[Microsoft.AspNetCore.Mvc.IActionResult] CommentList() on controller friendly.Controllers.CommentAPIController (api).
2024-11-28 17:28:18.282 +01:00 [INF] Route matched with {action = "UserList", controller = "UserAPI"}. Executing controller action with signature System.Threading.Tasks.Task`1[Microsoft.AspNetCore.Mvc.IActionResult] UserList() on controller friendly.Controllers.UserAPIController (api).
2024-11-28 17:28:18.282 +01:00 [INF] Route matched with {action = "PostList", controller = "PostAPI"}. Executing controller action with signature System.Threading.Tasks.Task`1[Microsoft.AspNetCore.Mvc.IActionResult] PostList() on controller friendly.Controllers.PostAPIController (api).
2024-11-28 17:28:18.287 +01:00 [INF] Executing OkObjectResult, writing value of type 'System.Linq.Enumerable+SelectListIterator`2[[friendly.Models.Post, api, Version=0.0.0.0, Culture=neutral, PublicKeyToken=null],[friendly.DTOs.PostDto, api, Version=0.0.0.0, Culture=neutral, PublicKeyToken=null]]'.
2024-11-28 17:28:18.287 +01:00 [INF] Executing OkObjectResult, writing value of type 'System.Linq.Enumerable+SelectListIterator`2[[friendly.Models.Comment, api, Version=0.0.0.0, Culture=neutral, PublicKeyToken=null],[friendly.DTOs.CommentDto, api, Version=0.0.0.0, Culture=neutral, PublicKeyToken=null]]'.
2024-11-28 17:28:18.287 +01:00 [INF] Executing OkObjectResult, writing value of type 'System.Linq.Enumerable+SelectListIterator`2[[friendly.Models.User, api, Version=0.0.0.0, Culture=neutral, PublicKeyToken=null],[friendly.DTOs.UserDto, api, Version=0.0.0.0, Culture=neutral, PublicKeyToken=null]]'.
2024-11-28 17:28:18.288 +01:00 [INF] Executed action friendly.Controllers.CommentAPIController.CommentList (api) in 5.2407ms
2024-11-28 17:28:18.288 +01:00 [INF] Executed action friendly.Controllers.PostAPIController.PostList (api) in 5.2079ms
2024-11-28 17:28:18.288 +01:00 [INF] Executed endpoint 'friendly.Controllers.CommentAPIController.CommentList (api)'
2024-11-28 17:28:18.288 +01:00 [INF] Executed endpoint 'friendly.Controllers.PostAPIController.PostList (api)'
2024-11-28 17:28:18.288 +01:00 [INF] Executed action friendly.Controllers.UserAPIController.UserList (api) in 5.3615ms
2024-11-28 17:28:18.288 +01:00 [INF] Request finished HTTP/1.1 GET http://localhost:5062/api/PostAPI/postlist - 200 580 application/json; charset=utf-8 5.9867ms
2024-11-28 17:28:18.288 +01:00 [INF] Executed endpoint 'friendly.Controllers.UserAPIController.UserList (api)'
2024-11-28 17:28:18.288 +01:00 [INF] Request finished HTTP/1.1 GET http://localhost:5062/api/CommentAPI/commentlist - 200 447 application/json; charset=utf-8 5.8022ms
2024-11-28 17:28:18.288 +01:00 [INF] Request finished HTTP/1.1 GET http://localhost:5062/api/UserAPI/userlist - 200 979 application/json; charset=utf-8 5.9478ms
2024-11-28 17:28:18.289 +01:00 [INF] Request starting HTTP/1.1 GET http://localhost:5062/api/PostAPI/postlist - null null
2024-11-28 17:28:18.289 +01:00 [INF] Request starting HTTP/1.1 GET http://localhost:5062/api/CommentAPI/commentlist - null null
2024-11-28 17:28:18.289 +01:00 [INF] Request starting HTTP/1.1 GET http://localhost:5062/api/UserAPI/userlist - null null
2024-11-28 17:28:18.289 +01:00 [INF] CORS policy execution successful.
2024-11-28 17:28:18.289 +01:00 [INF] CORS policy execution successful.
2024-11-28 17:28:18.289 +01:00 [INF] CORS policy execution successful.
2024-11-28 17:28:18.289 +01:00 [INF] Executing endpoint 'friendly.Controllers.PostAPIController.PostList (api)'
2024-11-28 17:28:18.289 +01:00 [INF] Executing endpoint 'friendly.Controllers.CommentAPIController.CommentList (api)'
2024-11-28 17:28:18.289 +01:00 [INF] Executing endpoint 'friendly.Controllers.UserAPIController.UserList (api)'
2024-11-28 17:28:18.289 +01:00 [INF] Route matched with {action = "PostList", controller = "PostAPI"}. Executing controller action with signature System.Threading.Tasks.Task`1[Microsoft.AspNetCore.Mvc.IActionResult] PostList() on controller friendly.Controllers.PostAPIController (api).
2024-11-28 17:28:18.289 +01:00 [INF] Route matched with {action = "UserList", controller = "UserAPI"}. Executing controller action with signature System.Threading.Tasks.Task`1[Microsoft.AspNetCore.Mvc.IActionResult] UserList() on controller friendly.Controllers.UserAPIController (api).
2024-11-28 17:28:18.289 +01:00 [INF] Route matched with {action = "CommentList", controller = "CommentAPI"}. Executing controller action with signature System.Threading.Tasks.Task`1[Microsoft.AspNetCore.Mvc.IActionResult] CommentList() on controller friendly.Controllers.CommentAPIController (api).
2024-11-28 17:28:18.294 +01:00 [INF] Executing OkObjectResult, writing value of type 'System.Linq.Enumerable+SelectListIterator`2[[friendly.Models.Post, api, Version=0.0.0.0, Culture=neutral, PublicKeyToken=null],[friendly.DTOs.PostDto, api, Version=0.0.0.0, Culture=neutral, PublicKeyToken=null]]'.
2024-11-28 17:28:18.294 +01:00 [INF] Executing OkObjectResult, writing value of type 'System.Linq.Enumerable+SelectListIterator`2[[friendly.Models.User, api, Version=0.0.0.0, Culture=neutral, PublicKeyToken=null],[friendly.DTOs.UserDto, api, Version=0.0.0.0, Culture=neutral, PublicKeyToken=null]]'.
2024-11-28 17:28:18.294 +01:00 [INF] Executing OkObjectResult, writing value of type 'System.Linq.Enumerable+SelectListIterator`2[[friendly.Models.Comment, api, Version=0.0.0.0, Culture=neutral, PublicKeyToken=null],[friendly.DTOs.CommentDto, api, Version=0.0.0.0, Culture=neutral, PublicKeyToken=null]]'.
2024-11-28 17:28:18.294 +01:00 [INF] Executed action friendly.Controllers.UserAPIController.UserList (api) in 4.9073ms
2024-11-28 17:28:18.294 +01:00 [INF] Executed action friendly.Controllers.CommentAPIController.CommentList (api) in 4.8952ms
2024-11-28 17:28:18.294 +01:00 [INF] Executed action friendly.Controllers.PostAPIController.PostList (api) in 4.9257ms
2024-11-28 17:28:18.294 +01:00 [INF] Executed endpoint 'friendly.Controllers.UserAPIController.UserList (api)'
2024-11-28 17:28:18.294 +01:00 [INF] Executed endpoint 'friendly.Controllers.CommentAPIController.CommentList (api)'
2024-11-28 17:28:18.294 +01:00 [INF] Executed endpoint 'friendly.Controllers.PostAPIController.PostList (api)'
2024-11-28 17:28:18.294 +01:00 [INF] Request finished HTTP/1.1 GET http://localhost:5062/api/UserAPI/userlist - 200 979 application/json; charset=utf-8 5.4293ms
2024-11-28 17:28:18.294 +01:00 [INF] Request finished HTTP/1.1 GET http://localhost:5062/api/PostAPI/postlist - 200 580 application/json; charset=utf-8 5.594ms
2024-11-28 17:28:18.294 +01:00 [INF] Request finished HTTP/1.1 GET http://localhost:5062/api/CommentAPI/commentlist - 200 447 application/json; charset=utf-8 5.5294ms
2024-11-28 17:28:21.298 +01:00 [INF] Request starting HTTP/1.1 GET http://localhost:5062/api/userapi/userlist - null null
2024-11-28 17:28:21.298 +01:00 [INF] CORS policy execution successful.
2024-11-28 17:28:21.298 +01:00 [INF] Executing endpoint 'friendly.Controllers.UserAPIController.UserList (api)'
2024-11-28 17:28:21.298 +01:00 [INF] Route matched with {action = "UserList", controller = "UserAPI"}. Executing controller action with signature System.Threading.Tasks.Task`1[Microsoft.AspNetCore.Mvc.IActionResult] UserList() on controller friendly.Controllers.UserAPIController (api).
2024-11-28 17:28:21.301 +01:00 [INF] Executing OkObjectResult, writing value of type 'System.Linq.Enumerable+SelectListIterator`2[[friendly.Models.User, api, Version=0.0.0.0, Culture=neutral, PublicKeyToken=null],[friendly.DTOs.UserDto, api, Version=0.0.0.0, Culture=neutral, PublicKeyToken=null]]'.
2024-11-28 17:28:21.301 +01:00 [INF] Executed action friendly.Controllers.UserAPIController.UserList (api) in 2.7586ms
2024-11-28 17:28:21.301 +01:00 [INF] Executed endpoint 'friendly.Controllers.UserAPIController.UserList (api)'
2024-11-28 17:28:21.301 +01:00 [INF] Request finished HTTP/1.1 GET http://localhost:5062/api/userapi/userlist - 200 979 application/json; charset=utf-8 3.4224ms
2024-11-28 17:28:21.302 +01:00 [INF] Request starting HTTP/1.1 GET http://localhost:5062/api/userapi/userlist - null null
2024-11-28 17:28:21.302 +01:00 [INF] CORS policy execution successful.
2024-11-28 17:28:21.302 +01:00 [INF] Executing endpoint 'friendly.Controllers.UserAPIController.UserList (api)'
2024-11-28 17:28:21.302 +01:00 [INF] Route matched with {action = "UserList", controller = "UserAPI"}. Executing controller action with signature System.Threading.Tasks.Task`1[Microsoft.AspNetCore.Mvc.IActionResult] UserList() on controller friendly.Controllers.UserAPIController (api).
2024-11-28 17:28:21.305 +01:00 [INF] Executing OkObjectResult, writing value of type 'System.Linq.Enumerable+SelectListIterator`2[[friendly.Models.User, api, Version=0.0.0.0, Culture=neutral, PublicKeyToken=null],[friendly.DTOs.UserDto, api, Version=0.0.0.0, Culture=neutral, PublicKeyToken=null]]'.
2024-11-28 17:28:21.305 +01:00 [INF] Executed action friendly.Controllers.UserAPIController.UserList (api) in 3.6426ms
2024-11-28 17:28:21.306 +01:00 [INF] Executed endpoint 'friendly.Controllers.UserAPIController.UserList (api)'
2024-11-28 17:28:21.306 +01:00 [INF] Request finished HTTP/1.1 GET http://localhost:5062/api/userapi/userlist - 200 979 application/json; charset=utf-8 4.0934ms
