2024-12-01 03:52:01.859 +01:00 [INF] User profile is available. Using 'C:\Users\Kristoffer\AppData\Local\ASP.NET\DataProtection-Keys' as key repository and Windows DPAPI to encrypt keys at rest.
2024-12-01 03:52:02.285 +01:00 [WRN] The ASP.NET Core developer certificate is not trusted. For information about trusting the ASP.NET Core developer certificate, see https://aka.ms/aspnet/https-trust-dev-cert.
2024-12-01 03:52:02.305 +01:00 [INF] Now listening on: https://localhost:7046
2024-12-01 03:52:02.306 +01:00 [INF] Now listening on: http://localhost:5062
2024-12-01 03:52:02.308 +01:00 [INF] Application started. Press Ctrl+C to shut down.
2024-12-01 03:52:02.310 +01:00 [INF] Hosting environment: Development
2024-12-01 03:52:02.311 +01:00 [INF] Content root path: C:\Users\Kristoffer\Documents\TestFriendly\api
2024-12-01 03:52:10.225 +01:00 [INF] Request starting HTTP/1.1 GET http://localhost:5062/api/CommentAPI/commentlist - null null
2024-12-01 03:52:10.225 +01:00 [INF] Request starting HTTP/1.1 GET http://localhost:5062/api/PostAPI/postlist - null null
2024-12-01 03:52:10.225 +01:00 [INF] Request starting HTTP/1.1 GET http://localhost:5062/api/UserAPI/userlist - null null
2024-12-01 03:52:10.252 +01:00 [INF] CORS policy execution successful.
2024-12-01 03:52:10.252 +01:00 [INF] CORS policy execution successful.
2024-12-01 03:52:10.252 +01:00 [INF] CORS policy execution successful.
2024-12-01 03:52:10.261 +01:00 [INF] Executing endpoint 'friendly.Controllers.CommentAPIController.CommentList (api)'
2024-12-01 03:52:10.261 +01:00 [INF] Executing endpoint 'friendly.Controllers.PostAPIController.PostList (api)'
2024-12-01 03:52:10.261 +01:00 [INF] Executing endpoint 'friendly.Controllers.UserAPIController.UserList (api)'
2024-12-01 03:52:10.268 +01:00 [INF] Route matched with {action = "CommentList", controller = "CommentAPI"}. Executing controller action with signature System.Threading.Tasks.Task`1[Microsoft.AspNetCore.Mvc.IActionResult] CommentList() on controller friendly.Controllers.CommentAPIController (api).
2024-12-01 03:52:10.268 +01:00 [INF] Route matched with {action = "PostList", controller = "PostAPI"}. Executing controller action with signature System.Threading.Tasks.Task`1[Microsoft.AspNetCore.Mvc.IActionResult] PostList() on controller friendly.Controllers.PostAPIController (api).
2024-12-01 03:52:10.268 +01:00 [INF] Route matched with {action = "UserList", controller = "UserAPI"}. Executing controller action with signature System.Threading.Tasks.Task`1[Microsoft.AspNetCore.Mvc.IActionResult] UserList() on controller friendly.Controllers.UserAPIController (api).
2024-12-01 03:52:10.467 +01:00 [INF] Executing OkObjectResult, writing value of type 'System.Linq.Enumerable+SelectListIterator`2[[friendly.Models.Post, api, Version=0.0.0.0, Culture=neutral, PublicKeyToken=null],[friendly.DTOs.PostDto, api, Version=0.0.0.0, Culture=neutral, PublicKeyToken=null]]'.
2024-12-01 03:52:10.467 +01:00 [INF] Executing OkObjectResult, writing value of type 'System.Linq.Enumerable+SelectListIterator`2[[friendly.Models.Comment, api, Version=0.0.0.0, Culture=neutral, PublicKeyToken=null],[friendly.DTOs.CommentDto, api, Version=0.0.0.0, Culture=neutral, PublicKeyToken=null]]'.
2024-12-01 03:52:10.472 +01:00 [INF] Executing OkObjectResult, writing value of type 'System.Linq.Enumerable+SelectListIterator`2[[friendly.Models.User, api, Version=0.0.0.0, Culture=neutral, PublicKeyToken=null],[friendly.DTOs.UserDto, api, Version=0.0.0.0, Culture=neutral, PublicKeyToken=null]]'.
2024-12-01 03:52:10.517 +01:00 [INF] Executed action friendly.Controllers.PostAPIController.PostList (api) in 242.47ms
2024-12-01 03:52:10.517 +01:00 [INF] Executed action friendly.Controllers.UserAPIController.UserList (api) in 242.4628ms
2024-12-01 03:52:10.517 +01:00 [INF] Executed action friendly.Controllers.CommentAPIController.CommentList (api) in 242.4617ms
2024-12-01 03:52:10.517 +01:00 [INF] Executed endpoint 'friendly.Controllers.UserAPIController.UserList (api)'
2024-12-01 03:52:10.517 +01:00 [INF] Request starting HTTP/1.1 GET http://localhost:5062/api/CommentAPI/commentlist - null null
2024-12-01 03:52:10.517 +01:00 [INF] Request starting HTTP/1.1 GET http://localhost:5062/api/LikeAPI/likes/1 - null null
2024-12-01 03:52:10.517 +01:00 [INF] Request starting HTTP/1.1 GET http://localhost:5062/api/LikeAPI/likes/2 - null null
2024-12-01 03:52:10.517 +01:00 [INF] Executed endpoint 'friendly.Controllers.PostAPIController.PostList (api)'
2024-12-01 03:52:10.517 +01:00 [INF] Executed endpoint 'friendly.Controllers.CommentAPIController.CommentList (api)'
2024-12-01 03:52:10.519 +01:00 [INF] CORS policy execution successful.
2024-12-01 03:52:10.519 +01:00 [INF] CORS policy execution successful.
2024-12-01 03:52:10.519 +01:00 [INF] CORS policy execution successful.
2024-12-01 03:52:10.520 +01:00 [INF] Executing endpoint 'friendly.Controllers.LikeAPIController.GetLikesCount (api)'
2024-12-01 03:52:10.520 +01:00 [INF] Executing endpoint 'friendly.Controllers.CommentAPIController.CommentList (api)'
2024-12-01 03:52:10.520 +01:00 [INF] Executing endpoint 'friendly.Controllers.LikeAPIController.GetLikesCount (api)'
2024-12-01 03:52:10.520 +01:00 [INF] Route matched with {action = "CommentList", controller = "CommentAPI"}. Executing controller action with signature System.Threading.Tasks.Task`1[Microsoft.AspNetCore.Mvc.IActionResult] CommentList() on controller friendly.Controllers.CommentAPIController (api).
2024-12-01 03:52:10.522 +01:00 [INF] Request finished HTTP/1.1 GET http://localhost:5062/api/CommentAPI/commentlist - 200 586 application/json; charset=utf-8 297.7426ms
2024-12-01 03:52:10.522 +01:00 [INF] Request finished HTTP/1.1 GET http://localhost:5062/api/PostAPI/postlist - 200 680 application/json; charset=utf-8 297.7433ms
2024-12-01 03:52:10.522 +01:00 [INF] Request finished HTTP/1.1 GET http://localhost:5062/api/UserAPI/userlist - 200 1221 application/json; charset=utf-8 297.743ms
2024-12-01 03:52:10.523 +01:00 [INF] Request starting HTTP/1.1 GET http://localhost:5062/api/PostAPI/postlist - null null
2024-12-01 03:52:10.523 +01:00 [INF] Request starting HTTP/1.1 GET http://localhost:5062/api/LikeAPI/likes/4 - null null
2024-12-01 03:52:10.523 +01:00 [INF] Request starting HTTP/1.1 GET http://localhost:5062/api/UserAPI/userlist - null null
2024-12-01 03:52:10.524 +01:00 [INF] CORS policy execution successful.
2024-12-01 03:52:10.524 +01:00 [INF] Executing endpoint 'friendly.Controllers.UserAPIController.UserList (api)'
2024-12-01 03:52:10.524 +01:00 [INF] Route matched with {action = "UserList", controller = "UserAPI"}. Executing controller action with signature System.Threading.Tasks.Task`1[Microsoft.AspNetCore.Mvc.IActionResult] UserList() on controller friendly.Controllers.UserAPIController (api).
2024-12-01 03:52:10.524 +01:00 [INF] Route matched with {action = "GetLikesCount", controller = "LikeAPI"}. Executing controller action with signature System.Threading.Tasks.Task`1[Microsoft.AspNetCore.Mvc.IActionResult] GetLikesCount(Int32) on controller friendly.Controllers.LikeAPIController (api).
2024-12-01 03:52:10.524 +01:00 [INF] CORS policy execution successful.
2024-12-01 03:52:10.524 +01:00 [INF] CORS policy execution successful.
2024-12-01 03:52:10.524 +01:00 [INF] Executing endpoint 'friendly.Controllers.LikeAPIController.GetLikesCount (api)'
2024-12-01 03:52:10.524 +01:00 [INF] Executing endpoint 'friendly.Controllers.PostAPIController.PostList (api)'
2024-12-01 03:52:10.524 +01:00 [INF] Route matched with {action = "GetLikesCount", controller = "LikeAPI"}. Executing controller action with signature System.Threading.Tasks.Task`1[Microsoft.AspNetCore.Mvc.IActionResult] GetLikesCount(Int32) on controller friendly.Controllers.LikeAPIController (api).
2024-12-01 03:52:10.524 +01:00 [INF] Route matched with {action = "PostList", controller = "PostAPI"}. Executing controller action with signature System.Threading.Tasks.Task`1[Microsoft.AspNetCore.Mvc.IActionResult] PostList() on controller friendly.Controllers.PostAPIController (api).
2024-12-01 03:52:10.525 +01:00 [INF] Route matched with {action = "GetLikesCount", controller = "LikeAPI"}. Executing controller action with signature System.Threading.Tasks.Task`1[Microsoft.AspNetCore.Mvc.IActionResult] GetLikesCount(Int32) on controller friendly.Controllers.LikeAPIController (api).
2024-12-01 03:52:10.543 +01:00 [INF] Executing OkObjectResult, writing value of type 'System.Linq.Enumerable+SelectListIterator`2[[friendly.Models.Comment, api, Version=0.0.0.0, Culture=neutral, PublicKeyToken=null],[friendly.DTOs.CommentDto, api, Version=0.0.0.0, Culture=neutral, PublicKeyToken=null]]'.
2024-12-01 03:52:10.543 +01:00 [INF] Executing OkObjectResult, writing value of type 'System.Linq.Enumerable+SelectListIterator`2[[friendly.Models.User, api, Version=0.0.0.0, Culture=neutral, PublicKeyToken=null],[friendly.DTOs.UserDto, api, Version=0.0.0.0, Culture=neutral, PublicKeyToken=null]]'.
2024-12-01 03:52:10.543 +01:00 [INF] Executing OkObjectResult, writing value of type 'System.Linq.Enumerable+SelectListIterator`2[[friendly.Models.Post, api, Version=0.0.0.0, Culture=neutral, PublicKeyToken=null],[friendly.DTOs.PostDto, api, Version=0.0.0.0, Culture=neutral, PublicKeyToken=null]]'.
2024-12-01 03:52:10.543 +01:00 [INF] Executed action friendly.Controllers.UserAPIController.UserList (api) in 19.3929ms
2024-12-01 03:52:10.543 +01:00 [INF] Executed action friendly.Controllers.CommentAPIController.CommentList (api) in 23.0444ms
2024-12-01 03:52:10.543 +01:00 [INF] Executed endpoint 'friendly.Controllers.UserAPIController.UserList (api)'
2024-12-01 03:52:10.543 +01:00 [INF] Executed endpoint 'friendly.Controllers.CommentAPIController.CommentList (api)'
2024-12-01 03:52:10.543 +01:00 [INF] Executed action friendly.Controllers.PostAPIController.PostList (api) in 19.1615ms
2024-12-01 03:52:10.543 +01:00 [INF] Executed endpoint 'friendly.Controllers.PostAPIController.PostList (api)'
2024-12-01 03:52:10.543 +01:00 [INF] Request finished HTTP/1.1 GET http://localhost:5062/api/CommentAPI/commentlist - 200 586 application/json; charset=utf-8 26.5716ms
2024-12-01 03:52:10.543 +01:00 [INF] Request finished HTTP/1.1 GET http://localhost:5062/api/PostAPI/postlist - 200 680 application/json; charset=utf-8 20.0836ms
2024-12-01 03:52:10.543 +01:00 [INF] Request finished HTTP/1.1 GET http://localhost:5062/api/UserAPI/userlist - 200 1221 application/json; charset=utf-8 20.0829ms
2024-12-01 03:52:10.544 +01:00 [INF] Request starting HTTP/1.1 GET http://localhost:5062/api/LikeAPI/likes/3 - null null
2024-12-01 03:52:10.544 +01:00 [INF] CORS policy execution successful.
2024-12-01 03:52:10.544 +01:00 [INF] Executing endpoint 'friendly.Controllers.LikeAPIController.GetLikesCount (api)'
2024-12-01 03:52:10.545 +01:00 [INF] Route matched with {action = "GetLikesCount", controller = "LikeAPI"}. Executing controller action with signature System.Threading.Tasks.Task`1[Microsoft.AspNetCore.Mvc.IActionResult] GetLikesCount(Int32) on controller friendly.Controllers.LikeAPIController (api).
2024-12-01 03:52:10.570 +01:00 [INF] Like count retrieved successfully for PostId: 4, Count: 0
2024-12-01 03:52:10.571 +01:00 [INF] Like count retrieved successfully for PostId: 3, Count: 0
2024-12-01 03:52:10.571 +01:00 [INF] Executing OkObjectResult, writing value of type 'System.Int32'.
2024-12-01 03:52:10.571 +01:00 [INF] Like count retrieved successfully for PostId: 1, Count: 0
2024-12-01 03:52:10.572 +01:00 [INF] Executing OkObjectResult, writing value of type 'System.Int32'.
2024-12-01 03:52:10.572 +01:00 [INF] Executing OkObjectResult, writing value of type 'System.Int32'.
2024-12-01 03:52:10.572 +01:00 [INF] Like count retrieved successfully for PostId: 2, Count: 1
2024-12-01 03:52:10.572 +01:00 [INF] Executed action friendly.Controllers.LikeAPIController.GetLikesCount (api) in 27.4446ms
2024-12-01 03:52:10.572 +01:00 [INF] Executed action friendly.Controllers.LikeAPIController.GetLikesCount (api) in 47.8251ms
2024-12-01 03:52:10.572 +01:00 [INF] Executed action friendly.Controllers.LikeAPIController.GetLikesCount (api) in 48.0542ms
2024-12-01 03:52:10.572 +01:00 [INF] Executed endpoint 'friendly.Controllers.LikeAPIController.GetLikesCount (api)'
2024-12-01 03:52:10.572 +01:00 [INF] Executed endpoint 'friendly.Controllers.LikeAPIController.GetLikesCount (api)'
2024-12-01 03:52:10.572 +01:00 [INF] Executed endpoint 'friendly.Controllers.LikeAPIController.GetLikesCount (api)'
2024-12-01 03:52:10.572 +01:00 [INF] Executing OkObjectResult, writing value of type 'System.Int32'.
2024-12-01 03:52:10.572 +01:00 [INF] Request finished HTTP/1.1 GET http://localhost:5062/api/LikeAPI/likes/1 - 200 1 application/json; charset=utf-8 55.2356ms
2024-12-01 03:52:10.572 +01:00 [INF] Request finished HTTP/1.1 GET http://localhost:5062/api/LikeAPI/likes/4 - 200 1 application/json; charset=utf-8 48.7467ms
2024-12-01 03:52:10.572 +01:00 [INF] Request finished HTTP/1.1 GET http://localhost:5062/api/LikeAPI/likes/3 - 200 1 application/json; charset=utf-8 27.9119ms
2024-12-01 03:52:10.572 +01:00 [INF] Executed action friendly.Controllers.LikeAPIController.GetLikesCount (api) in 47.2191ms
2024-12-01 03:52:10.572 +01:00 [INF] Executed endpoint 'friendly.Controllers.LikeAPIController.GetLikesCount (api)'
2024-12-01 03:52:10.572 +01:00 [INF] Request finished HTTP/1.1 GET http://localhost:5062/api/LikeAPI/likes/2 - 200 1 application/json; charset=utf-8 55.3551ms
2024-12-01 03:52:10.573 +01:00 [INF] Request starting HTTP/1.1 GET http://localhost:5062/api/LikeAPI/likes/3 - null null
2024-12-01 03:52:10.573 +01:00 [INF] CORS policy execution successful.
2024-12-01 03:52:10.573 +01:00 [INF] Executing endpoint 'friendly.Controllers.LikeAPIController.GetLikesCount (api)'
2024-12-01 03:52:10.573 +01:00 [INF] Request starting HTTP/1.1 GET http://localhost:5062/api/LikeAPI/likes/1 - null null
2024-12-01 03:52:10.573 +01:00 [INF] Route matched with {action = "GetLikesCount", controller = "LikeAPI"}. Executing controller action with signature System.Threading.Tasks.Task`1[Microsoft.AspNetCore.Mvc.IActionResult] GetLikesCount(Int32) on controller friendly.Controllers.LikeAPIController (api).
2024-12-01 03:52:10.573 +01:00 [INF] CORS policy execution successful.
2024-12-01 03:52:10.573 +01:00 [INF] Request starting HTTP/1.1 GET http://localhost:5062/api/LikeAPI/likes/4 - null null
2024-12-01 03:52:10.573 +01:00 [INF] Request starting HTTP/1.1 GET http://localhost:5062/api/LikeAPI/likes/2 - null null
2024-12-01 03:52:10.573 +01:00 [INF] Executing endpoint 'friendly.Controllers.LikeAPIController.GetLikesCount (api)'
2024-12-01 03:52:10.573 +01:00 [INF] CORS policy execution successful.
2024-12-01 03:52:10.573 +01:00 [INF] Route matched with {action = "GetLikesCount", controller = "LikeAPI"}. Executing controller action with signature System.Threading.Tasks.Task`1[Microsoft.AspNetCore.Mvc.IActionResult] GetLikesCount(Int32) on controller friendly.Controllers.LikeAPIController (api).
2024-12-01 03:52:10.573 +01:00 [INF] CORS policy execution successful.
2024-12-01 03:52:10.573 +01:00 [INF] Executing endpoint 'friendly.Controllers.LikeAPIController.GetLikesCount (api)'
2024-12-01 03:52:10.573 +01:00 [INF] Route matched with {action = "GetLikesCount", controller = "LikeAPI"}. Executing controller action with signature System.Threading.Tasks.Task`1[Microsoft.AspNetCore.Mvc.IActionResult] GetLikesCount(Int32) on controller friendly.Controllers.LikeAPIController (api).
2024-12-01 03:52:10.573 +01:00 [INF] Executing endpoint 'friendly.Controllers.LikeAPIController.GetLikesCount (api)'
2024-12-01 03:52:10.573 +01:00 [INF] Route matched with {action = "GetLikesCount", controller = "LikeAPI"}. Executing controller action with signature System.Threading.Tasks.Task`1[Microsoft.AspNetCore.Mvc.IActionResult] GetLikesCount(Int32) on controller friendly.Controllers.LikeAPIController (api).
2024-12-01 03:52:10.577 +01:00 [INF] Like count retrieved successfully for PostId: 1, Count: 0
2024-12-01 03:52:10.578 +01:00 [INF] Executing OkObjectResult, writing value of type 'System.Int32'.
2024-12-01 03:52:10.579 +01:00 [INF] Like count retrieved successfully for PostId: 3, Count: 0
2024-12-01 03:52:10.579 +01:00 [INF] Executed action friendly.Controllers.LikeAPIController.GetLikesCount (api) in 5.9951ms
2024-12-01 03:52:10.580 +01:00 [INF] Like count retrieved successfully for PostId: 4, Count: 0
2024-12-01 03:52:10.580 +01:00 [INF] Executed endpoint 'friendly.Controllers.LikeAPIController.GetLikesCount (api)'
2024-12-01 03:52:10.580 +01:00 [INF] Executing OkObjectResult, writing value of type 'System.Int32'.
2024-12-01 03:52:10.580 +01:00 [INF] Executing OkObjectResult, writing value of type 'System.Int32'.
2024-12-01 03:52:10.580 +01:00 [INF] Like count retrieved successfully for PostId: 2, Count: 1
2024-12-01 03:52:10.580 +01:00 [INF] Request finished HTTP/1.1 GET http://localhost:5062/api/LikeAPI/likes/1 - 200 1 application/json; charset=utf-8 7.4734ms
2024-12-01 03:52:10.580 +01:00 [INF] Executing OkObjectResult, writing value of type 'System.Int32'.
2024-12-01 03:52:10.580 +01:00 [INF] Executed action friendly.Controllers.LikeAPIController.GetLikesCount (api) in 7.2834ms
2024-12-01 03:52:10.580 +01:00 [INF] Executed action friendly.Controllers.LikeAPIController.GetLikesCount (api) in 7.5027ms
2024-12-01 03:52:10.581 +01:00 [INF] Executed endpoint 'friendly.Controllers.LikeAPIController.GetLikesCount (api)'
2024-12-01 03:52:10.581 +01:00 [INF] Executed endpoint 'friendly.Controllers.LikeAPIController.GetLikesCount (api)'
2024-12-01 03:52:10.581 +01:00 [INF] Executed action friendly.Controllers.LikeAPIController.GetLikesCount (api) in 7.4041ms
2024-12-01 03:52:10.581 +01:00 [INF] Request finished HTTP/1.1 GET http://localhost:5062/api/LikeAPI/likes/3 - 200 1 application/json; charset=utf-8 7.9682ms
2024-12-01 03:52:10.581 +01:00 [INF] Executed endpoint 'friendly.Controllers.LikeAPIController.GetLikesCount (api)'
2024-12-01 03:52:10.581 +01:00 [INF] Request finished HTTP/1.1 GET http://localhost:5062/api/LikeAPI/likes/4 - 200 1 application/json; charset=utf-8 7.6013ms
2024-12-01 03:52:10.581 +01:00 [INF] Request finished HTTP/1.1 GET http://localhost:5062/api/LikeAPI/likes/2 - 200 1 application/json; charset=utf-8 7.6806ms
2024-12-01 03:52:10.582 +01:00 [INF] Request starting HTTP/1.1 GET http://localhost:5062/uploads/939894a3-1158-4da9-b118-f4d02bae8111_MSI.png - null null
2024-12-01 03:52:10.585 +01:00 [INF] The file /uploads/939894a3-1158-4da9-b118-f4d02bae8111_MSI.png was not modified
2024-12-01 03:52:10.585 +01:00 [INF] Request finished HTTP/1.1 GET http://localhost:5062/uploads/939894a3-1158-4da9-b118-f4d02bae8111_MSI.png - 304 null image/png 3.2093ms
2024-12-01 03:52:11.705 +01:00 [INF] Request starting HTTP/1.1 GET http://localhost:5062/api/UserAPI/userlist - null null
2024-12-01 03:52:11.706 +01:00 [INF] CORS policy execution successful.
2024-12-01 03:52:11.706 +01:00 [INF] Executing endpoint 'friendly.Controllers.UserAPIController.UserList (api)'
2024-12-01 03:52:11.706 +01:00 [INF] Route matched with {action = "UserList", controller = "UserAPI"}. Executing controller action with signature System.Threading.Tasks.Task`1[Microsoft.AspNetCore.Mvc.IActionResult] UserList() on controller friendly.Controllers.UserAPIController (api).
2024-12-01 03:52:11.711 +01:00 [INF] Executing OkObjectResult, writing value of type 'System.Linq.Enumerable+SelectListIterator`2[[friendly.Models.User, api, Version=0.0.0.0, Culture=neutral, PublicKeyToken=null],[friendly.DTOs.UserDto, api, Version=0.0.0.0, Culture=neutral, PublicKeyToken=null]]'.
2024-12-01 03:52:11.711 +01:00 [INF] Executed action friendly.Controllers.UserAPIController.UserList (api) in 4.8757ms
2024-12-01 03:52:11.711 +01:00 [INF] Executed endpoint 'friendly.Controllers.UserAPIController.UserList (api)'
2024-12-01 03:52:11.712 +01:00 [INF] Request finished HTTP/1.1 GET http://localhost:5062/api/UserAPI/userlist - 200 1221 application/json; charset=utf-8 6.4462ms
2024-12-01 03:52:11.712 +01:00 [INF] Request starting HTTP/1.1 GET http://localhost:5062/api/UserAPI/userlist - null null
2024-12-01 03:52:11.712 +01:00 [INF] CORS policy execution successful.
2024-12-01 03:52:11.712 +01:00 [INF] Executing endpoint 'friendly.Controllers.UserAPIController.UserList (api)'
2024-12-01 03:52:11.713 +01:00 [INF] Route matched with {action = "UserList", controller = "UserAPI"}. Executing controller action with signature System.Threading.Tasks.Task`1[Microsoft.AspNetCore.Mvc.IActionResult] UserList() on controller friendly.Controllers.UserAPIController (api).
2024-12-01 03:52:11.715 +01:00 [INF] Executing OkObjectResult, writing value of type 'System.Linq.Enumerable+SelectListIterator`2[[friendly.Models.User, api, Version=0.0.0.0, Culture=neutral, PublicKeyToken=null],[friendly.DTOs.UserDto, api, Version=0.0.0.0, Culture=neutral, PublicKeyToken=null]]'.
2024-12-01 03:52:11.715 +01:00 [INF] Executed action friendly.Controllers.UserAPIController.UserList (api) in 2.8539ms
2024-12-01 03:52:11.715 +01:00 [INF] Executed endpoint 'friendly.Controllers.UserAPIController.UserList (api)'
2024-12-01 03:52:11.716 +01:00 [INF] Request finished HTTP/1.1 GET http://localhost:5062/api/UserAPI/userlist - 200 1221 application/json; charset=utf-8 3.4546ms
2024-12-01 03:52:15.355 +01:00 [INF] Request starting HTTP/1.1 POST http://localhost:5062/api/postapi/create - multipart/form-data; boundary=----WebKitFormBoundaryGoswSBgvYNWtOxAP 3237730
2024-12-01 03:52:15.356 +01:00 [INF] CORS policy execution successful.
2024-12-01 03:52:15.356 +01:00 [INF] Executing endpoint 'friendly.Controllers.PostAPIController.CreatePost (api)'
2024-12-01 03:52:15.364 +01:00 [INF] Route matched with {action = "CreatePost", controller = "PostAPI"}. Executing controller action with signature System.Threading.Tasks.Task`1[Microsoft.AspNetCore.Mvc.IActionResult] CreatePost(friendly.DTOs.PostDto, Microsoft.AspNetCore.Http.IFormFile) on controller friendly.Controllers.PostAPIController (api).
2024-12-01 03:52:15.421 +01:00 [INF] [PostRepository] Adding post to the DbContext: {"PostId":0,"PostImagePath":"/uploads/60d813e3-96d9-4b1a-845b-ddccf8b40d14_MSI_MAG.jpg","Caption":"HEI","PostDate":"Dec 1, 2024 03:52:15","UserId":"49a3d723-85f1-4941-a125-8a4c5bc757e1","User":null,"Comments":null,"Likes":null,"$type":"Post"}
2024-12-01 03:52:15.436 +01:00 [INF] [PostRepository] Entity state before saving: "Added"
2024-12-01 03:52:15.475 +01:00 [INF] [PostRepository] Entity state after saving: "Unchanged"
2024-12-01 03:52:15.476 +01:00 [INF] [PostRepository] Post creation succeeded with PostId: 5
2024-12-01 03:52:15.477 +01:00 [INF] Executing CreatedAtActionResult, writing value of type 'friendly.DTOs.PostDto'.
2024-12-01 03:52:15.485 +01:00 [INF] Executed action friendly.Controllers.PostAPIController.CreatePost (api) in 120.8794ms
2024-12-01 03:52:15.485 +01:00 [INF] Executed endpoint 'friendly.Controllers.PostAPIController.CreatePost (api)'
2024-12-01 03:52:15.486 +01:00 [INF] Request finished HTTP/1.1 POST http://localhost:5062/api/postapi/create - 201 186 application/json; charset=utf-8 130.4298ms
2024-12-01 03:52:15.491 +01:00 [INF] Request starting HTTP/1.1 GET http://localhost:5062/api/PostAPI/postlist - null null
2024-12-01 03:52:15.491 +01:00 [INF] CORS policy execution successful.
2024-12-01 03:52:15.491 +01:00 [INF] Executing endpoint 'friendly.Controllers.PostAPIController.PostList (api)'
2024-12-01 03:52:15.491 +01:00 [INF] Route matched with {action = "PostList", controller = "PostAPI"}. Executing controller action with signature System.Threading.Tasks.Task`1[Microsoft.AspNetCore.Mvc.IActionResult] PostList() on controller friendly.Controllers.PostAPIController (api).
2024-12-01 03:52:15.493 +01:00 [INF] Request starting HTTP/1.1 GET http://localhost:5062/api/UserAPI/userlist - null null
2024-12-01 03:52:15.494 +01:00 [INF] Request starting HTTP/1.1 GET http://localhost:5062/api/CommentAPI/commentlist - null null
2024-12-01 03:52:15.494 +01:00 [INF] CORS policy execution successful.
2024-12-01 03:52:15.494 +01:00 [INF] CORS policy execution successful.
2024-12-01 03:52:15.494 +01:00 [INF] Executing endpoint 'friendly.Controllers.CommentAPIController.CommentList (api)'
2024-12-01 03:52:15.495 +01:00 [INF] Route matched with {action = "CommentList", controller = "CommentAPI"}. Executing controller action with signature System.Threading.Tasks.Task`1[Microsoft.AspNetCore.Mvc.IActionResult] CommentList() on controller friendly.Controllers.CommentAPIController (api).
2024-12-01 03:52:15.495 +01:00 [INF] Executing endpoint 'friendly.Controllers.UserAPIController.UserList (api)'
2024-12-01 03:52:15.495 +01:00 [INF] Executing OkObjectResult, writing value of type 'System.Linq.Enumerable+SelectListIterator`2[[friendly.Models.Post, api, Version=0.0.0.0, Culture=neutral, PublicKeyToken=null],[friendly.DTOs.PostDto, api, Version=0.0.0.0, Culture=neutral, PublicKeyToken=null]]'.
2024-12-01 03:52:15.495 +01:00 [INF] Route matched with {action = "UserList", controller = "UserAPI"}. Executing controller action with signature System.Threading.Tasks.Task`1[Microsoft.AspNetCore.Mvc.IActionResult] UserList() on controller friendly.Controllers.UserAPIController (api).
2024-12-01 03:52:15.495 +01:00 [INF] Executed action friendly.Controllers.PostAPIController.PostList (api) in 3.5976ms
2024-12-01 03:52:15.495 +01:00 [INF] Executed endpoint 'friendly.Controllers.PostAPIController.PostList (api)'
2024-12-01 03:52:15.495 +01:00 [INF] Request finished HTTP/1.1 GET http://localhost:5062/api/PostAPI/postlist - 200 867 application/json; charset=utf-8 4.3482ms
2024-12-01 03:52:15.497 +01:00 [INF] Request starting HTTP/1.1 GET http://localhost:5062/api/PostAPI/postlist - null null
2024-12-01 03:52:15.498 +01:00 [INF] CORS policy execution successful.
2024-12-01 03:52:15.498 +01:00 [INF] Executing OkObjectResult, writing value of type 'System.Linq.Enumerable+SelectListIterator`2[[friendly.Models.Comment, api, Version=0.0.0.0, Culture=neutral, PublicKeyToken=null],[friendly.DTOs.CommentDto, api, Version=0.0.0.0, Culture=neutral, PublicKeyToken=null]]'.
2024-12-01 03:52:15.498 +01:00 [INF] Executing OkObjectResult, writing value of type 'System.Linq.Enumerable+SelectListIterator`2[[friendly.Models.User, api, Version=0.0.0.0, Culture=neutral, PublicKeyToken=null],[friendly.DTOs.UserDto, api, Version=0.0.0.0, Culture=neutral, PublicKeyToken=null]]'.
2024-12-01 03:52:15.499 +01:00 [INF] Executing endpoint 'friendly.Controllers.PostAPIController.PostList (api)'
2024-12-01 03:52:15.499 +01:00 [INF] Route matched with {action = "PostList", controller = "PostAPI"}. Executing controller action with signature System.Threading.Tasks.Task`1[Microsoft.AspNetCore.Mvc.IActionResult] PostList() on controller friendly.Controllers.PostAPIController (api).
2024-12-01 03:52:15.499 +01:00 [INF] Executed action friendly.Controllers.CommentAPIController.CommentList (api) in 3.9961ms
2024-12-01 03:52:15.499 +01:00 [INF] Executed action friendly.Controllers.UserAPIController.UserList (api) in 3.7515ms
2024-12-01 03:52:15.499 +01:00 [INF] Executed endpoint 'friendly.Controllers.CommentAPIController.CommentList (api)'
2024-12-01 03:52:15.499 +01:00 [INF] Executed endpoint 'friendly.Controllers.UserAPIController.UserList (api)'
2024-12-01 03:52:15.499 +01:00 [INF] Request finished HTTP/1.1 GET http://localhost:5062/api/UserAPI/userlist - 200 1221 application/json; charset=utf-8 5.2647ms
2024-12-01 03:52:15.499 +01:00 [INF] Request finished HTTP/1.1 GET http://localhost:5062/api/CommentAPI/commentlist - 200 586 application/json; charset=utf-8 4.7644ms
2024-12-01 03:52:15.500 +01:00 [INF] Request starting HTTP/1.1 GET http://localhost:5062/api/CommentAPI/commentlist - null null
2024-12-01 03:52:15.500 +01:00 [INF] Request starting HTTP/1.1 GET http://localhost:5062/api/UserAPI/userlist - null null
2024-12-01 03:52:15.500 +01:00 [INF] CORS policy execution successful.
2024-12-01 03:52:15.500 +01:00 [INF] CORS policy execution successful.
2024-12-01 03:52:15.500 +01:00 [INF] Executing endpoint 'friendly.Controllers.CommentAPIController.CommentList (api)'
2024-12-01 03:52:15.500 +01:00 [INF] Executing endpoint 'friendly.Controllers.UserAPIController.UserList (api)'
2024-12-01 03:52:15.500 +01:00 [INF] Route matched with {action = "CommentList", controller = "CommentAPI"}. Executing controller action with signature System.Threading.Tasks.Task`1[Microsoft.AspNetCore.Mvc.IActionResult] CommentList() on controller friendly.Controllers.CommentAPIController (api).
2024-12-01 03:52:15.500 +01:00 [INF] Route matched with {action = "UserList", controller = "UserAPI"}. Executing controller action with signature System.Threading.Tasks.Task`1[Microsoft.AspNetCore.Mvc.IActionResult] UserList() on controller friendly.Controllers.UserAPIController (api).
2024-12-01 03:52:15.501 +01:00 [INF] Executing OkObjectResult, writing value of type 'System.Linq.Enumerable+SelectListIterator`2[[friendly.Models.Post, api, Version=0.0.0.0, Culture=neutral, PublicKeyToken=null],[friendly.DTOs.PostDto, api, Version=0.0.0.0, Culture=neutral, PublicKeyToken=null]]'.
2024-12-01 03:52:15.501 +01:00 [INF] Executed action friendly.Controllers.PostAPIController.PostList (api) in 2.226ms
2024-12-01 03:52:15.501 +01:00 [INF] Executed endpoint 'friendly.Controllers.PostAPIController.PostList (api)'
2024-12-01 03:52:15.501 +01:00 [INF] Request finished HTTP/1.1 GET http://localhost:5062/api/PostAPI/postlist - 200 867 application/json; charset=utf-8 4.6309ms
2024-12-01 03:52:15.502 +01:00 [INF] Request starting HTTP/1.1 GET http://localhost:5062/api/LikeAPI/likes/4 - null null
2024-12-01 03:52:15.502 +01:00 [INF] Request starting HTTP/1.1 GET http://localhost:5062/api/LikeAPI/likes/1 - null null
2024-12-01 03:52:15.502 +01:00 [INF] Request starting HTTP/1.1 GET http://localhost:5062/api/LikeAPI/likes/5 - null null
2024-12-01 03:52:15.502 +01:00 [INF] CORS policy execution successful.
2024-12-01 03:52:15.502 +01:00 [INF] CORS policy execution successful.
2024-12-01 03:52:15.502 +01:00 [INF] CORS policy execution successful.
2024-12-01 03:52:15.502 +01:00 [INF] Request starting HTTP/1.1 GET http://localhost:5062/api/LikeAPI/likes/2 - null null
2024-12-01 03:52:15.502 +01:00 [INF] Executing endpoint 'friendly.Controllers.LikeAPIController.GetLikesCount (api)'
2024-12-01 03:52:15.502 +01:00 [INF] Executing endpoint 'friendly.Controllers.LikeAPIController.GetLikesCount (api)'
2024-12-01 03:52:15.502 +01:00 [INF] Executing endpoint 'friendly.Controllers.LikeAPIController.GetLikesCount (api)'
2024-12-01 03:52:15.502 +01:00 [INF] Route matched with {action = "GetLikesCount", controller = "LikeAPI"}. Executing controller action with signature System.Threading.Tasks.Task`1[Microsoft.AspNetCore.Mvc.IActionResult] GetLikesCount(Int32) on controller friendly.Controllers.LikeAPIController (api).
2024-12-01 03:52:15.502 +01:00 [INF] Route matched with {action = "GetLikesCount", controller = "LikeAPI"}. Executing controller action with signature System.Threading.Tasks.Task`1[Microsoft.AspNetCore.Mvc.IActionResult] GetLikesCount(Int32) on controller friendly.Controllers.LikeAPIController (api).
2024-12-01 03:52:15.502 +01:00 [INF] Route matched with {action = "GetLikesCount", controller = "LikeAPI"}. Executing controller action with signature System.Threading.Tasks.Task`1[Microsoft.AspNetCore.Mvc.IActionResult] GetLikesCount(Int32) on controller friendly.Controllers.LikeAPIController (api).
2024-12-01 03:52:15.503 +01:00 [INF] CORS policy execution successful.
2024-12-01 03:52:15.503 +01:00 [INF] Executing endpoint 'friendly.Controllers.LikeAPIController.GetLikesCount (api)'
2024-12-01 03:52:15.503 +01:00 [INF] Route matched with {action = "GetLikesCount", controller = "LikeAPI"}. Executing controller action with signature System.Threading.Tasks.Task`1[Microsoft.AspNetCore.Mvc.IActionResult] GetLikesCount(Int32) on controller friendly.Controllers.LikeAPIController (api).
2024-12-01 03:52:15.503 +01:00 [INF] Executing OkObjectResult, writing value of type 'System.Linq.Enumerable+SelectListIterator`2[[friendly.Models.Comment, api, Version=0.0.0.0, Culture=neutral, PublicKeyToken=null],[friendly.DTOs.CommentDto, api, Version=0.0.0.0, Culture=neutral, PublicKeyToken=null]]'.
2024-12-01 03:52:15.503 +01:00 [INF] Executing OkObjectResult, writing value of type 'System.Linq.Enumerable+SelectListIterator`2[[friendly.Models.User, api, Version=0.0.0.0, Culture=neutral, PublicKeyToken=null],[friendly.DTOs.UserDto, api, Version=0.0.0.0, Culture=neutral, PublicKeyToken=null]]'.
2024-12-01 03:52:15.503 +01:00 [INF] Executed action friendly.Controllers.CommentAPIController.CommentList (api) in 2.7164ms
2024-12-01 03:52:15.503 +01:00 [INF] Executed action friendly.Controllers.UserAPIController.UserList (api) in 2.7306ms
2024-12-01 03:52:15.503 +01:00 [INF] Executed endpoint 'friendly.Controllers.CommentAPIController.CommentList (api)'
2024-12-01 03:52:15.503 +01:00 [INF] Executed endpoint 'friendly.Controllers.UserAPIController.UserList (api)'
2024-12-01 03:52:15.503 +01:00 [INF] Request finished HTTP/1.1 GET http://localhost:5062/api/UserAPI/userlist - 200 1221 application/json; charset=utf-8 3.5404ms
2024-12-01 03:52:15.503 +01:00 [INF] Request finished HTTP/1.1 GET http://localhost:5062/api/CommentAPI/commentlist - 200 586 application/json; charset=utf-8 3.5811ms
2024-12-01 03:52:15.505 +01:00 [INF] Request starting HTTP/1.1 GET http://localhost:5062/api/LikeAPI/likes/3 - null null
2024-12-01 03:52:15.507 +01:00 [INF] CORS policy execution successful.
2024-12-01 03:52:15.507 +01:00 [INF] Like count retrieved successfully for PostId: 4, Count: 0
2024-12-01 03:52:15.508 +01:00 [INF] Executing OkObjectResult, writing value of type 'System.Int32'.
2024-12-01 03:52:15.508 +01:00 [INF] Executing endpoint 'friendly.Controllers.LikeAPIController.GetLikesCount (api)'
2024-12-01 03:52:15.508 +01:00 [INF] Like count retrieved successfully for PostId: 5, Count: 0
2024-12-01 03:52:15.509 +01:00 [INF] Executing OkObjectResult, writing value of type 'System.Int32'.
2024-12-01 03:52:15.509 +01:00 [INF] Executed action friendly.Controllers.LikeAPIController.GetLikesCount (api) in 6.1888ms
2024-12-01 03:52:15.509 +01:00 [INF] Executed endpoint 'friendly.Controllers.LikeAPIController.GetLikesCount (api)'
2024-12-01 03:52:15.509 +01:00 [INF] Request finished HTTP/1.1 GET http://localhost:5062/api/LikeAPI/likes/4 - 200 1 application/json; charset=utf-8 7.2412ms
2024-12-01 03:52:15.509 +01:00 [INF] Executed action friendly.Controllers.LikeAPIController.GetLikesCount (api) in 6.2919ms
2024-12-01 03:52:15.509 +01:00 [INF] Executed endpoint 'friendly.Controllers.LikeAPIController.GetLikesCount (api)'
2024-12-01 03:52:15.509 +01:00 [INF] Like count retrieved successfully for PostId: 2, Count: 1
2024-12-01 03:52:15.509 +01:00 [INF] Route matched with {action = "GetLikesCount", controller = "LikeAPI"}. Executing controller action with signature System.Threading.Tasks.Task`1[Microsoft.AspNetCore.Mvc.IActionResult] GetLikesCount(Int32) on controller friendly.Controllers.LikeAPIController (api).
2024-12-01 03:52:15.509 +01:00 [INF] Request finished HTTP/1.1 GET http://localhost:5062/api/LikeAPI/likes/5 - 200 1 application/json; charset=utf-8 7.3106ms
2024-12-01 03:52:15.510 +01:00 [INF] Request starting HTTP/1.1 GET http://localhost:5062/api/LikeAPI/likes/5 - null null
2024-12-01 03:52:15.510 +01:00 [INF] Request starting HTTP/1.1 GET http://localhost:5062/api/LikeAPI/likes/4 - null null
2024-12-01 03:52:15.510 +01:00 [INF] Executing OkObjectResult, writing value of type 'System.Int32'.
2024-12-01 03:52:15.510 +01:00 [INF] CORS policy execution successful.
2024-12-01 03:52:15.510 +01:00 [INF] CORS policy execution successful.
2024-12-01 03:52:15.510 +01:00 [INF] Executed action friendly.Controllers.LikeAPIController.GetLikesCount (api) in 7.3294ms
2024-12-01 03:52:15.510 +01:00 [INF] Executed endpoint 'friendly.Controllers.LikeAPIController.GetLikesCount (api)'
2024-12-01 03:52:15.511 +01:00 [INF] Request finished HTTP/1.1 GET http://localhost:5062/api/LikeAPI/likes/2 - 200 1 application/json; charset=utf-8 8.0679ms
2024-12-01 03:52:15.511 +01:00 [INF] Executing endpoint 'friendly.Controllers.LikeAPIController.GetLikesCount (api)'
2024-12-01 03:52:15.511 +01:00 [INF] Executing endpoint 'friendly.Controllers.LikeAPIController.GetLikesCount (api)'
2024-12-01 03:52:15.511 +01:00 [INF] Request starting HTTP/1.1 GET http://localhost:5062/api/LikeAPI/likes/2 - null null
2024-12-01 03:52:15.511 +01:00 [INF] Route matched with {action = "GetLikesCount", controller = "LikeAPI"}. Executing controller action with signature System.Threading.Tasks.Task`1[Microsoft.AspNetCore.Mvc.IActionResult] GetLikesCount(Int32) on controller friendly.Controllers.LikeAPIController (api).
2024-12-01 03:52:15.511 +01:00 [INF] Route matched with {action = "GetLikesCount", controller = "LikeAPI"}. Executing controller action with signature System.Threading.Tasks.Task`1[Microsoft.AspNetCore.Mvc.IActionResult] GetLikesCount(Int32) on controller friendly.Controllers.LikeAPIController (api).
2024-12-01 03:52:15.511 +01:00 [INF] Like count retrieved successfully for PostId: 1, Count: 0
2024-12-01 03:52:15.511 +01:00 [INF] CORS policy execution successful.
2024-12-01 03:52:15.511 +01:00 [INF] Executing OkObjectResult, writing value of type 'System.Int32'.
2024-12-01 03:52:15.511 +01:00 [INF] Executed action friendly.Controllers.LikeAPIController.GetLikesCount (api) in 9.0245ms
2024-12-01 03:52:15.511 +01:00 [INF] Executing endpoint 'friendly.Controllers.LikeAPIController.GetLikesCount (api)'
2024-12-01 03:52:15.511 +01:00 [INF] Executed endpoint 'friendly.Controllers.LikeAPIController.GetLikesCount (api)'
2024-12-01 03:52:15.512 +01:00 [INF] Route matched with {action = "GetLikesCount", controller = "LikeAPI"}. Executing controller action with signature System.Threading.Tasks.Task`1[Microsoft.AspNetCore.Mvc.IActionResult] GetLikesCount(Int32) on controller friendly.Controllers.LikeAPIController (api).
2024-12-01 03:52:15.512 +01:00 [INF] Request finished HTTP/1.1 GET http://localhost:5062/api/LikeAPI/likes/1 - 200 1 application/json; charset=utf-8 9.9959ms
2024-12-01 03:52:15.512 +01:00 [INF] Request starting HTTP/1.1 GET http://localhost:5062/api/LikeAPI/likes/1 - null null
2024-12-01 03:52:15.512 +01:00 [INF] CORS policy execution successful.
2024-12-01 03:52:15.513 +01:00 [INF] Executing endpoint 'friendly.Controllers.LikeAPIController.GetLikesCount (api)'
2024-12-01 03:52:15.514 +01:00 [INF] Route matched with {action = "GetLikesCount", controller = "LikeAPI"}. Executing controller action with signature System.Threading.Tasks.Task`1[Microsoft.AspNetCore.Mvc.IActionResult] GetLikesCount(Int32) on controller friendly.Controllers.LikeAPIController (api).
2024-12-01 03:52:15.516 +01:00 [INF] Like count retrieved successfully for PostId: 3, Count: 0
2024-12-01 03:52:15.516 +01:00 [INF] Executing OkObjectResult, writing value of type 'System.Int32'.
2024-12-01 03:52:15.517 +01:00 [INF] Like count retrieved successfully for PostId: 4, Count: 0
2024-12-01 03:52:15.517 +01:00 [INF] Executed action friendly.Controllers.LikeAPIController.GetLikesCount (api) in 7.2623ms
2024-12-01 03:52:15.517 +01:00 [INF] Executing OkObjectResult, writing value of type 'System.Int32'.
2024-12-01 03:52:15.517 +01:00 [INF] Like count retrieved successfully for PostId: 5, Count: 0
2024-12-01 03:52:15.517 +01:00 [INF] Executed endpoint 'friendly.Controllers.LikeAPIController.GetLikesCount (api)'
2024-12-01 03:52:15.518 +01:00 [INF] Executing OkObjectResult, writing value of type 'System.Int32'.
2024-12-01 03:52:15.518 +01:00 [INF] Executed action friendly.Controllers.LikeAPIController.GetLikesCount (api) in 6.6346ms
2024-12-01 03:52:15.518 +01:00 [INF] Executed endpoint 'friendly.Controllers.LikeAPIController.GetLikesCount (api)'
2024-12-01 03:52:15.518 +01:00 [INF] Request finished HTTP/1.1 GET http://localhost:5062/api/LikeAPI/likes/5 - 200 1 application/json; charset=utf-8 8.2036ms
2024-12-01 03:52:15.518 +01:00 [INF] Request starting HTTP/1.1 GET http://localhost:5062/api/LikeAPI/likes/3 - null null
2024-12-01 03:52:15.518 +01:00 [INF] Like count retrieved successfully for PostId: 2, Count: 1
2024-12-01 03:52:15.519 +01:00 [INF] Request finished HTTP/1.1 GET http://localhost:5062/api/LikeAPI/likes/3 - 200 1 application/json; charset=utf-8 13.4483ms
2024-12-01 03:52:15.518 +01:00 [INF] Executed action friendly.Controllers.LikeAPIController.GetLikesCount (api) in 6.6047ms
2024-12-01 03:52:15.519 +01:00 [INF] Executed endpoint 'friendly.Controllers.LikeAPIController.GetLikesCount (api)'
2024-12-01 03:52:15.519 +01:00 [INF] CORS policy execution successful.
2024-12-01 03:52:15.519 +01:00 [INF] Executing OkObjectResult, writing value of type 'System.Int32'.
2024-12-01 03:52:15.519 +01:00 [INF] Request finished HTTP/1.1 GET http://localhost:5062/api/LikeAPI/likes/4 - 200 1 application/json; charset=utf-8 9.3966ms
2024-12-01 03:52:15.519 +01:00 [INF] Executed action friendly.Controllers.LikeAPIController.GetLikesCount (api) in 7.7962ms
2024-12-01 03:52:15.519 +01:00 [INF] Executed endpoint 'friendly.Controllers.LikeAPIController.GetLikesCount (api)'
2024-12-01 03:52:15.519 +01:00 [INF] Request finished HTTP/1.1 GET http://localhost:5062/api/LikeAPI/likes/2 - 200 1 application/json; charset=utf-8 8.4451ms
2024-12-01 03:52:15.520 +01:00 [INF] Executing endpoint 'friendly.Controllers.LikeAPIController.GetLikesCount (api)'
2024-12-01 03:52:15.520 +01:00 [INF] Route matched with {action = "GetLikesCount", controller = "LikeAPI"}. Executing controller action with signature System.Threading.Tasks.Task`1[Microsoft.AspNetCore.Mvc.IActionResult] GetLikesCount(Int32) on controller friendly.Controllers.LikeAPIController (api).
2024-12-01 03:52:15.520 +01:00 [INF] Like count retrieved successfully for PostId: 1, Count: 0
2024-12-01 03:52:15.520 +01:00 [INF] Executing OkObjectResult, writing value of type 'System.Int32'.
2024-12-01 03:52:15.520 +01:00 [INF] Executed action friendly.Controllers.LikeAPIController.GetLikesCount (api) in 6.8744ms
2024-12-01 03:52:15.520 +01:00 [INF] Executed endpoint 'friendly.Controllers.LikeAPIController.GetLikesCount (api)'
2024-12-01 03:52:15.521 +01:00 [INF] Request finished HTTP/1.1 GET http://localhost:5062/api/LikeAPI/likes/1 - 200 1 application/json; charset=utf-8 8.1769ms
2024-12-01 03:52:15.523 +01:00 [INF] Like count retrieved successfully for PostId: 3, Count: 0
2024-12-01 03:52:15.523 +01:00 [INF] Executing OkObjectResult, writing value of type 'System.Int32'.
2024-12-01 03:52:15.523 +01:00 [INF] Executed action friendly.Controllers.LikeAPIController.GetLikesCount (api) in 2.9872ms
2024-12-01 03:52:15.523 +01:00 [INF] Executed endpoint 'friendly.Controllers.LikeAPIController.GetLikesCount (api)'
2024-12-01 03:52:15.523 +01:00 [INF] Request finished HTTP/1.1 GET http://localhost:5062/api/LikeAPI/likes/3 - 200 1 application/json; charset=utf-8 5.3709ms
2024-12-01 03:52:15.525 +01:00 [INF] Request starting HTTP/1.1 GET http://localhost:5062/uploads/60d813e3-96d9-4b1a-845b-ddccf8b40d14_MSI_MAG.jpg - null null
2024-12-01 03:52:15.537 +01:00 [INF] Sending file. Request path: '/uploads/60d813e3-96d9-4b1a-845b-ddccf8b40d14_MSI_MAG.jpg'. Physical path: 'C:\Users\Kristoffer\Documents\TestFriendly\api\wwwroot\uploads\60d813e3-96d9-4b1a-845b-ddccf8b40d14_MSI_MAG.jpg'
2024-12-01 03:52:15.537 +01:00 [INF] Request finished HTTP/1.1 GET http://localhost:5062/uploads/60d813e3-96d9-4b1a-845b-ddccf8b40d14_MSI_MAG.jpg - 200 3237314 image/jpeg 12.8017ms
