2024-11-30 10:16:13.059 +01:00 [INF] User profile is available. Using '/Users/axel/.aspnet/DataProtection-Keys' as key repository; keys will not be encrypted at rest.
2024-11-30 10:16:14.351 +01:00 [INF] Now listening on: https://localhost:7046
2024-11-30 10:16:14.352 +01:00 [INF] Now listening on: http://localhost:5062
2024-11-30 10:16:14.353 +01:00 [INF] Application started. Press Ctrl+C to shut down.
2024-11-30 10:16:14.353 +01:00 [INF] Hosting environment: Development
2024-11-30 10:16:14.353 +01:00 [INF] Content root path: /Users/axel/Documents/Skole/TestFriendly/api
2024-11-30 10:16:18.278 +01:00 [INF] Request starting HTTP/1.1 GET http://localhost:5062/api/UserAPI/userlist - null null
2024-11-30 10:16:18.278 +01:00 [INF] Request starting HTTP/1.1 GET http://localhost:5062/api/PostAPI/postlist - null null
2024-11-30 10:16:18.278 +01:00 [INF] Request starting HTTP/1.1 GET http://localhost:5062/api/CommentAPI/commentlist - null null
2024-11-30 10:16:18.305 +01:00 [INF] CORS policy execution successful.
2024-11-30 10:16:18.305 +01:00 [INF] CORS policy execution successful.
2024-11-30 10:16:18.305 +01:00 [INF] CORS policy execution successful.
2024-11-30 10:16:18.312 +01:00 [INF] Executing endpoint 'friendly.Controllers.CommentAPIController.CommentList (api)'
2024-11-30 10:16:18.312 +01:00 [INF] Executing endpoint 'friendly.Controllers.UserAPIController.UserList (api)'
2024-11-30 10:16:18.312 +01:00 [INF] Executing endpoint 'friendly.Controllers.PostAPIController.PostList (api)'
2024-11-30 10:16:18.318 +01:00 [INF] Route matched with {action = "CommentList", controller = "CommentAPI"}. Executing controller action with signature System.Threading.Tasks.Task`1[Microsoft.AspNetCore.Mvc.IActionResult] CommentList() on controller friendly.Controllers.CommentAPIController (api).
2024-11-30 10:16:18.318 +01:00 [INF] Route matched with {action = "PostList", controller = "PostAPI"}. Executing controller action with signature System.Threading.Tasks.Task`1[Microsoft.AspNetCore.Mvc.IActionResult] PostList() on controller friendly.Controllers.PostAPIController (api).
2024-11-30 10:16:18.318 +01:00 [INF] Route matched with {action = "UserList", controller = "UserAPI"}. Executing controller action with signature System.Threading.Tasks.Task`1[Microsoft.AspNetCore.Mvc.IActionResult] UserList() on controller friendly.Controllers.UserAPIController (api).
2024-11-30 10:16:18.338 +01:00 [INF] Executing OkObjectResult, writing value of type 'System.Linq.Enumerable+SelectListIterator`2[[friendly.Models.Comment, api, Version=0.0.0.0, Culture=neutral, PublicKeyToken=null],[friendly.DTOs.CommentDto, api, Version=0.0.0.0, Culture=neutral, PublicKeyToken=null]]'.
2024-11-30 10:16:18.338 +01:00 [INF] Executing OkObjectResult, writing value of type 'System.Linq.Enumerable+SelectListIterator`2[[friendly.Models.User, api, Version=0.0.0.0, Culture=neutral, PublicKeyToken=null],[friendly.DTOs.UserDto, api, Version=0.0.0.0, Culture=neutral, PublicKeyToken=null]]'.
2024-11-30 10:16:18.338 +01:00 [INF] Executing OkObjectResult, writing value of type 'System.Linq.Enumerable+SelectListIterator`2[[friendly.Models.Post, api, Version=0.0.0.0, Culture=neutral, PublicKeyToken=null],[friendly.DTOs.PostDto, api, Version=0.0.0.0, Culture=neutral, PublicKeyToken=null]]'.
2024-11-30 10:16:18.377 +01:00 [INF] Executed action friendly.Controllers.UserAPIController.UserList (api) in 56.8969ms
2024-11-30 10:16:18.377 +01:00 [INF] Executed action friendly.Controllers.CommentAPIController.CommentList (api) in 56.8967ms
2024-11-30 10:16:18.377 +01:00 [INF] Executed action friendly.Controllers.PostAPIController.PostList (api) in 56.9162ms
2024-11-30 10:16:18.377 +01:00 [INF] Executed endpoint 'friendly.Controllers.CommentAPIController.CommentList (api)'
2024-11-30 10:16:18.377 +01:00 [INF] Executed endpoint 'friendly.Controllers.PostAPIController.PostList (api)'
2024-11-30 10:16:18.377 +01:00 [INF] Executed endpoint 'friendly.Controllers.UserAPIController.UserList (api)'
2024-11-30 10:16:18.379 +01:00 [INF] Request finished HTTP/1.1 GET http://localhost:5062/api/PostAPI/postlist - 200 494 application/json; charset=utf-8 102.658ms
2024-11-30 10:16:18.379 +01:00 [INF] Request finished HTTP/1.1 GET http://localhost:5062/api/CommentAPI/commentlist - 200 441 application/json; charset=utf-8 102.6575ms
2024-11-30 10:16:18.379 +01:00 [INF] Request finished HTTP/1.1 GET http://localhost:5062/api/UserAPI/userlist - 200 1221 application/json; charset=utf-8 102.6377ms
2024-11-30 10:16:18.382 +01:00 [INF] Request starting HTTP/1.1 GET http://localhost:5062/uploads/profile-images/profileimage1.jpg - null null
2024-11-30 10:16:18.382 +01:00 [INF] Request starting HTTP/1.1 GET http://localhost:5062/uploads/mountains.jpg - null null
2024-11-30 10:16:18.383 +01:00 [INF] Request starting HTTP/1.1 GET http://localhost:5062/uploads/profile-images/profileimage2.jpg - null null
2024-11-30 10:16:18.386 +01:00 [INF] The file /uploads/profile-images/profileimage1.jpg was not modified
2024-11-30 10:16:18.386 +01:00 [INF] The file /uploads/profile-images/profileimage2.jpg was not modified
2024-11-30 10:16:18.386 +01:00 [INF] The file /uploads/mountains.jpg was not modified
2024-11-30 10:16:18.386 +01:00 [INF] Request finished HTTP/1.1 GET http://localhost:5062/uploads/profile-images/profileimage1.jpg - 304 null image/jpeg 3.9258ms
2024-11-30 10:16:18.386 +01:00 [INF] Request finished HTTP/1.1 GET http://localhost:5062/uploads/profile-images/profileimage2.jpg - 304 null image/jpeg 3.8598ms
2024-11-30 10:16:18.386 +01:00 [INF] Request finished HTTP/1.1 GET http://localhost:5062/uploads/mountains.jpg - 304 null image/jpeg 3.9288ms
2024-11-30 10:16:18.387 +01:00 [INF] Request starting HTTP/1.1 GET http://localhost:5062/uploads/profile-images/profileimage4.jpg - null null
2024-11-30 10:16:18.387 +01:00 [INF] The file /uploads/profile-images/profileimage4.jpg was not modified
2024-11-30 10:16:18.387 +01:00 [INF] Request finished HTTP/1.1 GET http://localhost:5062/uploads/profile-images/profileimage4.jpg - 304 null image/jpeg 0.3673ms
2024-11-30 10:16:18.389 +01:00 [INF] Request starting HTTP/1.1 GET http://localhost:5062/uploads/fall.jpg - null null
2024-11-30 10:16:18.389 +01:00 [INF] The file /uploads/fall.jpg was not modified
2024-11-30 10:16:18.389 +01:00 [INF] Request finished HTTP/1.1 GET http://localhost:5062/uploads/fall.jpg - 304 null image/jpeg 0.1437ms
2024-11-30 10:16:18.390 +01:00 [INF] Request starting HTTP/1.1 GET http://localhost:5062/uploads/beach.jpg - null null
2024-11-30 10:16:18.390 +01:00 [INF] The file /uploads/beach.jpg was not modified
2024-11-30 10:16:18.390 +01:00 [INF] Request finished HTTP/1.1 GET http://localhost:5062/uploads/beach.jpg - 304 null image/jpeg 0.1132ms
2024-11-30 10:16:20.468 +01:00 [INF] Request starting HTTP/1.1 GET http://localhost:5062/api/UserAPI/user/5a23c760-edbf-41bc-8b33-30f98f35ee98 - null null
2024-11-30 10:16:20.468 +01:00 [INF] Request starting HTTP/1.1 GET http://localhost:5062/api/UserAPI/user/5a23c760-edbf-41bc-8b33-30f98f35ee98 - null null
2024-11-30 10:16:20.468 +01:00 [INF] Request starting HTTP/1.1 GET http://localhost:5062/api/PostAPI/postlist - null null
2024-11-30 10:16:20.468 +01:00 [INF] Request starting HTTP/1.1 GET http://localhost:5062/api/PostAPI/postlist - null null
2024-11-30 10:16:20.472 +01:00 [INF] CORS policy execution successful.
2024-11-30 10:16:20.473 +01:00 [INF] CORS policy execution successful.
2024-11-30 10:16:20.473 +01:00 [INF] CORS policy execution successful.
2024-11-30 10:16:20.474 +01:00 [INF] CORS policy execution successful.
2024-11-30 10:16:20.476 +01:00 [INF] Executing endpoint 'friendly.Controllers.UserAPIController.GetUserById (api)'
2024-11-30 10:16:20.476 +01:00 [INF] Executing endpoint 'friendly.Controllers.UserAPIController.GetUserById (api)'
2024-11-30 10:16:20.476 +01:00 [INF] Executing endpoint 'friendly.Controllers.PostAPIController.PostList (api)'
2024-11-30 10:16:20.477 +01:00 [INF] Route matched with {action = "PostList", controller = "PostAPI"}. Executing controller action with signature System.Threading.Tasks.Task`1[Microsoft.AspNetCore.Mvc.IActionResult] PostList() on controller friendly.Controllers.PostAPIController (api).
2024-11-30 10:16:20.476 +01:00 [INF] Executing endpoint 'friendly.Controllers.PostAPIController.PostList (api)'
2024-11-30 10:16:20.477 +01:00 [INF] Route matched with {action = "PostList", controller = "PostAPI"}. Executing controller action with signature System.Threading.Tasks.Task`1[Microsoft.AspNetCore.Mvc.IActionResult] PostList() on controller friendly.Controllers.PostAPIController (api).
2024-11-30 10:16:20.488 +01:00 [INF] Route matched with {action = "GetUserById", controller = "UserAPI"}. Executing controller action with signature System.Threading.Tasks.Task`1[Microsoft.AspNetCore.Mvc.IActionResult] GetUserById(System.String) on controller friendly.Controllers.UserAPIController (api).
2024-11-30 10:16:20.488 +01:00 [INF] Route matched with {action = "GetUserById", controller = "UserAPI"}. Executing controller action with signature System.Threading.Tasks.Task`1[Microsoft.AspNetCore.Mvc.IActionResult] GetUserById(System.String) on controller friendly.Controllers.UserAPIController (api).
2024-11-30 10:16:20.512 +01:00 [INF] Executing OkObjectResult, writing value of type 'System.Linq.Enumerable+SelectListIterator`2[[friendly.Models.Post, api, Version=0.0.0.0, Culture=neutral, PublicKeyToken=null],[friendly.DTOs.PostDto, api, Version=0.0.0.0, Culture=neutral, PublicKeyToken=null]]'.
2024-11-30 10:16:20.512 +01:00 [INF] Executing OkObjectResult, writing value of type 'System.Linq.Enumerable+SelectListIterator`2[[friendly.Models.Post, api, Version=0.0.0.0, Culture=neutral, PublicKeyToken=null],[friendly.DTOs.PostDto, api, Version=0.0.0.0, Culture=neutral, PublicKeyToken=null]]'.
2024-11-30 10:16:20.512 +01:00 [INF] Executed action friendly.Controllers.PostAPIController.PostList (api) in 35.2632ms
2024-11-30 10:16:20.512 +01:00 [INF] Executed endpoint 'friendly.Controllers.PostAPIController.PostList (api)'
2024-11-30 10:16:20.512 +01:00 [INF] Executed action friendly.Controllers.PostAPIController.PostList (api) in 34.8802ms
2024-11-30 10:16:20.512 +01:00 [INF] Executed endpoint 'friendly.Controllers.PostAPIController.PostList (api)'
2024-11-30 10:16:20.512 +01:00 [INF] Request finished HTTP/1.1 GET http://localhost:5062/api/PostAPI/postlist - 200 494 application/json; charset=utf-8 44.6833ms
2024-11-30 10:16:20.513 +01:00 [INF] Request finished HTTP/1.1 GET http://localhost:5062/api/PostAPI/postlist - 200 494 application/json; charset=utf-8 44.1841ms
2024-11-30 10:16:20.517 +01:00 [INF] Executing OkObjectResult, writing value of type 'friendly.DTOs.UserDto'.
2024-11-30 10:16:20.517 +01:00 [INF] Executed action friendly.Controllers.UserAPIController.GetUserById (api) in 28.7296ms
2024-11-30 10:16:20.517 +01:00 [INF] Executed endpoint 'friendly.Controllers.UserAPIController.GetUserById (api)'
2024-11-30 10:16:20.517 +01:00 [INF] Request finished HTTP/1.1 GET http://localhost:5062/api/UserAPI/user/5a23c760-edbf-41bc-8b33-30f98f35ee98 - 200 249 application/json; charset=utf-8 49.1697ms
2024-11-30 10:16:20.517 +01:00 [INF] Executing OkObjectResult, writing value of type 'friendly.DTOs.UserDto'.
2024-11-30 10:16:20.517 +01:00 [INF] Executed action friendly.Controllers.UserAPIController.GetUserById (api) in 29.2591ms
2024-11-30 10:16:20.517 +01:00 [INF] Executed endpoint 'friendly.Controllers.UserAPIController.GetUserById (api)'
2024-11-30 10:16:20.518 +01:00 [INF] Request finished HTTP/1.1 GET http://localhost:5062/api/UserAPI/user/5a23c760-edbf-41bc-8b33-30f98f35ee98 - 200 249 application/json; charset=utf-8 50.0408ms
2024-11-30 10:16:22.725 +01:00 [INF] Request starting HTTP/1.1 GET http://localhost:5062/api/userapi/userlist - null null
2024-11-30 10:16:22.725 +01:00 [INF] Request starting HTTP/1.1 GET http://localhost:5062/api/userapi/userlist - null null
2024-11-30 10:16:22.725 +01:00 [INF] CORS policy execution successful.
2024-11-30 10:16:22.726 +01:00 [INF] CORS policy execution successful.
2024-11-30 10:16:22.726 +01:00 [INF] Executing endpoint 'friendly.Controllers.UserAPIController.UserList (api)'
2024-11-30 10:16:22.726 +01:00 [INF] Executing endpoint 'friendly.Controllers.UserAPIController.UserList (api)'
2024-11-30 10:16:22.726 +01:00 [INF] Route matched with {action = "UserList", controller = "UserAPI"}. Executing controller action with signature System.Threading.Tasks.Task`1[Microsoft.AspNetCore.Mvc.IActionResult] UserList() on controller friendly.Controllers.UserAPIController (api).
2024-11-30 10:16:22.726 +01:00 [INF] Route matched with {action = "UserList", controller = "UserAPI"}. Executing controller action with signature System.Threading.Tasks.Task`1[Microsoft.AspNetCore.Mvc.IActionResult] UserList() on controller friendly.Controllers.UserAPIController (api).
2024-11-30 10:16:22.728 +01:00 [INF] Executing OkObjectResult, writing value of type 'System.Linq.Enumerable+SelectListIterator`2[[friendly.Models.User, api, Version=0.0.0.0, Culture=neutral, PublicKeyToken=null],[friendly.DTOs.UserDto, api, Version=0.0.0.0, Culture=neutral, PublicKeyToken=null]]'.
2024-11-30 10:16:22.728 +01:00 [INF] Executing OkObjectResult, writing value of type 'System.Linq.Enumerable+SelectListIterator`2[[friendly.Models.User, api, Version=0.0.0.0, Culture=neutral, PublicKeyToken=null],[friendly.DTOs.UserDto, api, Version=0.0.0.0, Culture=neutral, PublicKeyToken=null]]'.
2024-11-30 10:16:22.728 +01:00 [INF] Executed action friendly.Controllers.UserAPIController.UserList (api) in 2.4426ms
2024-11-30 10:16:22.728 +01:00 [INF] Executed action friendly.Controllers.UserAPIController.UserList (api) in 2.4462ms
2024-11-30 10:16:22.728 +01:00 [INF] Executed endpoint 'friendly.Controllers.UserAPIController.UserList (api)'
2024-11-30 10:16:22.729 +01:00 [INF] Executed endpoint 'friendly.Controllers.UserAPIController.UserList (api)'
2024-11-30 10:16:22.729 +01:00 [INF] Request finished HTTP/1.1 GET http://localhost:5062/api/userapi/userlist - 200 1221 application/json; charset=utf-8 3.4931ms
2024-11-30 10:16:22.729 +01:00 [INF] Request finished HTTP/1.1 GET http://localhost:5062/api/userapi/userlist - 200 1221 application/json; charset=utf-8 3.5194ms
2024-11-30 10:16:22.736 +01:00 [INF] Request starting HTTP/1.1 GET http://localhost:5062/uploads/profile-images/profileimage3.jpg - null null
2024-11-30 10:16:22.736 +01:00 [INF] Request starting HTTP/1.1 GET http://localhost:5062/uploads/profile-images/profileimage5.jpg - null null
2024-11-30 10:16:22.736 +01:00 [INF] The file /uploads/profile-images/profileimage3.jpg was not modified
2024-11-30 10:16:22.736 +01:00 [INF] The file /uploads/profile-images/profileimage5.jpg was not modified
2024-11-30 10:16:22.736 +01:00 [INF] Request finished HTTP/1.1 GET http://localhost:5062/uploads/profile-images/profileimage5.jpg - 304 null image/jpeg 0.4089ms
2024-11-30 10:16:22.736 +01:00 [INF] Request finished HTTP/1.1 GET http://localhost:5062/uploads/profile-images/profileimage3.jpg - 304 null image/jpeg 0.4089ms
2024-11-30 10:16:24.433 +01:00 [INF] Request starting HTTP/1.1 GET http://localhost:5062/api/userapi/userlist - null null
2024-11-30 10:16:24.433 +01:00 [INF] Request starting HTTP/1.1 GET http://localhost:5062/api/userapi/userlist - null null
2024-11-30 10:16:24.434 +01:00 [INF] CORS policy execution successful.
2024-11-30 10:16:24.434 +01:00 [INF] CORS policy execution successful.
2024-11-30 10:16:24.434 +01:00 [INF] Executing endpoint 'friendly.Controllers.UserAPIController.UserList (api)'
2024-11-30 10:16:24.434 +01:00 [INF] Executing endpoint 'friendly.Controllers.UserAPIController.UserList (api)'
2024-11-30 10:16:24.435 +01:00 [INF] Route matched with {action = "UserList", controller = "UserAPI"}. Executing controller action with signature System.Threading.Tasks.Task`1[Microsoft.AspNetCore.Mvc.IActionResult] UserList() on controller friendly.Controllers.UserAPIController (api).
2024-11-30 10:16:24.435 +01:00 [INF] Route matched with {action = "UserList", controller = "UserAPI"}. Executing controller action with signature System.Threading.Tasks.Task`1[Microsoft.AspNetCore.Mvc.IActionResult] UserList() on controller friendly.Controllers.UserAPIController (api).
2024-11-30 10:16:24.437 +01:00 [INF] Executing OkObjectResult, writing value of type 'System.Linq.Enumerable+SelectListIterator`2[[friendly.Models.User, api, Version=0.0.0.0, Culture=neutral, PublicKeyToken=null],[friendly.DTOs.UserDto, api, Version=0.0.0.0, Culture=neutral, PublicKeyToken=null]]'.
2024-11-30 10:16:24.437 +01:00 [INF] Executing OkObjectResult, writing value of type 'System.Linq.Enumerable+SelectListIterator`2[[friendly.Models.User, api, Version=0.0.0.0, Culture=neutral, PublicKeyToken=null],[friendly.DTOs.UserDto, api, Version=0.0.0.0, Culture=neutral, PublicKeyToken=null]]'.
2024-11-30 10:16:24.437 +01:00 [INF] Executed action friendly.Controllers.UserAPIController.UserList (api) in 2.5769ms
2024-11-30 10:16:24.437 +01:00 [INF] Executed endpoint 'friendly.Controllers.UserAPIController.UserList (api)'
2024-11-30 10:16:24.437 +01:00 [INF] Executed action friendly.Controllers.UserAPIController.UserList (api) in 2.6987ms
2024-11-30 10:16:24.437 +01:00 [INF] Executed endpoint 'friendly.Controllers.UserAPIController.UserList (api)'
2024-11-30 10:16:24.437 +01:00 [INF] Request finished HTTP/1.1 GET http://localhost:5062/api/userapi/userlist - 200 1221 application/json; charset=utf-8 3.9685ms
2024-11-30 10:16:24.438 +01:00 [INF] Request finished HTTP/1.1 GET http://localhost:5062/api/userapi/userlist - 200 1221 application/json; charset=utf-8 4.378ms
2024-11-30 10:16:25.612 +01:00 [INF] Request starting HTTP/1.1 GET http://localhost:5062/api/PostAPI/postlist - null null
2024-11-30 10:16:25.612 +01:00 [INF] Request starting HTTP/1.1 GET http://localhost:5062/api/UserAPI/user/5a23c760-edbf-41bc-8b33-30f98f35ee98 - null null
2024-11-30 10:16:25.612 +01:00 [INF] Request starting HTTP/1.1 GET http://localhost:5062/api/PostAPI/postlist - null null
2024-11-30 10:16:25.612 +01:00 [INF] CORS policy execution successful.
2024-11-30 10:16:25.613 +01:00 [INF] CORS policy execution successful.
2024-11-30 10:16:25.612 +01:00 [INF] Request starting HTTP/1.1 GET http://localhost:5062/api/UserAPI/user/5a23c760-edbf-41bc-8b33-30f98f35ee98 - null null
2024-11-30 10:16:25.613 +01:00 [INF] CORS policy execution successful.
2024-11-30 10:16:25.612 +01:00 [INF] CORS policy execution successful.
2024-11-30 10:16:25.613 +01:00 [INF] Executing endpoint 'friendly.Controllers.UserAPIController.GetUserById (api)'
2024-11-30 10:16:25.613 +01:00 [INF] Executing endpoint 'friendly.Controllers.PostAPIController.PostList (api)'
2024-11-30 10:16:25.613 +01:00 [INF] Route matched with {action = "GetUserById", controller = "UserAPI"}. Executing controller action with signature System.Threading.Tasks.Task`1[Microsoft.AspNetCore.Mvc.IActionResult] GetUserById(System.String) on controller friendly.Controllers.UserAPIController (api).
2024-11-30 10:16:25.614 +01:00 [INF] Executing endpoint 'friendly.Controllers.UserAPIController.GetUserById (api)'
2024-11-30 10:16:25.614 +01:00 [INF] Route matched with {action = "GetUserById", controller = "UserAPI"}. Executing controller action with signature System.Threading.Tasks.Task`1[Microsoft.AspNetCore.Mvc.IActionResult] GetUserById(System.String) on controller friendly.Controllers.UserAPIController (api).
2024-11-30 10:16:25.614 +01:00 [INF] Executing endpoint 'friendly.Controllers.PostAPIController.PostList (api)'
2024-11-30 10:16:25.614 +01:00 [INF] Route matched with {action = "PostList", controller = "PostAPI"}. Executing controller action with signature System.Threading.Tasks.Task`1[Microsoft.AspNetCore.Mvc.IActionResult] PostList() on controller friendly.Controllers.PostAPIController (api).
2024-11-30 10:16:25.613 +01:00 [INF] Route matched with {action = "PostList", controller = "PostAPI"}. Executing controller action with signature System.Threading.Tasks.Task`1[Microsoft.AspNetCore.Mvc.IActionResult] PostList() on controller friendly.Controllers.PostAPIController (api).
2024-11-30 10:16:25.617 +01:00 [INF] Executing OkObjectResult, writing value of type 'System.Linq.Enumerable+SelectListIterator`2[[friendly.Models.Post, api, Version=0.0.0.0, Culture=neutral, PublicKeyToken=null],[friendly.DTOs.PostDto, api, Version=0.0.0.0, Culture=neutral, PublicKeyToken=null]]'.
2024-11-30 10:16:25.618 +01:00 [INF] Executing OkObjectResult, writing value of type 'friendly.DTOs.UserDto'.
2024-11-30 10:16:25.618 +01:00 [INF] Executing OkObjectResult, writing value of type 'System.Linq.Enumerable+SelectListIterator`2[[friendly.Models.Post, api, Version=0.0.0.0, Culture=neutral, PublicKeyToken=null],[friendly.DTOs.PostDto, api, Version=0.0.0.0, Culture=neutral, PublicKeyToken=null]]'.
2024-11-30 10:16:25.618 +01:00 [INF] Executed action friendly.Controllers.UserAPIController.GetUserById (api) in 4.2632ms
2024-11-30 10:16:25.618 +01:00 [INF] Executed endpoint 'friendly.Controllers.UserAPIController.GetUserById (api)'
2024-11-30 10:16:25.618 +01:00 [INF] Executed action friendly.Controllers.PostAPIController.PostList (api) in 3.6245ms
2024-11-30 10:16:25.618 +01:00 [INF] Executed endpoint 'friendly.Controllers.PostAPIController.PostList (api)'
2024-11-30 10:16:25.618 +01:00 [INF] Request finished HTTP/1.1 GET http://localhost:5062/api/UserAPI/user/5a23c760-edbf-41bc-8b33-30f98f35ee98 - 200 249 application/json; charset=utf-8 6.058ms
2024-11-30 10:16:25.618 +01:00 [INF] Request finished HTTP/1.1 GET http://localhost:5062/api/PostAPI/postlist - 200 494 application/json; charset=utf-8 6.2336ms
2024-11-30 10:16:25.618 +01:00 [INF] Executing OkObjectResult, writing value of type 'friendly.DTOs.UserDto'.
2024-11-30 10:16:25.618 +01:00 [INF] Executed action friendly.Controllers.PostAPIController.PostList (api) in 3.436ms
2024-11-30 10:16:25.619 +01:00 [INF] Executed endpoint 'friendly.Controllers.PostAPIController.PostList (api)'
2024-11-30 10:16:25.619 +01:00 [INF] Executed action friendly.Controllers.UserAPIController.GetUserById (api) in 5.1914ms
2024-11-30 10:16:25.619 +01:00 [INF] Executed endpoint 'friendly.Controllers.UserAPIController.GetUserById (api)'
2024-11-30 10:16:25.619 +01:00 [INF] Request finished HTTP/1.1 GET http://localhost:5062/api/PostAPI/postlist - 200 494 application/json; charset=utf-8 6.8281ms
2024-11-30 10:16:25.619 +01:00 [INF] Request finished HTTP/1.1 GET http://localhost:5062/api/UserAPI/user/5a23c760-edbf-41bc-8b33-30f98f35ee98 - 200 249 application/json; charset=utf-8 6.8838ms
2024-11-30 10:16:55.529 +01:00 [INF] Request starting HTTP/1.1 GET http://localhost:5062/swagger/index.html - null null
2024-11-30 10:16:55.566 +01:00 [INF] Request finished HTTP/1.1 GET http://localhost:5062/swagger/index.html - 200 null text/html;charset=utf-8 37.3253ms
2024-11-30 10:16:55.806 +01:00 [INF] Request starting HTTP/1.1 GET http://localhost:5062/swagger/v1/swagger.json - null null
2024-11-30 10:16:55.846 +01:00 [INF] Request finished HTTP/1.1 GET http://localhost:5062/swagger/v1/swagger.json - 200 null application/json;charset=utf-8 40.1515ms
