2024-11-29 20:36:04.499 +01:00 [INF] User profile is available. Using '/Users/axel/.aspnet/DataProtection-Keys' as key repository; keys will not be encrypted at rest.
2024-11-29 20:36:05.806 +01:00 [INF] Now listening on: https://localhost:7046
2024-11-29 20:36:05.806 +01:00 [INF] Now listening on: http://localhost:5062
2024-11-29 20:36:05.808 +01:00 [INF] Application started. Press Ctrl+C to shut down.
2024-11-29 20:36:05.808 +01:00 [INF] Hosting environment: Development
2024-11-29 20:36:05.808 +01:00 [INF] Content root path: /Users/axel/Documents/Skole/TestFriendly/api
2024-11-29 20:36:26.372 +01:00 [INF] Request starting HTTP/1.1 GET http://localhost:5062/api/UserAPI/userlist - null null
2024-11-29 20:36:26.372 +01:00 [INF] Request starting HTTP/1.1 GET http://localhost:5062/api/CommentAPI/commentlist - null null
2024-11-29 20:36:26.372 +01:00 [INF] Request starting HTTP/1.1 GET http://localhost:5062/api/PostAPI/postlist - null null
2024-11-29 20:36:26.401 +01:00 [INF] CORS policy execution successful.
2024-11-29 20:36:26.401 +01:00 [INF] CORS policy execution successful.
2024-11-29 20:36:26.401 +01:00 [INF] CORS policy execution successful.
2024-11-29 20:36:26.409 +01:00 [INF] Executing endpoint 'friendly.Controllers.CommentAPIController.CommentList (api)'
2024-11-29 20:36:26.409 +01:00 [INF] Executing endpoint 'friendly.Controllers.UserAPIController.UserList (api)'
2024-11-29 20:36:26.409 +01:00 [INF] Executing endpoint 'friendly.Controllers.PostAPIController.PostList (api)'
2024-11-29 20:36:26.418 +01:00 [INF] Route matched with {action = "PostList", controller = "PostAPI"}. Executing controller action with signature System.Threading.Tasks.Task`1[Microsoft.AspNetCore.Mvc.IActionResult] PostList() on controller friendly.Controllers.PostAPIController (api).
2024-11-29 20:36:26.418 +01:00 [INF] Route matched with {action = "UserList", controller = "UserAPI"}. Executing controller action with signature System.Threading.Tasks.Task`1[Microsoft.AspNetCore.Mvc.IActionResult] UserList() on controller friendly.Controllers.UserAPIController (api).
2024-11-29 20:36:26.418 +01:00 [INF] Route matched with {action = "CommentList", controller = "CommentAPI"}. Executing controller action with signature System.Threading.Tasks.Task`1[Microsoft.AspNetCore.Mvc.IActionResult] CommentList() on controller friendly.Controllers.CommentAPIController (api).
2024-11-29 20:36:26.453 +01:00 [INF] Executing OkObjectResult, writing value of type 'System.Linq.Enumerable+SelectListIterator`2[[friendly.Models.Comment, api, Version=0.0.0.0, Culture=neutral, PublicKeyToken=null],[friendly.DTOs.CommentDto, api, Version=0.0.0.0, Culture=neutral, PublicKeyToken=null]]'.
2024-11-29 20:36:26.453 +01:00 [INF] Executing OkObjectResult, writing value of type 'System.Linq.Enumerable+SelectListIterator`2[[friendly.Models.Post, api, Version=0.0.0.0, Culture=neutral, PublicKeyToken=null],[friendly.DTOs.PostDto, api, Version=0.0.0.0, Culture=neutral, PublicKeyToken=null]]'.
2024-11-29 20:36:26.453 +01:00 [INF] Executing OkObjectResult, writing value of type 'System.Linq.Enumerable+SelectListIterator`2[[friendly.Models.User, api, Version=0.0.0.0, Culture=neutral, PublicKeyToken=null],[friendly.DTOs.UserDto, api, Version=0.0.0.0, Culture=neutral, PublicKeyToken=null]]'.
2024-11-29 20:36:26.497 +01:00 [INF] Executed action friendly.Controllers.UserAPIController.UserList (api) in 77.4335ms
2024-11-29 20:36:26.497 +01:00 [INF] Executed action friendly.Controllers.PostAPIController.PostList (api) in 77.4893ms
2024-11-29 20:36:26.497 +01:00 [INF] Executed endpoint 'friendly.Controllers.UserAPIController.UserList (api)'
2024-11-29 20:36:26.497 +01:00 [INF] Executed action friendly.Controllers.CommentAPIController.CommentList (api) in 77.3914ms
2024-11-29 20:36:26.497 +01:00 [INF] Executed endpoint 'friendly.Controllers.PostAPIController.PostList (api)'
2024-11-29 20:36:26.498 +01:00 [INF] Executed endpoint 'friendly.Controllers.CommentAPIController.CommentList (api)'
2024-11-29 20:36:26.501 +01:00 [INF] Request finished HTTP/1.1 GET http://localhost:5062/api/CommentAPI/commentlist - 200 441 application/json; charset=utf-8 129.1512ms
2024-11-29 20:36:26.501 +01:00 [INF] Request finished HTTP/1.1 GET http://localhost:5062/api/PostAPI/postlist - 200 494 application/json; charset=utf-8 129.2617ms
2024-11-29 20:36:26.501 +01:00 [INF] Request finished HTTP/1.1 GET http://localhost:5062/api/UserAPI/userlist - 200 1221 application/json; charset=utf-8 129.2621ms
2024-11-29 20:36:27.583 +01:00 [INF] Request starting HTTP/1.1 GET http://localhost:5062/api/UserAPI/userlist - null null
2024-11-29 20:36:27.589 +01:00 [INF] CORS policy execution successful.
2024-11-29 20:36:27.590 +01:00 [INF] Executing endpoint 'friendly.Controllers.UserAPIController.UserList (api)'
2024-11-29 20:36:27.591 +01:00 [INF] Route matched with {action = "UserList", controller = "UserAPI"}. Executing controller action with signature System.Threading.Tasks.Task`1[Microsoft.AspNetCore.Mvc.IActionResult] UserList() on controller friendly.Controllers.UserAPIController (api).
2024-11-29 20:36:27.621 +01:00 [INF] Executing OkObjectResult, writing value of type 'System.Linq.Enumerable+SelectListIterator`2[[friendly.Models.User, api, Version=0.0.0.0, Culture=neutral, PublicKeyToken=null],[friendly.DTOs.UserDto, api, Version=0.0.0.0, Culture=neutral, PublicKeyToken=null]]'.
2024-11-29 20:36:27.622 +01:00 [INF] Executed action friendly.Controllers.UserAPIController.UserList (api) in 31.3415ms
2024-11-29 20:36:27.622 +01:00 [INF] Executed endpoint 'friendly.Controllers.UserAPIController.UserList (api)'
2024-11-29 20:36:27.622 +01:00 [INF] Request finished HTTP/1.1 GET http://localhost:5062/api/UserAPI/userlist - 200 1221 application/json; charset=utf-8 39.5102ms
2024-11-29 20:36:31.342 +01:00 [INF] Request starting HTTP/1.1 POST http://localhost:5062/api/postapi/create - multipart/form-data; boundary=----WebKitFormBoundarygyqQjrBcO2chxLX3 815871
2024-11-29 20:36:31.345 +01:00 [INF] CORS policy execution successful.
2024-11-29 20:36:31.346 +01:00 [INF] Executing endpoint 'friendly.Controllers.PostAPIController.CreatePost (api)'
2024-11-29 20:36:31.362 +01:00 [INF] Route matched with {action = "CreatePost", controller = "PostAPI"}. Executing controller action with signature System.Threading.Tasks.Task`1[Microsoft.AspNetCore.Mvc.IActionResult] CreatePost(friendly.DTOs.PostDto, Microsoft.AspNetCore.Http.IFormFile) on controller friendly.Controllers.PostAPIController (api).
2024-11-29 20:36:31.400 +01:00 [INF] [PostRepository] Adding post to the DbContext: {"PostId":0,"PostImagePath":"/uploads/fe40c5cc-7d82-4b2f-925d-a9bcafbedc23_beach.jpeg","Caption":"erer","PostDate":"29/11/2024 20:36:31","UserId":"537e2579-d0f8-4bd8-9d44-4ec087540891","User":null,"Comments":null,"Likes":null,"$type":"Post"}
2024-11-29 20:36:31.403 +01:00 [INF] [PostRepository] Entity state before saving: "Added"
2024-11-29 20:36:31.406 +01:00 [INF] [PostRepository] Entity state after saving: "Unchanged"
2024-11-29 20:36:31.406 +01:00 [INF] [PostRepository] Post creation succeeded with PostId: 4
2024-11-29 20:36:31.407 +01:00 [INF] Executing CreatedAtActionResult, writing value of type 'friendly.DTOs.PostDto'.
2024-11-29 20:36:31.415 +01:00 [INF] Executed action friendly.Controllers.PostAPIController.CreatePost (api) in 53.4992ms
2024-11-29 20:36:31.416 +01:00 [INF] Executed endpoint 'friendly.Controllers.PostAPIController.CreatePost (api)'
2024-11-29 20:36:31.417 +01:00 [INF] Request finished HTTP/1.1 POST http://localhost:5062/api/postapi/create - 201 185 application/json; charset=utf-8 75.0553ms
2024-11-29 20:36:32.740 +01:00 [INF] Request starting HTTP/1.1 GET http://localhost:5062/api/UserAPI/userlist - null null
2024-11-29 20:36:32.740 +01:00 [INF] Request starting HTTP/1.1 GET http://localhost:5062/api/PostAPI/postlist - null null
2024-11-29 20:36:32.740 +01:00 [INF] Request starting HTTP/1.1 GET http://localhost:5062/api/CommentAPI/commentlist - null null
2024-11-29 20:36:32.741 +01:00 [INF] CORS policy execution successful.
2024-11-29 20:36:32.741 +01:00 [INF] CORS policy execution successful.
2024-11-29 20:36:32.741 +01:00 [INF] Executing endpoint 'friendly.Controllers.PostAPIController.PostList (api)'
2024-11-29 20:36:32.741 +01:00 [INF] Executing endpoint 'friendly.Controllers.UserAPIController.UserList (api)'
2024-11-29 20:36:32.741 +01:00 [INF] CORS policy execution successful.
2024-11-29 20:36:32.741 +01:00 [INF] Route matched with {action = "UserList", controller = "UserAPI"}. Executing controller action with signature System.Threading.Tasks.Task`1[Microsoft.AspNetCore.Mvc.IActionResult] UserList() on controller friendly.Controllers.UserAPIController (api).
2024-11-29 20:36:32.741 +01:00 [INF] Route matched with {action = "PostList", controller = "PostAPI"}. Executing controller action with signature System.Threading.Tasks.Task`1[Microsoft.AspNetCore.Mvc.IActionResult] PostList() on controller friendly.Controllers.PostAPIController (api).
2024-11-29 20:36:32.741 +01:00 [INF] Executing endpoint 'friendly.Controllers.CommentAPIController.CommentList (api)'
2024-11-29 20:36:32.741 +01:00 [INF] Route matched with {action = "CommentList", controller = "CommentAPI"}. Executing controller action with signature System.Threading.Tasks.Task`1[Microsoft.AspNetCore.Mvc.IActionResult] CommentList() on controller friendly.Controllers.CommentAPIController (api).
2024-11-29 20:36:32.743 +01:00 [INF] Executing OkObjectResult, writing value of type 'System.Linq.Enumerable+SelectListIterator`2[[friendly.Models.Post, api, Version=0.0.0.0, Culture=neutral, PublicKeyToken=null],[friendly.DTOs.PostDto, api, Version=0.0.0.0, Culture=neutral, PublicKeyToken=null]]'.
2024-11-29 20:36:32.743 +01:00 [INF] Executing OkObjectResult, writing value of type 'System.Linq.Enumerable+SelectListIterator`2[[friendly.Models.Comment, api, Version=0.0.0.0, Culture=neutral, PublicKeyToken=null],[friendly.DTOs.CommentDto, api, Version=0.0.0.0, Culture=neutral, PublicKeyToken=null]]'.
2024-11-29 20:36:32.743 +01:00 [INF] Executed action friendly.Controllers.PostAPIController.PostList (api) in 1.5682ms
2024-11-29 20:36:32.743 +01:00 [INF] Executed endpoint 'friendly.Controllers.PostAPIController.PostList (api)'
2024-11-29 20:36:32.743 +01:00 [INF] Executing OkObjectResult, writing value of type 'System.Linq.Enumerable+SelectListIterator`2[[friendly.Models.User, api, Version=0.0.0.0, Culture=neutral, PublicKeyToken=null],[friendly.DTOs.UserDto, api, Version=0.0.0.0, Culture=neutral, PublicKeyToken=null]]'.
2024-11-29 20:36:32.743 +01:00 [INF] Request finished HTTP/1.1 GET http://localhost:5062/api/PostAPI/postlist - 200 680 application/json; charset=utf-8 2.9291ms
2024-11-29 20:36:32.743 +01:00 [INF] Executed action friendly.Controllers.CommentAPIController.CommentList (api) in 1.6884ms
2024-11-29 20:36:32.743 +01:00 [INF] Executed endpoint 'friendly.Controllers.CommentAPIController.CommentList (api)'
2024-11-29 20:36:32.744 +01:00 [INF] Request finished HTTP/1.1 GET http://localhost:5062/api/CommentAPI/commentlist - 200 441 application/json; charset=utf-8 3.3819ms
2024-11-29 20:36:32.744 +01:00 [INF] Executed action friendly.Controllers.UserAPIController.UserList (api) in 2.2662ms
2024-11-29 20:36:32.744 +01:00 [INF] Executed endpoint 'friendly.Controllers.UserAPIController.UserList (api)'
2024-11-29 20:36:32.744 +01:00 [INF] Request finished HTTP/1.1 GET http://localhost:5062/api/UserAPI/userlist - 200 1221 application/json; charset=utf-8 3.6128ms
2024-11-29 20:36:32.747 +01:00 [INF] Request starting HTTP/1.1 GET http://localhost:5062/uploads/fe40c5cc-7d82-4b2f-925d-a9bcafbedc23_beach.jpeg - null null
2024-11-29 20:36:32.749 +01:00 [INF] Request starting HTTP/1.1 GET http://localhost:5062/uploads/profile-images/profileimage5.jpg - null null
2024-11-29 20:36:32.753 +01:00 [INF] The file /uploads/profile-images/profileimage5.jpg was not modified
2024-11-29 20:36:32.753 +01:00 [INF] Request finished HTTP/1.1 GET http://localhost:5062/uploads/profile-images/profileimage5.jpg - 304 null image/jpeg 4.026ms
2024-11-29 20:36:32.759 +01:00 [INF] Sending file. Request path: '/uploads/fe40c5cc-7d82-4b2f-925d-a9bcafbedc23_beach.jpeg'. Physical path: '/Users/axel/Documents/Skole/TestFriendly/api/wwwroot/uploads/fe40c5cc-7d82-4b2f-925d-a9bcafbedc23_beach.jpeg'
2024-11-29 20:36:32.759 +01:00 [INF] Request finished HTTP/1.1 GET http://localhost:5062/uploads/fe40c5cc-7d82-4b2f-925d-a9bcafbedc23_beach.jpeg - 200 815455 image/jpeg 12.1857ms
2024-11-29 20:36:38.114 +01:00 [INF] Request starting HTTP/1.1 GET http://localhost:5062/api/PostAPI/postlist - null null
2024-11-29 20:36:38.114 +01:00 [INF] Request starting HTTP/1.1 GET http://localhost:5062/api/UserAPI/userlist - null null
2024-11-29 20:36:38.114 +01:00 [INF] Request starting HTTP/1.1 GET http://localhost:5062/api/CommentAPI/commentlist - null null
2024-11-29 20:36:38.116 +01:00 [INF] CORS policy execution successful.
2024-11-29 20:36:38.116 +01:00 [INF] CORS policy execution successful.
2024-11-29 20:36:38.116 +01:00 [INF] CORS policy execution successful.
2024-11-29 20:36:38.119 +01:00 [INF] Executing endpoint 'friendly.Controllers.UserAPIController.UserList (api)'
2024-11-29 20:36:38.119 +01:00 [INF] Executing endpoint 'friendly.Controllers.PostAPIController.PostList (api)'
2024-11-29 20:36:38.119 +01:00 [INF] Executing endpoint 'friendly.Controllers.CommentAPIController.CommentList (api)'
2024-11-29 20:36:38.120 +01:00 [INF] Route matched with {action = "CommentList", controller = "CommentAPI"}. Executing controller action with signature System.Threading.Tasks.Task`1[Microsoft.AspNetCore.Mvc.IActionResult] CommentList() on controller friendly.Controllers.CommentAPIController (api).
2024-11-29 20:36:38.120 +01:00 [INF] Route matched with {action = "UserList", controller = "UserAPI"}. Executing controller action with signature System.Threading.Tasks.Task`1[Microsoft.AspNetCore.Mvc.IActionResult] UserList() on controller friendly.Controllers.UserAPIController (api).
2024-11-29 20:36:38.120 +01:00 [INF] Route matched with {action = "PostList", controller = "PostAPI"}. Executing controller action with signature System.Threading.Tasks.Task`1[Microsoft.AspNetCore.Mvc.IActionResult] PostList() on controller friendly.Controllers.PostAPIController (api).
2024-11-29 20:36:38.127 +01:00 [INF] Executing OkObjectResult, writing value of type 'System.Linq.Enumerable+SelectListIterator`2[[friendly.Models.Post, api, Version=0.0.0.0, Culture=neutral, PublicKeyToken=null],[friendly.DTOs.PostDto, api, Version=0.0.0.0, Culture=neutral, PublicKeyToken=null]]'.
2024-11-29 20:36:38.127 +01:00 [INF] Executing OkObjectResult, writing value of type 'System.Linq.Enumerable+SelectListIterator`2[[friendly.Models.User, api, Version=0.0.0.0, Culture=neutral, PublicKeyToken=null],[friendly.DTOs.UserDto, api, Version=0.0.0.0, Culture=neutral, PublicKeyToken=null]]'.
2024-11-29 20:36:38.127 +01:00 [INF] Executing OkObjectResult, writing value of type 'System.Linq.Enumerable+SelectListIterator`2[[friendly.Models.Comment, api, Version=0.0.0.0, Culture=neutral, PublicKeyToken=null],[friendly.DTOs.CommentDto, api, Version=0.0.0.0, Culture=neutral, PublicKeyToken=null]]'.
2024-11-29 20:36:38.128 +01:00 [INF] Executed action friendly.Controllers.PostAPIController.PostList (api) in 7.8757ms
2024-11-29 20:36:38.128 +01:00 [INF] Executed endpoint 'friendly.Controllers.PostAPIController.PostList (api)'
2024-11-29 20:36:38.128 +01:00 [INF] Executed action friendly.Controllers.UserAPIController.UserList (api) in 8.1438ms
2024-11-29 20:36:38.128 +01:00 [INF] Executed endpoint 'friendly.Controllers.UserAPIController.UserList (api)'
2024-11-29 20:36:38.128 +01:00 [INF] Request finished HTTP/1.1 GET http://localhost:5062/api/UserAPI/userlist - 200 1221 application/json; charset=utf-8 14.1732ms
2024-11-29 20:36:38.128 +01:00 [INF] Executed action friendly.Controllers.CommentAPIController.CommentList (api) in 7.9905ms
2024-11-29 20:36:38.128 +01:00 [INF] Executed endpoint 'friendly.Controllers.CommentAPIController.CommentList (api)'
2024-11-29 20:36:38.128 +01:00 [INF] Request finished HTTP/1.1 GET http://localhost:5062/api/CommentAPI/commentlist - 200 441 application/json; charset=utf-8 14.3336ms
2024-11-29 20:36:38.128 +01:00 [INF] Request finished HTTP/1.1 GET http://localhost:5062/api/PostAPI/postlist - 200 680 application/json; charset=utf-8 14.1625ms
2024-11-29 20:36:38.136 +01:00 [INF] Request starting HTTP/1.1 GET http://localhost:5062/uploads/fe40c5cc-7d82-4b2f-925d-a9bcafbedc23_beach.jpeg - null null
2024-11-29 20:36:38.138 +01:00 [INF] The file /uploads/fe40c5cc-7d82-4b2f-925d-a9bcafbedc23_beach.jpeg was not modified
2024-11-29 20:36:38.138 +01:00 [INF] Request finished HTTP/1.1 GET http://localhost:5062/uploads/fe40c5cc-7d82-4b2f-925d-a9bcafbedc23_beach.jpeg - 304 null image/jpeg 2.2739ms
2024-11-29 20:36:38.952 +01:00 [INF] Request starting HTTP/1.1 GET http://localhost:5062/api/UserAPI/userlist - null null
2024-11-29 20:36:38.952 +01:00 [INF] CORS policy execution successful.
2024-11-29 20:36:38.953 +01:00 [INF] Executing endpoint 'friendly.Controllers.UserAPIController.UserList (api)'
2024-11-29 20:36:38.953 +01:00 [INF] Route matched with {action = "UserList", controller = "UserAPI"}. Executing controller action with signature System.Threading.Tasks.Task`1[Microsoft.AspNetCore.Mvc.IActionResult] UserList() on controller friendly.Controllers.UserAPIController (api).
2024-11-29 20:36:38.956 +01:00 [INF] Executing OkObjectResult, writing value of type 'System.Linq.Enumerable+SelectListIterator`2[[friendly.Models.User, api, Version=0.0.0.0, Culture=neutral, PublicKeyToken=null],[friendly.DTOs.UserDto, api, Version=0.0.0.0, Culture=neutral, PublicKeyToken=null]]'.
2024-11-29 20:36:38.956 +01:00 [INF] Executed action friendly.Controllers.UserAPIController.UserList (api) in 3.4992ms
2024-11-29 20:36:38.957 +01:00 [INF] Executed endpoint 'friendly.Controllers.UserAPIController.UserList (api)'
2024-11-29 20:36:38.957 +01:00 [INF] Request finished HTTP/1.1 GET http://localhost:5062/api/UserAPI/userlist - 200 1221 application/json; charset=utf-8 4.7197ms
2024-11-29 20:36:44.467 +01:00 [INF] Request starting HTTP/1.1 POST http://localhost:5062/api/postapi/create - multipart/form-data; boundary=----WebKitFormBoundaryjWXYeRaIqc0Ly6qb 267754
2024-11-29 20:36:44.470 +01:00 [INF] CORS policy execution successful.
2024-11-29 20:36:44.473 +01:00 [INF] Executing endpoint 'friendly.Controllers.PostAPIController.CreatePost (api)'
2024-11-29 20:36:44.473 +01:00 [INF] Route matched with {action = "CreatePost", controller = "PostAPI"}. Executing controller action with signature System.Threading.Tasks.Task`1[Microsoft.AspNetCore.Mvc.IActionResult] CreatePost(friendly.DTOs.PostDto, Microsoft.AspNetCore.Http.IFormFile) on controller friendly.Controllers.PostAPIController (api).
2024-11-29 20:36:44.484 +01:00 [INF] [PostRepository] Adding post to the DbContext: {"PostId":0,"PostImagePath":"/uploads/3a5eefce-03ce-4411-af31-8bcf64e30aff_mountains.jpeg","Caption":"erer","PostDate":"29/11/2024 20:36:44","UserId":"537e2579-d0f8-4bd8-9d44-4ec087540891","User":null,"Comments":null,"Likes":null,"$type":"Post"}
2024-11-29 20:36:44.487 +01:00 [INF] [PostRepository] Entity state before saving: "Added"
2024-11-29 20:36:44.492 +01:00 [INF] [PostRepository] Entity state after saving: "Unchanged"
2024-11-29 20:36:44.492 +01:00 [INF] [PostRepository] Post creation succeeded with PostId: 5
2024-11-29 20:36:44.493 +01:00 [INF] Executing CreatedAtActionResult, writing value of type 'friendly.DTOs.PostDto'.
2024-11-29 20:36:44.496 +01:00 [INF] Executed action friendly.Controllers.PostAPIController.CreatePost (api) in 22.5795ms
2024-11-29 20:36:44.496 +01:00 [INF] Executed endpoint 'friendly.Controllers.PostAPIController.CreatePost (api)'
2024-11-29 20:36:44.497 +01:00 [INF] Request finished HTTP/1.1 POST http://localhost:5062/api/postapi/create - 201 189 application/json; charset=utf-8 30.1347ms
2024-11-29 20:36:45.999 +01:00 [INF] Request starting HTTP/1.1 GET http://localhost:5062/api/CommentAPI/commentlist - null null
2024-11-29 20:36:45.999 +01:00 [INF] Request starting HTTP/1.1 GET http://localhost:5062/api/PostAPI/postlist - null null
2024-11-29 20:36:45.999 +01:00 [INF] Request starting HTTP/1.1 GET http://localhost:5062/api/UserAPI/userlist - null null
2024-11-29 20:36:46.000 +01:00 [INF] CORS policy execution successful.
2024-11-29 20:36:46.000 +01:00 [INF] CORS policy execution successful.
2024-11-29 20:36:46.000 +01:00 [INF] CORS policy execution successful.
2024-11-29 20:36:46.001 +01:00 [INF] Executing endpoint 'friendly.Controllers.CommentAPIController.CommentList (api)'
2024-11-29 20:36:46.001 +01:00 [INF] Executing endpoint 'friendly.Controllers.PostAPIController.PostList (api)'
2024-11-29 20:36:46.001 +01:00 [INF] Executing endpoint 'friendly.Controllers.UserAPIController.UserList (api)'
2024-11-29 20:36:46.001 +01:00 [INF] Route matched with {action = "CommentList", controller = "CommentAPI"}. Executing controller action with signature System.Threading.Tasks.Task`1[Microsoft.AspNetCore.Mvc.IActionResult] CommentList() on controller friendly.Controllers.CommentAPIController (api).
2024-11-29 20:36:46.001 +01:00 [INF] Route matched with {action = "PostList", controller = "PostAPI"}. Executing controller action with signature System.Threading.Tasks.Task`1[Microsoft.AspNetCore.Mvc.IActionResult] PostList() on controller friendly.Controllers.PostAPIController (api).
2024-11-29 20:36:46.001 +01:00 [INF] Route matched with {action = "UserList", controller = "UserAPI"}. Executing controller action with signature System.Threading.Tasks.Task`1[Microsoft.AspNetCore.Mvc.IActionResult] UserList() on controller friendly.Controllers.UserAPIController (api).
2024-11-29 20:36:46.004 +01:00 [INF] Executing OkObjectResult, writing value of type 'System.Linq.Enumerable+SelectListIterator`2[[friendly.Models.User, api, Version=0.0.0.0, Culture=neutral, PublicKeyToken=null],[friendly.DTOs.UserDto, api, Version=0.0.0.0, Culture=neutral, PublicKeyToken=null]]'.
2024-11-29 20:36:46.004 +01:00 [INF] Executing OkObjectResult, writing value of type 'System.Linq.Enumerable+SelectListIterator`2[[friendly.Models.Post, api, Version=0.0.0.0, Culture=neutral, PublicKeyToken=null],[friendly.DTOs.PostDto, api, Version=0.0.0.0, Culture=neutral, PublicKeyToken=null]]'.
2024-11-29 20:36:46.004 +01:00 [INF] Executed action friendly.Controllers.PostAPIController.PostList (api) in 2.9572ms
2024-11-29 20:36:46.004 +01:00 [INF] Executing OkObjectResult, writing value of type 'System.Linq.Enumerable+SelectListIterator`2[[friendly.Models.Comment, api, Version=0.0.0.0, Culture=neutral, PublicKeyToken=null],[friendly.DTOs.CommentDto, api, Version=0.0.0.0, Culture=neutral, PublicKeyToken=null]]'.
2024-11-29 20:36:46.005 +01:00 [INF] Executed endpoint 'friendly.Controllers.PostAPIController.PostList (api)'
2024-11-29 20:36:46.005 +01:00 [INF] Executed action friendly.Controllers.CommentAPIController.CommentList (api) in 4.4687ms
2024-11-29 20:36:46.005 +01:00 [INF] Executed action friendly.Controllers.UserAPIController.UserList (api) in 4.4106ms
2024-11-29 20:36:46.005 +01:00 [INF] Executed endpoint 'friendly.Controllers.UserAPIController.UserList (api)'
2024-11-29 20:36:46.006 +01:00 [INF] Request finished HTTP/1.1 GET http://localhost:5062/api/UserAPI/userlist - 200 1221 application/json; charset=utf-8 6.1008ms
2024-11-29 20:36:46.005 +01:00 [INF] Request finished HTTP/1.1 GET http://localhost:5062/api/PostAPI/postlist - 200 870 application/json; charset=utf-8 5.7114ms
2024-11-29 20:36:46.005 +01:00 [INF] Executed endpoint 'friendly.Controllers.CommentAPIController.CommentList (api)'
2024-11-29 20:36:46.006 +01:00 [INF] Request finished HTTP/1.1 GET http://localhost:5062/api/CommentAPI/commentlist - 200 441 application/json; charset=utf-8 6.7228ms
2024-11-29 20:36:46.016 +01:00 [INF] Request starting HTTP/1.1 GET http://localhost:5062/uploads/3a5eefce-03ce-4411-af31-8bcf64e30aff_mountains.jpeg - null null
2024-11-29 20:36:46.020 +01:00 [INF] Request starting HTTP/1.1 GET http://localhost:5062/uploads/fe40c5cc-7d82-4b2f-925d-a9bcafbedc23_beach.jpeg - null null
2024-11-29 20:36:46.023 +01:00 [INF] The file /uploads/fe40c5cc-7d82-4b2f-925d-a9bcafbedc23_beach.jpeg was not modified
2024-11-29 20:36:46.023 +01:00 [INF] Request finished HTTP/1.1 GET http://localhost:5062/uploads/fe40c5cc-7d82-4b2f-925d-a9bcafbedc23_beach.jpeg - 304 null image/jpeg 2.8327ms
2024-11-29 20:36:46.023 +01:00 [INF] Sending file. Request path: '/uploads/3a5eefce-03ce-4411-af31-8bcf64e30aff_mountains.jpeg'. Physical path: '/Users/axel/Documents/Skole/TestFriendly/api/wwwroot/uploads/3a5eefce-03ce-4411-af31-8bcf64e30aff_mountains.jpeg'
2024-11-29 20:36:46.024 +01:00 [INF] Request finished HTTP/1.1 GET http://localhost:5062/uploads/3a5eefce-03ce-4411-af31-8bcf64e30aff_mountains.jpeg - 200 267334 image/jpeg 7.8784ms
2024-11-29 20:36:48.997 +01:00 [INF] Request starting HTTP/1.1 GET http://localhost:5062/api/UserAPI/userlist - null null
2024-11-29 20:36:48.997 +01:00 [INF] Request starting HTTP/1.1 GET http://localhost:5062/api/UserAPI/userlist - null null
2024-11-29 20:36:48.997 +01:00 [INF] Request starting HTTP/1.1 GET http://localhost:5062/api/PostAPI/postlist - null null
2024-11-29 20:36:48.997 +01:00 [INF] CORS policy execution successful.
2024-11-29 20:36:48.997 +01:00 [INF] CORS policy execution successful.
2024-11-29 20:36:48.997 +01:00 [INF] CORS policy execution successful.
2024-11-29 20:36:48.998 +01:00 [INF] Executing endpoint 'friendly.Controllers.PostAPIController.PostList (api)'
2024-11-29 20:36:48.998 +01:00 [INF] Executing endpoint 'friendly.Controllers.UserAPIController.UserList (api)'
2024-11-29 20:36:48.998 +01:00 [INF] Executing endpoint 'friendly.Controllers.UserAPIController.UserList (api)'
2024-11-29 20:36:48.998 +01:00 [INF] Route matched with {action = "UserList", controller = "UserAPI"}. Executing controller action with signature System.Threading.Tasks.Task`1[Microsoft.AspNetCore.Mvc.IActionResult] UserList() on controller friendly.Controllers.UserAPIController (api).
2024-11-29 20:36:48.998 +01:00 [INF] Route matched with {action = "PostList", controller = "PostAPI"}. Executing controller action with signature System.Threading.Tasks.Task`1[Microsoft.AspNetCore.Mvc.IActionResult] PostList() on controller friendly.Controllers.PostAPIController (api).
2024-11-29 20:36:48.998 +01:00 [INF] Route matched with {action = "UserList", controller = "UserAPI"}. Executing controller action with signature System.Threading.Tasks.Task`1[Microsoft.AspNetCore.Mvc.IActionResult] UserList() on controller friendly.Controllers.UserAPIController (api).
2024-11-29 20:36:49.009 +01:00 [INF] Request starting HTTP/1.1 GET http://localhost:5062/api/PostAPI/postlist - null null
2024-11-29 20:36:49.010 +01:00 [INF] CORS policy execution successful.
2024-11-29 20:36:49.010 +01:00 [INF] Executing endpoint 'friendly.Controllers.PostAPIController.PostList (api)'
2024-11-29 20:36:49.011 +01:00 [INF] Route matched with {action = "PostList", controller = "PostAPI"}. Executing controller action with signature System.Threading.Tasks.Task`1[Microsoft.AspNetCore.Mvc.IActionResult] PostList() on controller friendly.Controllers.PostAPIController (api).
2024-11-29 20:36:49.017 +01:00 [INF] Executing OkObjectResult, writing value of type 'System.Linq.Enumerable+SelectListIterator`2[[friendly.Models.User, api, Version=0.0.0.0, Culture=neutral, PublicKeyToken=null],[friendly.DTOs.UserDto, api, Version=0.0.0.0, Culture=neutral, PublicKeyToken=null]]'.
2024-11-29 20:36:49.017 +01:00 [INF] Executing OkObjectResult, writing value of type 'System.Linq.Enumerable+SelectListIterator`2[[friendly.Models.Post, api, Version=0.0.0.0, Culture=neutral, PublicKeyToken=null],[friendly.DTOs.PostDto, api, Version=0.0.0.0, Culture=neutral, PublicKeyToken=null]]'.
2024-11-29 20:36:49.017 +01:00 [INF] Executing OkObjectResult, writing value of type 'System.Linq.Enumerable+SelectListIterator`2[[friendly.Models.Post, api, Version=0.0.0.0, Culture=neutral, PublicKeyToken=null],[friendly.DTOs.PostDto, api, Version=0.0.0.0, Culture=neutral, PublicKeyToken=null]]'.
2024-11-29 20:36:49.017 +01:00 [INF] Executing OkObjectResult, writing value of type 'System.Linq.Enumerable+SelectListIterator`2[[friendly.Models.User, api, Version=0.0.0.0, Culture=neutral, PublicKeyToken=null],[friendly.DTOs.UserDto, api, Version=0.0.0.0, Culture=neutral, PublicKeyToken=null]]'.
2024-11-29 20:36:49.018 +01:00 [INF] Executed action friendly.Controllers.UserAPIController.UserList (api) in 19.3963ms
2024-11-29 20:36:49.018 +01:00 [INF] Executed endpoint 'friendly.Controllers.UserAPIController.UserList (api)'
2024-11-29 20:36:49.018 +01:00 [INF] Executed action friendly.Controllers.PostAPIController.PostList (api) in 7.1991ms
2024-11-29 20:36:49.018 +01:00 [INF] Executed endpoint 'friendly.Controllers.PostAPIController.PostList (api)'
2024-11-29 20:36:49.018 +01:00 [INF] Executed action friendly.Controllers.UserAPIController.UserList (api) in 19.7056ms
2024-11-29 20:36:49.018 +01:00 [INF] Executed action friendly.Controllers.PostAPIController.PostList (api) in 19.7685ms
2024-11-29 20:36:49.018 +01:00 [INF] Executed endpoint 'friendly.Controllers.UserAPIController.UserList (api)'
2024-11-29 20:36:49.018 +01:00 [INF] Executed endpoint 'friendly.Controllers.PostAPIController.PostList (api)'
2024-11-29 20:36:49.018 +01:00 [INF] Request finished HTTP/1.1 GET http://localhost:5062/api/PostAPI/postlist - 200 870 application/json; charset=utf-8 21.2497ms
2024-11-29 20:36:49.018 +01:00 [INF] Request finished HTTP/1.1 GET http://localhost:5062/api/UserAPI/userlist - 200 1221 application/json; charset=utf-8 21.2852ms
2024-11-29 20:36:49.018 +01:00 [INF] Request finished HTTP/1.1 GET http://localhost:5062/api/PostAPI/postlist - 200 870 application/json; charset=utf-8 8.761ms
2024-11-29 20:36:49.018 +01:00 [INF] Request finished HTTP/1.1 GET http://localhost:5062/api/UserAPI/userlist - 200 1221 application/json; charset=utf-8 21.1347ms
2024-11-29 20:36:49.031 +01:00 [INF] Request starting HTTP/1.1 GET http://localhost:5062/uploads/fe40c5cc-7d82-4b2f-925d-a9bcafbedc23_beach.jpeg - null null
2024-11-29 20:36:49.031 +01:00 [INF] The file /uploads/fe40c5cc-7d82-4b2f-925d-a9bcafbedc23_beach.jpeg was not modified
2024-11-29 20:36:49.031 +01:00 [INF] Request finished HTTP/1.1 GET http://localhost:5062/uploads/fe40c5cc-7d82-4b2f-925d-a9bcafbedc23_beach.jpeg - 304 null image/jpeg 0.7124ms
2024-11-29 20:36:50.422 +01:00 [INF] Request starting HTTP/1.1 GET http://localhost:5062/api/PostAPI/postlist - null null
2024-11-29 20:36:50.422 +01:00 [INF] Request starting HTTP/1.1 GET http://localhost:5062/api/UserAPI/userlist - null null
2024-11-29 20:36:50.422 +01:00 [INF] CORS policy execution successful.
2024-11-29 20:36:50.422 +01:00 [INF] Request starting HTTP/1.1 GET http://localhost:5062/api/CommentAPI/commentlist - null null
2024-11-29 20:36:50.422 +01:00 [INF] CORS policy execution successful.
2024-11-29 20:36:50.422 +01:00 [INF] CORS policy execution successful.
2024-11-29 20:36:50.423 +01:00 [INF] Executing endpoint 'friendly.Controllers.PostAPIController.PostList (api)'
2024-11-29 20:36:50.423 +01:00 [INF] Executing endpoint 'friendly.Controllers.UserAPIController.UserList (api)'
2024-11-29 20:36:50.423 +01:00 [INF] Executing endpoint 'friendly.Controllers.CommentAPIController.CommentList (api)'
2024-11-29 20:36:50.423 +01:00 [INF] Route matched with {action = "UserList", controller = "UserAPI"}. Executing controller action with signature System.Threading.Tasks.Task`1[Microsoft.AspNetCore.Mvc.IActionResult] UserList() on controller friendly.Controllers.UserAPIController (api).
2024-11-29 20:36:50.423 +01:00 [INF] Route matched with {action = "CommentList", controller = "CommentAPI"}. Executing controller action with signature System.Threading.Tasks.Task`1[Microsoft.AspNetCore.Mvc.IActionResult] CommentList() on controller friendly.Controllers.CommentAPIController (api).
2024-11-29 20:36:50.423 +01:00 [INF] Route matched with {action = "PostList", controller = "PostAPI"}. Executing controller action with signature System.Threading.Tasks.Task`1[Microsoft.AspNetCore.Mvc.IActionResult] PostList() on controller friendly.Controllers.PostAPIController (api).
2024-11-29 20:36:50.425 +01:00 [INF] Executing OkObjectResult, writing value of type 'System.Linq.Enumerable+SelectListIterator`2[[friendly.Models.Comment, api, Version=0.0.0.0, Culture=neutral, PublicKeyToken=null],[friendly.DTOs.CommentDto, api, Version=0.0.0.0, Culture=neutral, PublicKeyToken=null]]'.
2024-11-29 20:36:50.425 +01:00 [INF] Executing OkObjectResult, writing value of type 'System.Linq.Enumerable+SelectListIterator`2[[friendly.Models.Post, api, Version=0.0.0.0, Culture=neutral, PublicKeyToken=null],[friendly.DTOs.PostDto, api, Version=0.0.0.0, Culture=neutral, PublicKeyToken=null]]'.
2024-11-29 20:36:50.425 +01:00 [INF] Executed action friendly.Controllers.CommentAPIController.CommentList (api) in 2.1248ms
2024-11-29 20:36:50.425 +01:00 [INF] Executed action friendly.Controllers.PostAPIController.PostList (api) in 2.2885ms
2024-11-29 20:36:50.425 +01:00 [INF] Executed endpoint 'friendly.Controllers.CommentAPIController.CommentList (api)'
2024-11-29 20:36:50.425 +01:00 [INF] Executed endpoint 'friendly.Controllers.PostAPIController.PostList (api)'
2024-11-29 20:36:50.425 +01:00 [INF] Request finished HTTP/1.1 GET http://localhost:5062/api/CommentAPI/commentlist - 200 441 application/json; charset=utf-8 2.9715ms
2024-11-29 20:36:50.425 +01:00 [INF] Executing OkObjectResult, writing value of type 'System.Linq.Enumerable+SelectListIterator`2[[friendly.Models.User, api, Version=0.0.0.0, Culture=neutral, PublicKeyToken=null],[friendly.DTOs.UserDto, api, Version=0.0.0.0, Culture=neutral, PublicKeyToken=null]]'.
2024-11-29 20:36:50.425 +01:00 [INF] Request finished HTTP/1.1 GET http://localhost:5062/api/PostAPI/postlist - 200 870 application/json; charset=utf-8 3.4531ms
2024-11-29 20:36:50.426 +01:00 [INF] Executed action friendly.Controllers.UserAPIController.UserList (api) in 3.0716ms
2024-11-29 20:36:50.426 +01:00 [INF] Executed endpoint 'friendly.Controllers.UserAPIController.UserList (api)'
2024-11-29 20:36:50.426 +01:00 [INF] Request finished HTTP/1.1 GET http://localhost:5062/api/UserAPI/userlist - 200 1221 application/json; charset=utf-8 3.8699ms
2024-11-29 20:36:50.438 +01:00 [INF] Request starting HTTP/1.1 GET http://localhost:5062/uploads/3a5eefce-03ce-4411-af31-8bcf64e30aff_mountains.jpeg - null null
2024-11-29 20:36:50.439 +01:00 [INF] The file /uploads/3a5eefce-03ce-4411-af31-8bcf64e30aff_mountains.jpeg was not modified
2024-11-29 20:36:50.440 +01:00 [INF] Request finished HTTP/1.1 GET http://localhost:5062/uploads/3a5eefce-03ce-4411-af31-8bcf64e30aff_mountains.jpeg - 304 null image/jpeg 1.8444ms
2024-11-29 20:36:50.440 +01:00 [INF] Request starting HTTP/1.1 GET http://localhost:5062/uploads/fe40c5cc-7d82-4b2f-925d-a9bcafbedc23_beach.jpeg - null null
2024-11-29 20:36:50.440 +01:00 [INF] The file /uploads/fe40c5cc-7d82-4b2f-925d-a9bcafbedc23_beach.jpeg was not modified
2024-11-29 20:36:50.440 +01:00 [INF] Request finished HTTP/1.1 GET http://localhost:5062/uploads/fe40c5cc-7d82-4b2f-925d-a9bcafbedc23_beach.jpeg - 304 null image/jpeg 0.3785ms
2024-11-29 22:02:04.659 +01:00 [INF] Request starting HTTP/1.1 GET http://localhost:5062/api/UserAPI/userlist - null null
2024-11-29 22:02:04.659 +01:00 [INF] Request starting HTTP/1.1 GET http://localhost:5062/api/CommentAPI/commentlist - null null
2024-11-29 22:02:04.659 +01:00 [INF] Request starting HTTP/1.1 GET http://localhost:5062/api/PostAPI/postlist - null null
2024-11-29 22:02:04.678 +01:00 [INF] CORS policy execution successful.
2024-11-29 22:02:04.678 +01:00 [INF] CORS policy execution successful.
2024-11-29 22:02:04.678 +01:00 [INF] CORS policy execution successful.
2024-11-29 22:02:04.690 +01:00 [INF] Executing endpoint 'friendly.Controllers.PostAPIController.PostList (api)'
2024-11-29 22:02:04.690 +01:00 [INF] Executing endpoint 'friendly.Controllers.CommentAPIController.CommentList (api)'
2024-11-29 22:02:04.690 +01:00 [INF] Executing endpoint 'friendly.Controllers.UserAPIController.UserList (api)'
2024-11-29 22:02:04.695 +01:00 [INF] Route matched with {action = "PostList", controller = "PostAPI"}. Executing controller action with signature System.Threading.Tasks.Task`1[Microsoft.AspNetCore.Mvc.IActionResult] PostList() on controller friendly.Controllers.PostAPIController (api).
2024-11-29 22:02:04.695 +01:00 [INF] Route matched with {action = "CommentList", controller = "CommentAPI"}. Executing controller action with signature System.Threading.Tasks.Task`1[Microsoft.AspNetCore.Mvc.IActionResult] CommentList() on controller friendly.Controllers.CommentAPIController (api).
2024-11-29 22:02:04.696 +01:00 [INF] Route matched with {action = "UserList", controller = "UserAPI"}. Executing controller action with signature System.Threading.Tasks.Task`1[Microsoft.AspNetCore.Mvc.IActionResult] UserList() on controller friendly.Controllers.UserAPIController (api).
2024-11-29 22:02:04.827 +01:00 [INF] Executing OkObjectResult, writing value of type 'System.Linq.Enumerable+SelectListIterator`2[[friendly.Models.Post, api, Version=0.0.0.0, Culture=neutral, PublicKeyToken=null],[friendly.DTOs.PostDto, api, Version=0.0.0.0, Culture=neutral, PublicKeyToken=null]]'.
2024-11-29 22:02:04.827 +01:00 [INF] Executing OkObjectResult, writing value of type 'System.Linq.Enumerable+SelectListIterator`2[[friendly.Models.User, api, Version=0.0.0.0, Culture=neutral, PublicKeyToken=null],[friendly.DTOs.UserDto, api, Version=0.0.0.0, Culture=neutral, PublicKeyToken=null]]'.
2024-11-29 22:02:04.827 +01:00 [INF] Executing OkObjectResult, writing value of type 'System.Linq.Enumerable+SelectListIterator`2[[friendly.Models.Comment, api, Version=0.0.0.0, Culture=neutral, PublicKeyToken=null],[friendly.DTOs.CommentDto, api, Version=0.0.0.0, Culture=neutral, PublicKeyToken=null]]'.
2024-11-29 22:02:04.831 +01:00 [INF] Executed action friendly.Controllers.PostAPIController.PostList (api) in 136.1611ms
2024-11-29 22:02:04.831 +01:00 [INF] Executed action friendly.Controllers.CommentAPIController.CommentList (api) in 135.8067ms
2024-11-29 22:02:04.831 +01:00 [INF] Executed action friendly.Controllers.UserAPIController.UserList (api) in 135.2287ms
2024-11-29 22:02:04.831 +01:00 [INF] Executed endpoint 'friendly.Controllers.CommentAPIController.CommentList (api)'
2024-11-29 22:02:04.831 +01:00 [INF] Executed endpoint 'friendly.Controllers.UserAPIController.UserList (api)'
2024-11-29 22:02:04.831 +01:00 [INF] Executed endpoint 'friendly.Controllers.PostAPIController.PostList (api)'
2024-11-29 22:02:04.832 +01:00 [INF] Request finished HTTP/1.1 GET http://localhost:5062/api/CommentAPI/commentlist - 200 441 application/json; charset=utf-8 177.4159ms
2024-11-29 22:02:04.832 +01:00 [INF] Request finished HTTP/1.1 GET http://localhost:5062/api/UserAPI/userlist - 200 1221 application/json; charset=utf-8 177.4227ms
2024-11-29 22:02:04.832 +01:00 [INF] Request finished HTTP/1.1 GET http://localhost:5062/api/PostAPI/postlist - 200 870 application/json; charset=utf-8 177.4424ms
2024-11-29 22:02:04.838 +01:00 [INF] Request starting HTTP/1.1 GET http://localhost:5062/uploads/profile-images/profileimage5.jpg - null null
2024-11-29 22:02:04.839 +01:00 [INF] Request starting HTTP/1.1 GET http://localhost:5062/uploads/3a5eefce-03ce-4411-af31-8bcf64e30aff_mountains.jpeg - null null
2024-11-29 22:02:04.850 +01:00 [INF] Request starting HTTP/1.1 GET http://localhost:5062/uploads/mountains.jpg - null null
2024-11-29 22:02:04.854 +01:00 [INF] The file /uploads/3a5eefce-03ce-4411-af31-8bcf64e30aff_mountains.jpeg was not modified
2024-11-29 22:02:04.854 +01:00 [INF] The file /uploads/mountains.jpg was not modified
2024-11-29 22:02:04.854 +01:00 [INF] The file /uploads/profile-images/profileimage5.jpg was not modified
2024-11-29 22:02:04.855 +01:00 [INF] Request starting HTTP/1.1 GET http://localhost:5062/uploads/profile-images/profileimage1.jpg - null null
2024-11-29 22:02:04.855 +01:00 [INF] Request finished HTTP/1.1 GET http://localhost:5062/uploads/profile-images/profileimage5.jpg - 304 null image/jpeg 16.3387ms
2024-11-29 22:02:04.855 +01:00 [INF] Request finished HTTP/1.1 GET http://localhost:5062/uploads/3a5eefce-03ce-4411-af31-8bcf64e30aff_mountains.jpeg - 304 null image/jpeg 16.2787ms
2024-11-29 22:02:04.855 +01:00 [INF] Request finished HTTP/1.1 GET http://localhost:5062/uploads/mountains.jpg - 304 null image/jpeg 4.5627ms
2024-11-29 22:02:04.855 +01:00 [INF] The file /uploads/profile-images/profileimage1.jpg was not modified
2024-11-29 22:02:04.855 +01:00 [INF] Request finished HTTP/1.1 GET http://localhost:5062/uploads/profile-images/profileimage1.jpg - 304 null image/jpeg 0.4275ms
2024-11-29 22:02:04.858 +01:00 [INF] Request starting HTTP/1.1 GET http://localhost:5062/uploads/fall.jpg - null null
2024-11-29 22:02:04.858 +01:00 [INF] Request starting HTTP/1.1 GET http://localhost:5062/uploads/profile-images/profileimage4.jpg - null null
2024-11-29 22:02:04.858 +01:00 [INF] The file /uploads/fall.jpg was not modified
2024-11-29 22:02:04.858 +01:00 [INF] Request starting HTTP/1.1 GET http://localhost:5062/uploads/fe40c5cc-7d82-4b2f-925d-a9bcafbedc23_beach.jpeg - null null
2024-11-29 22:02:04.859 +01:00 [INF] Request starting HTTP/1.1 GET http://localhost:5062/uploads/profile-images/profileimage2.jpg - null null
2024-11-29 22:02:04.859 +01:00 [INF] The file /uploads/profile-images/profileimage4.jpg was not modified
2024-11-29 22:02:04.859 +01:00 [INF] Request finished HTTP/1.1 GET http://localhost:5062/uploads/profile-images/profileimage4.jpg - 304 null image/jpeg 0.4431ms
2024-11-29 22:02:04.858 +01:00 [INF] Request finished HTTP/1.1 GET http://localhost:5062/uploads/fall.jpg - 304 null image/jpeg 0.5811ms
2024-11-29 22:02:04.859 +01:00 [INF] Request starting HTTP/1.1 GET http://localhost:5062/uploads/beach.jpg - null null
2024-11-29 22:02:04.860 +01:00 [INF] The file /uploads/profile-images/profileimage2.jpg was not modified
2024-11-29 22:02:04.860 +01:00 [INF] The file /uploads/fe40c5cc-7d82-4b2f-925d-a9bcafbedc23_beach.jpeg was not modified
2024-11-29 22:02:04.860 +01:00 [INF] The file /uploads/beach.jpg was not modified
2024-11-29 22:02:04.860 +01:00 [INF] Request finished HTTP/1.1 GET http://localhost:5062/uploads/fe40c5cc-7d82-4b2f-925d-a9bcafbedc23_beach.jpeg - 304 null image/jpeg 1.3876ms
2024-11-29 22:02:04.860 +01:00 [INF] Request finished HTTP/1.1 GET http://localhost:5062/uploads/beach.jpg - 304 null image/jpeg 0.8447ms
2024-11-29 22:02:04.860 +01:00 [INF] Request finished HTTP/1.1 GET http://localhost:5062/uploads/profile-images/profileimage2.jpg - 304 null image/jpeg 0.9472ms
2024-11-29 22:09:01.444 +01:00 [INF] Request starting HTTP/1.1 GET http://localhost:5062/images/mountains.jpg - null null
2024-11-29 22:09:01.444 +01:00 [INF] Request starting HTTP/1.1 GET http://localhost:5062/images/beach.jpg - null null
2024-11-29 22:09:01.444 +01:00 [INF] Request starting HTTP/1.1 GET http://localhost:5062/images/fall.jpg - null null
2024-11-29 22:09:01.464 +01:00 [INF] Sending file. Request path: '/images/beach.jpg'. Physical path: '/Users/axel/Documents/Skole/TestFriendly/api/wwwroot/images/beach.jpg'
2024-11-29 22:09:01.465 +01:00 [INF] Request finished HTTP/1.1 GET http://localhost:5062/images/beach.jpg - 200 815455 image/jpeg 20.4962ms
2024-11-29 22:09:01.466 +01:00 [INF] Sending file. Request path: '/images/fall.jpg'. Physical path: '/Users/axel/Documents/Skole/TestFriendly/api/wwwroot/images/fall.jpg'
2024-11-29 22:09:01.466 +01:00 [INF] Request finished HTTP/1.1 GET http://localhost:5062/images/fall.jpg - 200 623197 image/jpeg 22.2149ms
2024-11-29 22:09:01.466 +01:00 [INF] Sending file. Request path: '/images/mountains.jpg'. Physical path: '/Users/axel/Documents/Skole/TestFriendly/api/wwwroot/images/mountains.jpg'
2024-11-29 22:09:01.466 +01:00 [INF] Request finished HTTP/1.1 GET http://localhost:5062/images/mountains.jpg - 200 267334 image/jpeg 22.7733ms
2024-11-29 22:09:03.021 +01:00 [INF] Request starting HTTP/1.1 GET http://localhost:5062/api/PostAPI/postlist - null null
2024-11-29 22:09:03.021 +01:00 [INF] Request starting HTTP/1.1 GET http://localhost:5062/api/CommentAPI/commentlist - null null
2024-11-29 22:09:03.021 +01:00 [INF] Request starting HTTP/1.1 GET http://localhost:5062/api/UserAPI/userlist - null null
2024-11-29 22:09:03.022 +01:00 [INF] CORS policy execution successful.
2024-11-29 22:09:03.022 +01:00 [INF] CORS policy execution successful.
2024-11-29 22:09:03.022 +01:00 [INF] CORS policy execution successful.
2024-11-29 22:09:03.030 +01:00 [INF] Executing endpoint 'friendly.Controllers.CommentAPIController.CommentList (api)'
2024-11-29 22:09:03.030 +01:00 [INF] Executing endpoint 'friendly.Controllers.PostAPIController.PostList (api)'
2024-11-29 22:09:03.030 +01:00 [INF] Executing endpoint 'friendly.Controllers.UserAPIController.UserList (api)'
2024-11-29 22:09:03.031 +01:00 [INF] Route matched with {action = "CommentList", controller = "CommentAPI"}. Executing controller action with signature System.Threading.Tasks.Task`1[Microsoft.AspNetCore.Mvc.IActionResult] CommentList() on controller friendly.Controllers.CommentAPIController (api).
2024-11-29 22:09:03.031 +01:00 [INF] Route matched with {action = "PostList", controller = "PostAPI"}. Executing controller action with signature System.Threading.Tasks.Task`1[Microsoft.AspNetCore.Mvc.IActionResult] PostList() on controller friendly.Controllers.PostAPIController (api).
2024-11-29 22:09:03.031 +01:00 [INF] Route matched with {action = "UserList", controller = "UserAPI"}. Executing controller action with signature System.Threading.Tasks.Task`1[Microsoft.AspNetCore.Mvc.IActionResult] UserList() on controller friendly.Controllers.UserAPIController (api).
2024-11-29 22:09:03.042 +01:00 [INF] Executing OkObjectResult, writing value of type 'System.Linq.Enumerable+SelectListIterator`2[[friendly.Models.Post, api, Version=0.0.0.0, Culture=neutral, PublicKeyToken=null],[friendly.DTOs.PostDto, api, Version=0.0.0.0, Culture=neutral, PublicKeyToken=null]]'.
2024-11-29 22:09:03.042 +01:00 [INF] Executing OkObjectResult, writing value of type 'System.Linq.Enumerable+SelectListIterator`2[[friendly.Models.Comment, api, Version=0.0.0.0, Culture=neutral, PublicKeyToken=null],[friendly.DTOs.CommentDto, api, Version=0.0.0.0, Culture=neutral, PublicKeyToken=null]]'.
2024-11-29 22:09:03.042 +01:00 [INF] Executing OkObjectResult, writing value of type 'System.Linq.Enumerable+SelectListIterator`2[[friendly.Models.User, api, Version=0.0.0.0, Culture=neutral, PublicKeyToken=null],[friendly.DTOs.UserDto, api, Version=0.0.0.0, Culture=neutral, PublicKeyToken=null]]'.
2024-11-29 22:09:03.044 +01:00 [INF] Executed action friendly.Controllers.CommentAPIController.CommentList (api) in 12.0233ms
2024-11-29 22:09:03.044 +01:00 [INF] Executed action friendly.Controllers.UserAPIController.UserList (api) in 11.5965ms
2024-11-29 22:09:03.044 +01:00 [INF] Executed endpoint 'friendly.Controllers.UserAPIController.UserList (api)'
2024-11-29 22:09:03.044 +01:00 [INF] Executed endpoint 'friendly.Controllers.CommentAPIController.CommentList (api)'
2024-11-29 22:09:03.044 +01:00 [INF] Executed action friendly.Controllers.PostAPIController.PostList (api) in 11.9697ms
2024-11-29 22:09:03.044 +01:00 [INF] Executed endpoint 'friendly.Controllers.PostAPIController.PostList (api)'
2024-11-29 22:09:03.044 +01:00 [INF] Request finished HTTP/1.1 GET http://localhost:5062/api/PostAPI/postlist - 200 870 application/json; charset=utf-8 23.23ms
2024-11-29 22:09:03.044 +01:00 [INF] Request finished HTTP/1.1 GET http://localhost:5062/api/CommentAPI/commentlist - 200 441 application/json; charset=utf-8 23.2228ms
2024-11-29 22:09:03.044 +01:00 [INF] Request finished HTTP/1.1 GET http://localhost:5062/api/UserAPI/userlist - 200 1221 application/json; charset=utf-8 23.216ms
2024-11-29 22:09:10.496 +01:00 [INF] Request starting HTTP/1.1 GET http://localhost:5062/api/PostAPI/postlist - null null
2024-11-29 22:09:10.496 +01:00 [INF] Request starting HTTP/1.1 GET http://localhost:5062/api/UserAPI/userlist - null null
2024-11-29 22:09:10.496 +01:00 [INF] Request starting HTTP/1.1 GET http://localhost:5062/api/CommentAPI/commentlist - null null
2024-11-29 22:09:10.499 +01:00 [INF] CORS policy execution successful.
2024-11-29 22:09:10.499 +01:00 [INF] CORS policy execution successful.
2024-11-29 22:09:10.499 +01:00 [INF] CORS policy execution successful.
2024-11-29 22:09:10.504 +01:00 [INF] Executing endpoint 'friendly.Controllers.PostAPIController.PostList (api)'
2024-11-29 22:09:10.504 +01:00 [INF] Executing endpoint 'friendly.Controllers.CommentAPIController.CommentList (api)'
2024-11-29 22:09:10.504 +01:00 [INF] Executing endpoint 'friendly.Controllers.UserAPIController.UserList (api)'
2024-11-29 22:09:10.505 +01:00 [INF] Route matched with {action = "PostList", controller = "PostAPI"}. Executing controller action with signature System.Threading.Tasks.Task`1[Microsoft.AspNetCore.Mvc.IActionResult] PostList() on controller friendly.Controllers.PostAPIController (api).
2024-11-29 22:09:10.505 +01:00 [INF] Route matched with {action = "UserList", controller = "UserAPI"}. Executing controller action with signature System.Threading.Tasks.Task`1[Microsoft.AspNetCore.Mvc.IActionResult] UserList() on controller friendly.Controllers.UserAPIController (api).
2024-11-29 22:09:10.505 +01:00 [INF] Route matched with {action = "CommentList", controller = "CommentAPI"}. Executing controller action with signature System.Threading.Tasks.Task`1[Microsoft.AspNetCore.Mvc.IActionResult] CommentList() on controller friendly.Controllers.CommentAPIController (api).
2024-11-29 22:09:10.531 +01:00 [INF] Executing OkObjectResult, writing value of type 'System.Linq.Enumerable+SelectListIterator`2[[friendly.Models.Comment, api, Version=0.0.0.0, Culture=neutral, PublicKeyToken=null],[friendly.DTOs.CommentDto, api, Version=0.0.0.0, Culture=neutral, PublicKeyToken=null]]'.
2024-11-29 22:09:10.531 +01:00 [INF] Executing OkObjectResult, writing value of type 'System.Linq.Enumerable+SelectListIterator`2[[friendly.Models.User, api, Version=0.0.0.0, Culture=neutral, PublicKeyToken=null],[friendly.DTOs.UserDto, api, Version=0.0.0.0, Culture=neutral, PublicKeyToken=null]]'.
2024-11-29 22:09:10.531 +01:00 [INF] Executing OkObjectResult, writing value of type 'System.Linq.Enumerable+SelectListIterator`2[[friendly.Models.Post, api, Version=0.0.0.0, Culture=neutral, PublicKeyToken=null],[friendly.DTOs.PostDto, api, Version=0.0.0.0, Culture=neutral, PublicKeyToken=null]]'.
2024-11-29 22:09:10.533 +01:00 [INF] Executed action friendly.Controllers.PostAPIController.PostList (api) in 27.7416ms
2024-11-29 22:09:10.533 +01:00 [INF] Executed action friendly.Controllers.CommentAPIController.CommentList (api) in 27.5618ms
2024-11-29 22:09:10.533 +01:00 [INF] Executed endpoint 'friendly.Controllers.CommentAPIController.CommentList (api)'
2024-11-29 22:09:10.533 +01:00 [INF] Executed action friendly.Controllers.UserAPIController.UserList (api) in 27.6975ms
2024-11-29 22:09:10.533 +01:00 [INF] Executed endpoint 'friendly.Controllers.UserAPIController.UserList (api)'
2024-11-29 22:09:10.533 +01:00 [INF] Executed endpoint 'friendly.Controllers.PostAPIController.PostList (api)'
2024-11-29 22:09:10.533 +01:00 [INF] Request finished HTTP/1.1 GET http://localhost:5062/api/PostAPI/postlist - 200 870 application/json; charset=utf-8 37.8343ms
2024-11-29 22:09:10.534 +01:00 [INF] Request finished HTTP/1.1 GET http://localhost:5062/api/UserAPI/userlist - 200 1221 application/json; charset=utf-8 37.8928ms
2024-11-29 22:09:10.533 +01:00 [INF] Request finished HTTP/1.1 GET http://localhost:5062/api/CommentAPI/commentlist - 200 441 application/json; charset=utf-8 37.2184ms
2024-11-29 22:10:47.402 +01:00 [INF] Request starting HTTP/1.1 GET http://localhost:5062/api/UserAPI/userlist - null null
2024-11-29 22:10:47.402 +01:00 [INF] Request starting HTTP/1.1 GET http://localhost:5062/api/PostAPI/postlist - null null
2024-11-29 22:10:47.402 +01:00 [INF] Request starting HTTP/1.1 GET http://localhost:5062/api/CommentAPI/commentlist - null null
2024-11-29 22:10:47.403 +01:00 [INF] CORS policy execution successful.
2024-11-29 22:10:47.403 +01:00 [INF] CORS policy execution successful.
2024-11-29 22:10:47.403 +01:00 [INF] CORS policy execution successful.
2024-11-29 22:10:47.406 +01:00 [INF] Executing endpoint 'friendly.Controllers.PostAPIController.PostList (api)'
2024-11-29 22:10:47.406 +01:00 [INF] Executing endpoint 'friendly.Controllers.UserAPIController.UserList (api)'
2024-11-29 22:10:47.406 +01:00 [INF] Executing endpoint 'friendly.Controllers.CommentAPIController.CommentList (api)'
2024-11-29 22:10:47.407 +01:00 [INF] Route matched with {action = "PostList", controller = "PostAPI"}. Executing controller action with signature System.Threading.Tasks.Task`1[Microsoft.AspNetCore.Mvc.IActionResult] PostList() on controller friendly.Controllers.PostAPIController (api).
2024-11-29 22:10:47.407 +01:00 [INF] Route matched with {action = "UserList", controller = "UserAPI"}. Executing controller action with signature System.Threading.Tasks.Task`1[Microsoft.AspNetCore.Mvc.IActionResult] UserList() on controller friendly.Controllers.UserAPIController (api).
2024-11-29 22:10:47.407 +01:00 [INF] Route matched with {action = "CommentList", controller = "CommentAPI"}. Executing controller action with signature System.Threading.Tasks.Task`1[Microsoft.AspNetCore.Mvc.IActionResult] CommentList() on controller friendly.Controllers.CommentAPIController (api).
2024-11-29 22:10:47.421 +01:00 [INF] Executing OkObjectResult, writing value of type 'System.Linq.Enumerable+SelectListIterator`2[[friendly.Models.Comment, api, Version=0.0.0.0, Culture=neutral, PublicKeyToken=null],[friendly.DTOs.CommentDto, api, Version=0.0.0.0, Culture=neutral, PublicKeyToken=null]]'.
2024-11-29 22:10:47.421 +01:00 [INF] Executing OkObjectResult, writing value of type 'System.Linq.Enumerable+SelectListIterator`2[[friendly.Models.User, api, Version=0.0.0.0, Culture=neutral, PublicKeyToken=null],[friendly.DTOs.UserDto, api, Version=0.0.0.0, Culture=neutral, PublicKeyToken=null]]'.
2024-11-29 22:10:47.421 +01:00 [INF] Executing OkObjectResult, writing value of type 'System.Linq.Enumerable+SelectListIterator`2[[friendly.Models.Post, api, Version=0.0.0.0, Culture=neutral, PublicKeyToken=null],[friendly.DTOs.PostDto, api, Version=0.0.0.0, Culture=neutral, PublicKeyToken=null]]'.
2024-11-29 22:10:47.423 +01:00 [INF] Executed action friendly.Controllers.UserAPIController.UserList (api) in 15.8355ms
2024-11-29 22:10:47.423 +01:00 [INF] Executed action friendly.Controllers.PostAPIController.PostList (api) in 15.8014ms
2024-11-29 22:10:47.423 +01:00 [INF] Executed endpoint 'friendly.Controllers.PostAPIController.PostList (api)'
2024-11-29 22:10:47.423 +01:00 [INF] Executed action friendly.Controllers.CommentAPIController.CommentList (api) in 15.5829ms
2024-11-29 22:10:47.423 +01:00 [INF] Executed endpoint 'friendly.Controllers.CommentAPIController.CommentList (api)'
2024-11-29 22:10:47.423 +01:00 [INF] Executed endpoint 'friendly.Controllers.UserAPIController.UserList (api)'
2024-11-29 22:10:47.424 +01:00 [INF] Request finished HTTP/1.1 GET http://localhost:5062/api/PostAPI/postlist - 200 870 application/json; charset=utf-8 22.7839ms
2024-11-29 22:10:47.425 +01:00 [INF] Request finished HTTP/1.1 GET http://localhost:5062/api/CommentAPI/commentlist - 200 441 application/json; charset=utf-8 23.3947ms
2024-11-29 22:10:47.425 +01:00 [INF] Request finished HTTP/1.1 GET http://localhost:5062/api/UserAPI/userlist - 200 1221 application/json; charset=utf-8 23.3183ms
2024-11-29 22:10:47.435 +01:00 [INF] Request starting HTTP/1.1 GET http://localhost:5062/uploads/3a5eefce-03ce-4411-af31-8bcf64e30aff_mountains.jpeg - null null
2024-11-29 22:10:47.437 +01:00 [INF] The file /uploads/3a5eefce-03ce-4411-af31-8bcf64e30aff_mountains.jpeg was not modified
2024-11-29 22:10:47.437 +01:00 [INF] Request finished HTTP/1.1 GET http://localhost:5062/uploads/3a5eefce-03ce-4411-af31-8bcf64e30aff_mountains.jpeg - 304 null image/jpeg 2.1967ms
2024-11-29 22:10:47.440 +01:00 [INF] Request starting HTTP/1.1 GET http://localhost:5062/uploads/fe40c5cc-7d82-4b2f-925d-a9bcafbedc23_beach.jpeg - null null
2024-11-29 22:10:47.441 +01:00 [INF] The file /uploads/fe40c5cc-7d82-4b2f-925d-a9bcafbedc23_beach.jpeg was not modified
2024-11-29 22:10:47.441 +01:00 [INF] Request finished HTTP/1.1 GET http://localhost:5062/uploads/fe40c5cc-7d82-4b2f-925d-a9bcafbedc23_beach.jpeg - 304 null image/jpeg 0.4699ms
2024-11-29 22:11:40.259 +01:00 [INF] Request starting HTTP/1.1 GET http://localhost:5062/api/PostAPI/postlist - null null
2024-11-29 22:11:40.259 +01:00 [INF] Request starting HTTP/1.1 GET http://localhost:5062/api/UserAPI/userlist - null null
2024-11-29 22:11:40.259 +01:00 [INF] Request starting HTTP/1.1 GET http://localhost:5062/api/CommentAPI/commentlist - null null
2024-11-29 22:11:40.260 +01:00 [INF] CORS policy execution successful.
2024-11-29 22:11:40.260 +01:00 [INF] CORS policy execution successful.
2024-11-29 22:11:40.260 +01:00 [INF] CORS policy execution successful.
2024-11-29 22:11:40.262 +01:00 [INF] Executing endpoint 'friendly.Controllers.UserAPIController.UserList (api)'
2024-11-29 22:11:40.262 +01:00 [INF] Executing endpoint 'friendly.Controllers.PostAPIController.PostList (api)'
2024-11-29 22:11:40.262 +01:00 [INF] Executing endpoint 'friendly.Controllers.CommentAPIController.CommentList (api)'
2024-11-29 22:11:40.263 +01:00 [INF] Route matched with {action = "UserList", controller = "UserAPI"}. Executing controller action with signature System.Threading.Tasks.Task`1[Microsoft.AspNetCore.Mvc.IActionResult] UserList() on controller friendly.Controllers.UserAPIController (api).
2024-11-29 22:11:40.263 +01:00 [INF] Route matched with {action = "CommentList", controller = "CommentAPI"}. Executing controller action with signature System.Threading.Tasks.Task`1[Microsoft.AspNetCore.Mvc.IActionResult] CommentList() on controller friendly.Controllers.CommentAPIController (api).
2024-11-29 22:11:40.263 +01:00 [INF] Route matched with {action = "PostList", controller = "PostAPI"}. Executing controller action with signature System.Threading.Tasks.Task`1[Microsoft.AspNetCore.Mvc.IActionResult] PostList() on controller friendly.Controllers.PostAPIController (api).
2024-11-29 22:11:40.268 +01:00 [INF] Executing OkObjectResult, writing value of type 'System.Linq.Enumerable+SelectListIterator`2[[friendly.Models.Comment, api, Version=0.0.0.0, Culture=neutral, PublicKeyToken=null],[friendly.DTOs.CommentDto, api, Version=0.0.0.0, Culture=neutral, PublicKeyToken=null]]'.
2024-11-29 22:11:40.268 +01:00 [INF] Executing OkObjectResult, writing value of type 'System.Linq.Enumerable+SelectListIterator`2[[friendly.Models.User, api, Version=0.0.0.0, Culture=neutral, PublicKeyToken=null],[friendly.DTOs.UserDto, api, Version=0.0.0.0, Culture=neutral, PublicKeyToken=null]]'.
2024-11-29 22:11:40.268 +01:00 [INF] Executing OkObjectResult, writing value of type 'System.Linq.Enumerable+SelectListIterator`2[[friendly.Models.Post, api, Version=0.0.0.0, Culture=neutral, PublicKeyToken=null],[friendly.DTOs.PostDto, api, Version=0.0.0.0, Culture=neutral, PublicKeyToken=null]]'.
2024-11-29 22:11:40.272 +01:00 [INF] Executed action friendly.Controllers.CommentAPIController.CommentList (api) in 9.3449ms
2024-11-29 22:11:40.272 +01:00 [INF] Executed action friendly.Controllers.UserAPIController.UserList (api) in 9.3694ms
2024-11-29 22:11:40.272 +01:00 [INF] Executed endpoint 'friendly.Controllers.UserAPIController.UserList (api)'
2024-11-29 22:11:40.272 +01:00 [INF] Executed endpoint 'friendly.Controllers.CommentAPIController.CommentList (api)'
2024-11-29 22:11:40.272 +01:00 [INF] Executed action friendly.Controllers.PostAPIController.PostList (api) in 9.388ms
2024-11-29 22:11:40.273 +01:00 [INF] Executed endpoint 'friendly.Controllers.PostAPIController.PostList (api)'
2024-11-29 22:11:40.273 +01:00 [INF] Request finished HTTP/1.1 GET http://localhost:5062/api/UserAPI/userlist - 200 1221 application/json; charset=utf-8 14.2248ms
2024-11-29 22:11:40.273 +01:00 [INF] Request finished HTTP/1.1 GET http://localhost:5062/api/CommentAPI/commentlist - 200 441 application/json; charset=utf-8 14.2211ms
2024-11-29 22:11:40.274 +01:00 [INF] Request finished HTTP/1.1 GET http://localhost:5062/api/PostAPI/postlist - 200 870 application/json; charset=utf-8 15.1297ms
2024-11-29 22:12:06.475 +01:00 [INF] Request starting HTTP/1.1 GET http://localhost:5062/api/PostAPI/postlist - null null
2024-11-29 22:12:06.475 +01:00 [INF] Request starting HTTP/1.1 GET http://localhost:5062/api/UserAPI/userlist - null null
2024-11-29 22:12:06.475 +01:00 [INF] Request starting HTTP/1.1 GET http://localhost:5062/api/CommentAPI/commentlist - null null
2024-11-29 22:12:06.477 +01:00 [INF] CORS policy execution successful.
2024-11-29 22:12:06.477 +01:00 [INF] CORS policy execution successful.
2024-11-29 22:12:06.477 +01:00 [INF] CORS policy execution successful.
2024-11-29 22:12:06.478 +01:00 [INF] Executing endpoint 'friendly.Controllers.CommentAPIController.CommentList (api)'
2024-11-29 22:12:06.478 +01:00 [INF] Executing endpoint 'friendly.Controllers.PostAPIController.PostList (api)'
2024-11-29 22:12:06.478 +01:00 [INF] Executing endpoint 'friendly.Controllers.UserAPIController.UserList (api)'
2024-11-29 22:12:06.479 +01:00 [INF] Route matched with {action = "UserList", controller = "UserAPI"}. Executing controller action with signature System.Threading.Tasks.Task`1[Microsoft.AspNetCore.Mvc.IActionResult] UserList() on controller friendly.Controllers.UserAPIController (api).
2024-11-29 22:12:06.479 +01:00 [INF] Route matched with {action = "PostList", controller = "PostAPI"}. Executing controller action with signature System.Threading.Tasks.Task`1[Microsoft.AspNetCore.Mvc.IActionResult] PostList() on controller friendly.Controllers.PostAPIController (api).
2024-11-29 22:12:06.479 +01:00 [INF] Route matched with {action = "CommentList", controller = "CommentAPI"}. Executing controller action with signature System.Threading.Tasks.Task`1[Microsoft.AspNetCore.Mvc.IActionResult] CommentList() on controller friendly.Controllers.CommentAPIController (api).
2024-11-29 22:12:06.483 +01:00 [INF] Executing OkObjectResult, writing value of type 'System.Linq.Enumerable+SelectListIterator`2[[friendly.Models.Comment, api, Version=0.0.0.0, Culture=neutral, PublicKeyToken=null],[friendly.DTOs.CommentDto, api, Version=0.0.0.0, Culture=neutral, PublicKeyToken=null]]'.
2024-11-29 22:12:06.483 +01:00 [INF] Executing OkObjectResult, writing value of type 'System.Linq.Enumerable+SelectListIterator`2[[friendly.Models.Post, api, Version=0.0.0.0, Culture=neutral, PublicKeyToken=null],[friendly.DTOs.PostDto, api, Version=0.0.0.0, Culture=neutral, PublicKeyToken=null]]'.
2024-11-29 22:12:06.483 +01:00 [INF] Executing OkObjectResult, writing value of type 'System.Linq.Enumerable+SelectListIterator`2[[friendly.Models.User, api, Version=0.0.0.0, Culture=neutral, PublicKeyToken=null],[friendly.DTOs.UserDto, api, Version=0.0.0.0, Culture=neutral, PublicKeyToken=null]]'.
2024-11-29 22:12:06.484 +01:00 [INF] Executed action friendly.Controllers.CommentAPIController.CommentList (api) in 5.5608ms
2024-11-29 22:12:06.484 +01:00 [INF] Executed action friendly.Controllers.PostAPIController.PostList (api) in 5.5512ms
2024-11-29 22:12:06.484 +01:00 [INF] Executed endpoint 'friendly.Controllers.PostAPIController.PostList (api)'
2024-11-29 22:12:06.484 +01:00 [INF] Executed action friendly.Controllers.UserAPIController.UserList (api) in 5.6921ms
2024-11-29 22:12:06.484 +01:00 [INF] Executed endpoint 'friendly.Controllers.CommentAPIController.CommentList (api)'
2024-11-29 22:12:06.484 +01:00 [INF] Executed endpoint 'friendly.Controllers.UserAPIController.UserList (api)'
2024-11-29 22:12:06.484 +01:00 [INF] Request finished HTTP/1.1 GET http://localhost:5062/api/UserAPI/userlist - 200 1221 application/json; charset=utf-8 9.6335ms
2024-11-29 22:12:06.484 +01:00 [INF] Request finished HTTP/1.1 GET http://localhost:5062/api/CommentAPI/commentlist - 200 441 application/json; charset=utf-8 9.654ms
2024-11-29 22:12:06.485 +01:00 [INF] Request finished HTTP/1.1 GET http://localhost:5062/api/PostAPI/postlist - 200 870 application/json; charset=utf-8 9.7282ms
2024-11-29 22:12:07.576 +01:00 [INF] Request starting HTTP/1.1 GET http://localhost:5062/api/PostAPI/undefined - null null
2024-11-29 22:12:07.579 +01:00 [INF] CORS policy execution successful.
2024-11-29 22:12:07.581 +01:00 [INF] Request finished HTTP/1.1 GET http://localhost:5062/api/PostAPI/undefined - 404 0 null 5.1629ms
2024-11-29 22:12:07.584 +01:00 [INF] Request reached the end of the middleware pipeline without being handled by application code. Request path: GET http://localhost:5062/api/PostAPI/undefined, Response status code: 404
2024-11-29 22:12:12.513 +01:00 [INF] Request starting HTTP/1.1 GET http://localhost:5062/api/CommentAPI/commentlist - null null
2024-11-29 22:12:12.513 +01:00 [INF] Request starting HTTP/1.1 GET http://localhost:5062/api/PostAPI/postlist - null null
2024-11-29 22:12:12.513 +01:00 [INF] Request starting HTTP/1.1 GET http://localhost:5062/api/UserAPI/userlist - null null
2024-11-29 22:12:12.513 +01:00 [INF] CORS policy execution successful.
2024-11-29 22:12:12.514 +01:00 [INF] CORS policy execution successful.
2024-11-29 22:12:12.513 +01:00 [INF] CORS policy execution successful.
2024-11-29 22:12:12.514 +01:00 [INF] Executing endpoint 'friendly.Controllers.UserAPIController.UserList (api)'
2024-11-29 22:12:12.514 +01:00 [INF] Route matched with {action = "UserList", controller = "UserAPI"}. Executing controller action with signature System.Threading.Tasks.Task`1[Microsoft.AspNetCore.Mvc.IActionResult] UserList() on controller friendly.Controllers.UserAPIController (api).
2024-11-29 22:12:12.514 +01:00 [INF] Executing endpoint 'friendly.Controllers.CommentAPIController.CommentList (api)'
2024-11-29 22:12:12.514 +01:00 [INF] Route matched with {action = "CommentList", controller = "CommentAPI"}. Executing controller action with signature System.Threading.Tasks.Task`1[Microsoft.AspNetCore.Mvc.IActionResult] CommentList() on controller friendly.Controllers.CommentAPIController (api).
2024-11-29 22:12:12.514 +01:00 [INF] Executing endpoint 'friendly.Controllers.PostAPIController.PostList (api)'
2024-11-29 22:12:12.514 +01:00 [INF] Route matched with {action = "PostList", controller = "PostAPI"}. Executing controller action with signature System.Threading.Tasks.Task`1[Microsoft.AspNetCore.Mvc.IActionResult] PostList() on controller friendly.Controllers.PostAPIController (api).
2024-11-29 22:12:12.516 +01:00 [INF] Executing OkObjectResult, writing value of type 'System.Linq.Enumerable+SelectListIterator`2[[friendly.Models.Comment, api, Version=0.0.0.0, Culture=neutral, PublicKeyToken=null],[friendly.DTOs.CommentDto, api, Version=0.0.0.0, Culture=neutral, PublicKeyToken=null]]'.
2024-11-29 22:12:12.516 +01:00 [INF] Executing OkObjectResult, writing value of type 'System.Linq.Enumerable+SelectListIterator`2[[friendly.Models.Post, api, Version=0.0.0.0, Culture=neutral, PublicKeyToken=null],[friendly.DTOs.PostDto, api, Version=0.0.0.0, Culture=neutral, PublicKeyToken=null]]'.
2024-11-29 22:12:12.516 +01:00 [INF] Executed action friendly.Controllers.CommentAPIController.CommentList (api) in 2.2429ms
2024-11-29 22:12:12.516 +01:00 [INF] Executed endpoint 'friendly.Controllers.CommentAPIController.CommentList (api)'
2024-11-29 22:12:12.517 +01:00 [INF] Request finished HTTP/1.1 GET http://localhost:5062/api/CommentAPI/commentlist - 200 441 application/json; charset=utf-8 3.4067ms
2024-11-29 22:12:12.516 +01:00 [INF] Executed action friendly.Controllers.PostAPIController.PostList (api) in 2.257ms
2024-11-29 22:12:12.517 +01:00 [INF] Executed endpoint 'friendly.Controllers.PostAPIController.PostList (api)'
2024-11-29 22:12:12.518 +01:00 [INF] Executing OkObjectResult, writing value of type 'System.Linq.Enumerable+SelectListIterator`2[[friendly.Models.User, api, Version=0.0.0.0, Culture=neutral, PublicKeyToken=null],[friendly.DTOs.UserDto, api, Version=0.0.0.0, Culture=neutral, PublicKeyToken=null]]'.
2024-11-29 22:12:12.517 +01:00 [INF] Request finished HTTP/1.1 GET http://localhost:5062/api/PostAPI/postlist - 200 870 application/json; charset=utf-8 4.1227ms
2024-11-29 22:12:12.518 +01:00 [INF] Executed action friendly.Controllers.UserAPIController.UserList (api) in 4.557ms
2024-11-29 22:12:12.519 +01:00 [INF] Executed endpoint 'friendly.Controllers.UserAPIController.UserList (api)'
2024-11-29 22:12:12.519 +01:00 [INF] Request finished HTTP/1.1 GET http://localhost:5062/api/UserAPI/userlist - 200 1221 application/json; charset=utf-8 5.5893ms
2024-11-29 22:12:14.119 +01:00 [INF] Request starting HTTP/1.1 GET http://localhost:5062/api/PostAPI/5 - null null
2024-11-29 22:12:14.119 +01:00 [INF] CORS policy execution successful.
2024-11-29 22:12:14.119 +01:00 [INF] Request finished HTTP/1.1 GET http://localhost:5062/api/PostAPI/5 - 404 0 null 0.4692ms
2024-11-29 22:12:14.121 +01:00 [INF] Request reached the end of the middleware pipeline without being handled by application code. Request path: GET http://localhost:5062/api/PostAPI/5, Response status code: 404
