2024-11-30 14:50:25.438 +01:00 [INF] User profile is available. Using 'C:\Users\Kristoffer\AppData\Local\ASP.NET\DataProtection-Keys' as key repository and Windows DPAPI to encrypt keys at rest.
2024-11-30 14:50:26.635 +01:00 [WRN] The ASP.NET Core developer certificate is not trusted. For information about trusting the ASP.NET Core developer certificate, see https://aka.ms/aspnet/https-trust-dev-cert.
2024-11-30 14:50:26.654 +01:00 [INF] Now listening on: https://localhost:7046
2024-11-30 14:50:26.655 +01:00 [INF] Now listening on: http://localhost:5062
2024-11-30 14:50:26.657 +01:00 [INF] Application started. Press Ctrl+C to shut down.
2024-11-30 14:50:26.658 +01:00 [INF] Hosting environment: Development
2024-11-30 14:50:26.659 +01:00 [INF] Content root path: C:\Users\Kristoffer\Documents\TestFriendly\api
2024-11-30 14:50:26.866 +01:00 [INF] Request starting HTTP/1.1 GET http://localhost:5062/api/CommentAPI/commentlist - null null
2024-11-30 14:50:26.866 +01:00 [INF] Request starting HTTP/1.1 GET http://localhost:5062/api/PostAPI/postlist - null null
2024-11-30 14:50:26.866 +01:00 [INF] Request starting HTTP/1.1 GET http://localhost:5062/api/UserAPI/userlist - null null
2024-11-30 14:50:26.893 +01:00 [INF] CORS policy execution successful.
2024-11-30 14:50:26.893 +01:00 [INF] CORS policy execution successful.
2024-11-30 14:50:26.893 +01:00 [INF] CORS policy execution successful.
2024-11-30 14:50:26.906 +01:00 [INF] Executing endpoint 'friendly.Controllers.CommentAPIController.CommentList (api)'
2024-11-30 14:50:26.906 +01:00 [INF] Executing endpoint 'friendly.Controllers.PostAPIController.PostList (api)'
2024-11-30 14:50:26.906 +01:00 [INF] Executing endpoint 'friendly.Controllers.UserAPIController.UserList (api)'
2024-11-30 14:50:26.912 +01:00 [INF] Route matched with {action = "PostList", controller = "PostAPI"}. Executing controller action with signature System.Threading.Tasks.Task`1[Microsoft.AspNetCore.Mvc.IActionResult] PostList() on controller friendly.Controllers.PostAPIController (api).
2024-11-30 14:50:26.912 +01:00 [INF] Route matched with {action = "UserList", controller = "UserAPI"}. Executing controller action with signature System.Threading.Tasks.Task`1[Microsoft.AspNetCore.Mvc.IActionResult] UserList() on controller friendly.Controllers.UserAPIController (api).
2024-11-30 14:50:26.912 +01:00 [INF] Route matched with {action = "CommentList", controller = "CommentAPI"}. Executing controller action with signature System.Threading.Tasks.Task`1[Microsoft.AspNetCore.Mvc.IActionResult] CommentList() on controller friendly.Controllers.CommentAPIController (api).
2024-11-30 14:50:26.940 +01:00 [INF] Executing OkObjectResult, writing value of type 'System.Linq.Enumerable+SelectListIterator`2[[friendly.Models.Comment, api, Version=0.0.0.0, Culture=neutral, PublicKeyToken=null],[friendly.DTOs.CommentDto, api, Version=0.0.0.0, Culture=neutral, PublicKeyToken=null]]'.
2024-11-30 14:50:26.940 +01:00 [INF] Executing OkObjectResult, writing value of type 'System.Linq.Enumerable+SelectListIterator`2[[friendly.Models.User, api, Version=0.0.0.0, Culture=neutral, PublicKeyToken=null],[friendly.DTOs.UserDto, api, Version=0.0.0.0, Culture=neutral, PublicKeyToken=null]]'.
2024-11-30 14:50:26.940 +01:00 [INF] Executing OkObjectResult, writing value of type 'System.Linq.Enumerable+SelectListIterator`2[[friendly.Models.Post, api, Version=0.0.0.0, Culture=neutral, PublicKeyToken=null],[friendly.DTOs.PostDto, api, Version=0.0.0.0, Culture=neutral, PublicKeyToken=null]]'.
2024-11-30 14:50:26.981 +01:00 [INF] Executed action friendly.Controllers.CommentAPIController.CommentList (api) in 66.8871ms
2024-11-30 14:50:26.981 +01:00 [INF] Executed action friendly.Controllers.UserAPIController.UserList (api) in 66.8882ms
2024-11-30 14:50:26.981 +01:00 [INF] Executed action friendly.Controllers.PostAPIController.PostList (api) in 66.9058ms
2024-11-30 14:50:26.982 +01:00 [INF] Executed endpoint 'friendly.Controllers.CommentAPIController.CommentList (api)'
2024-11-30 14:50:26.982 +01:00 [INF] Executed endpoint 'friendly.Controllers.UserAPIController.UserList (api)'
2024-11-30 14:50:26.981 +01:00 [INF] Request starting HTTP/1.1 GET http://localhost:5062/api/UserAPI/userlist - null null
2024-11-30 14:50:26.981 +01:00 [INF] Request starting HTTP/1.1 GET http://localhost:5062/api/CommentAPI/commentlist - null null
2024-11-30 14:50:26.982 +01:00 [INF] Executed endpoint 'friendly.Controllers.PostAPIController.PostList (api)'
2024-11-30 14:50:26.983 +01:00 [INF] Request starting HTTP/1.1 GET http://localhost:5062/api/LikeAPI/likes/3 - null null
2024-11-30 14:50:26.983 +01:00 [INF] CORS policy execution successful.
2024-11-30 14:50:26.983 +01:00 [INF] CORS policy execution successful.
2024-11-30 14:50:26.983 +01:00 [INF] CORS policy execution successful.
2024-11-30 14:50:26.984 +01:00 [INF] Executing endpoint 'friendly.Controllers.CommentAPIController.CommentList (api)'
2024-11-30 14:50:26.984 +01:00 [INF] Executing endpoint 'friendly.Controllers.UserAPIController.UserList (api)'
2024-11-30 14:50:26.984 +01:00 [INF] Executing endpoint 'friendly.Controllers.LikeAPIController.GetLikesCount (api)'
2024-11-30 14:50:26.984 +01:00 [INF] Route matched with {action = "CommentList", controller = "CommentAPI"}. Executing controller action with signature System.Threading.Tasks.Task`1[Microsoft.AspNetCore.Mvc.IActionResult] CommentList() on controller friendly.Controllers.CommentAPIController (api).
2024-11-30 14:50:26.984 +01:00 [INF] Route matched with {action = "UserList", controller = "UserAPI"}. Executing controller action with signature System.Threading.Tasks.Task`1[Microsoft.AspNetCore.Mvc.IActionResult] UserList() on controller friendly.Controllers.UserAPIController (api).
2024-11-30 14:50:26.985 +01:00 [INF] Request finished HTTP/1.1 GET http://localhost:5062/api/CommentAPI/commentlist - 200 447 application/json; charset=utf-8 119.6486ms
2024-11-30 14:50:26.985 +01:00 [INF] Request finished HTTP/1.1 GET http://localhost:5062/api/PostAPI/postlist - 200 530 application/json; charset=utf-8 119.6532ms
2024-11-30 14:50:26.985 +01:00 [INF] Request finished HTTP/1.1 GET http://localhost:5062/api/UserAPI/userlist - 200 1221 application/json; charset=utf-8 119.6537ms
2024-11-30 14:50:26.986 +01:00 [INF] Request starting HTTP/1.1 GET http://localhost:5062/api/PostAPI/postlist - null null
2024-11-30 14:50:26.986 +01:00 [INF] Request starting HTTP/1.1 GET http://localhost:5062/api/LikeAPI/likes/1 - null null
2024-11-30 14:50:26.986 +01:00 [INF] Request starting HTTP/1.1 GET http://localhost:5062/api/LikeAPI/likes/2 - null null
2024-11-30 14:50:26.986 +01:00 [INF] CORS policy execution successful.
2024-11-30 14:50:26.986 +01:00 [INF] Executing endpoint 'friendly.Controllers.PostAPIController.PostList (api)'
2024-11-30 14:50:26.986 +01:00 [INF] Route matched with {action = "PostList", controller = "PostAPI"}. Executing controller action with signature System.Threading.Tasks.Task`1[Microsoft.AspNetCore.Mvc.IActionResult] PostList() on controller friendly.Controllers.PostAPIController (api).
2024-11-30 14:50:26.986 +01:00 [INF] CORS policy execution successful.
2024-11-30 14:50:26.986 +01:00 [INF] CORS policy execution successful.
2024-11-30 14:50:26.986 +01:00 [INF] Executing endpoint 'friendly.Controllers.LikeAPIController.GetLikesCount (api)'
2024-11-30 14:50:26.986 +01:00 [INF] Executing endpoint 'friendly.Controllers.LikeAPIController.GetLikesCount (api)'
2024-11-30 14:50:26.990 +01:00 [INF] Route matched with {action = "GetLikesCount", controller = "LikeAPI"}. Executing controller action with signature System.Threading.Tasks.Task`1[Microsoft.AspNetCore.Mvc.IActionResult] GetLikesCount(Int32) on controller friendly.Controllers.LikeAPIController (api).
2024-11-30 14:50:26.990 +01:00 [INF] Route matched with {action = "GetLikesCount", controller = "LikeAPI"}. Executing controller action with signature System.Threading.Tasks.Task`1[Microsoft.AspNetCore.Mvc.IActionResult] GetLikesCount(Int32) on controller friendly.Controllers.LikeAPIController (api).
2024-11-30 14:50:26.990 +01:00 [INF] Route matched with {action = "GetLikesCount", controller = "LikeAPI"}. Executing controller action with signature System.Threading.Tasks.Task`1[Microsoft.AspNetCore.Mvc.IActionResult] GetLikesCount(Int32) on controller friendly.Controllers.LikeAPIController (api).
2024-11-30 14:50:27.009 +01:00 [INF] Executing OkObjectResult, writing value of type 'System.Linq.Enumerable+SelectListIterator`2[[friendly.Models.Comment, api, Version=0.0.0.0, Culture=neutral, PublicKeyToken=null],[friendly.DTOs.CommentDto, api, Version=0.0.0.0, Culture=neutral, PublicKeyToken=null]]'.
2024-11-30 14:50:27.009 +01:00 [INF] Executing OkObjectResult, writing value of type 'System.Linq.Enumerable+SelectListIterator`2[[friendly.Models.Post, api, Version=0.0.0.0, Culture=neutral, PublicKeyToken=null],[friendly.DTOs.PostDto, api, Version=0.0.0.0, Culture=neutral, PublicKeyToken=null]]'.
2024-11-30 14:50:27.009 +01:00 [INF] Executing OkObjectResult, writing value of type 'System.Linq.Enumerable+SelectListIterator`2[[friendly.Models.User, api, Version=0.0.0.0, Culture=neutral, PublicKeyToken=null],[friendly.DTOs.UserDto, api, Version=0.0.0.0, Culture=neutral, PublicKeyToken=null]]'.
2024-11-30 14:50:27.010 +01:00 [INF] Executed action friendly.Controllers.UserAPIController.UserList (api) in 25.1543ms
2024-11-30 14:50:27.010 +01:00 [INF] Executed action friendly.Controllers.PostAPIController.PostList (api) in 23.3873ms
2024-11-30 14:50:27.010 +01:00 [INF] Executed endpoint 'friendly.Controllers.UserAPIController.UserList (api)'
2024-11-30 14:50:27.010 +01:00 [INF] Executed action friendly.Controllers.CommentAPIController.CommentList (api) in 25.1952ms
2024-11-30 14:50:27.010 +01:00 [INF] Executed endpoint 'friendly.Controllers.PostAPIController.PostList (api)'
2024-11-30 14:50:27.010 +01:00 [INF] Executed endpoint 'friendly.Controllers.CommentAPIController.CommentList (api)'
2024-11-30 14:50:27.010 +01:00 [INF] Request finished HTTP/1.1 GET http://localhost:5062/api/UserAPI/userlist - 200 1221 application/json; charset=utf-8 28.5085ms
2024-11-30 14:50:27.010 +01:00 [INF] Request finished HTTP/1.1 GET http://localhost:5062/api/CommentAPI/commentlist - 200 447 application/json; charset=utf-8 28.5364ms
2024-11-30 14:50:27.010 +01:00 [INF] Request finished HTTP/1.1 GET http://localhost:5062/api/PostAPI/postlist - 200 530 application/json; charset=utf-8 24.0919ms
2024-11-30 14:50:27.027 +01:00 [INF] Like count retrieved successfully for PostId: 2, Count: 0
2024-11-30 14:50:27.028 +01:00 [INF] Like count retrieved successfully for PostId: 1, Count: 0
2024-11-30 14:50:27.028 +01:00 [INF] Executing OkObjectResult, writing value of type 'System.Int32'.
2024-11-30 14:50:27.029 +01:00 [INF] Executing OkObjectResult, writing value of type 'System.Int32'.
2024-11-30 14:50:27.029 +01:00 [INF] Like count retrieved successfully for PostId: 3, Count: 0
2024-11-30 14:50:27.029 +01:00 [INF] Executing OkObjectResult, writing value of type 'System.Int32'.
2024-11-30 14:50:27.029 +01:00 [INF] Executed action friendly.Controllers.LikeAPIController.GetLikesCount (api) in 38.9299ms
2024-11-30 14:50:27.029 +01:00 [INF] Executed action friendly.Controllers.LikeAPIController.GetLikesCount (api) in 38.7931ms
2024-11-30 14:50:27.029 +01:00 [INF] Executed endpoint 'friendly.Controllers.LikeAPIController.GetLikesCount (api)'
2024-11-30 14:50:27.029 +01:00 [INF] Executed endpoint 'friendly.Controllers.LikeAPIController.GetLikesCount (api)'
2024-11-30 14:50:27.029 +01:00 [INF] Executed action friendly.Controllers.LikeAPIController.GetLikesCount (api) in 39.0131ms
2024-11-30 14:50:27.029 +01:00 [INF] Request finished HTTP/1.1 GET http://localhost:5062/api/LikeAPI/likes/2 - 200 1 application/json; charset=utf-8 43.4352ms
2024-11-30 14:50:27.029 +01:00 [INF] Executed endpoint 'friendly.Controllers.LikeAPIController.GetLikesCount (api)'
2024-11-30 14:50:27.029 +01:00 [INF] Request finished HTTP/1.1 GET http://localhost:5062/api/LikeAPI/likes/1 - 200 1 application/json; charset=utf-8 43.4344ms
2024-11-30 14:50:27.029 +01:00 [INF] Request finished HTTP/1.1 GET http://localhost:5062/api/LikeAPI/likes/3 - 200 1 application/json; charset=utf-8 46.1882ms
2024-11-30 14:50:27.030 +01:00 [INF] Request starting HTTP/1.1 GET http://localhost:5062/api/LikeAPI/likes/1 - null null
2024-11-30 14:50:27.030 +01:00 [INF] Request starting HTTP/1.1 GET http://localhost:5062/api/LikeAPI/likes/2 - null null
2024-11-30 14:50:27.030 +01:00 [INF] Request starting HTTP/1.1 GET http://localhost:5062/api/LikeAPI/likes/3 - null null
2024-11-30 14:50:27.030 +01:00 [INF] CORS policy execution successful.
2024-11-30 14:50:27.030 +01:00 [INF] CORS policy execution successful.
2024-11-30 14:50:27.031 +01:00 [INF] CORS policy execution successful.
2024-11-30 14:50:27.031 +01:00 [INF] Executing endpoint 'friendly.Controllers.LikeAPIController.GetLikesCount (api)'
2024-11-30 14:50:27.031 +01:00 [INF] Executing endpoint 'friendly.Controllers.LikeAPIController.GetLikesCount (api)'
2024-11-30 14:50:27.031 +01:00 [INF] Executing endpoint 'friendly.Controllers.LikeAPIController.GetLikesCount (api)'
2024-11-30 14:50:27.031 +01:00 [INF] Route matched with {action = "GetLikesCount", controller = "LikeAPI"}. Executing controller action with signature System.Threading.Tasks.Task`1[Microsoft.AspNetCore.Mvc.IActionResult] GetLikesCount(Int32) on controller friendly.Controllers.LikeAPIController (api).
2024-11-30 14:50:27.031 +01:00 [INF] Route matched with {action = "GetLikesCount", controller = "LikeAPI"}. Executing controller action with signature System.Threading.Tasks.Task`1[Microsoft.AspNetCore.Mvc.IActionResult] GetLikesCount(Int32) on controller friendly.Controllers.LikeAPIController (api).
2024-11-30 14:50:27.031 +01:00 [INF] Route matched with {action = "GetLikesCount", controller = "LikeAPI"}. Executing controller action with signature System.Threading.Tasks.Task`1[Microsoft.AspNetCore.Mvc.IActionResult] GetLikesCount(Int32) on controller friendly.Controllers.LikeAPIController (api).
2024-11-30 14:50:27.038 +01:00 [INF] Like count retrieved successfully for PostId: 1, Count: 0
2024-11-30 14:50:27.061 +01:00 [INF] Executing OkObjectResult, writing value of type 'System.Int32'.
2024-11-30 14:50:27.061 +01:00 [INF] Like count retrieved successfully for PostId: 3, Count: 0
2024-11-30 14:50:27.061 +01:00 [INF] Like count retrieved successfully for PostId: 2, Count: 0
2024-11-30 14:50:27.062 +01:00 [INF] Executing OkObjectResult, writing value of type 'System.Int32'.
2024-11-30 14:50:27.062 +01:00 [INF] Executing OkObjectResult, writing value of type 'System.Int32'.
2024-11-30 14:50:27.062 +01:00 [INF] Executed action friendly.Controllers.LikeAPIController.GetLikesCount (api) in 30.6071ms
2024-11-30 14:50:27.062 +01:00 [INF] Executed action friendly.Controllers.LikeAPIController.GetLikesCount (api) in 30.6127ms
2024-11-30 14:50:27.062 +01:00 [INF] Executed action friendly.Controllers.LikeAPIController.GetLikesCount (api) in 30.5898ms
2024-11-30 14:50:27.062 +01:00 [INF] Executed endpoint 'friendly.Controllers.LikeAPIController.GetLikesCount (api)'
2024-11-30 14:50:27.062 +01:00 [INF] Executed endpoint 'friendly.Controllers.LikeAPIController.GetLikesCount (api)'
2024-11-30 14:50:27.062 +01:00 [INF] Executed endpoint 'friendly.Controllers.LikeAPIController.GetLikesCount (api)'
2024-11-30 14:50:27.062 +01:00 [INF] Request finished HTTP/1.1 GET http://localhost:5062/api/LikeAPI/likes/3 - 200 1 application/json; charset=utf-8 31.3977ms
2024-11-30 14:50:27.062 +01:00 [INF] Request finished HTTP/1.1 GET http://localhost:5062/api/LikeAPI/likes/1 - 200 1 application/json; charset=utf-8 31.5934ms
2024-11-30 14:50:27.062 +01:00 [INF] Request finished HTTP/1.1 GET http://localhost:5062/api/LikeAPI/likes/2 - 200 1 application/json; charset=utf-8 31.5933ms
2024-11-30 14:50:30.144 +01:00 [INF] Request starting HTTP/1.1 OPTIONS http://localhost:5062/api/likeapi/create - null null
2024-11-30 14:50:30.145 +01:00 [INF] CORS policy execution successful.
2024-11-30 14:50:30.146 +01:00 [INF] Request finished HTTP/1.1 OPTIONS http://localhost:5062/api/likeapi/create - 204 null null 2.1265ms
2024-11-30 14:50:30.147 +01:00 [INF] Request starting HTTP/1.1 POST http://localhost:5062/api/likeapi/create - application/json 60
2024-11-30 14:50:30.148 +01:00 [INF] CORS policy execution successful.
2024-11-30 14:50:30.148 +01:00 [INF] Executing endpoint 'friendly.Controllers.LikeAPIController.CreateLike (api)'
2024-11-30 14:50:30.152 +01:00 [INF] Route matched with {action = "CreateLike", controller = "LikeAPI"}. Executing controller action with signature System.Threading.Tasks.Task`1[Microsoft.AspNetCore.Mvc.IActionResult] CreateLike(friendly.DTOs.LikeDto) on controller friendly.Controllers.LikeAPIController (api).
2024-11-30 14:50:30.207 +01:00 [INF] Like created successfully for PostId: 3 and UserId: 7a1697ed-9f85-4707-b81e-df16ea502089
2024-11-30 14:50:30.207 +01:00 [INF] Executing OkObjectResult, writing value of type '<>f__AnonymousType1`1[[System.String, System.Private.CoreLib, Version=8.0.0.0, Culture=neutral, PublicKeyToken=7cec85d7bea7798e]]'.
2024-11-30 14:50:30.209 +01:00 [INF] Executed action friendly.Controllers.LikeAPIController.CreateLike (api) in 56.8334ms
2024-11-30 14:50:30.209 +01:00 [INF] Executed endpoint 'friendly.Controllers.LikeAPIController.CreateLike (api)'
2024-11-30 14:50:30.209 +01:00 [INF] Request finished HTTP/1.1 POST http://localhost:5062/api/likeapi/create - 200 39 application/json; charset=utf-8 61.7392ms
2024-11-30 14:50:46.654 +01:00 [INF] Request starting HTTP/1.1 GET http://localhost:5062/api/PostAPI/postlist - null null
2024-11-30 14:50:46.654 +01:00 [INF] Request starting HTTP/1.1 GET http://localhost:5062/api/UserAPI/userlist - null null
2024-11-30 14:50:46.653 +01:00 [INF] Request starting HTTP/1.1 GET http://localhost:5062/api/CommentAPI/commentlist - null null
2024-11-30 14:50:46.654 +01:00 [INF] CORS policy execution successful.
2024-11-30 14:50:46.654 +01:00 [INF] CORS policy execution successful.
2024-11-30 14:50:46.654 +01:00 [INF] CORS policy execution successful.
2024-11-30 14:50:46.654 +01:00 [INF] Executing endpoint 'friendly.Controllers.UserAPIController.UserList (api)'
2024-11-30 14:50:46.654 +01:00 [INF] Executing endpoint 'friendly.Controllers.CommentAPIController.CommentList (api)'
2024-11-30 14:50:46.654 +01:00 [INF] Executing endpoint 'friendly.Controllers.PostAPIController.PostList (api)'
2024-11-30 14:50:46.654 +01:00 [INF] Route matched with {action = "UserList", controller = "UserAPI"}. Executing controller action with signature System.Threading.Tasks.Task`1[Microsoft.AspNetCore.Mvc.IActionResult] UserList() on controller friendly.Controllers.UserAPIController (api).
2024-11-30 14:50:46.654 +01:00 [INF] Route matched with {action = "CommentList", controller = "CommentAPI"}. Executing controller action with signature System.Threading.Tasks.Task`1[Microsoft.AspNetCore.Mvc.IActionResult] CommentList() on controller friendly.Controllers.CommentAPIController (api).
2024-11-30 14:50:46.654 +01:00 [INF] Route matched with {action = "PostList", controller = "PostAPI"}. Executing controller action with signature System.Threading.Tasks.Task`1[Microsoft.AspNetCore.Mvc.IActionResult] PostList() on controller friendly.Controllers.PostAPIController (api).
2024-11-30 14:50:46.660 +01:00 [INF] Executing OkObjectResult, writing value of type 'System.Linq.Enumerable+SelectListIterator`2[[friendly.Models.Comment, api, Version=0.0.0.0, Culture=neutral, PublicKeyToken=null],[friendly.DTOs.CommentDto, api, Version=0.0.0.0, Culture=neutral, PublicKeyToken=null]]'.
2024-11-30 14:50:46.660 +01:00 [INF] Executing OkObjectResult, writing value of type 'System.Linq.Enumerable+SelectListIterator`2[[friendly.Models.Post, api, Version=0.0.0.0, Culture=neutral, PublicKeyToken=null],[friendly.DTOs.PostDto, api, Version=0.0.0.0, Culture=neutral, PublicKeyToken=null]]'.
2024-11-30 14:50:46.660 +01:00 [INF] Executing OkObjectResult, writing value of type 'System.Linq.Enumerable+SelectListIterator`2[[friendly.Models.User, api, Version=0.0.0.0, Culture=neutral, PublicKeyToken=null],[friendly.DTOs.UserDto, api, Version=0.0.0.0, Culture=neutral, PublicKeyToken=null]]'.
2024-11-30 14:50:46.660 +01:00 [INF] Executed action friendly.Controllers.CommentAPIController.CommentList (api) in 5.6153ms
2024-11-30 14:50:46.660 +01:00 [INF] Executed action friendly.Controllers.PostAPIController.PostList (api) in 5.603ms
2024-11-30 14:50:46.660 +01:00 [INF] Executed action friendly.Controllers.UserAPIController.UserList (api) in 5.6232ms
2024-11-30 14:50:46.660 +01:00 [INF] Executed endpoint 'friendly.Controllers.PostAPIController.PostList (api)'
2024-11-30 14:50:46.660 +01:00 [INF] Executed endpoint 'friendly.Controllers.CommentAPIController.CommentList (api)'
2024-11-30 14:50:46.660 +01:00 [INF] Executed endpoint 'friendly.Controllers.UserAPIController.UserList (api)'
2024-11-30 14:50:46.660 +01:00 [INF] Request finished HTTP/1.1 GET http://localhost:5062/api/PostAPI/postlist - 200 530 application/json; charset=utf-8 6.5319ms
2024-11-30 14:50:46.660 +01:00 [INF] Request finished HTTP/1.1 GET http://localhost:5062/api/UserAPI/userlist - 200 1221 application/json; charset=utf-8 6.6528ms
2024-11-30 14:50:46.660 +01:00 [INF] Request finished HTTP/1.1 GET http://localhost:5062/api/CommentAPI/commentlist - 200 447 application/json; charset=utf-8 6.6525ms
2024-11-30 14:50:46.660 +01:00 [INF] Request starting HTTP/1.1 GET http://localhost:5062/api/UserAPI/userlist - null null
2024-11-30 14:50:46.660 +01:00 [INF] Request starting HTTP/1.1 GET http://localhost:5062/api/PostAPI/postlist - null null
2024-11-30 14:50:46.660 +01:00 [INF] Request starting HTTP/1.1 GET http://localhost:5062/api/CommentAPI/commentlist - null null
2024-11-30 14:50:46.660 +01:00 [INF] CORS policy execution successful.
2024-11-30 14:50:46.660 +01:00 [INF] CORS policy execution successful.
2024-11-30 14:50:46.660 +01:00 [INF] CORS policy execution successful.
2024-11-30 14:50:46.661 +01:00 [INF] Executing endpoint 'friendly.Controllers.CommentAPIController.CommentList (api)'
2024-11-30 14:50:46.661 +01:00 [INF] Executing endpoint 'friendly.Controllers.PostAPIController.PostList (api)'
2024-11-30 14:50:46.661 +01:00 [INF] Executing endpoint 'friendly.Controllers.UserAPIController.UserList (api)'
2024-11-30 14:50:46.661 +01:00 [INF] Route matched with {action = "PostList", controller = "PostAPI"}. Executing controller action with signature System.Threading.Tasks.Task`1[Microsoft.AspNetCore.Mvc.IActionResult] PostList() on controller friendly.Controllers.PostAPIController (api).
2024-11-30 14:50:46.661 +01:00 [INF] Route matched with {action = "CommentList", controller = "CommentAPI"}. Executing controller action with signature System.Threading.Tasks.Task`1[Microsoft.AspNetCore.Mvc.IActionResult] CommentList() on controller friendly.Controllers.CommentAPIController (api).
2024-11-30 14:50:46.661 +01:00 [INF] Route matched with {action = "UserList", controller = "UserAPI"}. Executing controller action with signature System.Threading.Tasks.Task`1[Microsoft.AspNetCore.Mvc.IActionResult] UserList() on controller friendly.Controllers.UserAPIController (api).
2024-11-30 14:50:46.665 +01:00 [INF] Executing OkObjectResult, writing value of type 'System.Linq.Enumerable+SelectListIterator`2[[friendly.Models.Comment, api, Version=0.0.0.0, Culture=neutral, PublicKeyToken=null],[friendly.DTOs.CommentDto, api, Version=0.0.0.0, Culture=neutral, PublicKeyToken=null]]'.
2024-11-30 14:50:46.665 +01:00 [INF] Executing OkObjectResult, writing value of type 'System.Linq.Enumerable+SelectListIterator`2[[friendly.Models.Post, api, Version=0.0.0.0, Culture=neutral, PublicKeyToken=null],[friendly.DTOs.PostDto, api, Version=0.0.0.0, Culture=neutral, PublicKeyToken=null]]'.
2024-11-30 14:50:46.665 +01:00 [INF] Executing OkObjectResult, writing value of type 'System.Linq.Enumerable+SelectListIterator`2[[friendly.Models.User, api, Version=0.0.0.0, Culture=neutral, PublicKeyToken=null],[friendly.DTOs.UserDto, api, Version=0.0.0.0, Culture=neutral, PublicKeyToken=null]]'.
2024-11-30 14:50:46.665 +01:00 [INF] Executed action friendly.Controllers.PostAPIController.PostList (api) in 4.5827ms
2024-11-30 14:50:46.665 +01:00 [INF] Executed action friendly.Controllers.CommentAPIController.CommentList (api) in 4.5782ms
2024-11-30 14:50:46.665 +01:00 [INF] Executed endpoint 'friendly.Controllers.PostAPIController.PostList (api)'
2024-11-30 14:50:46.665 +01:00 [INF] Executed action friendly.Controllers.UserAPIController.UserList (api) in 4.6463ms
2024-11-30 14:50:46.665 +01:00 [INF] Executed endpoint 'friendly.Controllers.CommentAPIController.CommentList (api)'
2024-11-30 14:50:46.665 +01:00 [INF] Executed endpoint 'friendly.Controllers.UserAPIController.UserList (api)'
2024-11-30 14:50:46.665 +01:00 [INF] Request finished HTTP/1.1 GET http://localhost:5062/api/PostAPI/postlist - 200 530 application/json; charset=utf-8 4.9968ms
2024-11-30 14:50:46.665 +01:00 [INF] Request finished HTTP/1.1 GET http://localhost:5062/api/UserAPI/userlist - 200 1221 application/json; charset=utf-8 5.0225ms
2024-11-30 14:50:46.665 +01:00 [INF] Request finished HTTP/1.1 GET http://localhost:5062/api/CommentAPI/commentlist - 200 447 application/json; charset=utf-8 5.003ms
2024-11-30 14:50:46.668 +01:00 [INF] Request starting HTTP/1.1 GET http://localhost:5062/api/LikeAPI/likes/1 - null null
2024-11-30 14:50:46.668 +01:00 [INF] CORS policy execution successful.
2024-11-30 14:50:46.668 +01:00 [INF] Request starting HTTP/1.1 GET http://localhost:5062/api/LikeAPI/likes/2 - null null
2024-11-30 14:50:46.668 +01:00 [INF] CORS policy execution successful.
2024-11-30 14:50:46.668 +01:00 [INF] Request starting HTTP/1.1 GET http://localhost:5062/api/LikeAPI/likes/3 - null null
2024-11-30 14:50:46.668 +01:00 [INF] Executing endpoint 'friendly.Controllers.LikeAPIController.GetLikesCount (api)'
2024-11-30 14:50:46.668 +01:00 [INF] CORS policy execution successful.
2024-11-30 14:50:46.668 +01:00 [INF] Executing endpoint 'friendly.Controllers.LikeAPIController.GetLikesCount (api)'
2024-11-30 14:50:46.668 +01:00 [INF] Route matched with {action = "GetLikesCount", controller = "LikeAPI"}. Executing controller action with signature System.Threading.Tasks.Task`1[Microsoft.AspNetCore.Mvc.IActionResult] GetLikesCount(Int32) on controller friendly.Controllers.LikeAPIController (api).
2024-11-30 14:50:46.668 +01:00 [INF] Executing endpoint 'friendly.Controllers.LikeAPIController.GetLikesCount (api)'
2024-11-30 14:50:46.669 +01:00 [INF] Route matched with {action = "GetLikesCount", controller = "LikeAPI"}. Executing controller action with signature System.Threading.Tasks.Task`1[Microsoft.AspNetCore.Mvc.IActionResult] GetLikesCount(Int32) on controller friendly.Controllers.LikeAPIController (api).
2024-11-30 14:50:46.669 +01:00 [INF] Route matched with {action = "GetLikesCount", controller = "LikeAPI"}. Executing controller action with signature System.Threading.Tasks.Task`1[Microsoft.AspNetCore.Mvc.IActionResult] GetLikesCount(Int32) on controller friendly.Controllers.LikeAPIController (api).
2024-11-30 14:50:46.673 +01:00 [INF] Like count retrieved successfully for PostId: 1, Count: 0
2024-11-30 14:50:46.675 +01:00 [INF] Like count retrieved successfully for PostId: 2, Count: 0
2024-11-30 14:50:46.675 +01:00 [INF] Executing OkObjectResult, writing value of type 'System.Int32'.
2024-11-30 14:50:46.675 +01:00 [INF] Executing OkObjectResult, writing value of type 'System.Int32'.
2024-11-30 14:50:46.675 +01:00 [INF] Like count retrieved successfully for PostId: 3, Count: 1
2024-11-30 14:50:46.676 +01:00 [INF] Executing OkObjectResult, writing value of type 'System.Int32'.
2024-11-30 14:50:46.676 +01:00 [INF] Executed action friendly.Controllers.LikeAPIController.GetLikesCount (api) in 7.0388ms
2024-11-30 14:50:46.676 +01:00 [INF] Executed action friendly.Controllers.LikeAPIController.GetLikesCount (api) in 7.0819ms
2024-11-30 14:50:46.676 +01:00 [INF] Executed action friendly.Controllers.LikeAPIController.GetLikesCount (api) in 6.9481ms
2024-11-30 14:50:46.676 +01:00 [INF] Executed endpoint 'friendly.Controllers.LikeAPIController.GetLikesCount (api)'
2024-11-30 14:50:46.676 +01:00 [INF] Executed endpoint 'friendly.Controllers.LikeAPIController.GetLikesCount (api)'
2024-11-30 14:50:46.676 +01:00 [INF] Executed endpoint 'friendly.Controllers.LikeAPIController.GetLikesCount (api)'
2024-11-30 14:50:46.676 +01:00 [INF] Request finished HTTP/1.1 GET http://localhost:5062/api/LikeAPI/likes/1 - 200 1 application/json; charset=utf-8 7.6415ms
2024-11-30 14:50:46.676 +01:00 [INF] Request finished HTTP/1.1 GET http://localhost:5062/api/LikeAPI/likes/2 - 200 1 application/json; charset=utf-8 7.4448ms
2024-11-30 14:50:46.676 +01:00 [INF] Request finished HTTP/1.1 GET http://localhost:5062/api/LikeAPI/likes/3 - 200 1 application/json; charset=utf-8 7.3129ms
2024-11-30 14:50:46.676 +01:00 [INF] Request starting HTTP/1.1 GET http://localhost:5062/api/LikeAPI/likes/1 - null null
2024-11-30 14:50:46.676 +01:00 [INF] Request starting HTTP/1.1 GET http://localhost:5062/api/LikeAPI/likes/3 - null null
2024-11-30 14:50:46.677 +01:00 [INF] Request starting HTTP/1.1 GET http://localhost:5062/api/LikeAPI/likes/2 - null null
2024-11-30 14:50:46.677 +01:00 [INF] CORS policy execution successful.
2024-11-30 14:50:46.677 +01:00 [INF] CORS policy execution successful.
2024-11-30 14:50:46.677 +01:00 [INF] CORS policy execution successful.
2024-11-30 14:50:46.677 +01:00 [INF] Executing endpoint 'friendly.Controllers.LikeAPIController.GetLikesCount (api)'
2024-11-30 14:50:46.677 +01:00 [INF] Executing endpoint 'friendly.Controllers.LikeAPIController.GetLikesCount (api)'
2024-11-30 14:50:46.677 +01:00 [INF] Executing endpoint 'friendly.Controllers.LikeAPIController.GetLikesCount (api)'
2024-11-30 14:50:46.677 +01:00 [INF] Route matched with {action = "GetLikesCount", controller = "LikeAPI"}. Executing controller action with signature System.Threading.Tasks.Task`1[Microsoft.AspNetCore.Mvc.IActionResult] GetLikesCount(Int32) on controller friendly.Controllers.LikeAPIController (api).
2024-11-30 14:50:46.677 +01:00 [INF] Route matched with {action = "GetLikesCount", controller = "LikeAPI"}. Executing controller action with signature System.Threading.Tasks.Task`1[Microsoft.AspNetCore.Mvc.IActionResult] GetLikesCount(Int32) on controller friendly.Controllers.LikeAPIController (api).
2024-11-30 14:50:46.677 +01:00 [INF] Route matched with {action = "GetLikesCount", controller = "LikeAPI"}. Executing controller action with signature System.Threading.Tasks.Task`1[Microsoft.AspNetCore.Mvc.IActionResult] GetLikesCount(Int32) on controller friendly.Controllers.LikeAPIController (api).
2024-11-30 14:50:46.682 +01:00 [INF] Like count retrieved successfully for PostId: 2, Count: 0
2024-11-30 14:50:46.683 +01:00 [INF] Like count retrieved successfully for PostId: 3, Count: 1
2024-11-30 14:50:46.684 +01:00 [INF] Executing OkObjectResult, writing value of type 'System.Int32'.
2024-11-30 14:50:46.684 +01:00 [INF] Like count retrieved successfully for PostId: 1, Count: 0
2024-11-30 14:50:46.684 +01:00 [INF] Executing OkObjectResult, writing value of type 'System.Int32'.
2024-11-30 14:50:46.684 +01:00 [INF] Executing OkObjectResult, writing value of type 'System.Int32'.
2024-11-30 14:50:46.684 +01:00 [INF] Executed action friendly.Controllers.LikeAPIController.GetLikesCount (api) in 6.9432ms
2024-11-30 14:50:46.684 +01:00 [INF] Executed action friendly.Controllers.LikeAPIController.GetLikesCount (api) in 6.9555ms
2024-11-30 14:50:46.684 +01:00 [INF] Executed action friendly.Controllers.LikeAPIController.GetLikesCount (api) in 6.9596ms
2024-11-30 14:50:46.684 +01:00 [INF] Executed endpoint 'friendly.Controllers.LikeAPIController.GetLikesCount (api)'
2024-11-30 14:50:46.684 +01:00 [INF] Executed endpoint 'friendly.Controllers.LikeAPIController.GetLikesCount (api)'
2024-11-30 14:50:46.684 +01:00 [INF] Executed endpoint 'friendly.Controllers.LikeAPIController.GetLikesCount (api)'
2024-11-30 14:50:46.684 +01:00 [INF] Request finished HTTP/1.1 GET http://localhost:5062/api/LikeAPI/likes/1 - 200 1 application/json; charset=utf-8 7.3898ms
2024-11-30 14:50:46.684 +01:00 [INF] Request finished HTTP/1.1 GET http://localhost:5062/api/LikeAPI/likes/2 - 200 1 application/json; charset=utf-8 7.3625ms
2024-11-30 14:50:46.684 +01:00 [INF] Request finished HTTP/1.1 GET http://localhost:5062/api/LikeAPI/likes/3 - 200 1 application/json; charset=utf-8 7.3897ms
2024-11-30 14:50:51.980 +01:00 [INF] Request starting HTTP/1.1 OPTIONS http://localhost:5062/api/likeapi/create - null null
2024-11-30 14:50:51.980 +01:00 [INF] CORS policy execution successful.
2024-11-30 14:50:51.981 +01:00 [INF] Request finished HTTP/1.1 OPTIONS http://localhost:5062/api/likeapi/create - 204 null null 0.5683ms
2024-11-30 14:50:51.981 +01:00 [INF] Request starting HTTP/1.1 POST http://localhost:5062/api/likeapi/create - application/json 60
2024-11-30 14:50:51.982 +01:00 [INF] CORS policy execution successful.
2024-11-30 14:50:51.982 +01:00 [INF] Executing endpoint 'friendly.Controllers.LikeAPIController.CreateLike (api)'
2024-11-30 14:50:51.982 +01:00 [INF] Route matched with {action = "CreateLike", controller = "LikeAPI"}. Executing controller action with signature System.Threading.Tasks.Task`1[Microsoft.AspNetCore.Mvc.IActionResult] CreateLike(friendly.DTOs.LikeDto) on controller friendly.Controllers.LikeAPIController (api).
2024-11-30 14:50:51.989 +01:00 [INF] Like created successfully for PostId: 1 and UserId: 7a1697ed-9f85-4707-b81e-df16ea502089
2024-11-30 14:50:51.990 +01:00 [INF] Executing OkObjectResult, writing value of type '<>f__AnonymousType1`1[[System.String, System.Private.CoreLib, Version=8.0.0.0, Culture=neutral, PublicKeyToken=7cec85d7bea7798e]]'.
2024-11-30 14:50:51.990 +01:00 [INF] Executed action friendly.Controllers.LikeAPIController.CreateLike (api) in 7.9787ms
2024-11-30 14:50:51.990 +01:00 [INF] Executed endpoint 'friendly.Controllers.LikeAPIController.CreateLike (api)'
2024-11-30 14:50:51.990 +01:00 [INF] Request finished HTTP/1.1 POST http://localhost:5062/api/likeapi/create - 200 39 application/json; charset=utf-8 8.5276ms
2024-11-30 14:54:08.828 +01:00 [INF] Request starting HTTP/1.1 GET http://localhost:5062/api/PostAPI/postlist - null null
2024-11-30 14:54:08.828 +01:00 [INF] Request starting HTTP/1.1 GET http://localhost:5062/api/UserAPI/userlist - null null
2024-11-30 14:54:08.828 +01:00 [INF] CORS policy execution successful.
2024-11-30 14:54:08.828 +01:00 [INF] CORS policy execution successful.
2024-11-30 14:54:08.857 +01:00 [INF] Executing endpoint 'friendly.Controllers.UserAPIController.UserList (api)'
2024-11-30 14:54:08.857 +01:00 [INF] Executing endpoint 'friendly.Controllers.PostAPIController.PostList (api)'
2024-11-30 14:54:08.858 +01:00 [INF] Route matched with {action = "PostList", controller = "PostAPI"}. Executing controller action with signature System.Threading.Tasks.Task`1[Microsoft.AspNetCore.Mvc.IActionResult] PostList() on controller friendly.Controllers.PostAPIController (api).
2024-11-30 14:54:08.858 +01:00 [INF] Route matched with {action = "UserList", controller = "UserAPI"}. Executing controller action with signature System.Threading.Tasks.Task`1[Microsoft.AspNetCore.Mvc.IActionResult] UserList() on controller friendly.Controllers.UserAPIController (api).
2024-11-30 14:54:08.860 +01:00 [INF] Request starting HTTP/1.1 GET http://localhost:5062/api/CommentAPI/commentlist - null null
2024-11-30 14:54:08.861 +01:00 [INF] CORS policy execution successful.
2024-11-30 14:54:08.889 +01:00 [INF] Executing endpoint 'friendly.Controllers.CommentAPIController.CommentList (api)'
2024-11-30 14:54:08.890 +01:00 [INF] Route matched with {action = "CommentList", controller = "CommentAPI"}. Executing controller action with signature System.Threading.Tasks.Task`1[Microsoft.AspNetCore.Mvc.IActionResult] CommentList() on controller friendly.Controllers.CommentAPIController (api).
2024-11-30 14:54:08.922 +01:00 [INF] Executing OkObjectResult, writing value of type 'System.Linq.Enumerable+SelectListIterator`2[[friendly.Models.Post, api, Version=0.0.0.0, Culture=neutral, PublicKeyToken=null],[friendly.DTOs.PostDto, api, Version=0.0.0.0, Culture=neutral, PublicKeyToken=null]]'.
2024-11-30 14:54:08.922 +01:00 [INF] Executing OkObjectResult, writing value of type 'System.Linq.Enumerable+SelectListIterator`2[[friendly.Models.User, api, Version=0.0.0.0, Culture=neutral, PublicKeyToken=null],[friendly.DTOs.UserDto, api, Version=0.0.0.0, Culture=neutral, PublicKeyToken=null]]'.
2024-11-30 14:54:08.923 +01:00 [INF] Executed action friendly.Controllers.PostAPIController.PostList (api) in 64.7139ms
2024-11-30 14:54:08.923 +01:00 [INF] Executed action friendly.Controllers.UserAPIController.UserList (api) in 64.7042ms
2024-11-30 14:54:08.923 +01:00 [INF] Executing OkObjectResult, writing value of type 'System.Linq.Enumerable+SelectListIterator`2[[friendly.Models.Comment, api, Version=0.0.0.0, Culture=neutral, PublicKeyToken=null],[friendly.DTOs.CommentDto, api, Version=0.0.0.0, Culture=neutral, PublicKeyToken=null]]'.
2024-11-30 14:54:08.923 +01:00 [INF] Executed endpoint 'friendly.Controllers.PostAPIController.PostList (api)'
2024-11-30 14:54:08.923 +01:00 [INF] Executed endpoint 'friendly.Controllers.UserAPIController.UserList (api)'
2024-11-30 14:54:08.923 +01:00 [INF] Executed action friendly.Controllers.CommentAPIController.CommentList (api) in 33.1482ms
2024-11-30 14:54:08.923 +01:00 [INF] Request finished HTTP/1.1 GET http://localhost:5062/api/UserAPI/userlist - 200 1221 application/json; charset=utf-8 95.1952ms
2024-11-30 14:54:08.923 +01:00 [INF] Executed endpoint 'friendly.Controllers.CommentAPIController.CommentList (api)'
2024-11-30 14:54:08.924 +01:00 [INF] Request finished HTTP/1.1 GET http://localhost:5062/api/PostAPI/postlist - 200 530 application/json; charset=utf-8 95.3461ms
2024-11-30 14:54:08.925 +01:00 [INF] Request finished HTTP/1.1 GET http://localhost:5062/api/CommentAPI/commentlist - 200 447 application/json; charset=utf-8 64.9477ms
2024-11-30 14:54:08.925 +01:00 [INF] Request starting HTTP/1.1 GET http://localhost:5062/api/CommentAPI/commentlist - null null
2024-11-30 14:54:08.925 +01:00 [INF] Request starting HTTP/1.1 GET http://localhost:5062/api/PostAPI/postlist - null null
2024-11-30 14:54:08.925 +01:00 [INF] Request starting HTTP/1.1 GET http://localhost:5062/api/UserAPI/userlist - null null
2024-11-30 14:54:08.927 +01:00 [INF] CORS policy execution successful.
2024-11-30 14:54:08.927 +01:00 [INF] CORS policy execution successful.
2024-11-30 14:54:08.927 +01:00 [INF] CORS policy execution successful.
2024-11-30 14:54:08.927 +01:00 [INF] Request starting HTTP/1.1 GET http://localhost:5062/api/LikeAPI/likes/2 - null null
2024-11-30 14:54:08.927 +01:00 [INF] Request starting HTTP/1.1 GET http://localhost:5062/api/LikeAPI/likes/1 - null null
2024-11-30 14:54:08.927 +01:00 [INF] CORS policy execution successful.
2024-11-30 14:54:08.927 +01:00 [INF] CORS policy execution successful.
2024-11-30 14:54:08.927 +01:00 [INF] Executing endpoint 'friendly.Controllers.LikeAPIController.GetLikesCount (api)'
2024-11-30 14:54:08.927 +01:00 [INF] Executing endpoint 'friendly.Controllers.CommentAPIController.CommentList (api)'
2024-11-30 14:54:08.927 +01:00 [INF] Executing endpoint 'friendly.Controllers.PostAPIController.PostList (api)'
2024-11-30 14:54:08.927 +01:00 [INF] Executing endpoint 'friendly.Controllers.LikeAPIController.GetLikesCount (api)'
2024-11-30 14:54:08.927 +01:00 [INF] Executing endpoint 'friendly.Controllers.UserAPIController.UserList (api)'
2024-11-30 14:54:08.927 +01:00 [INF] Request starting HTTP/1.1 GET http://localhost:5062/api/LikeAPI/likes/3 - null null
2024-11-30 14:54:08.927 +01:00 [INF] Route matched with {action = "CommentList", controller = "CommentAPI"}. Executing controller action with signature System.Threading.Tasks.Task`1[Microsoft.AspNetCore.Mvc.IActionResult] CommentList() on controller friendly.Controllers.CommentAPIController (api).
2024-11-30 14:54:08.927 +01:00 [INF] Route matched with {action = "PostList", controller = "PostAPI"}. Executing controller action with signature System.Threading.Tasks.Task`1[Microsoft.AspNetCore.Mvc.IActionResult] PostList() on controller friendly.Controllers.PostAPIController (api).
2024-11-30 14:54:08.927 +01:00 [INF] Route matched with {action = "GetLikesCount", controller = "LikeAPI"}. Executing controller action with signature System.Threading.Tasks.Task`1[Microsoft.AspNetCore.Mvc.IActionResult] GetLikesCount(Int32) on controller friendly.Controllers.LikeAPIController (api).
2024-11-30 14:54:08.927 +01:00 [INF] CORS policy execution successful.
2024-11-30 14:54:08.927 +01:00 [INF] Route matched with {action = "UserList", controller = "UserAPI"}. Executing controller action with signature System.Threading.Tasks.Task`1[Microsoft.AspNetCore.Mvc.IActionResult] UserList() on controller friendly.Controllers.UserAPIController (api).
2024-11-30 14:54:08.927 +01:00 [INF] Route matched with {action = "GetLikesCount", controller = "LikeAPI"}. Executing controller action with signature System.Threading.Tasks.Task`1[Microsoft.AspNetCore.Mvc.IActionResult] GetLikesCount(Int32) on controller friendly.Controllers.LikeAPIController (api).
2024-11-30 14:54:08.927 +01:00 [INF] Executing endpoint 'friendly.Controllers.LikeAPIController.GetLikesCount (api)'
2024-11-30 14:54:08.929 +01:00 [INF] Route matched with {action = "GetLikesCount", controller = "LikeAPI"}. Executing controller action with signature System.Threading.Tasks.Task`1[Microsoft.AspNetCore.Mvc.IActionResult] GetLikesCount(Int32) on controller friendly.Controllers.LikeAPIController (api).
2024-11-30 14:54:08.934 +01:00 [INF] Executing OkObjectResult, writing value of type 'System.Linq.Enumerable+SelectListIterator`2[[friendly.Models.User, api, Version=0.0.0.0, Culture=neutral, PublicKeyToken=null],[friendly.DTOs.UserDto, api, Version=0.0.0.0, Culture=neutral, PublicKeyToken=null]]'.
2024-11-30 14:54:08.934 +01:00 [INF] Executing OkObjectResult, writing value of type 'System.Linq.Enumerable+SelectListIterator`2[[friendly.Models.Post, api, Version=0.0.0.0, Culture=neutral, PublicKeyToken=null],[friendly.DTOs.PostDto, api, Version=0.0.0.0, Culture=neutral, PublicKeyToken=null]]'.
2024-11-30 14:54:08.935 +01:00 [INF] Like count retrieved successfully for PostId: 1, Count: 1
2024-11-30 14:54:08.935 +01:00 [INF] Executed action friendly.Controllers.PostAPIController.PostList (api) in 7.6226ms
2024-11-30 14:54:08.935 +01:00 [INF] Executed action friendly.Controllers.UserAPIController.UserList (api) in 7.5717ms
2024-11-30 14:54:08.935 +01:00 [INF] Executing OkObjectResult, writing value of type 'System.Int32'.
2024-11-30 14:54:08.936 +01:00 [INF] Executed endpoint 'friendly.Controllers.PostAPIController.PostList (api)'
2024-11-30 14:54:08.936 +01:00 [INF] Executed endpoint 'friendly.Controllers.UserAPIController.UserList (api)'
2024-11-30 14:54:08.936 +01:00 [INF] Executed action friendly.Controllers.LikeAPIController.GetLikesCount (api) in 8.3263ms
2024-11-30 14:54:08.936 +01:00 [INF] Executed endpoint 'friendly.Controllers.LikeAPIController.GetLikesCount (api)'
2024-11-30 14:54:08.936 +01:00 [INF] Request finished HTTP/1.1 GET http://localhost:5062/api/PostAPI/postlist - 200 530 application/json; charset=utf-8 10.6562ms
2024-11-30 14:54:08.936 +01:00 [INF] Request finished HTTP/1.1 GET http://localhost:5062/api/UserAPI/userlist - 200 1221 application/json; charset=utf-8 10.6562ms
2024-11-30 14:54:08.936 +01:00 [INF] Request finished HTTP/1.1 GET http://localhost:5062/api/LikeAPI/likes/1 - 200 1 application/json; charset=utf-8 9.192ms
2024-11-30 14:54:08.942 +01:00 [INF] Like count retrieved successfully for PostId: 3, Count: 1
2024-11-30 14:54:08.942 +01:00 [INF] Executing OkObjectResult, writing value of type 'System.Int32'.
2024-11-30 14:54:08.965 +01:00 [INF] Like count retrieved successfully for PostId: 2, Count: 0
2024-11-30 14:54:08.965 +01:00 [INF] Executing OkObjectResult, writing value of type 'System.Linq.Enumerable+SelectListIterator`2[[friendly.Models.Comment, api, Version=0.0.0.0, Culture=neutral, PublicKeyToken=null],[friendly.DTOs.CommentDto, api, Version=0.0.0.0, Culture=neutral, PublicKeyToken=null]]'.
2024-11-30 14:54:08.965 +01:00 [INF] Executing OkObjectResult, writing value of type 'System.Int32'.
2024-11-30 14:54:08.965 +01:00 [INF] Executed action friendly.Controllers.LikeAPIController.GetLikesCount (api) in 35.2816ms
2024-11-30 14:54:08.965 +01:00 [INF] Executed endpoint 'friendly.Controllers.LikeAPIController.GetLikesCount (api)'
2024-11-30 14:54:08.965 +01:00 [INF] Executed action friendly.Controllers.LikeAPIController.GetLikesCount (api) in 37.253ms
2024-11-30 14:54:08.965 +01:00 [INF] Executed endpoint 'friendly.Controllers.LikeAPIController.GetLikesCount (api)'
2024-11-30 14:54:08.965 +01:00 [INF] Executed action friendly.Controllers.CommentAPIController.CommentList (api) in 37.3032ms
2024-11-30 14:54:08.965 +01:00 [INF] Executed endpoint 'friendly.Controllers.CommentAPIController.CommentList (api)'
2024-11-30 14:54:08.965 +01:00 [INF] Request finished HTTP/1.1 GET http://localhost:5062/api/LikeAPI/likes/2 - 200 1 application/json; charset=utf-8 38.0763ms
2024-11-30 14:54:08.965 +01:00 [INF] Request finished HTTP/1.1 GET http://localhost:5062/api/LikeAPI/likes/3 - 200 1 application/json; charset=utf-8 37.8023ms
2024-11-30 14:54:08.965 +01:00 [INF] Request finished HTTP/1.1 GET http://localhost:5062/api/CommentAPI/commentlist - 200 447 application/json; charset=utf-8 39.5986ms
2024-11-30 14:54:08.967 +01:00 [INF] Request starting HTTP/1.1 GET http://localhost:5062/api/LikeAPI/likes/1 - null null
2024-11-30 14:54:08.967 +01:00 [INF] CORS policy execution successful.
2024-11-30 14:54:08.967 +01:00 [INF] Executing endpoint 'friendly.Controllers.LikeAPIController.GetLikesCount (api)'
2024-11-30 14:54:08.967 +01:00 [INF] Route matched with {action = "GetLikesCount", controller = "LikeAPI"}. Executing controller action with signature System.Threading.Tasks.Task`1[Microsoft.AspNetCore.Mvc.IActionResult] GetLikesCount(Int32) on controller friendly.Controllers.LikeAPIController (api).
2024-11-30 14:54:08.967 +01:00 [INF] Request starting HTTP/1.1 GET http://localhost:5062/api/LikeAPI/likes/2 - null null
2024-11-30 14:54:08.967 +01:00 [INF] CORS policy execution successful.
2024-11-30 14:54:08.968 +01:00 [INF] Request starting HTTP/1.1 GET http://localhost:5062/api/LikeAPI/likes/3 - null null
2024-11-30 14:54:08.968 +01:00 [INF] Executing endpoint 'friendly.Controllers.LikeAPIController.GetLikesCount (api)'
2024-11-30 14:54:08.968 +01:00 [INF] CORS policy execution successful.
2024-11-30 14:54:08.968 +01:00 [INF] Route matched with {action = "GetLikesCount", controller = "LikeAPI"}. Executing controller action with signature System.Threading.Tasks.Task`1[Microsoft.AspNetCore.Mvc.IActionResult] GetLikesCount(Int32) on controller friendly.Controllers.LikeAPIController (api).
2024-11-30 14:54:08.968 +01:00 [INF] Executing endpoint 'friendly.Controllers.LikeAPIController.GetLikesCount (api)'
2024-11-30 14:54:08.968 +01:00 [INF] Route matched with {action = "GetLikesCount", controller = "LikeAPI"}. Executing controller action with signature System.Threading.Tasks.Task`1[Microsoft.AspNetCore.Mvc.IActionResult] GetLikesCount(Int32) on controller friendly.Controllers.LikeAPIController (api).
2024-11-30 14:54:08.972 +01:00 [INF] Like count retrieved successfully for PostId: 1, Count: 1
2024-11-30 14:54:08.973 +01:00 [INF] Executing OkObjectResult, writing value of type 'System.Int32'.
2024-11-30 14:54:08.973 +01:00 [INF] Like count retrieved successfully for PostId: 2, Count: 0
2024-11-30 14:54:08.973 +01:00 [INF] Executing OkObjectResult, writing value of type 'System.Int32'.
2024-11-30 14:54:08.974 +01:00 [INF] Like count retrieved successfully for PostId: 3, Count: 1
2024-11-30 14:54:08.974 +01:00 [INF] Executing OkObjectResult, writing value of type 'System.Int32'.
2024-11-30 14:54:08.974 +01:00 [INF] Executed action friendly.Controllers.LikeAPIController.GetLikesCount (api) in 6.0611ms
2024-11-30 14:54:08.974 +01:00 [INF] Executed action friendly.Controllers.LikeAPIController.GetLikesCount (api) in 6.2967ms
2024-11-30 14:54:08.974 +01:00 [INF] Executed endpoint 'friendly.Controllers.LikeAPIController.GetLikesCount (api)'
2024-11-30 14:54:08.974 +01:00 [INF] Executed endpoint 'friendly.Controllers.LikeAPIController.GetLikesCount (api)'
2024-11-30 14:54:08.974 +01:00 [INF] Executed action friendly.Controllers.LikeAPIController.GetLikesCount (api) in 6.0902ms
2024-11-30 14:54:08.974 +01:00 [INF] Executed endpoint 'friendly.Controllers.LikeAPIController.GetLikesCount (api)'
2024-11-30 14:54:08.974 +01:00 [INF] Request finished HTTP/1.1 GET http://localhost:5062/api/LikeAPI/likes/1 - 200 1 application/json; charset=utf-8 6.6762ms
2024-11-30 14:54:08.974 +01:00 [INF] Request finished HTTP/1.1 GET http://localhost:5062/api/LikeAPI/likes/2 - 200 1 application/json; charset=utf-8 6.4043ms
2024-11-30 14:54:08.974 +01:00 [INF] Request finished HTTP/1.1 GET http://localhost:5062/api/LikeAPI/likes/3 - 200 1 application/json; charset=utf-8 6.2858ms
2024-11-30 14:54:11.659 +01:00 [INF] Request starting HTTP/1.1 OPTIONS http://localhost:5062/api/likeapi/create - null null
2024-11-30 14:54:11.659 +01:00 [INF] CORS policy execution successful.
2024-11-30 14:54:11.660 +01:00 [INF] Request finished HTTP/1.1 OPTIONS http://localhost:5062/api/likeapi/create - 204 null null 0.3422ms
2024-11-30 14:54:11.660 +01:00 [INF] Request starting HTTP/1.1 POST http://localhost:5062/api/likeapi/create - application/json 60
2024-11-30 14:54:11.660 +01:00 [INF] CORS policy execution successful.
2024-11-30 14:54:11.661 +01:00 [INF] Executing endpoint 'friendly.Controllers.LikeAPIController.CreateLike (api)'
2024-11-30 14:54:11.661 +01:00 [INF] Route matched with {action = "CreateLike", controller = "LikeAPI"}. Executing controller action with signature System.Threading.Tasks.Task`1[Microsoft.AspNetCore.Mvc.IActionResult] CreateLike(friendly.DTOs.LikeDto) on controller friendly.Controllers.LikeAPIController (api).
2024-11-30 14:54:11.667 +01:00 [WRN] Like already exists for postId 3 and userId 7a1697ed-9f85-4707-b81e-df16ea502089
2024-11-30 14:54:11.667 +01:00 [INF] Executing ConflictObjectResult, writing value of type 'System.String'.
2024-11-30 14:54:11.668 +01:00 [INF] Executed action friendly.Controllers.LikeAPIController.CreateLike (api) in 6.9688ms
2024-11-30 14:54:11.668 +01:00 [INF] Executed endpoint 'friendly.Controllers.LikeAPIController.CreateLike (api)'
2024-11-30 14:54:11.668 +01:00 [INF] Request finished HTTP/1.1 POST http://localhost:5062/api/likeapi/create - 409 null text/plain; charset=utf-8 7.7343ms
