2024-11-30 17:10:32.272 +01:00 [INF] User profile is available. Using '/Users/axel/.aspnet/DataProtection-Keys' as key repository; keys will not be encrypted at rest.
2024-11-30 17:10:33.764 +01:00 [INF] Now listening on: https://localhost:7046
2024-11-30 17:10:33.764 +01:00 [INF] Now listening on: http://localhost:5062
2024-11-30 17:10:33.766 +01:00 [INF] Application started. Press Ctrl+C to shut down.
2024-11-30 17:10:33.766 +01:00 [INF] Hosting environment: Development
2024-11-30 17:10:33.766 +01:00 [INF] Content root path: /Users/axel/Documents/Skole/TestFriendly/api
2024-11-30 17:10:36.891 +01:00 [INF] Request starting HTTP/1.1 GET http://localhost:5062/api/UserAPI/userlist - null null
2024-11-30 17:10:36.891 +01:00 [INF] Request starting HTTP/1.1 GET http://localhost:5062/api/PostAPI/postlist - null null
2024-11-30 17:10:36.891 +01:00 [INF] Request starting HTTP/1.1 GET http://localhost:5062/api/CommentAPI/commentlist - null null
2024-11-30 17:10:36.916 +01:00 [INF] CORS policy execution successful.
2024-11-30 17:10:36.916 +01:00 [INF] CORS policy execution successful.
2024-11-30 17:10:36.916 +01:00 [INF] CORS policy execution successful.
2024-11-30 17:10:36.922 +01:00 [INF] Executing endpoint 'friendly.Controllers.UserAPIController.UserList (api)'
2024-11-30 17:10:36.922 +01:00 [INF] Executing endpoint 'friendly.Controllers.CommentAPIController.CommentList (api)'
2024-11-30 17:10:36.922 +01:00 [INF] Executing endpoint 'friendly.Controllers.PostAPIController.PostList (api)'
2024-11-30 17:10:36.928 +01:00 [INF] Route matched with {action = "CommentList", controller = "CommentAPI"}. Executing controller action with signature System.Threading.Tasks.Task`1[Microsoft.AspNetCore.Mvc.IActionResult] CommentList() on controller friendly.Controllers.CommentAPIController (api).
2024-11-30 17:10:36.928 +01:00 [INF] Route matched with {action = "UserList", controller = "UserAPI"}. Executing controller action with signature System.Threading.Tasks.Task`1[Microsoft.AspNetCore.Mvc.IActionResult] UserList() on controller friendly.Controllers.UserAPIController (api).
2024-11-30 17:10:36.928 +01:00 [INF] Route matched with {action = "PostList", controller = "PostAPI"}. Executing controller action with signature System.Threading.Tasks.Task`1[Microsoft.AspNetCore.Mvc.IActionResult] PostList() on controller friendly.Controllers.PostAPIController (api).
2024-11-30 17:10:36.947 +01:00 [INF] Executing OkObjectResult, writing value of type 'System.Linq.Enumerable+SelectListIterator`2[[friendly.Models.User, api, Version=0.0.0.0, Culture=neutral, PublicKeyToken=null],[friendly.DTOs.UserDto, api, Version=0.0.0.0, Culture=neutral, PublicKeyToken=null]]'.
2024-11-30 17:10:36.947 +01:00 [INF] Executing OkObjectResult, writing value of type 'System.Linq.Enumerable+SelectListIterator`2[[friendly.Models.Comment, api, Version=0.0.0.0, Culture=neutral, PublicKeyToken=null],[friendly.DTOs.CommentDto, api, Version=0.0.0.0, Culture=neutral, PublicKeyToken=null]]'.
2024-11-30 17:10:36.947 +01:00 [INF] Executing OkObjectResult, writing value of type 'System.Linq.Enumerable+SelectListIterator`2[[friendly.Models.Post, api, Version=0.0.0.0, Culture=neutral, PublicKeyToken=null],[friendly.DTOs.PostDto, api, Version=0.0.0.0, Culture=neutral, PublicKeyToken=null]]'.
2024-11-30 17:10:36.987 +01:00 [INF] Executed action friendly.Controllers.CommentAPIController.CommentList (api) in 57.1114ms
2024-11-30 17:10:36.987 +01:00 [INF] Executed action friendly.Controllers.PostAPIController.PostList (api) in 57.0884ms
2024-11-30 17:10:36.988 +01:00 [INF] Executed endpoint 'friendly.Controllers.PostAPIController.PostList (api)'
2024-11-30 17:10:36.987 +01:00 [INF] Executed action friendly.Controllers.UserAPIController.UserList (api) in 57.1039ms
2024-11-30 17:10:36.988 +01:00 [INF] Executed endpoint 'friendly.Controllers.CommentAPIController.CommentList (api)'
2024-11-30 17:10:36.988 +01:00 [INF] Executed endpoint 'friendly.Controllers.UserAPIController.UserList (api)'
2024-11-30 17:10:36.990 +01:00 [INF] Request finished HTTP/1.1 GET http://localhost:5062/api/UserAPI/userlist - 200 1221 application/json; charset=utf-8 100.4923ms
2024-11-30 17:10:36.990 +01:00 [INF] Request finished HTTP/1.1 GET http://localhost:5062/api/PostAPI/postlist - 200 494 application/json; charset=utf-8 100.4917ms
2024-11-30 17:10:36.990 +01:00 [INF] Request finished HTTP/1.1 GET http://localhost:5062/api/CommentAPI/commentlist - 200 441 application/json; charset=utf-8 100.4938ms
2024-11-30 17:10:36.991 +01:00 [INF] Request starting HTTP/1.1 GET http://localhost:5062/api/LikeAPI/likes/2 - null null
2024-11-30 17:10:36.991 +01:00 [INF] Request starting HTTP/1.1 GET http://localhost:5062/api/LikeAPI/likes/3 - null null
2024-11-30 17:10:36.991 +01:00 [INF] Request starting HTTP/1.1 GET http://localhost:5062/api/LikeAPI/likes/1 - null null
2024-11-30 17:10:36.992 +01:00 [INF] CORS policy execution successful.
2024-11-30 17:10:36.992 +01:00 [INF] CORS policy execution successful.
2024-11-30 17:10:36.992 +01:00 [INF] CORS policy execution successful.
2024-11-30 17:10:36.993 +01:00 [INF] Executing endpoint 'friendly.Controllers.LikeAPIController.GetLikesCount (api)'
2024-11-30 17:10:36.993 +01:00 [INF] Executing endpoint 'friendly.Controllers.LikeAPIController.GetLikesCount (api)'
2024-11-30 17:10:36.993 +01:00 [INF] Executing endpoint 'friendly.Controllers.LikeAPIController.GetLikesCount (api)'
2024-11-30 17:10:36.996 +01:00 [INF] Route matched with {action = "GetLikesCount", controller = "LikeAPI"}. Executing controller action with signature System.Threading.Tasks.Task`1[Microsoft.AspNetCore.Mvc.IActionResult] GetLikesCount(Int32) on controller friendly.Controllers.LikeAPIController (api).
2024-11-30 17:10:36.996 +01:00 [INF] Route matched with {action = "GetLikesCount", controller = "LikeAPI"}. Executing controller action with signature System.Threading.Tasks.Task`1[Microsoft.AspNetCore.Mvc.IActionResult] GetLikesCount(Int32) on controller friendly.Controllers.LikeAPIController (api).
2024-11-30 17:10:36.996 +01:00 [INF] Route matched with {action = "GetLikesCount", controller = "LikeAPI"}. Executing controller action with signature System.Threading.Tasks.Task`1[Microsoft.AspNetCore.Mvc.IActionResult] GetLikesCount(Int32) on controller friendly.Controllers.LikeAPIController (api).
2024-11-30 17:10:37.026 +01:00 [INF] Like count retrieved successfully for PostId: 1, Count: 0
2024-11-30 17:10:37.026 +01:00 [INF] Like count retrieved successfully for PostId: 3, Count: 0
2024-11-30 17:10:37.026 +01:00 [INF] Executing OkObjectResult, writing value of type 'System.Int32'.
2024-11-30 17:10:37.026 +01:00 [INF] Like count retrieved successfully for PostId: 2, Count: 0
2024-11-30 17:10:37.026 +01:00 [INF] Executing OkObjectResult, writing value of type 'System.Int32'.
2024-11-30 17:10:37.026 +01:00 [INF] Executing OkObjectResult, writing value of type 'System.Int32'.
2024-11-30 17:10:37.026 +01:00 [INF] Executed action friendly.Controllers.LikeAPIController.GetLikesCount (api) in 29.7326ms
2024-11-30 17:10:37.026 +01:00 [INF] Executed action friendly.Controllers.LikeAPIController.GetLikesCount (api) in 29.7196ms
2024-11-30 17:10:37.026 +01:00 [INF] Executed endpoint 'friendly.Controllers.LikeAPIController.GetLikesCount (api)'
2024-11-30 17:10:37.026 +01:00 [INF] Executed endpoint 'friendly.Controllers.LikeAPIController.GetLikesCount (api)'
2024-11-30 17:10:37.026 +01:00 [INF] Executed action friendly.Controllers.LikeAPIController.GetLikesCount (api) in 29.8395ms
2024-11-30 17:10:37.026 +01:00 [INF] Executed endpoint 'friendly.Controllers.LikeAPIController.GetLikesCount (api)'
2024-11-30 17:10:37.026 +01:00 [INF] Request finished HTTP/1.1 GET http://localhost:5062/api/LikeAPI/likes/2 - 200 1 application/json; charset=utf-8 35.5996ms
2024-11-30 17:10:37.026 +01:00 [INF] Request finished HTTP/1.1 GET http://localhost:5062/api/LikeAPI/likes/1 - 200 1 application/json; charset=utf-8 35.6056ms
2024-11-30 17:10:37.026 +01:00 [INF] Request finished HTTP/1.1 GET http://localhost:5062/api/LikeAPI/likes/3 - 200 1 application/json; charset=utf-8 35.6037ms
2024-11-30 17:10:37.032 +01:00 [INF] Request starting HTTP/1.1 GET http://localhost:5062/uploads/profile-images/profileimage1.jpg - null null
2024-11-30 17:10:37.033 +01:00 [INF] Request starting HTTP/1.1 GET http://localhost:5062/uploads/mountains.jpg - null null
2024-11-30 17:10:37.033 +01:00 [INF] Request starting HTTP/1.1 GET http://localhost:5062/uploads/profile-images/profileimage2.jpg - null null
2024-11-30 17:10:37.034 +01:00 [INF] The file /uploads/profile-images/profileimage1.jpg was not modified
2024-11-30 17:10:37.034 +01:00 [INF] The file /uploads/profile-images/profileimage2.jpg was not modified
2024-11-30 17:10:37.034 +01:00 [INF] The file /uploads/mountains.jpg was not modified
2024-11-30 17:10:37.034 +01:00 [INF] Request finished HTTP/1.1 GET http://localhost:5062/uploads/profile-images/profileimage2.jpg - 304 null image/jpeg 1.5287ms
2024-11-30 17:10:37.034 +01:00 [INF] Request finished HTTP/1.1 GET http://localhost:5062/uploads/mountains.jpg - 304 null image/jpeg 1.7427ms
2024-11-30 17:10:37.035 +01:00 [INF] Request finished HTTP/1.1 GET http://localhost:5062/uploads/profile-images/profileimage1.jpg - 304 null image/jpeg 3.026ms
2024-11-30 17:10:37.038 +01:00 [INF] Request starting HTTP/1.1 GET http://localhost:5062/uploads/profile-images/profileimage4.jpg - null null
2024-11-30 17:10:37.039 +01:00 [INF] The file /uploads/profile-images/profileimage4.jpg was not modified
2024-11-30 17:10:37.039 +01:00 [INF] Request finished HTTP/1.1 GET http://localhost:5062/uploads/profile-images/profileimage4.jpg - 304 null image/jpeg 0.242ms
2024-11-30 17:10:37.040 +01:00 [INF] Request starting HTTP/1.1 GET http://localhost:5062/uploads/fall.jpg - null null
2024-11-30 17:10:37.040 +01:00 [INF] The file /uploads/fall.jpg was not modified
2024-11-30 17:10:37.040 +01:00 [INF] Request finished HTTP/1.1 GET http://localhost:5062/uploads/fall.jpg - 304 null image/jpeg 0.1331ms
2024-11-30 17:10:37.041 +01:00 [INF] Request starting HTTP/1.1 GET http://localhost:5062/uploads/beach.jpg - null null
2024-11-30 17:10:37.041 +01:00 [INF] The file /uploads/beach.jpg was not modified
2024-11-30 17:10:37.041 +01:00 [INF] Request finished HTTP/1.1 GET http://localhost:5062/uploads/beach.jpg - 304 null image/jpeg 0.1045ms
2024-11-30 17:10:42.136 +01:00 [INF] Request starting HTTP/1.1 OPTIONS http://localhost:5062/api/likeapi/create - null 0
2024-11-30 17:10:42.139 +01:00 [INF] CORS policy execution successful.
2024-11-30 17:10:42.140 +01:00 [INF] Request finished HTTP/1.1 OPTIONS http://localhost:5062/api/likeapi/create - 204 null null 3.4935ms
2024-11-30 17:10:42.141 +01:00 [INF] Request starting HTTP/1.1 POST http://localhost:5062/api/likeapi/create - application/json 60
2024-11-30 17:10:42.142 +01:00 [INF] CORS policy execution successful.
2024-11-30 17:10:42.148 +01:00 [INF] Executing endpoint 'friendly.Controllers.LikeAPIController.CreateLike (api)'
2024-11-30 17:10:42.154 +01:00 [INF] Route matched with {action = "CreateLike", controller = "LikeAPI"}. Executing controller action with signature System.Threading.Tasks.Task`1[Microsoft.AspNetCore.Mvc.IActionResult] CreateLike(friendly.DTOs.LikeDto) on controller friendly.Controllers.LikeAPIController (api).
2024-11-30 17:10:42.210 +01:00 [INF] Like created successfully for PostId: 1 and UserId: d142d576-3301-4b2f-9104-ebb87b43cf3b
2024-11-30 17:10:42.210 +01:00 [INF] Executing OkObjectResult, writing value of type '<>f__AnonymousType1`1[[System.String, System.Private.CoreLib, Version=8.0.0.0, Culture=neutral, PublicKeyToken=7cec85d7bea7798e]]'.
2024-11-30 17:10:42.213 +01:00 [INF] Executed action friendly.Controllers.LikeAPIController.CreateLike (api) in 57.9956ms
2024-11-30 17:10:42.213 +01:00 [INF] Executed endpoint 'friendly.Controllers.LikeAPIController.CreateLike (api)'
2024-11-30 17:10:42.213 +01:00 [INF] Request finished HTTP/1.1 POST http://localhost:5062/api/likeapi/create - 200 39 application/json; charset=utf-8 71.6445ms
2024-11-30 17:10:42.215 +01:00 [INF] Request starting HTTP/1.1 GET http://localhost:5062/api/PostAPI/postlist - null null
2024-11-30 17:10:42.215 +01:00 [INF] Request starting HTTP/1.1 GET http://localhost:5062/api/CommentAPI/commentlist - null null
2024-11-30 17:10:42.215 +01:00 [INF] Request starting HTTP/1.1 GET http://localhost:5062/api/UserAPI/userlist - null null
2024-11-30 17:10:42.215 +01:00 [INF] CORS policy execution successful.
2024-11-30 17:10:42.215 +01:00 [INF] CORS policy execution successful.
2024-11-30 17:10:42.215 +01:00 [INF] CORS policy execution successful.
2024-11-30 17:10:42.215 +01:00 [INF] Executing endpoint 'friendly.Controllers.CommentAPIController.CommentList (api)'
2024-11-30 17:10:42.215 +01:00 [INF] Executing endpoint 'friendly.Controllers.PostAPIController.PostList (api)'
2024-11-30 17:10:42.215 +01:00 [INF] Executing endpoint 'friendly.Controllers.UserAPIController.UserList (api)'
2024-11-30 17:10:42.216 +01:00 [INF] Route matched with {action = "UserList", controller = "UserAPI"}. Executing controller action with signature System.Threading.Tasks.Task`1[Microsoft.AspNetCore.Mvc.IActionResult] UserList() on controller friendly.Controllers.UserAPIController (api).
2024-11-30 17:10:42.216 +01:00 [INF] Route matched with {action = "PostList", controller = "PostAPI"}. Executing controller action with signature System.Threading.Tasks.Task`1[Microsoft.AspNetCore.Mvc.IActionResult] PostList() on controller friendly.Controllers.PostAPIController (api).
2024-11-30 17:10:42.216 +01:00 [INF] Route matched with {action = "CommentList", controller = "CommentAPI"}. Executing controller action with signature System.Threading.Tasks.Task`1[Microsoft.AspNetCore.Mvc.IActionResult] CommentList() on controller friendly.Controllers.CommentAPIController (api).
2024-11-30 17:10:42.218 +01:00 [INF] Executing OkObjectResult, writing value of type 'System.Linq.Enumerable+SelectListIterator`2[[friendly.Models.Post, api, Version=0.0.0.0, Culture=neutral, PublicKeyToken=null],[friendly.DTOs.PostDto, api, Version=0.0.0.0, Culture=neutral, PublicKeyToken=null]]'.
2024-11-30 17:10:42.218 +01:00 [INF] Executing OkObjectResult, writing value of type 'System.Linq.Enumerable+SelectListIterator`2[[friendly.Models.Comment, api, Version=0.0.0.0, Culture=neutral, PublicKeyToken=null],[friendly.DTOs.CommentDto, api, Version=0.0.0.0, Culture=neutral, PublicKeyToken=null]]'.
2024-11-30 17:10:42.218 +01:00 [INF] Executed action friendly.Controllers.CommentAPIController.CommentList (api) in 2.2103ms
2024-11-30 17:10:42.218 +01:00 [INF] Executed endpoint 'friendly.Controllers.CommentAPIController.CommentList (api)'
2024-11-30 17:10:42.218 +01:00 [INF] Executed action friendly.Controllers.PostAPIController.PostList (api) in 2.2767ms
2024-11-30 17:10:42.218 +01:00 [INF] Request finished HTTP/1.1 GET http://localhost:5062/api/CommentAPI/commentlist - 200 441 application/json; charset=utf-8 3.3155ms
2024-11-30 17:10:42.218 +01:00 [INF] Executed endpoint 'friendly.Controllers.PostAPIController.PostList (api)'
2024-11-30 17:10:42.219 +01:00 [INF] Request finished HTTP/1.1 GET http://localhost:5062/api/PostAPI/postlist - 200 494 application/json; charset=utf-8 4.3696ms
2024-11-30 17:10:42.221 +01:00 [INF] Executing OkObjectResult, writing value of type 'System.Linq.Enumerable+SelectListIterator`2[[friendly.Models.User, api, Version=0.0.0.0, Culture=neutral, PublicKeyToken=null],[friendly.DTOs.UserDto, api, Version=0.0.0.0, Culture=neutral, PublicKeyToken=null]]'.
2024-11-30 17:10:42.222 +01:00 [INF] Executed action friendly.Controllers.UserAPIController.UserList (api) in 5.9093ms
2024-11-30 17:10:42.222 +01:00 [INF] Executed endpoint 'friendly.Controllers.UserAPIController.UserList (api)'
2024-11-30 17:10:42.222 +01:00 [INF] Request finished HTTP/1.1 GET http://localhost:5062/api/UserAPI/userlist - 200 1221 application/json; charset=utf-8 6.8918ms
2024-11-30 17:10:42.226 +01:00 [INF] Request starting HTTP/1.1 GET http://localhost:5062/api/LikeAPI/likes/1 - null null
2024-11-30 17:10:42.226 +01:00 [INF] CORS policy execution successful.
2024-11-30 17:10:42.226 +01:00 [INF] Executing endpoint 'friendly.Controllers.LikeAPIController.GetLikesCount (api)'
2024-11-30 17:10:42.226 +01:00 [INF] Route matched with {action = "GetLikesCount", controller = "LikeAPI"}. Executing controller action with signature System.Threading.Tasks.Task`1[Microsoft.AspNetCore.Mvc.IActionResult] GetLikesCount(Int32) on controller friendly.Controllers.LikeAPIController (api).
2024-11-30 17:10:42.227 +01:00 [INF] Request starting HTTP/1.1 GET http://localhost:5062/api/LikeAPI/likes/2 - null null
2024-11-30 17:10:42.227 +01:00 [INF] CORS policy execution successful.
2024-11-30 17:10:42.227 +01:00 [INF] Request starting HTTP/1.1 GET http://localhost:5062/api/LikeAPI/likes/3 - null null
2024-11-30 17:10:42.227 +01:00 [INF] CORS policy execution successful.
2024-11-30 17:10:42.227 +01:00 [INF] Executing endpoint 'friendly.Controllers.LikeAPIController.GetLikesCount (api)'
2024-11-30 17:10:42.227 +01:00 [INF] Route matched with {action = "GetLikesCount", controller = "LikeAPI"}. Executing controller action with signature System.Threading.Tasks.Task`1[Microsoft.AspNetCore.Mvc.IActionResult] GetLikesCount(Int32) on controller friendly.Controllers.LikeAPIController (api).
2024-11-30 17:10:42.227 +01:00 [INF] Executing endpoint 'friendly.Controllers.LikeAPIController.GetLikesCount (api)'
2024-11-30 17:10:42.227 +01:00 [INF] Route matched with {action = "GetLikesCount", controller = "LikeAPI"}. Executing controller action with signature System.Threading.Tasks.Task`1[Microsoft.AspNetCore.Mvc.IActionResult] GetLikesCount(Int32) on controller friendly.Controllers.LikeAPIController (api).
2024-11-30 17:10:42.228 +01:00 [INF] Like count retrieved successfully for PostId: 2, Count: 0
2024-11-30 17:10:42.228 +01:00 [INF] Like count retrieved successfully for PostId: 1, Count: 1
2024-11-30 17:10:42.228 +01:00 [INF] Executing OkObjectResult, writing value of type 'System.Int32'.
2024-11-30 17:10:42.228 +01:00 [INF] Executing OkObjectResult, writing value of type 'System.Int32'.
2024-11-30 17:10:42.229 +01:00 [INF] Executed action friendly.Controllers.LikeAPIController.GetLikesCount (api) in 2.318ms
2024-11-30 17:10:42.229 +01:00 [INF] Executed endpoint 'friendly.Controllers.LikeAPIController.GetLikesCount (api)'
2024-11-30 17:10:42.229 +01:00 [INF] Like count retrieved successfully for PostId: 3, Count: 0
2024-11-30 17:10:42.229 +01:00 [INF] Executing OkObjectResult, writing value of type 'System.Int32'.
2024-11-30 17:10:42.229 +01:00 [INF] Executed action friendly.Controllers.LikeAPIController.GetLikesCount (api) in 1.8129ms
2024-11-30 17:10:42.229 +01:00 [INF] Executed action friendly.Controllers.LikeAPIController.GetLikesCount (api) in 1.6561ms
2024-11-30 17:10:42.229 +01:00 [INF] Executed endpoint 'friendly.Controllers.LikeAPIController.GetLikesCount (api)'
2024-11-30 17:10:42.229 +01:00 [INF] Request finished HTTP/1.1 GET http://localhost:5062/api/LikeAPI/likes/3 - 200 1 application/json; charset=utf-8 2.2788ms
2024-11-30 17:10:42.229 +01:00 [INF] Request finished HTTP/1.1 GET http://localhost:5062/api/LikeAPI/likes/1 - 200 1 application/json; charset=utf-8 2.989ms
2024-11-30 17:10:42.229 +01:00 [INF] Executed endpoint 'friendly.Controllers.LikeAPIController.GetLikesCount (api)'
2024-11-30 17:10:42.230 +01:00 [INF] Request finished HTTP/1.1 GET http://localhost:5062/api/LikeAPI/likes/2 - 200 1 application/json; charset=utf-8 3.0505ms
2024-11-30 17:10:44.581 +01:00 [INF] Request starting HTTP/1.1 OPTIONS http://localhost:5062/api/likeapi/delete - null 0
2024-11-30 17:10:44.583 +01:00 [INF] CORS policy execution successful.
2024-11-30 17:10:44.583 +01:00 [INF] Request finished HTTP/1.1 OPTIONS http://localhost:5062/api/likeapi/delete - 204 null null 1.5985ms
2024-11-30 17:10:44.585 +01:00 [INF] Request starting HTTP/1.1 DELETE http://localhost:5062/api/likeapi/delete - application/json 60
2024-11-30 17:10:44.585 +01:00 [INF] CORS policy execution successful.
2024-11-30 17:10:44.586 +01:00 [INF] Executing endpoint 'friendly.Controllers.LikeAPIController.DeleteLike (api)'
2024-11-30 17:10:44.593 +01:00 [INF] Route matched with {action = "DeleteLike", controller = "LikeAPI"}. Executing controller action with signature System.Threading.Tasks.Task`1[Microsoft.AspNetCore.Mvc.IActionResult] DeleteLike(friendly.DTOs.LikeDto) on controller friendly.Controllers.LikeAPIController (api).
2024-11-30 17:10:44.617 +01:00 [INF] Like deleted successfully for PostId: 1 and UserId: d142d576-3301-4b2f-9104-ebb87b43cf3b
2024-11-30 17:10:44.620 +01:00 [INF] Executing StatusCodeResult, setting HTTP status code 200
2024-11-30 17:10:44.620 +01:00 [INF] Executed action friendly.Controllers.LikeAPIController.DeleteLike (api) in 27.0617ms
2024-11-30 17:10:44.621 +01:00 [INF] Executed endpoint 'friendly.Controllers.LikeAPIController.DeleteLike (api)'
2024-11-30 17:10:44.621 +01:00 [INF] Request finished HTTP/1.1 DELETE http://localhost:5062/api/likeapi/delete - 200 0 null 36.3241ms
2024-11-30 17:10:44.624 +01:00 [INF] Request starting HTTP/1.1 GET http://localhost:5062/api/PostAPI/postlist - null null
2024-11-30 17:10:44.624 +01:00 [INF] Request starting HTTP/1.1 GET http://localhost:5062/api/UserAPI/userlist - null null
2024-11-30 17:10:44.624 +01:00 [INF] Request starting HTTP/1.1 GET http://localhost:5062/api/CommentAPI/commentlist - null null
2024-11-30 17:10:44.624 +01:00 [INF] CORS policy execution successful.
2024-11-30 17:10:44.624 +01:00 [INF] CORS policy execution successful.
2024-11-30 17:10:44.624 +01:00 [INF] CORS policy execution successful.
2024-11-30 17:10:44.625 +01:00 [INF] Executing endpoint 'friendly.Controllers.PostAPIController.PostList (api)'
2024-11-30 17:10:44.625 +01:00 [INF] Executing endpoint 'friendly.Controllers.CommentAPIController.CommentList (api)'
2024-11-30 17:10:44.625 +01:00 [INF] Executing endpoint 'friendly.Controllers.UserAPIController.UserList (api)'
2024-11-30 17:10:44.625 +01:00 [INF] Route matched with {action = "UserList", controller = "UserAPI"}. Executing controller action with signature System.Threading.Tasks.Task`1[Microsoft.AspNetCore.Mvc.IActionResult] UserList() on controller friendly.Controllers.UserAPIController (api).
2024-11-30 17:10:44.625 +01:00 [INF] Route matched with {action = "CommentList", controller = "CommentAPI"}. Executing controller action with signature System.Threading.Tasks.Task`1[Microsoft.AspNetCore.Mvc.IActionResult] CommentList() on controller friendly.Controllers.CommentAPIController (api).
2024-11-30 17:10:44.625 +01:00 [INF] Route matched with {action = "PostList", controller = "PostAPI"}. Executing controller action with signature System.Threading.Tasks.Task`1[Microsoft.AspNetCore.Mvc.IActionResult] PostList() on controller friendly.Controllers.PostAPIController (api).
2024-11-30 17:10:44.627 +01:00 [INF] Executing OkObjectResult, writing value of type 'System.Linq.Enumerable+SelectListIterator`2[[friendly.Models.Post, api, Version=0.0.0.0, Culture=neutral, PublicKeyToken=null],[friendly.DTOs.PostDto, api, Version=0.0.0.0, Culture=neutral, PublicKeyToken=null]]'.
2024-11-30 17:10:44.627 +01:00 [INF] Executed action friendly.Controllers.PostAPIController.PostList (api) in 2.1008ms
2024-11-30 17:10:44.627 +01:00 [INF] Executing OkObjectResult, writing value of type 'System.Linq.Enumerable+SelectListIterator`2[[friendly.Models.User, api, Version=0.0.0.0, Culture=neutral, PublicKeyToken=null],[friendly.DTOs.UserDto, api, Version=0.0.0.0, Culture=neutral, PublicKeyToken=null]]'.
2024-11-30 17:10:44.627 +01:00 [INF] Executed endpoint 'friendly.Controllers.PostAPIController.PostList (api)'
2024-11-30 17:10:44.627 +01:00 [INF] Executing OkObjectResult, writing value of type 'System.Linq.Enumerable+SelectListIterator`2[[friendly.Models.Comment, api, Version=0.0.0.0, Culture=neutral, PublicKeyToken=null],[friendly.DTOs.CommentDto, api, Version=0.0.0.0, Culture=neutral, PublicKeyToken=null]]'.
2024-11-30 17:10:44.627 +01:00 [INF] Request finished HTTP/1.1 GET http://localhost:5062/api/PostAPI/postlist - 200 494 application/json; charset=utf-8 3.4257ms
2024-11-30 17:10:44.627 +01:00 [INF] Executed action friendly.Controllers.CommentAPIController.CommentList (api) in 2.5338ms
2024-11-30 17:10:44.628 +01:00 [INF] Executed endpoint 'friendly.Controllers.CommentAPIController.CommentList (api)'
2024-11-30 17:10:44.628 +01:00 [INF] Executed action friendly.Controllers.UserAPIController.UserList (api) in 2.5781ms
2024-11-30 17:10:44.628 +01:00 [INF] Executed endpoint 'friendly.Controllers.UserAPIController.UserList (api)'
2024-11-30 17:10:44.628 +01:00 [INF] Request finished HTTP/1.1 GET http://localhost:5062/api/CommentAPI/commentlist - 200 441 application/json; charset=utf-8 3.329ms
2024-11-30 17:10:44.628 +01:00 [INF] Request finished HTTP/1.1 GET http://localhost:5062/api/UserAPI/userlist - 200 1221 application/json; charset=utf-8 3.3957ms
2024-11-30 17:10:44.631 +01:00 [INF] Request starting HTTP/1.1 GET http://localhost:5062/api/LikeAPI/likes/1 - null null
2024-11-30 17:10:44.631 +01:00 [INF] CORS policy execution successful.
2024-11-30 17:10:44.631 +01:00 [INF] Request starting HTTP/1.1 GET http://localhost:5062/api/LikeAPI/likes/3 - null null
2024-11-30 17:10:44.631 +01:00 [INF] Executing endpoint 'friendly.Controllers.LikeAPIController.GetLikesCount (api)'
2024-11-30 17:10:44.631 +01:00 [INF] CORS policy execution successful.
2024-11-30 17:10:44.631 +01:00 [INF] Request starting HTTP/1.1 GET http://localhost:5062/api/LikeAPI/likes/2 - null null
2024-11-30 17:10:44.631 +01:00 [INF] Executing endpoint 'friendly.Controllers.LikeAPIController.GetLikesCount (api)'
2024-11-30 17:10:44.631 +01:00 [INF] Route matched with {action = "GetLikesCount", controller = "LikeAPI"}. Executing controller action with signature System.Threading.Tasks.Task`1[Microsoft.AspNetCore.Mvc.IActionResult] GetLikesCount(Int32) on controller friendly.Controllers.LikeAPIController (api).
2024-11-30 17:10:44.631 +01:00 [INF] CORS policy execution successful.
2024-11-30 17:10:44.631 +01:00 [INF] Route matched with {action = "GetLikesCount", controller = "LikeAPI"}. Executing controller action with signature System.Threading.Tasks.Task`1[Microsoft.AspNetCore.Mvc.IActionResult] GetLikesCount(Int32) on controller friendly.Controllers.LikeAPIController (api).
2024-11-30 17:10:44.631 +01:00 [INF] Executing endpoint 'friendly.Controllers.LikeAPIController.GetLikesCount (api)'
2024-11-30 17:10:44.631 +01:00 [INF] Route matched with {action = "GetLikesCount", controller = "LikeAPI"}. Executing controller action with signature System.Threading.Tasks.Task`1[Microsoft.AspNetCore.Mvc.IActionResult] GetLikesCount(Int32) on controller friendly.Controllers.LikeAPIController (api).
2024-11-30 17:10:44.632 +01:00 [INF] Like count retrieved successfully for PostId: 3, Count: 0
2024-11-30 17:10:44.632 +01:00 [INF] Like count retrieved successfully for PostId: 1, Count: 0
2024-11-30 17:10:44.632 +01:00 [INF] Executing OkObjectResult, writing value of type 'System.Int32'.
2024-11-30 17:10:44.632 +01:00 [INF] Like count retrieved successfully for PostId: 2, Count: 0
2024-11-30 17:10:44.633 +01:00 [INF] Executing OkObjectResult, writing value of type 'System.Int32'.
2024-11-30 17:10:44.633 +01:00 [INF] Executing OkObjectResult, writing value of type 'System.Int32'.
2024-11-30 17:10:44.633 +01:00 [INF] Executed action friendly.Controllers.LikeAPIController.GetLikesCount (api) in 1.235ms
2024-11-30 17:10:44.633 +01:00 [INF] Executed action friendly.Controllers.LikeAPIController.GetLikesCount (api) in 1.3737ms
2024-11-30 17:10:44.633 +01:00 [INF] Executed endpoint 'friendly.Controllers.LikeAPIController.GetLikesCount (api)'
2024-11-30 17:10:44.633 +01:00 [INF] Executed action friendly.Controllers.LikeAPIController.GetLikesCount (api) in 1.245ms
2024-11-30 17:10:44.633 +01:00 [INF] Request finished HTTP/1.1 GET http://localhost:5062/api/LikeAPI/likes/1 - 200 1 application/json; charset=utf-8 2.1852ms
2024-11-30 17:10:44.633 +01:00 [INF] Executed endpoint 'friendly.Controllers.LikeAPIController.GetLikesCount (api)'
2024-11-30 17:10:44.633 +01:00 [INF] Request finished HTTP/1.1 GET http://localhost:5062/api/LikeAPI/likes/2 - 200 1 application/json; charset=utf-8 1.7438ms
2024-11-30 17:10:44.633 +01:00 [INF] Executed endpoint 'friendly.Controllers.LikeAPIController.GetLikesCount (api)'
2024-11-30 17:10:44.633 +01:00 [INF] Request finished HTTP/1.1 GET http://localhost:5062/api/LikeAPI/likes/3 - 200 1 application/json; charset=utf-8 2.119ms
2024-11-30 17:10:46.176 +01:00 [INF] Request starting HTTP/1.1 POST http://localhost:5062/api/likeapi/create - application/json 60
2024-11-30 17:10:46.176 +01:00 [INF] CORS policy execution successful.
2024-11-30 17:10:46.177 +01:00 [INF] Executing endpoint 'friendly.Controllers.LikeAPIController.CreateLike (api)'
2024-11-30 17:10:46.177 +01:00 [INF] Route matched with {action = "CreateLike", controller = "LikeAPI"}. Executing controller action with signature System.Threading.Tasks.Task`1[Microsoft.AspNetCore.Mvc.IActionResult] CreateLike(friendly.DTOs.LikeDto) on controller friendly.Controllers.LikeAPIController (api).
2024-11-30 17:10:46.181 +01:00 [INF] Like created successfully for PostId: 1 and UserId: d142d576-3301-4b2f-9104-ebb87b43cf3b
2024-11-30 17:10:46.181 +01:00 [INF] Executing OkObjectResult, writing value of type '<>f__AnonymousType1`1[[System.String, System.Private.CoreLib, Version=8.0.0.0, Culture=neutral, PublicKeyToken=7cec85d7bea7798e]]'.
2024-11-30 17:10:46.182 +01:00 [INF] Executed action friendly.Controllers.LikeAPIController.CreateLike (api) in 5.1208ms
2024-11-30 17:10:46.182 +01:00 [INF] Executed endpoint 'friendly.Controllers.LikeAPIController.CreateLike (api)'
2024-11-30 17:10:46.182 +01:00 [INF] Request finished HTTP/1.1 POST http://localhost:5062/api/likeapi/create - 200 39 application/json; charset=utf-8 6.2915ms
2024-11-30 17:10:46.183 +01:00 [INF] Request starting HTTP/1.1 GET http://localhost:5062/api/PostAPI/postlist - null null
2024-11-30 17:10:46.183 +01:00 [INF] CORS policy execution successful.
2024-11-30 17:10:46.184 +01:00 [INF] Request starting HTTP/1.1 GET http://localhost:5062/api/UserAPI/userlist - null null
2024-11-30 17:10:46.184 +01:00 [INF] Request starting HTTP/1.1 GET http://localhost:5062/api/CommentAPI/commentlist - null null
2024-11-30 17:10:46.184 +01:00 [INF] Executing endpoint 'friendly.Controllers.PostAPIController.PostList (api)'
2024-11-30 17:10:46.184 +01:00 [INF] CORS policy execution successful.
2024-11-30 17:10:46.184 +01:00 [INF] CORS policy execution successful.
2024-11-30 17:10:46.184 +01:00 [INF] Route matched with {action = "PostList", controller = "PostAPI"}. Executing controller action with signature System.Threading.Tasks.Task`1[Microsoft.AspNetCore.Mvc.IActionResult] PostList() on controller friendly.Controllers.PostAPIController (api).
2024-11-30 17:10:46.184 +01:00 [INF] Executing endpoint 'friendly.Controllers.UserAPIController.UserList (api)'
2024-11-30 17:10:46.184 +01:00 [INF] Executing endpoint 'friendly.Controllers.CommentAPIController.CommentList (api)'
2024-11-30 17:10:46.184 +01:00 [INF] Route matched with {action = "UserList", controller = "UserAPI"}. Executing controller action with signature System.Threading.Tasks.Task`1[Microsoft.AspNetCore.Mvc.IActionResult] UserList() on controller friendly.Controllers.UserAPIController (api).
2024-11-30 17:10:46.184 +01:00 [INF] Route matched with {action = "CommentList", controller = "CommentAPI"}. Executing controller action with signature System.Threading.Tasks.Task`1[Microsoft.AspNetCore.Mvc.IActionResult] CommentList() on controller friendly.Controllers.CommentAPIController (api).
2024-11-30 17:10:46.185 +01:00 [INF] Executing OkObjectResult, writing value of type 'System.Linq.Enumerable+SelectListIterator`2[[friendly.Models.Comment, api, Version=0.0.0.0, Culture=neutral, PublicKeyToken=null],[friendly.DTOs.CommentDto, api, Version=0.0.0.0, Culture=neutral, PublicKeyToken=null]]'.
2024-11-30 17:10:46.185 +01:00 [INF] Executing OkObjectResult, writing value of type 'System.Linq.Enumerable+SelectListIterator`2[[friendly.Models.Post, api, Version=0.0.0.0, Culture=neutral, PublicKeyToken=null],[friendly.DTOs.PostDto, api, Version=0.0.0.0, Culture=neutral, PublicKeyToken=null]]'.
2024-11-30 17:10:46.185 +01:00 [INF] Executing OkObjectResult, writing value of type 'System.Linq.Enumerable+SelectListIterator`2[[friendly.Models.User, api, Version=0.0.0.0, Culture=neutral, PublicKeyToken=null],[friendly.DTOs.UserDto, api, Version=0.0.0.0, Culture=neutral, PublicKeyToken=null]]'.
2024-11-30 17:10:46.186 +01:00 [INF] Executed action friendly.Controllers.CommentAPIController.CommentList (api) in 1.6711ms
2024-11-30 17:10:46.186 +01:00 [INF] Executed action friendly.Controllers.UserAPIController.UserList (api) in 1.7575ms
2024-11-30 17:10:46.186 +01:00 [INF] Executed action friendly.Controllers.PostAPIController.PostList (api) in 1.9003ms
2024-11-30 17:10:46.186 +01:00 [INF] Executed endpoint 'friendly.Controllers.PostAPIController.PostList (api)'
2024-11-30 17:10:46.186 +01:00 [INF] Executed endpoint 'friendly.Controllers.UserAPIController.UserList (api)'
2024-11-30 17:10:46.186 +01:00 [INF] Request finished HTTP/1.1 GET http://localhost:5062/api/UserAPI/userlist - 200 1221 application/json; charset=utf-8 2.2968ms
2024-11-30 17:10:46.186 +01:00 [INF] Request finished HTTP/1.1 GET http://localhost:5062/api/PostAPI/postlist - 200 494 application/json; charset=utf-8 2.5674ms
2024-11-30 17:10:46.186 +01:00 [INF] Executed endpoint 'friendly.Controllers.CommentAPIController.CommentList (api)'
2024-11-30 17:10:46.186 +01:00 [INF] Request finished HTTP/1.1 GET http://localhost:5062/api/CommentAPI/commentlist - 200 441 application/json; charset=utf-8 2.5338ms
2024-11-30 17:10:46.188 +01:00 [INF] Request starting HTTP/1.1 GET http://localhost:5062/api/LikeAPI/likes/1 - null null
2024-11-30 17:10:46.188 +01:00 [INF] Request starting HTTP/1.1 GET http://localhost:5062/api/LikeAPI/likes/2 - null null
2024-11-30 17:10:46.188 +01:00 [INF] Request starting HTTP/1.1 GET http://localhost:5062/api/LikeAPI/likes/3 - null null
2024-11-30 17:10:46.188 +01:00 [INF] CORS policy execution successful.
2024-11-30 17:10:46.188 +01:00 [INF] CORS policy execution successful.
2024-11-30 17:10:46.188 +01:00 [INF] CORS policy execution successful.
2024-11-30 17:10:46.189 +01:00 [INF] Executing endpoint 'friendly.Controllers.LikeAPIController.GetLikesCount (api)'
2024-11-30 17:10:46.189 +01:00 [INF] Executing endpoint 'friendly.Controllers.LikeAPIController.GetLikesCount (api)'
2024-11-30 17:10:46.189 +01:00 [INF] Executing endpoint 'friendly.Controllers.LikeAPIController.GetLikesCount (api)'
2024-11-30 17:10:46.189 +01:00 [INF] Route matched with {action = "GetLikesCount", controller = "LikeAPI"}. Executing controller action with signature System.Threading.Tasks.Task`1[Microsoft.AspNetCore.Mvc.IActionResult] GetLikesCount(Int32) on controller friendly.Controllers.LikeAPIController (api).
2024-11-30 17:10:46.189 +01:00 [INF] Route matched with {action = "GetLikesCount", controller = "LikeAPI"}. Executing controller action with signature System.Threading.Tasks.Task`1[Microsoft.AspNetCore.Mvc.IActionResult] GetLikesCount(Int32) on controller friendly.Controllers.LikeAPIController (api).
2024-11-30 17:10:46.189 +01:00 [INF] Route matched with {action = "GetLikesCount", controller = "LikeAPI"}. Executing controller action with signature System.Threading.Tasks.Task`1[Microsoft.AspNetCore.Mvc.IActionResult] GetLikesCount(Int32) on controller friendly.Controllers.LikeAPIController (api).
2024-11-30 17:10:46.190 +01:00 [INF] Like count retrieved successfully for PostId: 1, Count: 1
2024-11-30 17:10:46.190 +01:00 [INF] Like count retrieved successfully for PostId: 3, Count: 0
2024-11-30 17:10:46.190 +01:00 [INF] Like count retrieved successfully for PostId: 2, Count: 0
2024-11-30 17:10:46.190 +01:00 [INF] Executing OkObjectResult, writing value of type 'System.Int32'.
2024-11-30 17:10:46.190 +01:00 [INF] Executing OkObjectResult, writing value of type 'System.Int32'.
2024-11-30 17:10:46.190 +01:00 [INF] Executing OkObjectResult, writing value of type 'System.Int32'.
2024-11-30 17:10:46.190 +01:00 [INF] Executed action friendly.Controllers.LikeAPIController.GetLikesCount (api) in 1.6816ms
2024-11-30 17:10:46.191 +01:00 [INF] Executed endpoint 'friendly.Controllers.LikeAPIController.GetLikesCount (api)'
2024-11-30 17:10:46.191 +01:00 [INF] Executed action friendly.Controllers.LikeAPIController.GetLikesCount (api) in 1.7961ms
2024-11-30 17:10:46.191 +01:00 [INF] Executed endpoint 'friendly.Controllers.LikeAPIController.GetLikesCount (api)'
2024-11-30 17:10:46.191 +01:00 [INF] Request finished HTTP/1.1 GET http://localhost:5062/api/LikeAPI/likes/1 - 200 1 application/json; charset=utf-8 2.4064ms
2024-11-30 17:10:46.191 +01:00 [INF] Request finished HTTP/1.1 GET http://localhost:5062/api/LikeAPI/likes/3 - 200 1 application/json; charset=utf-8 2.3244ms
2024-11-30 17:10:46.190 +01:00 [INF] Executed action friendly.Controllers.LikeAPIController.GetLikesCount (api) in 1.693ms
2024-11-30 17:10:46.191 +01:00 [INF] Executed endpoint 'friendly.Controllers.LikeAPIController.GetLikesCount (api)'
2024-11-30 17:10:46.191 +01:00 [INF] Request finished HTTP/1.1 GET http://localhost:5062/api/LikeAPI/likes/2 - 200 1 application/json; charset=utf-8 2.566ms
2024-11-30 17:10:47.076 +01:00 [INF] Request starting HTTP/1.1 DELETE http://localhost:5062/api/likeapi/delete - application/json 60
2024-11-30 17:10:47.077 +01:00 [INF] CORS policy execution successful.
2024-11-30 17:10:47.077 +01:00 [INF] Executing endpoint 'friendly.Controllers.LikeAPIController.DeleteLike (api)'
2024-11-30 17:10:47.077 +01:00 [INF] Route matched with {action = "DeleteLike", controller = "LikeAPI"}. Executing controller action with signature System.Threading.Tasks.Task`1[Microsoft.AspNetCore.Mvc.IActionResult] DeleteLike(friendly.DTOs.LikeDto) on controller friendly.Controllers.LikeAPIController (api).
2024-11-30 17:10:47.084 +01:00 [INF] Like deleted successfully for PostId: 1 and UserId: d142d576-3301-4b2f-9104-ebb87b43cf3b
2024-11-30 17:10:47.084 +01:00 [INF] Executing StatusCodeResult, setting HTTP status code 200
2024-11-30 17:10:47.084 +01:00 [INF] Executed action friendly.Controllers.LikeAPIController.DeleteLike (api) in 7.1782ms
2024-11-30 17:10:47.084 +01:00 [INF] Executed endpoint 'friendly.Controllers.LikeAPIController.DeleteLike (api)'
2024-11-30 17:10:47.085 +01:00 [INF] Request finished HTTP/1.1 DELETE http://localhost:5062/api/likeapi/delete - 200 0 null 8.4754ms
2024-11-30 17:10:47.088 +01:00 [INF] Request starting HTTP/1.1 GET http://localhost:5062/api/CommentAPI/commentlist - null null
2024-11-30 17:10:47.088 +01:00 [INF] Request starting HTTP/1.1 GET http://localhost:5062/api/PostAPI/postlist - null null
2024-11-30 17:10:47.088 +01:00 [INF] Request starting HTTP/1.1 GET http://localhost:5062/api/UserAPI/userlist - null null
2024-11-30 17:10:47.088 +01:00 [INF] CORS policy execution successful.
2024-11-30 17:10:47.088 +01:00 [INF] CORS policy execution successful.
2024-11-30 17:10:47.088 +01:00 [INF] CORS policy execution successful.
2024-11-30 17:10:47.089 +01:00 [INF] Executing endpoint 'friendly.Controllers.CommentAPIController.CommentList (api)'
2024-11-30 17:10:47.089 +01:00 [INF] Executing endpoint 'friendly.Controllers.UserAPIController.UserList (api)'
2024-11-30 17:10:47.089 +01:00 [INF] Executing endpoint 'friendly.Controllers.PostAPIController.PostList (api)'
2024-11-30 17:10:47.089 +01:00 [INF] Route matched with {action = "CommentList", controller = "CommentAPI"}. Executing controller action with signature System.Threading.Tasks.Task`1[Microsoft.AspNetCore.Mvc.IActionResult] CommentList() on controller friendly.Controllers.CommentAPIController (api).
2024-11-30 17:10:47.089 +01:00 [INF] Route matched with {action = "UserList", controller = "UserAPI"}. Executing controller action with signature System.Threading.Tasks.Task`1[Microsoft.AspNetCore.Mvc.IActionResult] UserList() on controller friendly.Controllers.UserAPIController (api).
2024-11-30 17:10:47.089 +01:00 [INF] Route matched with {action = "PostList", controller = "PostAPI"}. Executing controller action with signature System.Threading.Tasks.Task`1[Microsoft.AspNetCore.Mvc.IActionResult] PostList() on controller friendly.Controllers.PostAPIController (api).
2024-11-30 17:10:47.092 +01:00 [INF] Executing OkObjectResult, writing value of type 'System.Linq.Enumerable+SelectListIterator`2[[friendly.Models.Post, api, Version=0.0.0.0, Culture=neutral, PublicKeyToken=null],[friendly.DTOs.PostDto, api, Version=0.0.0.0, Culture=neutral, PublicKeyToken=null]]'.
2024-11-30 17:10:47.092 +01:00 [INF] Executing OkObjectResult, writing value of type 'System.Linq.Enumerable+SelectListIterator`2[[friendly.Models.Comment, api, Version=0.0.0.0, Culture=neutral, PublicKeyToken=null],[friendly.DTOs.CommentDto, api, Version=0.0.0.0, Culture=neutral, PublicKeyToken=null]]'.
2024-11-30 17:10:47.092 +01:00 [INF] Executing OkObjectResult, writing value of type 'System.Linq.Enumerable+SelectListIterator`2[[friendly.Models.User, api, Version=0.0.0.0, Culture=neutral, PublicKeyToken=null],[friendly.DTOs.UserDto, api, Version=0.0.0.0, Culture=neutral, PublicKeyToken=null]]'.
2024-11-30 17:10:47.092 +01:00 [INF] Executed action friendly.Controllers.PostAPIController.PostList (api) in 2.3918ms
2024-11-30 17:10:47.092 +01:00 [INF] Executed endpoint 'friendly.Controllers.PostAPIController.PostList (api)'
2024-11-30 17:10:47.092 +01:00 [INF] Executed action friendly.Controllers.UserAPIController.UserList (api) in 3.2778ms
2024-11-30 17:10:47.092 +01:00 [INF] Executed endpoint 'friendly.Controllers.UserAPIController.UserList (api)'
2024-11-30 17:10:47.092 +01:00 [INF] Request finished HTTP/1.1 GET http://localhost:5062/api/PostAPI/postlist - 200 494 application/json; charset=utf-8 4.2477ms
2024-11-30 17:10:47.092 +01:00 [INF] Request finished HTTP/1.1 GET http://localhost:5062/api/UserAPI/userlist - 200 1221 application/json; charset=utf-8 4.3177ms
2024-11-30 17:10:47.092 +01:00 [INF] Executed action friendly.Controllers.CommentAPIController.CommentList (api) in 3.03ms
2024-11-30 17:10:47.093 +01:00 [INF] Executed endpoint 'friendly.Controllers.CommentAPIController.CommentList (api)'
2024-11-30 17:10:47.093 +01:00 [INF] Request finished HTTP/1.1 GET http://localhost:5062/api/CommentAPI/commentlist - 200 441 application/json; charset=utf-8 4.7908ms
2024-11-30 17:10:47.095 +01:00 [INF] Request starting HTTP/1.1 GET http://localhost:5062/api/LikeAPI/likes/2 - null null
2024-11-30 17:10:47.095 +01:00 [INF] Request starting HTTP/1.1 GET http://localhost:5062/api/LikeAPI/likes/1 - null null
2024-11-30 17:10:47.095 +01:00 [INF] Request starting HTTP/1.1 GET http://localhost:5062/api/LikeAPI/likes/3 - null null
2024-11-30 17:10:47.096 +01:00 [INF] CORS policy execution successful.
2024-11-30 17:10:47.096 +01:00 [INF] CORS policy execution successful.
2024-11-30 17:10:47.096 +01:00 [INF] CORS policy execution successful.
2024-11-30 17:10:47.096 +01:00 [INF] Executing endpoint 'friendly.Controllers.LikeAPIController.GetLikesCount (api)'
2024-11-30 17:10:47.096 +01:00 [INF] Executing endpoint 'friendly.Controllers.LikeAPIController.GetLikesCount (api)'
2024-11-30 17:10:47.096 +01:00 [INF] Executing endpoint 'friendly.Controllers.LikeAPIController.GetLikesCount (api)'
2024-11-30 17:10:47.096 +01:00 [INF] Route matched with {action = "GetLikesCount", controller = "LikeAPI"}. Executing controller action with signature System.Threading.Tasks.Task`1[Microsoft.AspNetCore.Mvc.IActionResult] GetLikesCount(Int32) on controller friendly.Controllers.LikeAPIController (api).
2024-11-30 17:10:47.096 +01:00 [INF] Route matched with {action = "GetLikesCount", controller = "LikeAPI"}. Executing controller action with signature System.Threading.Tasks.Task`1[Microsoft.AspNetCore.Mvc.IActionResult] GetLikesCount(Int32) on controller friendly.Controllers.LikeAPIController (api).
2024-11-30 17:10:47.096 +01:00 [INF] Route matched with {action = "GetLikesCount", controller = "LikeAPI"}. Executing controller action with signature System.Threading.Tasks.Task`1[Microsoft.AspNetCore.Mvc.IActionResult] GetLikesCount(Int32) on controller friendly.Controllers.LikeAPIController (api).
2024-11-30 17:10:47.099 +01:00 [INF] Like count retrieved successfully for PostId: 3, Count: 0
2024-11-30 17:10:47.099 +01:00 [INF] Like count retrieved successfully for PostId: 2, Count: 0
2024-11-30 17:10:47.099 +01:00 [INF] Executing OkObjectResult, writing value of type 'System.Int32'.
2024-11-30 17:10:47.099 +01:00 [INF] Like count retrieved successfully for PostId: 1, Count: 0
2024-11-30 17:10:47.099 +01:00 [INF] Executing OkObjectResult, writing value of type 'System.Int32'.
2024-11-30 17:10:47.099 +01:00 [INF] Executed action friendly.Controllers.LikeAPIController.GetLikesCount (api) in 2.6242ms
2024-11-30 17:10:47.099 +01:00 [INF] Executing OkObjectResult, writing value of type 'System.Int32'.
2024-11-30 17:10:47.099 +01:00 [INF] Executed action friendly.Controllers.LikeAPIController.GetLikesCount (api) in 2.6112ms
2024-11-30 17:10:47.099 +01:00 [INF] Executed endpoint 'friendly.Controllers.LikeAPIController.GetLikesCount (api)'
2024-11-30 17:10:47.099 +01:00 [INF] Executed action friendly.Controllers.LikeAPIController.GetLikesCount (api) in 2.7992ms
2024-11-30 17:10:47.099 +01:00 [INF] Executed endpoint 'friendly.Controllers.LikeAPIController.GetLikesCount (api)'
2024-11-30 17:10:47.099 +01:00 [INF] Request finished HTTP/1.1 GET http://localhost:5062/api/LikeAPI/likes/1 - 200 1 application/json; charset=utf-8 3.9129ms
2024-11-30 17:10:47.099 +01:00 [INF] Request finished HTTP/1.1 GET http://localhost:5062/api/LikeAPI/likes/3 - 200 1 application/json; charset=utf-8 3.9282ms
2024-11-30 17:10:47.099 +01:00 [INF] Executed endpoint 'friendly.Controllers.LikeAPIController.GetLikesCount (api)'
2024-11-30 17:10:47.100 +01:00 [INF] Request finished HTTP/1.1 GET http://localhost:5062/api/LikeAPI/likes/2 - 200 1 application/json; charset=utf-8 4.1584ms
2024-11-30 17:10:47.715 +01:00 [INF] Request starting HTTP/1.1 OPTIONS http://localhost:5062/api/likeapi/create - null 0
2024-11-30 17:10:47.716 +01:00 [INF] CORS policy execution successful.
2024-11-30 17:10:47.716 +01:00 [INF] Request finished HTTP/1.1 OPTIONS http://localhost:5062/api/likeapi/create - 204 null null 0.3503ms
2024-11-30 17:10:47.717 +01:00 [INF] Request starting HTTP/1.1 POST http://localhost:5062/api/likeapi/create - application/json 60
2024-11-30 17:10:47.717 +01:00 [INF] CORS policy execution successful.
2024-11-30 17:10:47.717 +01:00 [INF] Executing endpoint 'friendly.Controllers.LikeAPIController.CreateLike (api)'
2024-11-30 17:10:47.717 +01:00 [INF] Route matched with {action = "CreateLike", controller = "LikeAPI"}. Executing controller action with signature System.Threading.Tasks.Task`1[Microsoft.AspNetCore.Mvc.IActionResult] CreateLike(friendly.DTOs.LikeDto) on controller friendly.Controllers.LikeAPIController (api).
2024-11-30 17:10:47.720 +01:00 [INF] Like created successfully for PostId: 1 and UserId: d142d576-3301-4b2f-9104-ebb87b43cf3b
2024-11-30 17:10:47.720 +01:00 [INF] Executing OkObjectResult, writing value of type '<>f__AnonymousType1`1[[System.String, System.Private.CoreLib, Version=8.0.0.0, Culture=neutral, PublicKeyToken=7cec85d7bea7798e]]'.
2024-11-30 17:10:47.721 +01:00 [INF] Executed action friendly.Controllers.LikeAPIController.CreateLike (api) in 3.4892ms
2024-11-30 17:10:47.721 +01:00 [INF] Executed endpoint 'friendly.Controllers.LikeAPIController.CreateLike (api)'
2024-11-30 17:10:47.721 +01:00 [INF] Request finished HTTP/1.1 POST http://localhost:5062/api/likeapi/create - 200 39 application/json; charset=utf-8 4.1745ms
2024-11-30 17:10:47.723 +01:00 [INF] Request starting HTTP/1.1 GET http://localhost:5062/api/PostAPI/postlist - null null
2024-11-30 17:10:47.723 +01:00 [INF] CORS policy execution successful.
2024-11-30 17:10:47.723 +01:00 [INF] Request starting HTTP/1.1 GET http://localhost:5062/api/CommentAPI/commentlist - null null
2024-11-30 17:10:47.723 +01:00 [INF] CORS policy execution successful.
2024-11-30 17:10:47.723 +01:00 [INF] Executing endpoint 'friendly.Controllers.CommentAPIController.CommentList (api)'
2024-11-30 17:10:47.723 +01:00 [INF] Request starting HTTP/1.1 GET http://localhost:5062/api/UserAPI/userlist - null null
2024-11-30 17:10:47.723 +01:00 [INF] Executing endpoint 'friendly.Controllers.PostAPIController.PostList (api)'
2024-11-30 17:10:47.723 +01:00 [INF] CORS policy execution successful.
2024-11-30 17:10:47.723 +01:00 [INF] Route matched with {action = "PostList", controller = "PostAPI"}. Executing controller action with signature System.Threading.Tasks.Task`1[Microsoft.AspNetCore.Mvc.IActionResult] PostList() on controller friendly.Controllers.PostAPIController (api).
2024-11-30 17:10:47.723 +01:00 [INF] Route matched with {action = "CommentList", controller = "CommentAPI"}. Executing controller action with signature System.Threading.Tasks.Task`1[Microsoft.AspNetCore.Mvc.IActionResult] CommentList() on controller friendly.Controllers.CommentAPIController (api).
2024-11-30 17:10:47.724 +01:00 [INF] Executing endpoint 'friendly.Controllers.UserAPIController.UserList (api)'
2024-11-30 17:10:47.724 +01:00 [INF] Route matched with {action = "UserList", controller = "UserAPI"}. Executing controller action with signature System.Threading.Tasks.Task`1[Microsoft.AspNetCore.Mvc.IActionResult] UserList() on controller friendly.Controllers.UserAPIController (api).
2024-11-30 17:10:47.725 +01:00 [INF] Executing OkObjectResult, writing value of type 'System.Linq.Enumerable+SelectListIterator`2[[friendly.Models.Post, api, Version=0.0.0.0, Culture=neutral, PublicKeyToken=null],[friendly.DTOs.PostDto, api, Version=0.0.0.0, Culture=neutral, PublicKeyToken=null]]'.
2024-11-30 17:10:47.725 +01:00 [INF] Executing OkObjectResult, writing value of type 'System.Linq.Enumerable+SelectListIterator`2[[friendly.Models.Comment, api, Version=0.0.0.0, Culture=neutral, PublicKeyToken=null],[friendly.DTOs.CommentDto, api, Version=0.0.0.0, Culture=neutral, PublicKeyToken=null]]'.
2024-11-30 17:10:47.725 +01:00 [INF] Executed action friendly.Controllers.CommentAPIController.CommentList (api) in 1.4598ms
2024-11-30 17:10:47.725 +01:00 [INF] Executed endpoint 'friendly.Controllers.CommentAPIController.CommentList (api)'
2024-11-30 17:10:47.725 +01:00 [INF] Executing OkObjectResult, writing value of type 'System.Linq.Enumerable+SelectListIterator`2[[friendly.Models.User, api, Version=0.0.0.0, Culture=neutral, PublicKeyToken=null],[friendly.DTOs.UserDto, api, Version=0.0.0.0, Culture=neutral, PublicKeyToken=null]]'.
2024-11-30 17:10:47.725 +01:00 [INF] Executed action friendly.Controllers.PostAPIController.PostList (api) in 1.481ms
2024-11-30 17:10:47.725 +01:00 [INF] Executed endpoint 'friendly.Controllers.PostAPIController.PostList (api)'
2024-11-30 17:10:47.725 +01:00 [INF] Request finished HTTP/1.1 GET http://localhost:5062/api/CommentAPI/commentlist - 200 441 application/json; charset=utf-8 1.9883ms
2024-11-30 17:10:47.725 +01:00 [INF] Request finished HTTP/1.1 GET http://localhost:5062/api/PostAPI/postlist - 200 494 application/json; charset=utf-8 2.3381ms
2024-11-30 17:10:47.725 +01:00 [INF] Executed action friendly.Controllers.UserAPIController.UserList (api) in 1.6646ms
2024-11-30 17:10:47.725 +01:00 [INF] Executed endpoint 'friendly.Controllers.UserAPIController.UserList (api)'
2024-11-30 17:10:47.725 +01:00 [INF] Request finished HTTP/1.1 GET http://localhost:5062/api/UserAPI/userlist - 200 1221 application/json; charset=utf-8 2.1165ms
2024-11-30 17:10:47.727 +01:00 [INF] Request starting HTTP/1.1 GET http://localhost:5062/api/LikeAPI/likes/1 - null null
2024-11-30 17:10:47.727 +01:00 [INF] CORS policy execution successful.
2024-11-30 17:10:47.727 +01:00 [INF] Executing endpoint 'friendly.Controllers.LikeAPIController.GetLikesCount (api)'
2024-11-30 17:10:47.727 +01:00 [INF] Request starting HTTP/1.1 GET http://localhost:5062/api/LikeAPI/likes/2 - null null
2024-11-30 17:10:47.727 +01:00 [INF] Request starting HTTP/1.1 GET http://localhost:5062/api/LikeAPI/likes/3 - null null
2024-11-30 17:10:47.727 +01:00 [INF] CORS policy execution successful.
2024-11-30 17:10:47.727 +01:00 [INF] Route matched with {action = "GetLikesCount", controller = "LikeAPI"}. Executing controller action with signature System.Threading.Tasks.Task`1[Microsoft.AspNetCore.Mvc.IActionResult] GetLikesCount(Int32) on controller friendly.Controllers.LikeAPIController (api).
2024-11-30 17:10:47.727 +01:00 [INF] CORS policy execution successful.
2024-11-30 17:10:47.727 +01:00 [INF] Executing endpoint 'friendly.Controllers.LikeAPIController.GetLikesCount (api)'
2024-11-30 17:10:47.727 +01:00 [INF] Executing endpoint 'friendly.Controllers.LikeAPIController.GetLikesCount (api)'
2024-11-30 17:10:47.727 +01:00 [INF] Route matched with {action = "GetLikesCount", controller = "LikeAPI"}. Executing controller action with signature System.Threading.Tasks.Task`1[Microsoft.AspNetCore.Mvc.IActionResult] GetLikesCount(Int32) on controller friendly.Controllers.LikeAPIController (api).
2024-11-30 17:10:47.727 +01:00 [INF] Route matched with {action = "GetLikesCount", controller = "LikeAPI"}. Executing controller action with signature System.Threading.Tasks.Task`1[Microsoft.AspNetCore.Mvc.IActionResult] GetLikesCount(Int32) on controller friendly.Controllers.LikeAPIController (api).
2024-11-30 17:10:47.728 +01:00 [INF] Like count retrieved successfully for PostId: 1, Count: 1
2024-11-30 17:10:47.728 +01:00 [INF] Like count retrieved successfully for PostId: 3, Count: 0
2024-11-30 17:10:47.728 +01:00 [INF] Executing OkObjectResult, writing value of type 'System.Int32'.
2024-11-30 17:10:47.728 +01:00 [INF] Like count retrieved successfully for PostId: 2, Count: 0
2024-11-30 17:10:47.728 +01:00 [INF] Executing OkObjectResult, writing value of type 'System.Int32'.
2024-11-30 17:10:47.728 +01:00 [INF] Executed action friendly.Controllers.LikeAPIController.GetLikesCount (api) in 0.9253ms
2024-11-30 17:10:47.728 +01:00 [INF] Executed endpoint 'friendly.Controllers.LikeAPIController.GetLikesCount (api)'
2024-11-30 17:10:47.728 +01:00 [INF] Executed action friendly.Controllers.LikeAPIController.GetLikesCount (api) in 0.9611ms
2024-11-30 17:10:47.728 +01:00 [INF] Executed endpoint 'friendly.Controllers.LikeAPIController.GetLikesCount (api)'
2024-11-30 17:10:47.728 +01:00 [INF] Request finished HTTP/1.1 GET http://localhost:5062/api/LikeAPI/likes/3 - 200 1 application/json; charset=utf-8 1.1537ms
2024-11-30 17:10:47.728 +01:00 [INF] Request finished HTTP/1.1 GET http://localhost:5062/api/LikeAPI/likes/2 - 200 1 application/json; charset=utf-8 1.2161ms
2024-11-30 17:10:47.728 +01:00 [INF] Executing OkObjectResult, writing value of type 'System.Int32'.
2024-11-30 17:10:47.729 +01:00 [INF] Executed action friendly.Controllers.LikeAPIController.GetLikesCount (api) in 1.2636ms
2024-11-30 17:10:47.729 +01:00 [INF] Executed endpoint 'friendly.Controllers.LikeAPIController.GetLikesCount (api)'
2024-11-30 17:10:47.729 +01:00 [INF] Request finished HTTP/1.1 GET http://localhost:5062/api/LikeAPI/likes/1 - 200 1 application/json; charset=utf-8 1.6691ms
2024-11-30 17:10:48.588 +01:00 [INF] Request starting HTTP/1.1 DELETE http://localhost:5062/api/likeapi/delete - application/json 60
2024-11-30 17:10:48.588 +01:00 [INF] CORS policy execution successful.
2024-11-30 17:10:48.589 +01:00 [INF] Executing endpoint 'friendly.Controllers.LikeAPIController.DeleteLike (api)'
2024-11-30 17:10:48.589 +01:00 [INF] Route matched with {action = "DeleteLike", controller = "LikeAPI"}. Executing controller action with signature System.Threading.Tasks.Task`1[Microsoft.AspNetCore.Mvc.IActionResult] DeleteLike(friendly.DTOs.LikeDto) on controller friendly.Controllers.LikeAPIController (api).
2024-11-30 17:10:48.594 +01:00 [INF] Like deleted successfully for PostId: 1 and UserId: d142d576-3301-4b2f-9104-ebb87b43cf3b
2024-11-30 17:10:48.594 +01:00 [INF] Executing StatusCodeResult, setting HTTP status code 200
2024-11-30 17:10:48.595 +01:00 [INF] Executed action friendly.Controllers.LikeAPIController.DeleteLike (api) in 5.2413ms
2024-11-30 17:10:48.595 +01:00 [INF] Executed endpoint 'friendly.Controllers.LikeAPIController.DeleteLike (api)'
2024-11-30 17:10:48.595 +01:00 [INF] Request finished HTTP/1.1 DELETE http://localhost:5062/api/likeapi/delete - 200 0 null 6.8429ms
2024-11-30 17:10:48.607 +01:00 [INF] Request starting HTTP/1.1 GET http://localhost:5062/api/CommentAPI/commentlist - null null
2024-11-30 17:10:48.608 +01:00 [INF] Request starting HTTP/1.1 GET http://localhost:5062/api/PostAPI/postlist - null null
2024-11-30 17:10:48.608 +01:00 [INF] CORS policy execution successful.
2024-11-30 17:10:48.608 +01:00 [INF] Executing endpoint 'friendly.Controllers.CommentAPIController.CommentList (api)'
2024-11-30 17:10:48.608 +01:00 [INF] Route matched with {action = "CommentList", controller = "CommentAPI"}. Executing controller action with signature System.Threading.Tasks.Task`1[Microsoft.AspNetCore.Mvc.IActionResult] CommentList() on controller friendly.Controllers.CommentAPIController (api).
2024-11-30 17:10:48.608 +01:00 [INF] Request starting HTTP/1.1 GET http://localhost:5062/api/UserAPI/userlist - null null
2024-11-30 17:10:48.610 +01:00 [INF] CORS policy execution successful.
2024-11-30 17:10:48.610 +01:00 [INF] CORS policy execution successful.
2024-11-30 17:10:48.610 +01:00 [INF] Executing endpoint 'friendly.Controllers.UserAPIController.UserList (api)'
2024-11-30 17:10:48.610 +01:00 [INF] Executing endpoint 'friendly.Controllers.PostAPIController.PostList (api)'
2024-11-30 17:10:48.610 +01:00 [INF] Route matched with {action = "UserList", controller = "UserAPI"}. Executing controller action with signature System.Threading.Tasks.Task`1[Microsoft.AspNetCore.Mvc.IActionResult] UserList() on controller friendly.Controllers.UserAPIController (api).
2024-11-30 17:10:48.611 +01:00 [INF] Executing OkObjectResult, writing value of type 'System.Linq.Enumerable+SelectListIterator`2[[friendly.Models.Comment, api, Version=0.0.0.0, Culture=neutral, PublicKeyToken=null],[friendly.DTOs.CommentDto, api, Version=0.0.0.0, Culture=neutral, PublicKeyToken=null]]'.
2024-11-30 17:10:48.611 +01:00 [INF] Executed action friendly.Controllers.CommentAPIController.CommentList (api) in 2.8162ms
2024-11-30 17:10:48.611 +01:00 [INF] Executed endpoint 'friendly.Controllers.CommentAPIController.CommentList (api)'
2024-11-30 17:10:48.611 +01:00 [INF] Request finished HTTP/1.1 GET http://localhost:5062/api/CommentAPI/commentlist - 200 441 application/json; charset=utf-8 3.7322ms
2024-11-30 17:10:48.611 +01:00 [INF] Executing OkObjectResult, writing value of type 'System.Linq.Enumerable+SelectListIterator`2[[friendly.Models.User, api, Version=0.0.0.0, Culture=neutral, PublicKeyToken=null],[friendly.DTOs.UserDto, api, Version=0.0.0.0, Culture=neutral, PublicKeyToken=null]]'.
2024-11-30 17:10:48.612 +01:00 [INF] Executed action friendly.Controllers.UserAPIController.UserList (api) in 1.4774ms
2024-11-30 17:10:48.612 +01:00 [INF] Executed endpoint 'friendly.Controllers.UserAPIController.UserList (api)'
2024-11-30 17:10:48.612 +01:00 [INF] Request finished HTTP/1.1 GET http://localhost:5062/api/UserAPI/userlist - 200 1221 application/json; charset=utf-8 4.1ms
2024-11-30 17:10:48.610 +01:00 [INF] Route matched with {action = "PostList", controller = "PostAPI"}. Executing controller action with signature System.Threading.Tasks.Task`1[Microsoft.AspNetCore.Mvc.IActionResult] PostList() on controller friendly.Controllers.PostAPIController (api).
2024-11-30 17:10:48.613 +01:00 [INF] Executing OkObjectResult, writing value of type 'System.Linq.Enumerable+SelectListIterator`2[[friendly.Models.Post, api, Version=0.0.0.0, Culture=neutral, PublicKeyToken=null],[friendly.DTOs.PostDto, api, Version=0.0.0.0, Culture=neutral, PublicKeyToken=null]]'.
2024-11-30 17:10:48.613 +01:00 [INF] Executed action friendly.Controllers.PostAPIController.PostList (api) in 1.3717ms
2024-11-30 17:10:48.613 +01:00 [INF] Executed endpoint 'friendly.Controllers.PostAPIController.PostList (api)'
2024-11-30 17:10:48.613 +01:00 [INF] Request finished HTTP/1.1 GET http://localhost:5062/api/PostAPI/postlist - 200 494 application/json; charset=utf-8 5.7735ms
2024-11-30 17:10:48.617 +01:00 [INF] Request starting HTTP/1.1 GET http://localhost:5062/api/LikeAPI/likes/2 - null null
2024-11-30 17:10:48.617 +01:00 [INF] Request starting HTTP/1.1 GET http://localhost:5062/api/LikeAPI/likes/1 - null null
2024-11-30 17:10:48.617 +01:00 [INF] CORS policy execution successful.
2024-11-30 17:10:48.617 +01:00 [INF] CORS policy execution successful.
2024-11-30 17:10:48.617 +01:00 [INF] Request starting HTTP/1.1 GET http://localhost:5062/api/LikeAPI/likes/3 - null null
2024-11-30 17:10:48.617 +01:00 [INF] CORS policy execution successful.
2024-11-30 17:10:48.617 +01:00 [INF] Executing endpoint 'friendly.Controllers.LikeAPIController.GetLikesCount (api)'
2024-11-30 17:10:48.618 +01:00 [INF] Route matched with {action = "GetLikesCount", controller = "LikeAPI"}. Executing controller action with signature System.Threading.Tasks.Task`1[Microsoft.AspNetCore.Mvc.IActionResult] GetLikesCount(Int32) on controller friendly.Controllers.LikeAPIController (api).
2024-11-30 17:10:48.618 +01:00 [INF] Executing endpoint 'friendly.Controllers.LikeAPIController.GetLikesCount (api)'
2024-11-30 17:10:48.618 +01:00 [INF] Route matched with {action = "GetLikesCount", controller = "LikeAPI"}. Executing controller action with signature System.Threading.Tasks.Task`1[Microsoft.AspNetCore.Mvc.IActionResult] GetLikesCount(Int32) on controller friendly.Controllers.LikeAPIController (api).
2024-11-30 17:10:48.619 +01:00 [INF] Like count retrieved successfully for PostId: 3, Count: 0
2024-11-30 17:10:48.619 +01:00 [INF] Executing OkObjectResult, writing value of type 'System.Int32'.
2024-11-30 17:10:48.619 +01:00 [INF] Executed action friendly.Controllers.LikeAPIController.GetLikesCount (api) in 1.5468ms
2024-11-30 17:10:48.619 +01:00 [INF] Executed endpoint 'friendly.Controllers.LikeAPIController.GetLikesCount (api)'
2024-11-30 17:10:48.617 +01:00 [INF] Executing endpoint 'friendly.Controllers.LikeAPIController.GetLikesCount (api)'
2024-11-30 17:10:48.619 +01:00 [INF] Request finished HTTP/1.1 GET http://localhost:5062/api/LikeAPI/likes/3 - 200 1 application/json; charset=utf-8 2.4535ms
2024-11-30 17:10:48.619 +01:00 [INF] Route matched with {action = "GetLikesCount", controller = "LikeAPI"}. Executing controller action with signature System.Threading.Tasks.Task`1[Microsoft.AspNetCore.Mvc.IActionResult] GetLikesCount(Int32) on controller friendly.Controllers.LikeAPIController (api).
2024-11-30 17:10:48.620 +01:00 [INF] Like count retrieved successfully for PostId: 2, Count: 0
2024-11-30 17:10:48.620 +01:00 [INF] Executing OkObjectResult, writing value of type 'System.Int32'.
2024-11-30 17:10:48.620 +01:00 [INF] Executed action friendly.Controllers.LikeAPIController.GetLikesCount (api) in 2.0787ms
2024-11-30 17:10:48.620 +01:00 [INF] Executed endpoint 'friendly.Controllers.LikeAPIController.GetLikesCount (api)'
2024-11-30 17:10:48.620 +01:00 [INF] Request finished HTTP/1.1 GET http://localhost:5062/api/LikeAPI/likes/2 - 200 1 application/json; charset=utf-8 2.8207ms
2024-11-30 17:10:48.620 +01:00 [INF] Like count retrieved successfully for PostId: 1, Count: 0
2024-11-30 17:10:48.620 +01:00 [INF] Executing OkObjectResult, writing value of type 'System.Int32'.
2024-11-30 17:10:48.621 +01:00 [INF] Executed action friendly.Controllers.LikeAPIController.GetLikesCount (api) in 1.0895ms
2024-11-30 17:10:48.621 +01:00 [INF] Executed endpoint 'friendly.Controllers.LikeAPIController.GetLikesCount (api)'
2024-11-30 17:10:48.621 +01:00 [INF] Request finished HTTP/1.1 GET http://localhost:5062/api/LikeAPI/likes/1 - 200 1 application/json; charset=utf-8 3.5551ms
2024-11-30 17:10:51.509 +01:00 [INF] Request starting HTTP/1.1 POST http://localhost:5062/api/likeapi/create - application/json 60
2024-11-30 17:10:51.510 +01:00 [INF] CORS policy execution successful.
2024-11-30 17:10:51.510 +01:00 [INF] Executing endpoint 'friendly.Controllers.LikeAPIController.CreateLike (api)'
2024-11-30 17:10:51.510 +01:00 [INF] Route matched with {action = "CreateLike", controller = "LikeAPI"}. Executing controller action with signature System.Threading.Tasks.Task`1[Microsoft.AspNetCore.Mvc.IActionResult] CreateLike(friendly.DTOs.LikeDto) on controller friendly.Controllers.LikeAPIController (api).
2024-11-30 17:10:51.514 +01:00 [INF] Like created successfully for PostId: 2 and UserId: d142d576-3301-4b2f-9104-ebb87b43cf3b
2024-11-30 17:10:51.514 +01:00 [INF] Executing OkObjectResult, writing value of type '<>f__AnonymousType1`1[[System.String, System.Private.CoreLib, Version=8.0.0.0, Culture=neutral, PublicKeyToken=7cec85d7bea7798e]]'.
2024-11-30 17:10:51.514 +01:00 [INF] Executed action friendly.Controllers.LikeAPIController.CreateLike (api) in 4.0534ms
2024-11-30 17:10:51.514 +01:00 [INF] Executed endpoint 'friendly.Controllers.LikeAPIController.CreateLike (api)'
2024-11-30 17:10:51.514 +01:00 [INF] Request finished HTTP/1.1 POST http://localhost:5062/api/likeapi/create - 200 39 application/json; charset=utf-8 5.0419ms
2024-11-30 17:10:51.517 +01:00 [INF] Request starting HTTP/1.1 GET http://localhost:5062/api/PostAPI/postlist - null null
2024-11-30 17:10:51.517 +01:00 [INF] CORS policy execution successful.
2024-11-30 17:10:51.517 +01:00 [INF] Executing endpoint 'friendly.Controllers.PostAPIController.PostList (api)'
2024-11-30 17:10:51.517 +01:00 [INF] Request starting HTTP/1.1 GET http://localhost:5062/api/UserAPI/userlist - null null
2024-11-30 17:10:51.517 +01:00 [INF] Route matched with {action = "PostList", controller = "PostAPI"}. Executing controller action with signature System.Threading.Tasks.Task`1[Microsoft.AspNetCore.Mvc.IActionResult] PostList() on controller friendly.Controllers.PostAPIController (api).
2024-11-30 17:10:51.517 +01:00 [INF] Request starting HTTP/1.1 GET http://localhost:5062/api/CommentAPI/commentlist - null null
2024-11-30 17:10:51.517 +01:00 [INF] CORS policy execution successful.
2024-11-30 17:10:51.517 +01:00 [INF] CORS policy execution successful.
2024-11-30 17:10:51.517 +01:00 [INF] Executing endpoint 'friendly.Controllers.UserAPIController.UserList (api)'
2024-11-30 17:10:51.517 +01:00 [INF] Executing endpoint 'friendly.Controllers.CommentAPIController.CommentList (api)'
2024-11-30 17:10:51.517 +01:00 [INF] Route matched with {action = "UserList", controller = "UserAPI"}. Executing controller action with signature System.Threading.Tasks.Task`1[Microsoft.AspNetCore.Mvc.IActionResult] UserList() on controller friendly.Controllers.UserAPIController (api).
2024-11-30 17:10:51.517 +01:00 [INF] Route matched with {action = "CommentList", controller = "CommentAPI"}. Executing controller action with signature System.Threading.Tasks.Task`1[Microsoft.AspNetCore.Mvc.IActionResult] CommentList() on controller friendly.Controllers.CommentAPIController (api).
2024-11-30 17:10:51.518 +01:00 [INF] Executing OkObjectResult, writing value of type 'System.Linq.Enumerable+SelectListIterator`2[[friendly.Models.Comment, api, Version=0.0.0.0, Culture=neutral, PublicKeyToken=null],[friendly.DTOs.CommentDto, api, Version=0.0.0.0, Culture=neutral, PublicKeyToken=null]]'.
2024-11-30 17:10:51.519 +01:00 [INF] Executed action friendly.Controllers.CommentAPIController.CommentList (api) in 1.1912ms
2024-11-30 17:10:51.519 +01:00 [INF] Executed endpoint 'friendly.Controllers.CommentAPIController.CommentList (api)'
2024-11-30 17:10:51.519 +01:00 [INF] Request finished HTTP/1.1 GET http://localhost:5062/api/CommentAPI/commentlist - 200 441 application/json; charset=utf-8 1.4715ms
2024-11-30 17:10:51.519 +01:00 [INF] Executing OkObjectResult, writing value of type 'System.Linq.Enumerable+SelectListIterator`2[[friendly.Models.User, api, Version=0.0.0.0, Culture=neutral, PublicKeyToken=null],[friendly.DTOs.UserDto, api, Version=0.0.0.0, Culture=neutral, PublicKeyToken=null]]'.
2024-11-30 17:10:51.519 +01:00 [INF] Executing OkObjectResult, writing value of type 'System.Linq.Enumerable+SelectListIterator`2[[friendly.Models.Post, api, Version=0.0.0.0, Culture=neutral, PublicKeyToken=null],[friendly.DTOs.PostDto, api, Version=0.0.0.0, Culture=neutral, PublicKeyToken=null]]'.
2024-11-30 17:10:51.519 +01:00 [INF] Executed action friendly.Controllers.PostAPIController.PostList (api) in 1.8319ms
2024-11-30 17:10:51.519 +01:00 [INF] Executed action friendly.Controllers.UserAPIController.UserList (api) in 1.6676ms
2024-11-30 17:10:51.519 +01:00 [INF] Executed endpoint 'friendly.Controllers.PostAPIController.PostList (api)'
2024-11-30 17:10:51.519 +01:00 [INF] Executed endpoint 'friendly.Controllers.UserAPIController.UserList (api)'
2024-11-30 17:10:51.519 +01:00 [INF] Request finished HTTP/1.1 GET http://localhost:5062/api/PostAPI/postlist - 200 494 application/json; charset=utf-8 2.464ms
2024-11-30 17:10:51.519 +01:00 [INF] Request finished HTTP/1.1 GET http://localhost:5062/api/UserAPI/userlist - 200 1221 application/json; charset=utf-8 2.0162ms
2024-11-30 17:10:51.521 +01:00 [INF] Request starting HTTP/1.1 GET http://localhost:5062/api/LikeAPI/likes/1 - null null
2024-11-30 17:10:51.521 +01:00 [INF] CORS policy execution successful.
2024-11-30 17:10:51.521 +01:00 [INF] Request starting HTTP/1.1 GET http://localhost:5062/api/LikeAPI/likes/2 - null null
2024-11-30 17:10:51.522 +01:00 [INF] Request starting HTTP/1.1 GET http://localhost:5062/api/LikeAPI/likes/3 - null null
2024-11-30 17:10:51.522 +01:00 [INF] CORS policy execution successful.
2024-11-30 17:10:51.522 +01:00 [INF] CORS policy execution successful.
2024-11-30 17:10:51.522 +01:00 [INF] Executing endpoint 'friendly.Controllers.LikeAPIController.GetLikesCount (api)'
2024-11-30 17:10:51.522 +01:00 [INF] Executing endpoint 'friendly.Controllers.LikeAPIController.GetLikesCount (api)'
2024-11-30 17:10:51.522 +01:00 [INF] Executing endpoint 'friendly.Controllers.LikeAPIController.GetLikesCount (api)'
2024-11-30 17:10:51.522 +01:00 [INF] Route matched with {action = "GetLikesCount", controller = "LikeAPI"}. Executing controller action with signature System.Threading.Tasks.Task`1[Microsoft.AspNetCore.Mvc.IActionResult] GetLikesCount(Int32) on controller friendly.Controllers.LikeAPIController (api).
2024-11-30 17:10:51.522 +01:00 [INF] Route matched with {action = "GetLikesCount", controller = "LikeAPI"}. Executing controller action with signature System.Threading.Tasks.Task`1[Microsoft.AspNetCore.Mvc.IActionResult] GetLikesCount(Int32) on controller friendly.Controllers.LikeAPIController (api).
2024-11-30 17:10:51.522 +01:00 [INF] Route matched with {action = "GetLikesCount", controller = "LikeAPI"}. Executing controller action with signature System.Threading.Tasks.Task`1[Microsoft.AspNetCore.Mvc.IActionResult] GetLikesCount(Int32) on controller friendly.Controllers.LikeAPIController (api).
2024-11-30 17:10:51.523 +01:00 [INF] Like count retrieved successfully for PostId: 3, Count: 0
2024-11-30 17:10:51.523 +01:00 [INF] Like count retrieved successfully for PostId: 1, Count: 0
2024-11-30 17:10:51.523 +01:00 [INF] Executing OkObjectResult, writing value of type 'System.Int32'.
2024-11-30 17:10:51.523 +01:00 [INF] Like count retrieved successfully for PostId: 2, Count: 1
2024-11-30 17:10:51.523 +01:00 [INF] Executing OkObjectResult, writing value of type 'System.Int32'.
2024-11-30 17:10:51.523 +01:00 [INF] Executed action friendly.Controllers.LikeAPIController.GetLikesCount (api) in 1.676ms
2024-11-30 17:10:51.523 +01:00 [INF] Executed action friendly.Controllers.LikeAPIController.GetLikesCount (api) in 1.6977ms
2024-11-30 17:10:51.523 +01:00 [INF] Executed endpoint 'friendly.Controllers.LikeAPIController.GetLikesCount (api)'
2024-11-30 17:10:51.523 +01:00 [INF] Executed endpoint 'friendly.Controllers.LikeAPIController.GetLikesCount (api)'
2024-11-30 17:10:51.524 +01:00 [INF] Request finished HTTP/1.1 GET http://localhost:5062/api/LikeAPI/likes/1 - 200 1 application/json; charset=utf-8 2.228ms
2024-11-30 17:10:51.524 +01:00 [INF] Request finished HTTP/1.1 GET http://localhost:5062/api/LikeAPI/likes/2 - 200 1 application/json; charset=utf-8 2.0657ms
2024-11-30 17:10:51.523 +01:00 [INF] Executing OkObjectResult, writing value of type 'System.Int32'.
2024-11-30 17:10:51.524 +01:00 [INF] Executed action friendly.Controllers.LikeAPIController.GetLikesCount (api) in 1.9577ms
2024-11-30 17:10:51.524 +01:00 [INF] Executed endpoint 'friendly.Controllers.LikeAPIController.GetLikesCount (api)'
2024-11-30 17:10:51.524 +01:00 [INF] Request finished HTTP/1.1 GET http://localhost:5062/api/LikeAPI/likes/3 - 200 1 application/json; charset=utf-8 2.2477ms
2024-11-30 17:10:55.477 +01:00 [INF] Request starting HTTP/1.1 GET http://localhost:5062/swagger/index.html - null null
2024-11-30 17:10:55.523 +01:00 [INF] Request finished HTTP/1.1 GET http://localhost:5062/swagger/index.html - 200 null text/html;charset=utf-8 46.5294ms
2024-11-30 17:10:55.746 +01:00 [INF] Request starting HTTP/1.1 GET http://localhost:5062/swagger/v1/swagger.json - null null
2024-11-30 17:10:55.793 +01:00 [INF] Request finished HTTP/1.1 GET http://localhost:5062/swagger/v1/swagger.json - 200 null application/json;charset=utf-8 46.6332ms
2024-11-30 17:11:02.486 +01:00 [INF] Request starting HTTP/1.1 GET http://localhost:5062/api/LikeAPI/likes/2 - null null
2024-11-30 17:11:02.489 +01:00 [INF] Executing endpoint 'friendly.Controllers.LikeAPIController.GetLikesCount (api)'
2024-11-30 17:11:02.489 +01:00 [INF] Route matched with {action = "GetLikesCount", controller = "LikeAPI"}. Executing controller action with signature System.Threading.Tasks.Task`1[Microsoft.AspNetCore.Mvc.IActionResult] GetLikesCount(Int32) on controller friendly.Controllers.LikeAPIController (api).
2024-11-30 17:11:02.501 +01:00 [INF] Like count retrieved successfully for PostId: 2, Count: 1
2024-11-30 17:11:02.503 +01:00 [INF] Executing OkObjectResult, writing value of type 'System.Int32'.
2024-11-30 17:11:02.504 +01:00 [INF] Executed action friendly.Controllers.LikeAPIController.GetLikesCount (api) in 14.3002ms
2024-11-30 17:11:02.504 +01:00 [INF] Executed endpoint 'friendly.Controllers.LikeAPIController.GetLikesCount (api)'
2024-11-30 17:11:02.504 +01:00 [INF] Request finished HTTP/1.1 GET http://localhost:5062/api/LikeAPI/likes/2 - 200 1 application/json; charset=utf-8 18.018ms
2024-11-30 17:14:31.622 +01:00 [INF] Request starting HTTP/1.1 OPTIONS http://localhost:5062/api/CommentAPI/create - null 0
2024-11-30 17:14:31.624 +01:00 [INF] CORS policy execution successful.
2024-11-30 17:14:31.625 +01:00 [INF] Request finished HTTP/1.1 OPTIONS http://localhost:5062/api/CommentAPI/create - 204 null null 2.9905ms
2024-11-30 17:14:31.625 +01:00 [INF] Request starting HTTP/1.1 POST http://localhost:5062/api/CommentAPI/create - application/json 122
2024-11-30 17:14:31.626 +01:00 [INF] CORS policy execution successful.
2024-11-30 17:14:31.627 +01:00 [INF] Executing endpoint 'friendly.Controllers.CommentAPIController.CreateComment (api)'
2024-11-30 17:14:31.641 +01:00 [INF] Route matched with {action = "CreateComment", controller = "CommentAPI"}. Executing controller action with signature System.Threading.Tasks.Task`1[Microsoft.AspNetCore.Mvc.IActionResult] CreateComment(friendly.DTOs.CommentDto) on controller friendly.Controllers.CommentAPIController (api).
2024-11-30 17:14:31.662 +01:00 [INF] Executing CreatedAtActionResult, writing value of type 'friendly.DTOs.CommentDto'.
2024-11-30 17:14:31.675 +01:00 [INF] Executed action friendly.Controllers.CommentAPIController.CreateComment (api) in 34.2334ms
2024-11-30 17:14:31.675 +01:00 [INF] Executed endpoint 'friendly.Controllers.CommentAPIController.CreateComment (api)'
2024-11-30 17:14:31.675 +01:00 [INF] Request finished HTTP/1.1 POST http://localhost:5062/api/CommentAPI/create - 201 131 application/json; charset=utf-8 50.0652ms
2024-11-30 17:14:31.682 +01:00 [INF] Request starting HTTP/1.1 GET http://localhost:5062/uploads/profile-images/profileimage5.jpg - null null
2024-11-30 17:14:31.683 +01:00 [INF] The file /uploads/profile-images/profileimage5.jpg was not modified
2024-11-30 17:14:31.683 +01:00 [INF] Request finished HTTP/1.1 GET http://localhost:5062/uploads/profile-images/profileimage5.jpg - 304 null image/jpeg 1.0967ms
2024-11-30 17:18:00.708 +01:00 [INF] Request starting HTTP/1.1 GET http://localhost:5062/api/UserAPI/userlist - null null
2024-11-30 17:18:00.708 +01:00 [INF] Request starting HTTP/1.1 GET http://localhost:5062/api/PostAPI/postlist - null null
2024-11-30 17:18:00.708 +01:00 [INF] Request starting HTTP/1.1 GET http://localhost:5062/api/CommentAPI/commentlist - null null
2024-11-30 17:18:00.709 +01:00 [INF] CORS policy execution successful.
2024-11-30 17:18:00.709 +01:00 [INF] CORS policy execution successful.
2024-11-30 17:18:00.710 +01:00 [INF] Executing endpoint 'friendly.Controllers.UserAPIController.UserList (api)'
2024-11-30 17:18:00.710 +01:00 [INF] Executing endpoint 'friendly.Controllers.CommentAPIController.CommentList (api)'
2024-11-30 17:18:00.711 +01:00 [INF] Route matched with {action = "CommentList", controller = "CommentAPI"}. Executing controller action with signature System.Threading.Tasks.Task`1[Microsoft.AspNetCore.Mvc.IActionResult] CommentList() on controller friendly.Controllers.CommentAPIController (api).
2024-11-30 17:18:00.711 +01:00 [INF] Route matched with {action = "UserList", controller = "UserAPI"}. Executing controller action with signature System.Threading.Tasks.Task`1[Microsoft.AspNetCore.Mvc.IActionResult] UserList() on controller friendly.Controllers.UserAPIController (api).
2024-11-30 17:18:00.713 +01:00 [INF] CORS policy execution successful.
2024-11-30 17:18:00.713 +01:00 [INF] Executing endpoint 'friendly.Controllers.PostAPIController.PostList (api)'
2024-11-30 17:18:00.713 +01:00 [INF] Route matched with {action = "PostList", controller = "PostAPI"}. Executing controller action with signature System.Threading.Tasks.Task`1[Microsoft.AspNetCore.Mvc.IActionResult] PostList() on controller friendly.Controllers.PostAPIController (api).
2024-11-30 17:18:00.724 +01:00 [INF] Executing OkObjectResult, writing value of type 'System.Linq.Enumerable+SelectListIterator`2[[friendly.Models.Comment, api, Version=0.0.0.0, Culture=neutral, PublicKeyToken=null],[friendly.DTOs.CommentDto, api, Version=0.0.0.0, Culture=neutral, PublicKeyToken=null]]'.
2024-11-30 17:18:00.724 +01:00 [INF] Executed action friendly.Controllers.CommentAPIController.CommentList (api) in 13.0539ms
2024-11-30 17:18:00.724 +01:00 [INF] Executed endpoint 'friendly.Controllers.CommentAPIController.CommentList (api)'
2024-11-30 17:18:00.724 +01:00 [INF] Executing OkObjectResult, writing value of type 'System.Linq.Enumerable+SelectListIterator`2[[friendly.Models.Post, api, Version=0.0.0.0, Culture=neutral, PublicKeyToken=null],[friendly.DTOs.PostDto, api, Version=0.0.0.0, Culture=neutral, PublicKeyToken=null]]'.
2024-11-30 17:18:00.724 +01:00 [INF] Request finished HTTP/1.1 GET http://localhost:5062/api/CommentAPI/commentlist - 200 573 application/json; charset=utf-8 16.018ms
2024-11-30 17:18:00.724 +01:00 [INF] Executed action friendly.Controllers.PostAPIController.PostList (api) in 11.5862ms
2024-11-30 17:18:00.724 +01:00 [INF] Executed endpoint 'friendly.Controllers.PostAPIController.PostList (api)'
2024-11-30 17:18:00.725 +01:00 [INF] Request finished HTTP/1.1 GET http://localhost:5062/api/PostAPI/postlist - 200 494 application/json; charset=utf-8 16.407ms
2024-11-30 17:18:00.725 +01:00 [INF] Executing OkObjectResult, writing value of type 'System.Linq.Enumerable+SelectListIterator`2[[friendly.Models.User, api, Version=0.0.0.0, Culture=neutral, PublicKeyToken=null],[friendly.DTOs.UserDto, api, Version=0.0.0.0, Culture=neutral, PublicKeyToken=null]]'.
2024-11-30 17:18:00.726 +01:00 [INF] Executed action friendly.Controllers.UserAPIController.UserList (api) in 14.8184ms
2024-11-30 17:18:00.726 +01:00 [INF] Executed endpoint 'friendly.Controllers.UserAPIController.UserList (api)'
2024-11-30 17:18:00.726 +01:00 [INF] Request finished HTTP/1.1 GET http://localhost:5062/api/UserAPI/userlist - 200 1221 application/json; charset=utf-8 17.7998ms
2024-11-30 17:18:00.728 +01:00 [INF] Request starting HTTP/1.1 GET http://localhost:5062/api/LikeAPI/likes/1 - null null
2024-11-30 17:18:00.728 +01:00 [INF] Request starting HTTP/1.1 GET http://localhost:5062/api/LikeAPI/likes/2 - null null
2024-11-30 17:18:00.729 +01:00 [INF] CORS policy execution successful.
2024-11-30 17:18:00.729 +01:00 [INF] CORS policy execution successful.
2024-11-30 17:18:00.729 +01:00 [INF] Request starting HTTP/1.1 GET http://localhost:5062/api/LikeAPI/likes/3 - null null
2024-11-30 17:18:00.729 +01:00 [INF] CORS policy execution successful.
2024-11-30 17:18:00.729 +01:00 [INF] Executing endpoint 'friendly.Controllers.LikeAPIController.GetLikesCount (api)'
2024-11-30 17:18:00.729 +01:00 [INF] Executing endpoint 'friendly.Controllers.LikeAPIController.GetLikesCount (api)'
2024-11-30 17:18:00.729 +01:00 [INF] Executing endpoint 'friendly.Controllers.LikeAPIController.GetLikesCount (api)'
2024-11-30 17:18:00.729 +01:00 [INF] Route matched with {action = "GetLikesCount", controller = "LikeAPI"}. Executing controller action with signature System.Threading.Tasks.Task`1[Microsoft.AspNetCore.Mvc.IActionResult] GetLikesCount(Int32) on controller friendly.Controllers.LikeAPIController (api).
2024-11-30 17:18:00.729 +01:00 [INF] Route matched with {action = "GetLikesCount", controller = "LikeAPI"}. Executing controller action with signature System.Threading.Tasks.Task`1[Microsoft.AspNetCore.Mvc.IActionResult] GetLikesCount(Int32) on controller friendly.Controllers.LikeAPIController (api).
2024-11-30 17:18:00.729 +01:00 [INF] Route matched with {action = "GetLikesCount", controller = "LikeAPI"}. Executing controller action with signature System.Threading.Tasks.Task`1[Microsoft.AspNetCore.Mvc.IActionResult] GetLikesCount(Int32) on controller friendly.Controllers.LikeAPIController (api).
2024-11-30 17:18:00.733 +01:00 [INF] Like count retrieved successfully for PostId: 2, Count: 1
2024-11-30 17:18:00.733 +01:00 [INF] Like count retrieved successfully for PostId: 3, Count: 0
2024-11-30 17:18:00.733 +01:00 [INF] Like count retrieved successfully for PostId: 1, Count: 0
2024-11-30 17:18:00.733 +01:00 [INF] Executing OkObjectResult, writing value of type 'System.Int32'.
2024-11-30 17:18:00.733 +01:00 [INF] Executing OkObjectResult, writing value of type 'System.Int32'.
2024-11-30 17:18:00.733 +01:00 [INF] Executing OkObjectResult, writing value of type 'System.Int32'.
2024-11-30 17:18:00.733 +01:00 [INF] Executed action friendly.Controllers.LikeAPIController.GetLikesCount (api) in 4.3085ms
2024-11-30 17:18:00.733 +01:00 [INF] Executed action friendly.Controllers.LikeAPIController.GetLikesCount (api) in 4.4373ms
2024-11-30 17:18:00.733 +01:00 [INF] Executed endpoint 'friendly.Controllers.LikeAPIController.GetLikesCount (api)'
2024-11-30 17:18:00.733 +01:00 [INF] Request finished HTTP/1.1 GET http://localhost:5062/api/LikeAPI/likes/1 - 200 1 application/json; charset=utf-8 5.341ms
2024-11-30 17:18:00.733 +01:00 [INF] Executed endpoint 'friendly.Controllers.LikeAPIController.GetLikesCount (api)'
2024-11-30 17:18:00.734 +01:00 [INF] Request finished HTTP/1.1 GET http://localhost:5062/api/LikeAPI/likes/2 - 200 1 application/json; charset=utf-8 5.0567ms
2024-11-30 17:18:00.733 +01:00 [INF] Executed action friendly.Controllers.LikeAPIController.GetLikesCount (api) in 4.2987ms
2024-11-30 17:18:00.734 +01:00 [INF] Executed endpoint 'friendly.Controllers.LikeAPIController.GetLikesCount (api)'
2024-11-30 17:18:00.734 +01:00 [INF] Request finished HTTP/1.1 GET http://localhost:5062/api/LikeAPI/likes/3 - 200 1 application/json; charset=utf-8 5.0282ms
2024-11-30 17:18:03.182 +01:00 [INF] Request starting HTTP/1.1 GET http://localhost:5062/api/CommentAPI/comment/4 - null null
2024-11-30 17:18:03.195 +01:00 [INF] CORS policy execution successful.
2024-11-30 17:18:03.197 +01:00 [INF] Request finished HTTP/1.1 GET http://localhost:5062/api/CommentAPI/comment/4 - 404 0 null 15.0328ms
2024-11-30 17:18:03.201 +01:00 [INF] Request reached the end of the middleware pipeline without being handled by application code. Request path: GET http://localhost:5062/api/CommentAPI/comment/4, Response status code: 404
2024-11-30 17:18:05.961 +01:00 [INF] Request starting HTTP/1.1 GET http://localhost:5062/api/PostAPI/postlist - null null
2024-11-30 17:18:05.962 +01:00 [INF] CORS policy execution successful.
2024-11-30 17:18:05.963 +01:00 [INF] Request starting HTTP/1.1 GET http://localhost:5062/api/UserAPI/userlist - null null
2024-11-30 17:18:05.963 +01:00 [INF] CORS policy execution successful.
2024-11-30 17:18:05.963 +01:00 [INF] Executing endpoint 'friendly.Controllers.UserAPIController.UserList (api)'
2024-11-30 17:18:05.963 +01:00 [INF] Executing endpoint 'friendly.Controllers.PostAPIController.PostList (api)'
2024-11-30 17:18:05.963 +01:00 [INF] Request starting HTTP/1.1 GET http://localhost:5062/api/CommentAPI/commentlist - null null
2024-11-30 17:18:05.964 +01:00 [INF] CORS policy execution successful.
2024-11-30 17:18:05.964 +01:00 [INF] Route matched with {action = "UserList", controller = "UserAPI"}. Executing controller action with signature System.Threading.Tasks.Task`1[Microsoft.AspNetCore.Mvc.IActionResult] UserList() on controller friendly.Controllers.UserAPIController (api).
2024-11-30 17:18:05.965 +01:00 [INF] Executing endpoint 'friendly.Controllers.CommentAPIController.CommentList (api)'
2024-11-30 17:18:05.964 +01:00 [INF] Route matched with {action = "PostList", controller = "PostAPI"}. Executing controller action with signature System.Threading.Tasks.Task`1[Microsoft.AspNetCore.Mvc.IActionResult] PostList() on controller friendly.Controllers.PostAPIController (api).
2024-11-30 17:18:05.965 +01:00 [INF] Route matched with {action = "CommentList", controller = "CommentAPI"}. Executing controller action with signature System.Threading.Tasks.Task`1[Microsoft.AspNetCore.Mvc.IActionResult] CommentList() on controller friendly.Controllers.CommentAPIController (api).
2024-11-30 17:18:05.979 +01:00 [INF] Executing OkObjectResult, writing value of type 'System.Linq.Enumerable+SelectListIterator`2[[friendly.Models.Comment, api, Version=0.0.0.0, Culture=neutral, PublicKeyToken=null],[friendly.DTOs.CommentDto, api, Version=0.0.0.0, Culture=neutral, PublicKeyToken=null]]'.
2024-11-30 17:18:05.979 +01:00 [INF] Executed action friendly.Controllers.CommentAPIController.CommentList (api) in 13.59ms
2024-11-30 17:18:05.979 +01:00 [INF] Executed endpoint 'friendly.Controllers.CommentAPIController.CommentList (api)'
2024-11-30 17:18:05.979 +01:00 [INF] Request finished HTTP/1.1 GET http://localhost:5062/api/CommentAPI/commentlist - 200 573 application/json; charset=utf-8 16.1151ms
2024-11-30 17:18:05.980 +01:00 [INF] Executing OkObjectResult, writing value of type 'System.Linq.Enumerable+SelectListIterator`2[[friendly.Models.User, api, Version=0.0.0.0, Culture=neutral, PublicKeyToken=null],[friendly.DTOs.UserDto, api, Version=0.0.0.0, Culture=neutral, PublicKeyToken=null]]'.
2024-11-30 17:18:05.980 +01:00 [INF] Executed action friendly.Controllers.UserAPIController.UserList (api) in 15.1205ms
2024-11-30 17:18:05.980 +01:00 [INF] Executed endpoint 'friendly.Controllers.UserAPIController.UserList (api)'
2024-11-30 17:18:05.980 +01:00 [INF] Executing OkObjectResult, writing value of type 'System.Linq.Enumerable+SelectListIterator`2[[friendly.Models.Post, api, Version=0.0.0.0, Culture=neutral, PublicKeyToken=null],[friendly.DTOs.PostDto, api, Version=0.0.0.0, Culture=neutral, PublicKeyToken=null]]'.
2024-11-30 17:18:05.980 +01:00 [INF] Executed action friendly.Controllers.PostAPIController.PostList (api) in 15.0432ms
2024-11-30 17:18:05.980 +01:00 [INF] Executed endpoint 'friendly.Controllers.PostAPIController.PostList (api)'
2024-11-30 17:18:05.980 +01:00 [INF] Request finished HTTP/1.1 GET http://localhost:5062/api/PostAPI/postlist - 200 494 application/json; charset=utf-8 19.1496ms
2024-11-30 17:18:05.981 +01:00 [INF] Request finished HTTP/1.1 GET http://localhost:5062/api/UserAPI/userlist - 200 1221 application/json; charset=utf-8 17.8566ms
2024-11-30 17:18:05.985 +01:00 [INF] Request starting HTTP/1.1 GET http://localhost:5062/api/LikeAPI/likes/1 - null null
2024-11-30 17:18:05.987 +01:00 [INF] CORS policy execution successful.
2024-11-30 17:18:05.987 +01:00 [INF] Executing endpoint 'friendly.Controllers.LikeAPIController.GetLikesCount (api)'
2024-11-30 17:18:05.987 +01:00 [INF] Route matched with {action = "GetLikesCount", controller = "LikeAPI"}. Executing controller action with signature System.Threading.Tasks.Task`1[Microsoft.AspNetCore.Mvc.IActionResult] GetLikesCount(Int32) on controller friendly.Controllers.LikeAPIController (api).
2024-11-30 17:18:05.987 +01:00 [INF] Request starting HTTP/1.1 GET http://localhost:5062/api/LikeAPI/likes/2 - null null
2024-11-30 17:18:05.987 +01:00 [INF] CORS policy execution successful.
2024-11-30 17:18:05.987 +01:00 [INF] Executing endpoint 'friendly.Controllers.LikeAPIController.GetLikesCount (api)'
2024-11-30 17:18:05.987 +01:00 [INF] Route matched with {action = "GetLikesCount", controller = "LikeAPI"}. Executing controller action with signature System.Threading.Tasks.Task`1[Microsoft.AspNetCore.Mvc.IActionResult] GetLikesCount(Int32) on controller friendly.Controllers.LikeAPIController (api).
2024-11-30 17:18:05.988 +01:00 [INF] Request starting HTTP/1.1 GET http://localhost:5062/api/LikeAPI/likes/3 - null null
2024-11-30 17:18:05.988 +01:00 [INF] CORS policy execution successful.
2024-11-30 17:18:05.988 +01:00 [INF] Executing endpoint 'friendly.Controllers.LikeAPIController.GetLikesCount (api)'
2024-11-30 17:18:05.988 +01:00 [INF] Route matched with {action = "GetLikesCount", controller = "LikeAPI"}. Executing controller action with signature System.Threading.Tasks.Task`1[Microsoft.AspNetCore.Mvc.IActionResult] GetLikesCount(Int32) on controller friendly.Controllers.LikeAPIController (api).
2024-11-30 17:18:05.989 +01:00 [INF] Like count retrieved successfully for PostId: 1, Count: 0
2024-11-30 17:18:05.989 +01:00 [INF] Executing OkObjectResult, writing value of type 'System.Int32'.
2024-11-30 17:18:05.989 +01:00 [INF] Like count retrieved successfully for PostId: 2, Count: 1
2024-11-30 17:18:05.989 +01:00 [INF] Executing OkObjectResult, writing value of type 'System.Int32'.
2024-11-30 17:18:05.989 +01:00 [INF] Executed action friendly.Controllers.LikeAPIController.GetLikesCount (api) in 2.3705ms
2024-11-30 17:18:05.989 +01:00 [INF] Executed endpoint 'friendly.Controllers.LikeAPIController.GetLikesCount (api)'
2024-11-30 17:18:05.989 +01:00 [INF] Executed action friendly.Controllers.LikeAPIController.GetLikesCount (api) in 2.0719ms
2024-11-30 17:18:05.989 +01:00 [INF] Executed endpoint 'friendly.Controllers.LikeAPIController.GetLikesCount (api)'
2024-11-30 17:18:05.989 +01:00 [INF] Request finished HTTP/1.1 GET http://localhost:5062/api/LikeAPI/likes/1 - 200 1 application/json; charset=utf-8 4.0007ms
2024-11-30 17:18:05.989 +01:00 [INF] Request finished HTTP/1.1 GET http://localhost:5062/api/LikeAPI/likes/2 - 200 1 application/json; charset=utf-8 2.2892ms
2024-11-30 17:18:05.989 +01:00 [INF] Like count retrieved successfully for PostId: 3, Count: 0
2024-11-30 17:18:05.990 +01:00 [INF] Executing OkObjectResult, writing value of type 'System.Int32'.
2024-11-30 17:18:05.990 +01:00 [INF] Executed action friendly.Controllers.LikeAPIController.GetLikesCount (api) in 1.6976ms
2024-11-30 17:18:05.990 +01:00 [INF] Executed endpoint 'friendly.Controllers.LikeAPIController.GetLikesCount (api)'
2024-11-30 17:18:05.990 +01:00 [INF] Request finished HTTP/1.1 GET http://localhost:5062/api/LikeAPI/likes/3 - 200 1 application/json; charset=utf-8 1.8653ms
