2024-11-27 12:55:38.310 +01:00 [WRN] The ASP.NET Core developer certificate is not trusted. For information about trusting the ASP.NET Core developer certificate, see https://aka.ms/aspnet/https-trust-dev-cert.
2024-11-27 12:55:38.334 +01:00 [INF] Now listening on: https://localhost:7046
2024-11-27 12:55:38.335 +01:00 [INF] Now listening on: http://localhost:5062
2024-11-27 12:55:38.337 +01:00 [INF] Application started. Press Ctrl+C to shut down.
2024-11-27 12:55:38.338 +01:00 [INF] Hosting environment: Development
2024-11-27 12:55:38.339 +01:00 [INF] Content root path: C:\Users\Kristoffer\Documents\GitHub\friendlyreact\api
2024-11-27 12:56:12.529 +01:00 [INF] Request starting HTTP/1.1 GET http://localhost:5062/ - null null
2024-11-27 12:56:12.563 +01:00 [INF] Request finished HTTP/1.1 GET http://localhost:5062/ - 404 0 null 35.4978ms
2024-11-27 12:56:12.567 +01:00 [INF] Request reached the end of the middleware pipeline without being handled by application code. Request path: GET http://localhost:5062/, Response status code: 404
2024-11-27 12:56:27.495 +01:00 [INF] Request starting HTTP/1.1 GET http://localhost:5062/swagger/index.html - null null
2024-11-27 12:56:27.537 +01:00 [INF] Request finished HTTP/1.1 GET http://localhost:5062/swagger/index.html - 200 null text/html;charset=utf-8 41.169ms
2024-11-27 12:56:27.550 +01:00 [INF] Request starting HTTP/1.1 GET http://localhost:5062/swagger/swagger-ui.css - null null
2024-11-27 12:56:27.551 +01:00 [INF] Request starting HTTP/1.1 GET http://localhost:5062/swagger/swagger-ui-bundle.js - null null
2024-11-27 12:56:27.553 +01:00 [INF] Request starting HTTP/1.1 GET http://localhost:5062/swagger/swagger-ui-standalone-preset.js - null null
2024-11-27 12:56:27.584 +01:00 [INF] Sending file. Request path: '/swagger-ui-bundle.js'. Physical path: 'N/A'
2024-11-27 12:56:27.584 +01:00 [INF] Sending file. Request path: '/swagger-ui.css'. Physical path: 'N/A'
2024-11-27 12:56:27.584 +01:00 [INF] Sending file. Request path: '/swagger-ui-standalone-preset.js'. Physical path: 'N/A'
2024-11-27 12:56:27.585 +01:00 [INF] Request finished HTTP/1.1 GET http://localhost:5062/swagger/swagger-ui-bundle.js - 200 1096145 text/javascript 33.4864ms
2024-11-27 12:56:27.585 +01:00 [INF] Request finished HTTP/1.1 GET http://localhost:5062/swagger/swagger-ui.css - 200 143943 text/css 34.696ms
2024-11-27 12:56:27.585 +01:00 [INF] Request finished HTTP/1.1 GET http://localhost:5062/swagger/swagger-ui-standalone-preset.js - 200 339486 text/javascript 31.6617ms
2024-11-27 12:56:27.659 +01:00 [INF] Request starting HTTP/1.1 GET http://localhost:5062/swagger/v1/swagger.json - null null
2024-11-27 12:56:27.666 +01:00 [INF] Request starting HTTP/1.1 GET http://localhost:5062/swagger/favicon-32x32.png - null null
2024-11-27 12:56:27.667 +01:00 [INF] Sending file. Request path: '/favicon-32x32.png'. Physical path: 'N/A'
2024-11-27 12:56:27.667 +01:00 [INF] Request finished HTTP/1.1 GET http://localhost:5062/swagger/favicon-32x32.png - 200 628 image/png 0.6705ms
2024-11-27 12:56:27.672 +01:00 [INF] Request finished HTTP/1.1 GET http://localhost:5062/swagger/v1/swagger.json - 200 null application/json;charset=utf-8 12.995ms
