2024-12-01 21:30:20.759 +01:00 [INF] User profile is available. Using '/Users/axel/.aspnet/DataProtection-Keys' as key repository; keys will not be encrypted at rest.
2024-12-01 21:30:22.004 +01:00 [INF] Now listening on: https://localhost:7046
2024-12-01 21:30:22.004 +01:00 [INF] Now listening on: http://localhost:5062
2024-12-01 21:30:22.005 +01:00 [INF] Application started. Press Ctrl+C to shut down.
2024-12-01 21:30:22.005 +01:00 [INF] Hosting environment: Development
2024-12-01 21:30:22.005 +01:00 [INF] Content root path: /Users/axel/Documents/Skole/friendlyReact/api
2024-12-01 21:30:44.168 +01:00 [INF] Request starting HTTP/1.1 GET http://localhost:5062/api/UserAPI/userlist - null null
2024-12-01 21:30:44.168 +01:00 [INF] Request starting HTTP/1.1 GET http://localhost:5062/api/UserAPI/userlist - null null
2024-12-01 21:30:44.193 +01:00 [INF] CORS policy execution successful.
2024-12-01 21:30:44.193 +01:00 [INF] CORS policy execution successful.
2024-12-01 21:30:44.200 +01:00 [INF] Executing endpoint 'friendly.Controllers.UserAPIController.UserList (api)'
2024-12-01 21:30:44.200 +01:00 [INF] Executing endpoint 'friendly.Controllers.UserAPIController.UserList (api)'
2024-12-01 21:30:44.210 +01:00 [INF] Route matched with {action = "UserList", controller = "UserAPI"}. Executing controller action with signature System.Threading.Tasks.Task`1[Microsoft.AspNetCore.Mvc.IActionResult] UserList() on controller friendly.Controllers.UserAPIController (api).
2024-12-01 21:30:44.210 +01:00 [INF] Route matched with {action = "UserList", controller = "UserAPI"}. Executing controller action with signature System.Threading.Tasks.Task`1[Microsoft.AspNetCore.Mvc.IActionResult] UserList() on controller friendly.Controllers.UserAPIController (api).
2024-12-01 21:30:44.238 +01:00 [INF] Executing OkObjectResult, writing value of type 'System.Linq.Enumerable+SelectListIterator`2[[friendly.Models.User, api, Version=0.0.0.0, Culture=neutral, PublicKeyToken=null],[friendly.DTOs.UserDto, api, Version=0.0.0.0, Culture=neutral, PublicKeyToken=null]]'.
2024-12-01 21:30:44.238 +01:00 [INF] Executing OkObjectResult, writing value of type 'System.Linq.Enumerable+SelectListIterator`2[[friendly.Models.User, api, Version=0.0.0.0, Culture=neutral, PublicKeyToken=null],[friendly.DTOs.UserDto, api, Version=0.0.0.0, Culture=neutral, PublicKeyToken=null]]'.
2024-12-01 21:30:44.288 +01:00 [INF] Executed action friendly.Controllers.UserAPIController.UserList (api) in 76.7969ms
2024-12-01 21:30:44.288 +01:00 [INF] Executed action friendly.Controllers.UserAPIController.UserList (api) in 76.8047ms
2024-12-01 21:30:44.289 +01:00 [INF] Executed endpoint 'friendly.Controllers.UserAPIController.UserList (api)'
2024-12-01 21:30:44.289 +01:00 [INF] Executed endpoint 'friendly.Controllers.UserAPIController.UserList (api)'
2024-12-01 21:30:44.293 +01:00 [INF] Request finished HTTP/1.1 GET http://localhost:5062/api/UserAPI/userlist - 200 1221 application/json; charset=utf-8 125.34ms
2024-12-01 21:30:44.293 +01:00 [INF] Request finished HTTP/1.1 GET http://localhost:5062/api/UserAPI/userlist - 200 1221 application/json; charset=utf-8 125.3369ms
2024-12-01 21:30:45.008 +01:00 [INF] Request starting HTTP/1.1 GET http://localhost:5062/api/PostAPI/postlist - null null
2024-12-01 21:30:45.008 +01:00 [INF] Request starting HTTP/1.1 GET http://localhost:5062/api/CommentAPI/commentlist - null null
2024-12-01 21:30:45.008 +01:00 [INF] Request starting HTTP/1.1 GET http://localhost:5062/api/UserAPI/userlist - null null
2024-12-01 21:30:45.011 +01:00 [INF] CORS policy execution successful.
2024-12-01 21:30:45.011 +01:00 [INF] CORS policy execution successful.
2024-12-01 21:30:45.011 +01:00 [INF] CORS policy execution successful.
2024-12-01 21:30:45.013 +01:00 [INF] Request starting HTTP/1.1 GET http://localhost:5062/api/PostAPI/postlist - null null
2024-12-01 21:30:45.014 +01:00 [INF] Request starting HTTP/1.1 GET http://localhost:5062/api/UserAPI/userlist - null null
2024-12-01 21:30:45.014 +01:00 [INF] CORS policy execution successful.
2024-12-01 21:30:45.015 +01:00 [INF] Executing endpoint 'friendly.Controllers.UserAPIController.UserList (api)'
2024-12-01 21:30:45.015 +01:00 [INF] Executing endpoint 'friendly.Controllers.CommentAPIController.CommentList (api)'
2024-12-01 21:30:45.015 +01:00 [INF] Executing endpoint 'friendly.Controllers.UserAPIController.UserList (api)'
2024-12-01 21:30:45.015 +01:00 [INF] CORS policy execution successful.
2024-12-01 21:30:45.015 +01:00 [INF] Route matched with {action = "UserList", controller = "UserAPI"}. Executing controller action with signature System.Threading.Tasks.Task`1[Microsoft.AspNetCore.Mvc.IActionResult] UserList() on controller friendly.Controllers.UserAPIController (api).
2024-12-01 21:30:45.015 +01:00 [INF] Executing endpoint 'friendly.Controllers.PostAPIController.PostList (api)'
2024-12-01 21:30:45.015 +01:00 [INF] Executing endpoint 'friendly.Controllers.PostAPIController.PostList (api)'
2024-12-01 21:30:45.015 +01:00 [INF] Route matched with {action = "UserList", controller = "UserAPI"}. Executing controller action with signature System.Threading.Tasks.Task`1[Microsoft.AspNetCore.Mvc.IActionResult] UserList() on controller friendly.Controllers.UserAPIController (api).
2024-12-01 21:30:45.019 +01:00 [INF] Route matched with {action = "PostList", controller = "PostAPI"}. Executing controller action with signature System.Threading.Tasks.Task`1[Microsoft.AspNetCore.Mvc.IActionResult] PostList() on controller friendly.Controllers.PostAPIController (api).
2024-12-01 21:30:45.019 +01:00 [INF] Route matched with {action = "PostList", controller = "PostAPI"}. Executing controller action with signature System.Threading.Tasks.Task`1[Microsoft.AspNetCore.Mvc.IActionResult] PostList() on controller friendly.Controllers.PostAPIController (api).
2024-12-01 21:30:45.020 +01:00 [INF] Route matched with {action = "CommentList", controller = "CommentAPI"}. Executing controller action with signature System.Threading.Tasks.Task`1[Microsoft.AspNetCore.Mvc.IActionResult] CommentList() on controller friendly.Controllers.CommentAPIController (api).
2024-12-01 21:30:45.021 +01:00 [INF] Request starting HTTP/1.1 GET http://localhost:5062/api/CommentAPI/commentlist - null null
2024-12-01 21:30:45.022 +01:00 [INF] CORS policy execution successful.
2024-12-01 21:30:45.022 +01:00 [INF] Executing endpoint 'friendly.Controllers.CommentAPIController.CommentList (api)'
2024-12-01 21:30:45.023 +01:00 [INF] Route matched with {action = "CommentList", controller = "CommentAPI"}. Executing controller action with signature System.Threading.Tasks.Task`1[Microsoft.AspNetCore.Mvc.IActionResult] CommentList() on controller friendly.Controllers.CommentAPIController (api).
2024-12-01 21:30:45.048 +01:00 [INF] Executing OkObjectResult, writing value of type 'System.Linq.Enumerable+SelectListIterator`2[[friendly.Models.User, api, Version=0.0.0.0, Culture=neutral, PublicKeyToken=null],[friendly.DTOs.UserDto, api, Version=0.0.0.0, Culture=neutral, PublicKeyToken=null]]'.
2024-12-01 21:30:45.048 +01:00 [INF] Executing OkObjectResult, writing value of type 'System.Linq.Enumerable+SelectListIterator`2[[friendly.Models.User, api, Version=0.0.0.0, Culture=neutral, PublicKeyToken=null],[friendly.DTOs.UserDto, api, Version=0.0.0.0, Culture=neutral, PublicKeyToken=null]]'.
2024-12-01 21:30:45.049 +01:00 [INF] Executed action friendly.Controllers.UserAPIController.UserList (api) in 33.8737ms
2024-12-01 21:30:45.049 +01:00 [INF] Executed endpoint 'friendly.Controllers.UserAPIController.UserList (api)'
2024-12-01 21:30:45.049 +01:00 [INF] Executed action friendly.Controllers.UserAPIController.UserList (api) in 33.5709ms
2024-12-01 21:30:45.049 +01:00 [INF] Executed endpoint 'friendly.Controllers.UserAPIController.UserList (api)'
2024-12-01 21:30:45.049 +01:00 [INF] Request finished HTTP/1.1 GET http://localhost:5062/api/UserAPI/userlist - 200 1221 application/json; charset=utf-8 35.6915ms
2024-12-01 21:30:45.049 +01:00 [INF] Request finished HTTP/1.1 GET http://localhost:5062/api/UserAPI/userlist - 200 1221 application/json; charset=utf-8 41.3559ms
2024-12-01 21:30:45.053 +01:00 [INF] Executing OkObjectResult, writing value of type 'System.Linq.Enumerable+SelectListIterator`2[[friendly.Models.Post, api, Version=0.0.0.0, Culture=neutral, PublicKeyToken=null],[friendly.DTOs.PostDto, api, Version=0.0.0.0, Culture=neutral, PublicKeyToken=null]]'.
2024-12-01 21:30:45.053 +01:00 [INF] Executing OkObjectResult, writing value of type 'System.Linq.Enumerable+SelectListIterator`2[[friendly.Models.Post, api, Version=0.0.0.0, Culture=neutral, PublicKeyToken=null],[friendly.DTOs.PostDto, api, Version=0.0.0.0, Culture=neutral, PublicKeyToken=null]]'.
2024-12-01 21:30:45.054 +01:00 [INF] Executing OkObjectResult, writing value of type 'System.Linq.Enumerable+SelectListIterator`2[[friendly.Models.Comment, api, Version=0.0.0.0, Culture=neutral, PublicKeyToken=null],[friendly.DTOs.CommentDto, api, Version=0.0.0.0, Culture=neutral, PublicKeyToken=null]]'.
2024-12-01 21:30:45.054 +01:00 [INF] Executing OkObjectResult, writing value of type 'System.Linq.Enumerable+SelectListIterator`2[[friendly.Models.Comment, api, Version=0.0.0.0, Culture=neutral, PublicKeyToken=null],[friendly.DTOs.CommentDto, api, Version=0.0.0.0, Culture=neutral, PublicKeyToken=null]]'.
2024-12-01 21:30:45.056 +01:00 [INF] Executed action friendly.Controllers.PostAPIController.PostList (api) in 36.8446ms
2024-12-01 21:30:45.056 +01:00 [INF] Executed action friendly.Controllers.CommentAPIController.CommentList (api) in 32.6305ms
2024-12-01 21:30:45.056 +01:00 [INF] Executed endpoint 'friendly.Controllers.PostAPIController.PostList (api)'
2024-12-01 21:30:45.056 +01:00 [INF] Executed action friendly.Controllers.CommentAPIController.CommentList (api) in 36.1612ms
2024-12-01 21:30:45.056 +01:00 [INF] Executed action friendly.Controllers.PostAPIController.PostList (api) in 37.3948ms
2024-12-01 21:30:45.056 +01:00 [INF] Executed endpoint 'friendly.Controllers.CommentAPIController.CommentList (api)'
2024-12-01 21:30:45.056 +01:00 [INF] Request finished HTTP/1.1 GET http://localhost:5062/api/PostAPI/postlist - 200 494 application/json; charset=utf-8 42.7578ms
2024-12-01 21:30:45.056 +01:00 [INF] Executed endpoint 'friendly.Controllers.CommentAPIController.CommentList (api)'
2024-12-01 21:30:45.056 +01:00 [INF] Executed endpoint 'friendly.Controllers.PostAPIController.PostList (api)'
2024-12-01 21:30:45.056 +01:00 [INF] Request finished HTTP/1.1 GET http://localhost:5062/api/PostAPI/postlist - 200 494 application/json; charset=utf-8 48.4851ms
2024-12-01 21:30:45.057 +01:00 [INF] Request finished HTTP/1.1 GET http://localhost:5062/api/CommentAPI/commentlist - 200 441 application/json; charset=utf-8 48.7105ms
2024-12-01 21:30:45.057 +01:00 [INF] Request finished HTTP/1.1 GET http://localhost:5062/api/CommentAPI/commentlist - 200 441 application/json; charset=utf-8 35.4932ms
2024-12-01 21:30:45.058 +01:00 [INF] Request starting HTTP/1.1 GET http://localhost:5062/api/LikeAPI/likes/2 - null null
2024-12-01 21:30:45.058 +01:00 [INF] Request starting HTTP/1.1 GET http://localhost:5062/api/LikeAPI/likes/1 - null null
2024-12-01 21:30:45.058 +01:00 [INF] CORS policy execution successful.
2024-12-01 21:30:45.058 +01:00 [INF] CORS policy execution successful.
2024-12-01 21:30:45.058 +01:00 [INF] Request starting HTTP/1.1 GET http://localhost:5062/api/LikeAPI/likes/3 - null null
2024-12-01 21:30:45.059 +01:00 [INF] Executing endpoint 'friendly.Controllers.LikeAPIController.GetLikesCount (api)'
2024-12-01 21:30:45.059 +01:00 [INF] Executing endpoint 'friendly.Controllers.LikeAPIController.GetLikesCount (api)'
2024-12-01 21:30:45.059 +01:00 [INF] Request starting HTTP/1.1 GET http://localhost:5062/api/LikeAPI/likes/2 - null null
2024-12-01 21:30:45.059 +01:00 [INF] Request starting HTTP/1.1 GET http://localhost:5062/api/LikeAPI/likes/1 - null null
2024-12-01 21:30:45.059 +01:00 [INF] Request starting HTTP/1.1 GET http://localhost:5062/api/LikeAPI/likes/3 - null null
2024-12-01 21:30:45.059 +01:00 [INF] CORS policy execution successful.
2024-12-01 21:30:45.059 +01:00 [INF] CORS policy execution successful.
2024-12-01 21:30:45.059 +01:00 [INF] CORS policy execution successful.
2024-12-01 21:30:45.059 +01:00 [INF] CORS policy execution successful.
2024-12-01 21:30:45.059 +01:00 [INF] Executing endpoint 'friendly.Controllers.LikeAPIController.GetLikesCount (api)'
2024-12-01 21:30:45.059 +01:00 [INF] Executing endpoint 'friendly.Controllers.LikeAPIController.GetLikesCount (api)'
2024-12-01 21:30:45.059 +01:00 [INF] Executing endpoint 'friendly.Controllers.LikeAPIController.GetLikesCount (api)'
2024-12-01 21:30:45.059 +01:00 [INF] Executing endpoint 'friendly.Controllers.LikeAPIController.GetLikesCount (api)'
2024-12-01 21:30:45.063 +01:00 [INF] Route matched with {action = "GetLikesCount", controller = "LikeAPI"}. Executing controller action with signature System.Threading.Tasks.Task`1[Microsoft.AspNetCore.Mvc.IActionResult] GetLikesCount(Int32) on controller friendly.Controllers.LikeAPIController (api).
2024-12-01 21:30:45.063 +01:00 [INF] Route matched with {action = "GetLikesCount", controller = "LikeAPI"}. Executing controller action with signature System.Threading.Tasks.Task`1[Microsoft.AspNetCore.Mvc.IActionResult] GetLikesCount(Int32) on controller friendly.Controllers.LikeAPIController (api).
2024-12-01 21:30:45.063 +01:00 [INF] Route matched with {action = "GetLikesCount", controller = "LikeAPI"}. Executing controller action with signature System.Threading.Tasks.Task`1[Microsoft.AspNetCore.Mvc.IActionResult] GetLikesCount(Int32) on controller friendly.Controllers.LikeAPIController (api).
2024-12-01 21:30:45.063 +01:00 [INF] Route matched with {action = "GetLikesCount", controller = "LikeAPI"}. Executing controller action with signature System.Threading.Tasks.Task`1[Microsoft.AspNetCore.Mvc.IActionResult] GetLikesCount(Int32) on controller friendly.Controllers.LikeAPIController (api).
2024-12-01 21:30:45.063 +01:00 [INF] Route matched with {action = "GetLikesCount", controller = "LikeAPI"}. Executing controller action with signature System.Threading.Tasks.Task`1[Microsoft.AspNetCore.Mvc.IActionResult] GetLikesCount(Int32) on controller friendly.Controllers.LikeAPIController (api).
2024-12-01 21:30:45.063 +01:00 [INF] Route matched with {action = "GetLikesCount", controller = "LikeAPI"}. Executing controller action with signature System.Threading.Tasks.Task`1[Microsoft.AspNetCore.Mvc.IActionResult] GetLikesCount(Int32) on controller friendly.Controllers.LikeAPIController (api).
2024-12-01 21:30:45.083 +01:00 [INF] Like count retrieved successfully for PostId: 2, Count: 0
2024-12-01 21:30:45.083 +01:00 [INF] Like count retrieved successfully for PostId: 1, Count: 0
2024-12-01 21:30:45.084 +01:00 [INF] Executing OkObjectResult, writing value of type 'System.Int32'.
2024-12-01 21:30:45.084 +01:00 [INF] Executing OkObjectResult, writing value of type 'System.Int32'.
2024-12-01 21:30:45.084 +01:00 [INF] Executed action friendly.Controllers.LikeAPIController.GetLikesCount (api) in 20.1419ms
2024-12-01 21:30:45.084 +01:00 [INF] Executed endpoint 'friendly.Controllers.LikeAPIController.GetLikesCount (api)'
2024-12-01 21:30:45.084 +01:00 [INF] Executed action friendly.Controllers.LikeAPIController.GetLikesCount (api) in 20.1683ms
2024-12-01 21:30:45.084 +01:00 [INF] Request finished HTTP/1.1 GET http://localhost:5062/api/LikeAPI/likes/1 - 200 1 application/json; charset=utf-8 25.91ms
2024-12-01 21:30:45.084 +01:00 [INF] Executed endpoint 'friendly.Controllers.LikeAPIController.GetLikesCount (api)'
2024-12-01 21:30:45.084 +01:00 [INF] Request finished HTTP/1.1 GET http://localhost:5062/api/LikeAPI/likes/2 - 200 1 application/json; charset=utf-8 25.384ms
2024-12-01 21:30:45.085 +01:00 [INF] Like count retrieved successfully for PostId: 2, Count: 0
2024-12-01 21:30:45.085 +01:00 [INF] Executing OkObjectResult, writing value of type 'System.Int32'.
2024-12-01 21:30:45.085 +01:00 [INF] Executed action friendly.Controllers.LikeAPIController.GetLikesCount (api) in 21.103ms
2024-12-01 21:30:45.085 +01:00 [INF] Like count retrieved successfully for PostId: 3, Count: 0
2024-12-01 21:30:45.085 +01:00 [INF] Executed endpoint 'friendly.Controllers.LikeAPIController.GetLikesCount (api)'
2024-12-01 21:30:45.085 +01:00 [INF] Executing OkObjectResult, writing value of type 'System.Int32'.
2024-12-01 21:30:45.085 +01:00 [INF] Request finished HTTP/1.1 GET http://localhost:5062/api/LikeAPI/likes/2 - 200 1 application/json; charset=utf-8 26.8652ms
2024-12-01 21:30:45.085 +01:00 [INF] Executed action friendly.Controllers.LikeAPIController.GetLikesCount (api) in 21.3297ms
2024-12-01 21:30:45.085 +01:00 [INF] Executed endpoint 'friendly.Controllers.LikeAPIController.GetLikesCount (api)'
2024-12-01 21:30:45.085 +01:00 [INF] Request finished HTTP/1.1 GET http://localhost:5062/api/LikeAPI/likes/3 - 200 1 application/json; charset=utf-8 26.6815ms
2024-12-01 21:30:45.085 +01:00 [INF] Like count retrieved successfully for PostId: 1, Count: 0
2024-12-01 21:30:45.085 +01:00 [INF] Like count retrieved successfully for PostId: 3, Count: 0
2024-12-01 21:30:45.085 +01:00 [INF] Executing OkObjectResult, writing value of type 'System.Int32'.
2024-12-01 21:30:45.085 +01:00 [INF] Executing OkObjectResult, writing value of type 'System.Int32'.
2024-12-01 21:30:45.085 +01:00 [INF] Executed action friendly.Controllers.LikeAPIController.GetLikesCount (api) in 21.7757ms
2024-12-01 21:30:45.085 +01:00 [INF] Executed endpoint 'friendly.Controllers.LikeAPIController.GetLikesCount (api)'
2024-12-01 21:30:45.085 +01:00 [INF] Request finished HTTP/1.1 GET http://localhost:5062/api/LikeAPI/likes/3 - 200 1 application/json; charset=utf-8 26.5035ms
2024-12-01 21:30:45.085 +01:00 [INF] Executed action friendly.Controllers.LikeAPIController.GetLikesCount (api) in 22.0502ms
2024-12-01 21:30:45.085 +01:00 [INF] Executed endpoint 'friendly.Controllers.LikeAPIController.GetLikesCount (api)'
2024-12-01 21:30:45.086 +01:00 [INF] Request finished HTTP/1.1 GET http://localhost:5062/api/LikeAPI/likes/1 - 200 1 application/json; charset=utf-8 26.899ms
2024-12-01 21:30:48.864 +01:00 [INF] Request starting HTTP/1.1 OPTIONS http://localhost:5062/api/CommentAPI/create - null 0
2024-12-01 21:30:48.866 +01:00 [INF] CORS policy execution successful.
2024-12-01 21:30:48.868 +01:00 [INF] Request finished HTTP/1.1 OPTIONS http://localhost:5062/api/CommentAPI/create - 204 null null 3.9003ms
2024-12-01 21:30:48.869 +01:00 [INF] Request starting HTTP/1.1 POST http://localhost:5062/api/CommentAPI/create - application/json 121
2024-12-01 21:30:48.869 +01:00 [INF] CORS policy execution successful.
2024-12-01 21:30:48.870 +01:00 [INF] Executing endpoint 'friendly.Controllers.CommentAPIController.CreateComment (api)'
2024-12-01 21:30:48.878 +01:00 [INF] Route matched with {action = "CreateComment", controller = "CommentAPI"}. Executing controller action with signature System.Threading.Tasks.Task`1[Microsoft.AspNetCore.Mvc.IActionResult] CreateComment(friendly.DTOs.CommentDto) on controller friendly.Controllers.CommentAPIController (api).
2024-12-01 21:30:48.918 +01:00 [INF] Executing CreatedAtActionResult, writing value of type 'friendly.DTOs.CommentDto'.
2024-12-01 21:30:48.928 +01:00 [INF] Executed action friendly.Controllers.CommentAPIController.CreateComment (api) in 49.7878ms
2024-12-01 21:30:48.928 +01:00 [INF] Executed endpoint 'friendly.Controllers.CommentAPIController.CreateComment (api)'
2024-12-01 21:30:48.928 +01:00 [INF] Request finished HTTP/1.1 POST http://localhost:5062/api/CommentAPI/create - 201 130 application/json; charset=utf-8 58.745ms
2024-12-01 21:30:49.657 +01:00 [INF] Request starting HTTP/1.1 GET http://localhost:5062/api/CommentAPI/comment/4 - null null
2024-12-01 21:30:49.657 +01:00 [INF] Request starting HTTP/1.1 GET http://localhost:5062/api/CommentAPI/comment/4 - null null
2024-12-01 21:30:49.658 +01:00 [INF] CORS policy execution successful.
2024-12-01 21:30:49.658 +01:00 [INF] CORS policy execution successful.
2024-12-01 21:30:49.658 +01:00 [INF] Executing endpoint 'friendly.Controllers.CommentAPIController.GetCommentById (api)'
2024-12-01 21:30:49.658 +01:00 [INF] Executing endpoint 'friendly.Controllers.CommentAPIController.GetCommentById (api)'
2024-12-01 21:30:49.663 +01:00 [INF] Route matched with {action = "GetCommentById", controller = "CommentAPI"}. Executing controller action with signature System.Threading.Tasks.Task`1[Microsoft.AspNetCore.Mvc.IActionResult] GetCommentById(Int32) on controller friendly.Controllers.CommentAPIController (api).
2024-12-01 21:30:49.663 +01:00 [INF] Route matched with {action = "GetCommentById", controller = "CommentAPI"}. Executing controller action with signature System.Threading.Tasks.Task`1[Microsoft.AspNetCore.Mvc.IActionResult] GetCommentById(Int32) on controller friendly.Controllers.CommentAPIController (api).
2024-12-01 21:30:49.676 +01:00 [INF] Executing OkObjectResult, writing value of type 'friendly.DTOs.CommentDto'.
2024-12-01 21:30:49.676 +01:00 [INF] Executing OkObjectResult, writing value of type 'friendly.DTOs.CommentDto'.
2024-12-01 21:30:49.680 +01:00 [INF] Executed action friendly.Controllers.CommentAPIController.GetCommentById (api) in 16.2197ms
2024-12-01 21:30:49.680 +01:00 [INF] Executed endpoint 'friendly.Controllers.CommentAPIController.GetCommentById (api)'
2024-12-01 21:30:49.680 +01:00 [INF] Request finished HTTP/1.1 GET http://localhost:5062/api/CommentAPI/comment/4 - 200 130 application/json; charset=utf-8 22.984ms
2024-12-01 21:30:49.687 +01:00 [INF] Executed action friendly.Controllers.CommentAPIController.GetCommentById (api) in 23.1685ms
2024-12-01 21:30:49.687 +01:00 [INF] Executed endpoint 'friendly.Controllers.CommentAPIController.GetCommentById (api)'
2024-12-01 21:30:49.687 +01:00 [INF] Request finished HTTP/1.1 GET http://localhost:5062/api/CommentAPI/comment/4 - 200 130 application/json; charset=utf-8 30.0482ms
2024-12-01 21:30:49.688 +01:00 [INF] Request starting HTTP/1.1 GET http://localhost:5062/api/PostAPI/post/1 - null null
2024-12-01 21:30:49.688 +01:00 [INF] CORS policy execution successful.
2024-12-01 21:30:49.689 +01:00 [INF] Executing endpoint 'friendly.Controllers.PostAPIController.GetPostById (api)'
2024-12-01 21:30:49.689 +01:00 [INF] Request starting HTTP/1.1 GET http://localhost:5062/api/PostAPI/post/1 - null null
2024-12-01 21:30:49.689 +01:00 [INF] CORS policy execution successful.
2024-12-01 21:30:49.689 +01:00 [INF] Executing endpoint 'friendly.Controllers.PostAPIController.GetPostById (api)'
2024-12-01 21:30:49.692 +01:00 [INF] Route matched with {action = "GetPostById", controller = "PostAPI"}. Executing controller action with signature System.Threading.Tasks.Task`1[Microsoft.AspNetCore.Mvc.IActionResult] GetPostById(Int32) on controller friendly.Controllers.PostAPIController (api).
2024-12-01 21:30:49.692 +01:00 [INF] Route matched with {action = "GetPostById", controller = "PostAPI"}. Executing controller action with signature System.Threading.Tasks.Task`1[Microsoft.AspNetCore.Mvc.IActionResult] GetPostById(Int32) on controller friendly.Controllers.PostAPIController (api).
2024-12-01 21:30:49.698 +01:00 [INF] Executing OkObjectResult, writing value of type 'friendly.DTOs.PostDto'.
2024-12-01 21:30:49.698 +01:00 [INF] Executing OkObjectResult, writing value of type 'friendly.DTOs.PostDto'.
2024-12-01 21:30:49.699 +01:00 [INF] Executed action friendly.Controllers.PostAPIController.GetPostById (api) in 6.3569ms
2024-12-01 21:30:49.699 +01:00 [INF] Executed endpoint 'friendly.Controllers.PostAPIController.GetPostById (api)'
2024-12-01 21:30:49.699 +01:00 [INF] Executed action friendly.Controllers.PostAPIController.GetPostById (api) in 6.351ms
2024-12-01 21:30:49.699 +01:00 [INF] Executed endpoint 'friendly.Controllers.PostAPIController.GetPostById (api)'
2024-12-01 21:30:49.699 +01:00 [INF] Request finished HTTP/1.1 GET http://localhost:5062/api/PostAPI/post/1 - 200 169 application/json; charset=utf-8 9.6435ms
2024-12-01 21:30:49.699 +01:00 [INF] Request finished HTTP/1.1 GET http://localhost:5062/api/PostAPI/post/1 - 200 169 application/json; charset=utf-8 10.655ms
2024-12-01 21:30:51.275 +01:00 [INF] Request starting HTTP/1.1 OPTIONS http://localhost:5062/api/CommentAPI/update/4 - null 0
2024-12-01 21:30:51.275 +01:00 [INF] CORS policy execution successful.
2024-12-01 21:30:51.275 +01:00 [INF] Request finished HTTP/1.1 OPTIONS http://localhost:5062/api/CommentAPI/update/4 - 204 null null 0.5026ms
2024-12-01 21:30:51.277 +01:00 [INF] Request starting HTTP/1.1 PUT http://localhost:5062/api/CommentAPI/update/4 - application/json 22
2024-12-01 21:30:51.277 +01:00 [INF] CORS policy execution successful.
2024-12-01 21:30:51.277 +01:00 [INF] Executing endpoint 'friendly.Controllers.CommentAPIController.UpdateComment (api)'
2024-12-01 21:30:51.282 +01:00 [INF] Route matched with {action = "UpdateComment", controller = "CommentAPI"}. Executing controller action with signature System.Threading.Tasks.Task`1[Microsoft.AspNetCore.Mvc.IActionResult] UpdateComment(Int32, friendly.DTOs.CommentDto) on controller friendly.Controllers.CommentAPIController (api).
2024-12-01 21:30:51.290 +01:00 [INF] Executing OkObjectResult, writing value of type 'friendly.DTOs.CommentDto'.
2024-12-01 21:30:51.290 +01:00 [INF] Executed action friendly.Controllers.CommentAPIController.UpdateComment (api) in 8.5908ms
2024-12-01 21:30:51.291 +01:00 [INF] Executed endpoint 'friendly.Controllers.CommentAPIController.UpdateComment (api)'
2024-12-01 21:30:51.291 +01:00 [INF] Request finished HTTP/1.1 PUT http://localhost:5062/api/CommentAPI/update/4 - 200 131 application/json; charset=utf-8 14.2759ms
2024-12-01 21:30:51.294 +01:00 [INF] Request starting HTTP/1.1 GET http://localhost:5062/api/PostAPI/postlist - null null
2024-12-01 21:30:51.294 +01:00 [INF] Request starting HTTP/1.1 GET http://localhost:5062/api/UserAPI/userlist - null null
2024-12-01 21:30:51.294 +01:00 [INF] CORS policy execution successful.
2024-12-01 21:30:51.294 +01:00 [INF] CORS policy execution successful.
2024-12-01 21:30:51.294 +01:00 [INF] Request starting HTTP/1.1 GET http://localhost:5062/api/CommentAPI/commentlist - null null
2024-12-01 21:30:51.294 +01:00 [INF] Executing endpoint 'friendly.Controllers.PostAPIController.PostList (api)'
2024-12-01 21:30:51.294 +01:00 [INF] Executing endpoint 'friendly.Controllers.UserAPIController.UserList (api)'
2024-12-01 21:30:51.294 +01:00 [INF] CORS policy execution successful.
2024-12-01 21:30:51.294 +01:00 [INF] Route matched with {action = "PostList", controller = "PostAPI"}. Executing controller action with signature System.Threading.Tasks.Task`1[Microsoft.AspNetCore.Mvc.IActionResult] PostList() on controller friendly.Controllers.PostAPIController (api).
2024-12-01 21:30:51.294 +01:00 [INF] Route matched with {action = "UserList", controller = "UserAPI"}. Executing controller action with signature System.Threading.Tasks.Task`1[Microsoft.AspNetCore.Mvc.IActionResult] UserList() on controller friendly.Controllers.UserAPIController (api).
2024-12-01 21:30:51.294 +01:00 [INF] Executing endpoint 'friendly.Controllers.CommentAPIController.CommentList (api)'
2024-12-01 21:30:51.294 +01:00 [INF] Route matched with {action = "CommentList", controller = "CommentAPI"}. Executing controller action with signature System.Threading.Tasks.Task`1[Microsoft.AspNetCore.Mvc.IActionResult] CommentList() on controller friendly.Controllers.CommentAPIController (api).
2024-12-01 21:30:51.296 +01:00 [INF] Executing OkObjectResult, writing value of type 'System.Linq.Enumerable+SelectListIterator`2[[friendly.Models.Post, api, Version=0.0.0.0, Culture=neutral, PublicKeyToken=null],[friendly.DTOs.PostDto, api, Version=0.0.0.0, Culture=neutral, PublicKeyToken=null]]'.
2024-12-01 21:30:51.296 +01:00 [INF] Executed action friendly.Controllers.PostAPIController.PostList (api) in 2.0632ms
2024-12-01 21:30:51.296 +01:00 [INF] Executed endpoint 'friendly.Controllers.PostAPIController.PostList (api)'
2024-12-01 21:30:51.297 +01:00 [INF] Request finished HTTP/1.1 GET http://localhost:5062/api/PostAPI/postlist - 200 494 application/json; charset=utf-8 2.9231ms
2024-12-01 21:30:51.297 +01:00 [INF] Executing OkObjectResult, writing value of type 'System.Linq.Enumerable+SelectListIterator`2[[friendly.Models.Comment, api, Version=0.0.0.0, Culture=neutral, PublicKeyToken=null],[friendly.DTOs.CommentDto, api, Version=0.0.0.0, Culture=neutral, PublicKeyToken=null]]'.
2024-12-01 21:30:51.297 +01:00 [INF] Executed action friendly.Controllers.CommentAPIController.CommentList (api) in 2.6854ms
2024-12-01 21:30:51.297 +01:00 [INF] Executed endpoint 'friendly.Controllers.CommentAPIController.CommentList (api)'
2024-12-01 21:30:51.297 +01:00 [INF] Executing OkObjectResult, writing value of type 'System.Linq.Enumerable+SelectListIterator`2[[friendly.Models.User, api, Version=0.0.0.0, Culture=neutral, PublicKeyToken=null],[friendly.DTOs.UserDto, api, Version=0.0.0.0, Culture=neutral, PublicKeyToken=null]]'.
2024-12-01 21:30:51.297 +01:00 [INF] Request finished HTTP/1.1 GET http://localhost:5062/api/CommentAPI/commentlist - 200 573 application/json; charset=utf-8 3.3998ms
2024-12-01 21:30:51.298 +01:00 [INF] Request starting HTTP/1.1 GET http://localhost:5062/api/UserAPI/userlist - null null
2024-12-01 21:30:51.297 +01:00 [INF] Request starting HTTP/1.1 GET http://localhost:5062/api/PostAPI/postlist - null null
2024-12-01 21:30:51.298 +01:00 [INF] CORS policy execution successful.
2024-12-01 21:30:51.298 +01:00 [INF] CORS policy execution successful.
2024-12-01 21:30:51.298 +01:00 [INF] Executing endpoint 'friendly.Controllers.PostAPIController.PostList (api)'
2024-12-01 21:30:51.298 +01:00 [INF] Route matched with {action = "PostList", controller = "PostAPI"}. Executing controller action with signature System.Threading.Tasks.Task`1[Microsoft.AspNetCore.Mvc.IActionResult] PostList() on controller friendly.Controllers.PostAPIController (api).
2024-12-01 21:30:51.298 +01:00 [INF] Executing endpoint 'friendly.Controllers.UserAPIController.UserList (api)'
2024-12-01 21:30:51.298 +01:00 [INF] Route matched with {action = "UserList", controller = "UserAPI"}. Executing controller action with signature System.Threading.Tasks.Task`1[Microsoft.AspNetCore.Mvc.IActionResult] UserList() on controller friendly.Controllers.UserAPIController (api).
2024-12-01 21:30:51.299 +01:00 [INF] Executed action friendly.Controllers.UserAPIController.UserList (api) in 4.2535ms
2024-12-01 21:30:51.299 +01:00 [INF] Executed endpoint 'friendly.Controllers.UserAPIController.UserList (api)'
2024-12-01 21:30:51.299 +01:00 [INF] Request finished HTTP/1.1 GET http://localhost:5062/api/UserAPI/userlist - 200 1221 application/json; charset=utf-8 5.109ms
2024-12-01 21:30:51.299 +01:00 [INF] Request starting HTTP/1.1 GET http://localhost:5062/api/CommentAPI/commentlist - null null
2024-12-01 21:30:51.299 +01:00 [INF] CORS policy execution successful.
2024-12-01 21:30:51.300 +01:00 [INF] Executing endpoint 'friendly.Controllers.CommentAPIController.CommentList (api)'
2024-12-01 21:30:51.300 +01:00 [INF] Route matched with {action = "CommentList", controller = "CommentAPI"}. Executing controller action with signature System.Threading.Tasks.Task`1[Microsoft.AspNetCore.Mvc.IActionResult] CommentList() on controller friendly.Controllers.CommentAPIController (api).
2024-12-01 21:30:51.300 +01:00 [INF] Executing OkObjectResult, writing value of type 'System.Linq.Enumerable+SelectListIterator`2[[friendly.Models.Post, api, Version=0.0.0.0, Culture=neutral, PublicKeyToken=null],[friendly.DTOs.PostDto, api, Version=0.0.0.0, Culture=neutral, PublicKeyToken=null]]'.
2024-12-01 21:30:51.300 +01:00 [INF] Executed action friendly.Controllers.PostAPIController.PostList (api) in 2.3171ms
2024-12-01 21:30:51.300 +01:00 [INF] Executed endpoint 'friendly.Controllers.PostAPIController.PostList (api)'
2024-12-01 21:30:51.301 +01:00 [INF] Request finished HTTP/1.1 GET http://localhost:5062/api/PostAPI/postlist - 200 494 application/json; charset=utf-8 3.4168ms
2024-12-01 21:30:51.301 +01:00 [INF] Executing OkObjectResult, writing value of type 'System.Linq.Enumerable+SelectListIterator`2[[friendly.Models.User, api, Version=0.0.0.0, Culture=neutral, PublicKeyToken=null],[friendly.DTOs.UserDto, api, Version=0.0.0.0, Culture=neutral, PublicKeyToken=null]]'.
2024-12-01 21:30:51.301 +01:00 [INF] Executed action friendly.Controllers.UserAPIController.UserList (api) in 3.1161ms
2024-12-01 21:30:51.301 +01:00 [INF] Executed endpoint 'friendly.Controllers.UserAPIController.UserList (api)'
2024-12-01 21:30:51.301 +01:00 [INF] Request finished HTTP/1.1 GET http://localhost:5062/api/UserAPI/userlist - 200 1221 application/json; charset=utf-8 3.8321ms
2024-12-01 21:30:51.305 +01:00 [INF] Request starting HTTP/1.1 GET http://localhost:5062/api/LikeAPI/likes/1 - null null
2024-12-01 21:30:51.306 +01:00 [INF] Request starting HTTP/1.1 GET http://localhost:5062/api/LikeAPI/likes/2 - null null
2024-12-01 21:30:51.306 +01:00 [INF] Executing OkObjectResult, writing value of type 'System.Linq.Enumerable+SelectListIterator`2[[friendly.Models.Comment, api, Version=0.0.0.0, Culture=neutral, PublicKeyToken=null],[friendly.DTOs.CommentDto, api, Version=0.0.0.0, Culture=neutral, PublicKeyToken=null]]'.
2024-12-01 21:30:51.306 +01:00 [INF] Request starting HTTP/1.1 GET http://localhost:5062/api/LikeAPI/likes/3 - null null
2024-12-01 21:30:51.306 +01:00 [INF] CORS policy execution successful.
2024-12-01 21:30:51.306 +01:00 [INF] Executed action friendly.Controllers.CommentAPIController.CommentList (api) in 6.3557ms
2024-12-01 21:30:51.306 +01:00 [INF] Executed endpoint 'friendly.Controllers.CommentAPIController.CommentList (api)'
2024-12-01 21:30:51.306 +01:00 [INF] Request finished HTTP/1.1 GET http://localhost:5062/api/CommentAPI/commentlist - 200 573 application/json; charset=utf-8 7.4694ms
2024-12-01 21:30:51.307 +01:00 [INF] CORS policy execution successful.
2024-12-01 21:30:51.308 +01:00 [INF] CORS policy execution successful.
2024-12-01 21:30:51.308 +01:00 [INF] Executing endpoint 'friendly.Controllers.LikeAPIController.GetLikesCount (api)'
2024-12-01 21:30:51.308 +01:00 [INF] Executing endpoint 'friendly.Controllers.LikeAPIController.GetLikesCount (api)'
2024-12-01 21:30:51.308 +01:00 [INF] Route matched with {action = "GetLikesCount", controller = "LikeAPI"}. Executing controller action with signature System.Threading.Tasks.Task`1[Microsoft.AspNetCore.Mvc.IActionResult] GetLikesCount(Int32) on controller friendly.Controllers.LikeAPIController (api).
2024-12-01 21:30:51.308 +01:00 [INF] Request starting HTTP/1.1 GET http://localhost:5062/api/LikeAPI/likes/1 - null null
2024-12-01 21:30:51.309 +01:00 [INF] Executing endpoint 'friendly.Controllers.LikeAPIController.GetLikesCount (api)'
2024-12-01 21:30:51.309 +01:00 [INF] Route matched with {action = "GetLikesCount", controller = "LikeAPI"}. Executing controller action with signature System.Threading.Tasks.Task`1[Microsoft.AspNetCore.Mvc.IActionResult] GetLikesCount(Int32) on controller friendly.Controllers.LikeAPIController (api).
2024-12-01 21:30:51.309 +01:00 [INF] Route matched with {action = "GetLikesCount", controller = "LikeAPI"}. Executing controller action with signature System.Threading.Tasks.Task`1[Microsoft.AspNetCore.Mvc.IActionResult] GetLikesCount(Int32) on controller friendly.Controllers.LikeAPIController (api).
2024-12-01 21:30:51.309 +01:00 [INF] Request starting HTTP/1.1 GET http://localhost:5062/api/LikeAPI/likes/2 - null null
2024-12-01 21:30:51.309 +01:00 [INF] CORS policy execution successful.
2024-12-01 21:30:51.309 +01:00 [INF] CORS policy execution successful.
2024-12-01 21:30:51.309 +01:00 [INF] Executing endpoint 'friendly.Controllers.LikeAPIController.GetLikesCount (api)'
2024-12-01 21:30:51.309 +01:00 [INF] Route matched with {action = "GetLikesCount", controller = "LikeAPI"}. Executing controller action with signature System.Threading.Tasks.Task`1[Microsoft.AspNetCore.Mvc.IActionResult] GetLikesCount(Int32) on controller friendly.Controllers.LikeAPIController (api).
2024-12-01 21:30:51.309 +01:00 [INF] Executing endpoint 'friendly.Controllers.LikeAPIController.GetLikesCount (api)'
2024-12-01 21:30:51.309 +01:00 [INF] Route matched with {action = "GetLikesCount", controller = "LikeAPI"}. Executing controller action with signature System.Threading.Tasks.Task`1[Microsoft.AspNetCore.Mvc.IActionResult] GetLikesCount(Int32) on controller friendly.Controllers.LikeAPIController (api).
2024-12-01 21:30:51.310 +01:00 [INF] Request starting HTTP/1.1 GET http://localhost:5062/api/LikeAPI/likes/3 - null null
2024-12-01 21:30:51.310 +01:00 [INF] CORS policy execution successful.
2024-12-01 21:30:51.310 +01:00 [INF] Executing endpoint 'friendly.Controllers.LikeAPIController.GetLikesCount (api)'
2024-12-01 21:30:51.310 +01:00 [INF] Route matched with {action = "GetLikesCount", controller = "LikeAPI"}. Executing controller action with signature System.Threading.Tasks.Task`1[Microsoft.AspNetCore.Mvc.IActionResult] GetLikesCount(Int32) on controller friendly.Controllers.LikeAPIController (api).
2024-12-01 21:30:51.313 +01:00 [INF] Like count retrieved successfully for PostId: 2, Count: 0
2024-12-01 21:30:51.313 +01:00 [INF] Like count retrieved successfully for PostId: 1, Count: 0
2024-12-01 21:30:51.313 +01:00 [INF] Executing OkObjectResult, writing value of type 'System.Int32'.
2024-12-01 21:30:51.313 +01:00 [INF] Executed action friendly.Controllers.LikeAPIController.GetLikesCount (api) in 4.2994ms
2024-12-01 21:30:51.313 +01:00 [INF] Executed endpoint 'friendly.Controllers.LikeAPIController.GetLikesCount (api)'
2024-12-01 21:30:51.313 +01:00 [INF] Request finished HTTP/1.1 GET http://localhost:5062/api/LikeAPI/likes/2 - 200 1 application/json; charset=utf-8 7.4735ms
2024-12-01 21:30:51.313 +01:00 [INF] Like count retrieved successfully for PostId: 3, Count: 0
2024-12-01 21:30:51.314 +01:00 [INF] Like count retrieved successfully for PostId: 2, Count: 0
2024-12-01 21:30:51.313 +01:00 [INF] Like count retrieved successfully for PostId: 3, Count: 0
2024-12-01 21:30:51.314 +01:00 [INF] Executing OkObjectResult, writing value of type 'System.Int32'.
2024-12-01 21:30:51.314 +01:00 [INF] Executing OkObjectResult, writing value of type 'System.Int32'.
2024-12-01 21:30:51.314 +01:00 [INF] Executing OkObjectResult, writing value of type 'System.Int32'.
2024-12-01 21:30:51.313 +01:00 [INF] Like count retrieved successfully for PostId: 1, Count: 0
2024-12-01 21:30:51.314 +01:00 [INF] Executing OkObjectResult, writing value of type 'System.Int32'.
2024-12-01 21:30:51.314 +01:00 [INF] Executed action friendly.Controllers.LikeAPIController.GetLikesCount (api) in 5.7123ms
2024-12-01 21:30:51.314 +01:00 [INF] Executed endpoint 'friendly.Controllers.LikeAPIController.GetLikesCount (api)'
2024-12-01 21:30:51.314 +01:00 [INF] Request finished HTTP/1.1 GET http://localhost:5062/api/LikeAPI/likes/3 - 200 1 application/json; charset=utf-8 8.4359ms
2024-12-01 21:30:51.313 +01:00 [INF] Executing OkObjectResult, writing value of type 'System.Int32'.
2024-12-01 21:30:51.314 +01:00 [INF] Executed action friendly.Controllers.LikeAPIController.GetLikesCount (api) in 5.736ms
2024-12-01 21:30:51.314 +01:00 [INF] Executed endpoint 'friendly.Controllers.LikeAPIController.GetLikesCount (api)'
2024-12-01 21:30:51.315 +01:00 [INF] Executed action friendly.Controllers.LikeAPIController.GetLikesCount (api) in 5.1371ms
2024-12-01 21:30:51.315 +01:00 [INF] Request finished HTTP/1.1 GET http://localhost:5062/api/LikeAPI/likes/1 - 200 1 application/json; charset=utf-8 9.0249ms
2024-12-01 21:30:51.315 +01:00 [INF] Executed endpoint 'friendly.Controllers.LikeAPIController.GetLikesCount (api)'
2024-12-01 21:30:51.315 +01:00 [INF] Executed action friendly.Controllers.LikeAPIController.GetLikesCount (api) in 4.5961ms
2024-12-01 21:30:51.315 +01:00 [INF] Executed endpoint 'friendly.Controllers.LikeAPIController.GetLikesCount (api)'
2024-12-01 21:30:51.315 +01:00 [INF] Request finished HTTP/1.1 GET http://localhost:5062/api/LikeAPI/likes/3 - 200 1 application/json; charset=utf-8 5.1232ms
2024-12-01 21:30:51.315 +01:00 [INF] Executed action friendly.Controllers.LikeAPIController.GetLikesCount (api) in 5.5412ms
2024-12-01 21:30:51.315 +01:00 [INF] Executed endpoint 'friendly.Controllers.LikeAPIController.GetLikesCount (api)'
2024-12-01 21:30:51.315 +01:00 [INF] Request finished HTTP/1.1 GET http://localhost:5062/api/LikeAPI/likes/2 - 200 1 application/json; charset=utf-8 5.8984ms
2024-12-01 21:30:51.315 +01:00 [INF] Request finished HTTP/1.1 GET http://localhost:5062/api/LikeAPI/likes/1 - 200 1 application/json; charset=utf-8 6.5792ms
2024-12-01 21:30:52.158 +01:00 [INF] Request starting HTTP/1.1 GET http://localhost:5062/api/UserAPI/userlist - null null
2024-12-01 21:30:52.158 +01:00 [INF] Request starting HTTP/1.1 GET http://localhost:5062/api/UserAPI/userlist - null null
2024-12-01 21:30:52.159 +01:00 [INF] CORS policy execution successful.
2024-12-01 21:30:52.159 +01:00 [INF] CORS policy execution successful.
2024-12-01 21:30:52.159 +01:00 [INF] Executing endpoint 'friendly.Controllers.UserAPIController.UserList (api)'
2024-12-01 21:30:52.159 +01:00 [INF] Executing endpoint 'friendly.Controllers.UserAPIController.UserList (api)'
2024-12-01 21:30:52.159 +01:00 [INF] Route matched with {action = "UserList", controller = "UserAPI"}. Executing controller action with signature System.Threading.Tasks.Task`1[Microsoft.AspNetCore.Mvc.IActionResult] UserList() on controller friendly.Controllers.UserAPIController (api).
2024-12-01 21:30:52.159 +01:00 [INF] Route matched with {action = "UserList", controller = "UserAPI"}. Executing controller action with signature System.Threading.Tasks.Task`1[Microsoft.AspNetCore.Mvc.IActionResult] UserList() on controller friendly.Controllers.UserAPIController (api).
2024-12-01 21:30:52.161 +01:00 [INF] Executing OkObjectResult, writing value of type 'System.Linq.Enumerable+SelectListIterator`2[[friendly.Models.User, api, Version=0.0.0.0, Culture=neutral, PublicKeyToken=null],[friendly.DTOs.UserDto, api, Version=0.0.0.0, Culture=neutral, PublicKeyToken=null]]'.
2024-12-01 21:30:52.161 +01:00 [INF] Executing OkObjectResult, writing value of type 'System.Linq.Enumerable+SelectListIterator`2[[friendly.Models.User, api, Version=0.0.0.0, Culture=neutral, PublicKeyToken=null],[friendly.DTOs.UserDto, api, Version=0.0.0.0, Culture=neutral, PublicKeyToken=null]]'.
2024-12-01 21:30:52.162 +01:00 [INF] Executed action friendly.Controllers.UserAPIController.UserList (api) in 2.3619ms
2024-12-01 21:30:52.162 +01:00 [INF] Executed endpoint 'friendly.Controllers.UserAPIController.UserList (api)'
2024-12-01 21:30:52.162 +01:00 [INF] Executed action friendly.Controllers.UserAPIController.UserList (api) in 2.4538ms
2024-12-01 21:30:52.162 +01:00 [INF] Executed endpoint 'friendly.Controllers.UserAPIController.UserList (api)'
2024-12-01 21:30:52.162 +01:00 [INF] Request finished HTTP/1.1 GET http://localhost:5062/api/UserAPI/userlist - 200 1221 application/json; charset=utf-8 3.4243ms
2024-12-01 21:30:52.162 +01:00 [INF] Request finished HTTP/1.1 GET http://localhost:5062/api/UserAPI/userlist - 200 1221 application/json; charset=utf-8 3.4867ms
2024-12-01 21:30:55.786 +01:00 [INF] Request starting HTTP/1.1 POST http://localhost:5062/api/PostAPI/create - multipart/form-data; boundary=----WebKitFormBoundary8RHoytLVyWvE3e8D 66746
2024-12-01 21:30:55.786 +01:00 [INF] CORS policy execution successful.
2024-12-01 21:30:55.787 +01:00 [INF] Executing endpoint 'friendly.Controllers.PostAPIController.CreatePost (api)'
2024-12-01 21:30:55.795 +01:00 [INF] Route matched with {action = "CreatePost", controller = "PostAPI"}. Executing controller action with signature System.Threading.Tasks.Task`1[Microsoft.AspNetCore.Mvc.IActionResult] CreatePost(friendly.DTOs.PostDto, Microsoft.AspNetCore.Http.IFormFile) on controller friendly.Controllers.PostAPIController (api).
2024-12-01 21:30:55.822 +01:00 [INF] [PostRepository] Adding post to the DbContext: {"PostId":0,"PostImagePath":"/uploads/26fea64b-6687-4cc7-8aa1-f24d37edf16e_Brainstorming and ideation.png","Caption":"adv","PostDate":"01/12/2024 21:30:55","UserId":"e51b4271-328a-48a8-a068-32182882ec64","User":null,"Comments":null,"Likes":null,"$type":"Post"}
2024-12-01 21:30:55.824 +01:00 [INF] [PostRepository] Entity state before saving: "Added"
2024-12-01 21:30:55.825 +01:00 [INF] [PostRepository] Entity state after saving: "Unchanged"
2024-12-01 21:30:55.825 +01:00 [INF] [PostRepository] Post creation succeeded with PostId: 4
2024-12-01 21:30:55.826 +01:00 [INF] Executing CreatedAtActionResult, writing value of type 'friendly.DTOs.PostDto'.
2024-12-01 21:30:55.827 +01:00 [INF] Executed action friendly.Controllers.PostAPIController.CreatePost (api) in 31.6498ms
2024-12-01 21:30:55.827 +01:00 [INF] Executed endpoint 'friendly.Controllers.PostAPIController.CreatePost (api)'
2024-12-01 21:30:55.829 +01:00 [INF] Request finished HTTP/1.1 POST http://localhost:5062/api/PostAPI/create - 201 204 application/json; charset=utf-8 42.573ms
2024-12-01 21:30:55.832 +01:00 [INF] Request starting HTTP/1.1 GET http://localhost:5062/api/PostAPI/postlist - null null
2024-12-01 21:30:55.832 +01:00 [INF] CORS policy execution successful.
2024-12-01 21:30:55.832 +01:00 [INF] Executing endpoint 'friendly.Controllers.PostAPIController.PostList (api)'
2024-12-01 21:30:55.832 +01:00 [INF] Route matched with {action = "PostList", controller = "PostAPI"}. Executing controller action with signature System.Threading.Tasks.Task`1[Microsoft.AspNetCore.Mvc.IActionResult] PostList() on controller friendly.Controllers.PostAPIController (api).
2024-12-01 21:30:55.832 +01:00 [INF] Request starting HTTP/1.1 GET http://localhost:5062/api/CommentAPI/commentlist - null null
2024-12-01 21:30:55.832 +01:00 [INF] Request starting HTTP/1.1 GET http://localhost:5062/api/UserAPI/userlist - null null
2024-12-01 21:30:55.832 +01:00 [INF] Request starting HTTP/1.1 GET http://localhost:5062/api/PostAPI/postlist - null null
2024-12-01 21:30:55.833 +01:00 [INF] CORS policy execution successful.
2024-12-01 21:30:55.833 +01:00 [INF] CORS policy execution successful.
2024-12-01 21:30:55.833 +01:00 [INF] CORS policy execution successful.
2024-12-01 21:30:55.833 +01:00 [INF] Executing endpoint 'friendly.Controllers.PostAPIController.PostList (api)'
2024-12-01 21:30:55.833 +01:00 [INF] Executing endpoint 'friendly.Controllers.UserAPIController.UserList (api)'
2024-12-01 21:30:55.833 +01:00 [INF] Executing endpoint 'friendly.Controllers.CommentAPIController.CommentList (api)'
2024-12-01 21:30:55.833 +01:00 [INF] Route matched with {action = "PostList", controller = "PostAPI"}. Executing controller action with signature System.Threading.Tasks.Task`1[Microsoft.AspNetCore.Mvc.IActionResult] PostList() on controller friendly.Controllers.PostAPIController (api).
2024-12-01 21:30:55.833 +01:00 [INF] Route matched with {action = "UserList", controller = "UserAPI"}. Executing controller action with signature System.Threading.Tasks.Task`1[Microsoft.AspNetCore.Mvc.IActionResult] UserList() on controller friendly.Controllers.UserAPIController (api).
2024-12-01 21:30:55.833 +01:00 [INF] Route matched with {action = "CommentList", controller = "CommentAPI"}. Executing controller action with signature System.Threading.Tasks.Task`1[Microsoft.AspNetCore.Mvc.IActionResult] CommentList() on controller friendly.Controllers.CommentAPIController (api).
2024-12-01 21:30:55.833 +01:00 [INF] Request starting HTTP/1.1 GET http://localhost:5062/api/UserAPI/userlist - null null
2024-12-01 21:30:55.833 +01:00 [INF] Request starting HTTP/1.1 GET http://localhost:5062/api/CommentAPI/commentlist - null null
2024-12-01 21:30:55.833 +01:00 [INF] CORS policy execution successful.
2024-12-01 21:30:55.833 +01:00 [INF] CORS policy execution successful.
2024-12-01 21:30:55.833 +01:00 [INF] Executing endpoint 'friendly.Controllers.UserAPIController.UserList (api)'
2024-12-01 21:30:55.833 +01:00 [INF] Route matched with {action = "UserList", controller = "UserAPI"}. Executing controller action with signature System.Threading.Tasks.Task`1[Microsoft.AspNetCore.Mvc.IActionResult] UserList() on controller friendly.Controllers.UserAPIController (api).
2024-12-01 21:30:55.833 +01:00 [INF] Executing endpoint 'friendly.Controllers.CommentAPIController.CommentList (api)'
2024-12-01 21:30:55.833 +01:00 [INF] Route matched with {action = "CommentList", controller = "CommentAPI"}. Executing controller action with signature System.Threading.Tasks.Task`1[Microsoft.AspNetCore.Mvc.IActionResult] CommentList() on controller friendly.Controllers.CommentAPIController (api).
2024-12-01 21:30:55.834 +01:00 [INF] Executing OkObjectResult, writing value of type 'System.Linq.Enumerable+SelectListIterator`2[[friendly.Models.Post, api, Version=0.0.0.0, Culture=neutral, PublicKeyToken=null],[friendly.DTOs.PostDto, api, Version=0.0.0.0, Culture=neutral, PublicKeyToken=null]]'.
2024-12-01 21:30:55.834 +01:00 [INF] Executed action friendly.Controllers.PostAPIController.PostList (api) in 0.9652ms
2024-12-01 21:30:55.834 +01:00 [INF] Executed endpoint 'friendly.Controllers.PostAPIController.PostList (api)'
2024-12-01 21:30:55.834 +01:00 [INF] Executing OkObjectResult, writing value of type 'System.Linq.Enumerable+SelectListIterator`2[[friendly.Models.User, api, Version=0.0.0.0, Culture=neutral, PublicKeyToken=null],[friendly.DTOs.UserDto, api, Version=0.0.0.0, Culture=neutral, PublicKeyToken=null]]'.
2024-12-01 21:30:55.834 +01:00 [INF] Executing OkObjectResult, writing value of type 'System.Linq.Enumerable+SelectListIterator`2[[friendly.Models.Comment, api, Version=0.0.0.0, Culture=neutral, PublicKeyToken=null],[friendly.DTOs.CommentDto, api, Version=0.0.0.0, Culture=neutral, PublicKeyToken=null]]'.
2024-12-01 21:30:55.834 +01:00 [INF] Request finished HTTP/1.1 GET http://localhost:5062/api/PostAPI/postlist - 200 699 application/json; charset=utf-8 1.2014ms
2024-12-01 21:30:55.834 +01:00 [INF] Executed action friendly.Controllers.CommentAPIController.CommentList (api) in 0.6558ms
2024-12-01 21:30:55.834 +01:00 [INF] Executed endpoint 'friendly.Controllers.CommentAPIController.CommentList (api)'
2024-12-01 21:30:55.834 +01:00 [INF] Executed action friendly.Controllers.UserAPIController.UserList (api) in 0.7914ms
2024-12-01 21:30:55.834 +01:00 [INF] Executed endpoint 'friendly.Controllers.UserAPIController.UserList (api)'
2024-12-01 21:30:55.834 +01:00 [INF] Request finished HTTP/1.1 GET http://localhost:5062/api/CommentAPI/commentlist - 200 573 application/json; charset=utf-8 0.9767ms
2024-12-01 21:30:55.834 +01:00 [INF] Request finished HTTP/1.1 GET http://localhost:5062/api/UserAPI/userlist - 200 1221 application/json; charset=utf-8 1.0737ms
2024-12-01 21:30:55.834 +01:00 [INF] Executing OkObjectResult, writing value of type 'System.Linq.Enumerable+SelectListIterator`2[[friendly.Models.Post, api, Version=0.0.0.0, Culture=neutral, PublicKeyToken=null],[friendly.DTOs.PostDto, api, Version=0.0.0.0, Culture=neutral, PublicKeyToken=null]]'.
2024-12-01 21:30:55.834 +01:00 [INF] Executing OkObjectResult, writing value of type 'System.Linq.Enumerable+SelectListIterator`2[[friendly.Models.User, api, Version=0.0.0.0, Culture=neutral, PublicKeyToken=null],[friendly.DTOs.UserDto, api, Version=0.0.0.0, Culture=neutral, PublicKeyToken=null]]'.
2024-12-01 21:30:55.834 +01:00 [INF] Executed action friendly.Controllers.PostAPIController.PostList (api) in 1.6379ms
2024-12-01 21:30:55.834 +01:00 [INF] Executed action friendly.Controllers.UserAPIController.UserList (api) in 1.362ms
2024-12-01 21:30:55.834 +01:00 [INF] Executed endpoint 'friendly.Controllers.UserAPIController.UserList (api)'
2024-12-01 21:30:55.834 +01:00 [INF] Executed endpoint 'friendly.Controllers.PostAPIController.PostList (api)'
2024-12-01 21:30:55.834 +01:00 [INF] Request finished HTTP/1.1 GET http://localhost:5062/api/UserAPI/userlist - 200 1221 application/json; charset=utf-8 1.671ms
2024-12-01 21:30:55.834 +01:00 [INF] Request finished HTTP/1.1 GET http://localhost:5062/api/PostAPI/postlist - 200 699 application/json; charset=utf-8 2.6078ms
2024-12-01 21:30:55.834 +01:00 [INF] Executing OkObjectResult, writing value of type 'System.Linq.Enumerable+SelectListIterator`2[[friendly.Models.Comment, api, Version=0.0.0.0, Culture=neutral, PublicKeyToken=null],[friendly.DTOs.CommentDto, api, Version=0.0.0.0, Culture=neutral, PublicKeyToken=null]]'.
2024-12-01 21:30:55.834 +01:00 [INF] Executed action friendly.Controllers.CommentAPIController.CommentList (api) in 1.6542ms
2024-12-01 21:30:55.834 +01:00 [INF] Executed endpoint 'friendly.Controllers.CommentAPIController.CommentList (api)'
2024-12-01 21:30:55.834 +01:00 [INF] Request finished HTTP/1.1 GET http://localhost:5062/api/CommentAPI/commentlist - 200 573 application/json; charset=utf-8 1.9637ms
2024-12-01 21:30:55.836 +01:00 [INF] Request starting HTTP/1.1 GET http://localhost:5062/api/LikeAPI/likes/4 - null null
2024-12-01 21:30:55.836 +01:00 [INF] Request starting HTTP/1.1 GET http://localhost:5062/api/LikeAPI/likes/1 - null null
2024-12-01 21:30:55.837 +01:00 [INF] CORS policy execution successful.
2024-12-01 21:30:55.837 +01:00 [INF] Request starting HTTP/1.1 GET http://localhost:5062/api/LikeAPI/likes/3 - null null
2024-12-01 21:30:55.837 +01:00 [INF] CORS policy execution successful.
2024-12-01 21:30:55.837 +01:00 [INF] Executing endpoint 'friendly.Controllers.LikeAPIController.GetLikesCount (api)'
2024-12-01 21:30:55.837 +01:00 [INF] Executing endpoint 'friendly.Controllers.LikeAPIController.GetLikesCount (api)'
2024-12-01 21:30:55.837 +01:00 [INF] Route matched with {action = "GetLikesCount", controller = "LikeAPI"}. Executing controller action with signature System.Threading.Tasks.Task`1[Microsoft.AspNetCore.Mvc.IActionResult] GetLikesCount(Int32) on controller friendly.Controllers.LikeAPIController (api).
2024-12-01 21:30:55.838 +01:00 [INF] Route matched with {action = "GetLikesCount", controller = "LikeAPI"}. Executing controller action with signature System.Threading.Tasks.Task`1[Microsoft.AspNetCore.Mvc.IActionResult] GetLikesCount(Int32) on controller friendly.Controllers.LikeAPIController (api).
2024-12-01 21:30:55.836 +01:00 [INF] Request starting HTTP/1.1 GET http://localhost:5062/api/LikeAPI/likes/2 - null null
2024-12-01 21:30:55.839 +01:00 [INF] CORS policy execution successful.
2024-12-01 21:30:55.839 +01:00 [INF] Like count retrieved successfully for PostId: 1, Count: 0
2024-12-01 21:30:55.839 +01:00 [INF] Executing OkObjectResult, writing value of type 'System.Int32'.
2024-12-01 21:30:55.839 +01:00 [INF] Request starting HTTP/1.1 GET http://localhost:5062/api/LikeAPI/likes/1 - null null
2024-12-01 21:30:55.839 +01:00 [INF] Request starting HTTP/1.1 GET http://localhost:5062/api/LikeAPI/likes/4 - null null
2024-12-01 21:30:55.839 +01:00 [INF] Executing endpoint 'friendly.Controllers.LikeAPIController.GetLikesCount (api)'
2024-12-01 21:30:55.839 +01:00 [INF] CORS policy execution successful.
2024-12-01 21:30:55.839 +01:00 [INF] CORS policy execution successful.
2024-12-01 21:30:55.839 +01:00 [INF] Executed action friendly.Controllers.LikeAPIController.GetLikesCount (api) in 1.41ms
2024-12-01 21:30:55.839 +01:00 [INF] Executed endpoint 'friendly.Controllers.LikeAPIController.GetLikesCount (api)'
2024-12-01 21:30:55.839 +01:00 [INF] Executing endpoint 'friendly.Controllers.LikeAPIController.GetLikesCount (api)'
2024-12-01 21:30:55.839 +01:00 [INF] Executing endpoint 'friendly.Controllers.LikeAPIController.GetLikesCount (api)'
2024-12-01 21:30:55.839 +01:00 [INF] Route matched with {action = "GetLikesCount", controller = "LikeAPI"}. Executing controller action with signature System.Threading.Tasks.Task`1[Microsoft.AspNetCore.Mvc.IActionResult] GetLikesCount(Int32) on controller friendly.Controllers.LikeAPIController (api).
2024-12-01 21:30:55.839 +01:00 [INF] Route matched with {action = "GetLikesCount", controller = "LikeAPI"}. Executing controller action with signature System.Threading.Tasks.Task`1[Microsoft.AspNetCore.Mvc.IActionResult] GetLikesCount(Int32) on controller friendly.Controllers.LikeAPIController (api).
2024-12-01 21:30:55.839 +01:00 [INF] Like count retrieved successfully for PostId: 3, Count: 0
2024-12-01 21:30:55.839 +01:00 [INF] Executing OkObjectResult, writing value of type 'System.Int32'.
2024-12-01 21:30:55.839 +01:00 [INF] Executed action friendly.Controllers.LikeAPIController.GetLikesCount (api) in 2.1373ms
2024-12-01 21:30:55.839 +01:00 [INF] Executed endpoint 'friendly.Controllers.LikeAPIController.GetLikesCount (api)'
2024-12-01 21:30:55.839 +01:00 [INF] Request finished HTTP/1.1 GET http://localhost:5062/api/LikeAPI/likes/3 - 200 1 application/json; charset=utf-8 2.4833ms
2024-12-01 21:30:55.837 +01:00 [INF] CORS policy execution successful.
2024-12-01 21:30:55.839 +01:00 [INF] Request finished HTTP/1.1 GET http://localhost:5062/api/LikeAPI/likes/1 - 200 1 application/json; charset=utf-8 3.0213ms
2024-12-01 21:30:55.839 +01:00 [INF] Route matched with {action = "GetLikesCount", controller = "LikeAPI"}. Executing controller action with signature System.Threading.Tasks.Task`1[Microsoft.AspNetCore.Mvc.IActionResult] GetLikesCount(Int32) on controller friendly.Controllers.LikeAPIController (api).
2024-12-01 21:30:55.840 +01:00 [INF] Executing endpoint 'friendly.Controllers.LikeAPIController.GetLikesCount (api)'
2024-12-01 21:30:55.840 +01:00 [INF] Route matched with {action = "GetLikesCount", controller = "LikeAPI"}. Executing controller action with signature System.Threading.Tasks.Task`1[Microsoft.AspNetCore.Mvc.IActionResult] GetLikesCount(Int32) on controller friendly.Controllers.LikeAPIController (api).
2024-12-01 21:30:55.840 +01:00 [INF] Like count retrieved successfully for PostId: 1, Count: 0
2024-12-01 21:30:55.840 +01:00 [INF] Executing OkObjectResult, writing value of type 'System.Int32'.
2024-12-01 21:30:55.840 +01:00 [INF] Executed action friendly.Controllers.LikeAPIController.GetLikesCount (api) in 1.1572ms
2024-12-01 21:30:55.840 +01:00 [INF] Executed endpoint 'friendly.Controllers.LikeAPIController.GetLikesCount (api)'
2024-12-01 21:30:55.840 +01:00 [INF] Like count retrieved successfully for PostId: 2, Count: 0
2024-12-01 21:30:55.840 +01:00 [INF] Request starting HTTP/1.1 GET http://localhost:5062/api/LikeAPI/likes/2 - null null
2024-12-01 21:30:55.840 +01:00 [INF] Request starting HTTP/1.1 GET http://localhost:5062/api/LikeAPI/likes/3 - null null
2024-12-01 21:30:55.840 +01:00 [INF] CORS policy execution successful.
2024-12-01 21:30:55.840 +01:00 [INF] CORS policy execution successful.
2024-12-01 21:30:55.840 +01:00 [INF] Executing endpoint 'friendly.Controllers.LikeAPIController.GetLikesCount (api)'
2024-12-01 21:30:55.840 +01:00 [INF] Route matched with {action = "GetLikesCount", controller = "LikeAPI"}. Executing controller action with signature System.Threading.Tasks.Task`1[Microsoft.AspNetCore.Mvc.IActionResult] GetLikesCount(Int32) on controller friendly.Controllers.LikeAPIController (api).
2024-12-01 21:30:55.841 +01:00 [INF] Executing endpoint 'friendly.Controllers.LikeAPIController.GetLikesCount (api)'
2024-12-01 21:30:55.841 +01:00 [INF] Route matched with {action = "GetLikesCount", controller = "LikeAPI"}. Executing controller action with signature System.Threading.Tasks.Task`1[Microsoft.AspNetCore.Mvc.IActionResult] GetLikesCount(Int32) on controller friendly.Controllers.LikeAPIController (api).
2024-12-01 21:30:55.841 +01:00 [INF] Executing OkObjectResult, writing value of type 'System.Int32'.
2024-12-01 21:30:55.841 +01:00 [INF] Executed action friendly.Controllers.LikeAPIController.GetLikesCount (api) in 1.8597ms
2024-12-01 21:30:55.841 +01:00 [INF] Executed endpoint 'friendly.Controllers.LikeAPIController.GetLikesCount (api)'
2024-12-01 21:30:55.841 +01:00 [INF] Request finished HTTP/1.1 GET http://localhost:5062/api/LikeAPI/likes/2 - 200 1 application/json; charset=utf-8 4.5743ms
2024-12-01 21:30:55.840 +01:00 [INF] Request finished HTTP/1.1 GET http://localhost:5062/api/LikeAPI/likes/1 - 200 1 application/json; charset=utf-8 1.3345ms
2024-12-01 21:30:55.842 +01:00 [INF] Like count retrieved successfully for PostId: 4, Count: 0
2024-12-01 21:30:55.842 +01:00 [INF] Executing OkObjectResult, writing value of type 'System.Int32'.
2024-12-01 21:30:55.842 +01:00 [INF] Like count retrieved successfully for PostId: 2, Count: 0
2024-12-01 21:30:55.842 +01:00 [INF] Executing OkObjectResult, writing value of type 'System.Int32'.
2024-12-01 21:30:55.842 +01:00 [INF] Executed action friendly.Controllers.LikeAPIController.GetLikesCount (api) in 2.2995ms
2024-12-01 21:30:55.843 +01:00 [INF] Like count retrieved successfully for PostId: 3, Count: 0
2024-12-01 21:30:55.843 +01:00 [INF] Executed endpoint 'friendly.Controllers.LikeAPIController.GetLikesCount (api)'
2024-12-01 21:30:55.843 +01:00 [INF] Executing OkObjectResult, writing value of type 'System.Int32'.
2024-12-01 21:30:55.843 +01:00 [INF] Request finished HTTP/1.1 GET http://localhost:5062/api/LikeAPI/likes/4 - 200 1 application/json; charset=utf-8 3.685ms
2024-12-01 21:30:55.843 +01:00 [INF] Executed action friendly.Controllers.LikeAPIController.GetLikesCount (api) in 1.8696ms
2024-12-01 21:30:55.843 +01:00 [INF] Executed endpoint 'friendly.Controllers.LikeAPIController.GetLikesCount (api)'
2024-12-01 21:30:55.843 +01:00 [INF] Request finished HTTP/1.1 GET http://localhost:5062/api/LikeAPI/likes/3 - 200 1 application/json; charset=utf-8 2.4328ms
2024-12-01 21:30:55.842 +01:00 [INF] Like count retrieved successfully for PostId: 4, Count: 0
2024-12-01 21:30:55.843 +01:00 [INF] Executing OkObjectResult, writing value of type 'System.Int32'.
2024-12-01 21:30:55.843 +01:00 [INF] Executed action friendly.Controllers.LikeAPIController.GetLikesCount (api) in 3.4232ms
2024-12-01 21:30:55.844 +01:00 [INF] Executed endpoint 'friendly.Controllers.LikeAPIController.GetLikesCount (api)'
2024-12-01 21:30:55.844 +01:00 [INF] Request finished HTTP/1.1 GET http://localhost:5062/api/LikeAPI/likes/4 - 200 1 application/json; charset=utf-8 7.6783ms
2024-12-01 21:30:55.842 +01:00 [INF] Executed action friendly.Controllers.LikeAPIController.GetLikesCount (api) in 1.8813ms
2024-12-01 21:30:55.844 +01:00 [INF] Executed endpoint 'friendly.Controllers.LikeAPIController.GetLikesCount (api)'
2024-12-01 21:30:55.844 +01:00 [INF] Request finished HTTP/1.1 GET http://localhost:5062/api/LikeAPI/likes/2 - 200 1 application/json; charset=utf-8 3.5597ms
2024-12-01 21:30:55.849 +01:00 [INF] Request starting HTTP/1.1 GET http://localhost:5062/uploads/26fea64b-6687-4cc7-8aa1-f24d37edf16e_Brainstorming and ideation.png - null null
2024-12-01 21:30:55.863 +01:00 [INF] Sending file. Request path: '/uploads/26fea64b-6687-4cc7-8aa1-f24d37edf16e_Brainstorming and ideation.png'. Physical path: '/Users/axel/Documents/Skole/friendlyReact/api/wwwroot/uploads/26fea64b-6687-4cc7-8aa1-f24d37edf16e_Brainstorming and ideation.png'
2024-12-01 21:30:55.863 +01:00 [INF] Request finished HTTP/1.1 GET http://localhost:5062/uploads/26fea64b-6687-4cc7-8aa1-f24d37edf16e_Brainstorming and ideation.png - 200 66312 image/png 14.2623ms
2024-12-01 21:30:57.007 +01:00 [INF] Request starting HTTP/1.1 GET http://localhost:5062/api/PostAPI/post/4 - null null
2024-12-01 21:30:57.007 +01:00 [INF] Request starting HTTP/1.1 GET http://localhost:5062/api/PostAPI/post/4 - null null
2024-12-01 21:30:57.007 +01:00 [INF] CORS policy execution successful.
2024-12-01 21:30:57.007 +01:00 [INF] CORS policy execution successful.
2024-12-01 21:30:57.007 +01:00 [INF] Executing endpoint 'friendly.Controllers.PostAPIController.GetPostById (api)'
2024-12-01 21:30:57.007 +01:00 [INF] Executing endpoint 'friendly.Controllers.PostAPIController.GetPostById (api)'
2024-12-01 21:30:57.007 +01:00 [INF] Route matched with {action = "GetPostById", controller = "PostAPI"}. Executing controller action with signature System.Threading.Tasks.Task`1[Microsoft.AspNetCore.Mvc.IActionResult] GetPostById(Int32) on controller friendly.Controllers.PostAPIController (api).
2024-12-01 21:30:57.007 +01:00 [INF] Route matched with {action = "GetPostById", controller = "PostAPI"}. Executing controller action with signature System.Threading.Tasks.Task`1[Microsoft.AspNetCore.Mvc.IActionResult] GetPostById(Int32) on controller friendly.Controllers.PostAPIController (api).
2024-12-01 21:30:57.010 +01:00 [INF] Executing OkObjectResult, writing value of type 'friendly.DTOs.PostDto'.
2024-12-01 21:30:57.010 +01:00 [INF] Executing OkObjectResult, writing value of type 'friendly.DTOs.PostDto'.
2024-12-01 21:30:57.010 +01:00 [INF] Executed action friendly.Controllers.PostAPIController.GetPostById (api) in 2.6766ms
2024-12-01 21:30:57.010 +01:00 [INF] Executed endpoint 'friendly.Controllers.PostAPIController.GetPostById (api)'
2024-12-01 21:30:57.010 +01:00 [INF] Request finished HTTP/1.1 GET http://localhost:5062/api/PostAPI/post/4 - 200 204 application/json; charset=utf-8 3.3037ms
2024-12-01 21:30:57.010 +01:00 [INF] Executed action friendly.Controllers.PostAPIController.GetPostById (api) in 2.7833ms
2024-12-01 21:30:57.010 +01:00 [INF] Executed endpoint 'friendly.Controllers.PostAPIController.GetPostById (api)'
2024-12-01 21:30:57.010 +01:00 [INF] Request finished HTTP/1.1 GET http://localhost:5062/api/PostAPI/post/4 - 200 204 application/json; charset=utf-8 3.4404ms
2024-12-01 21:30:58.421 +01:00 [INF] Request starting HTTP/1.1 OPTIONS http://localhost:5062/api/PostAPI/delete/4 - null 0
2024-12-01 21:30:58.421 +01:00 [INF] CORS policy execution successful.
2024-12-01 21:30:58.421 +01:00 [INF] Request finished HTTP/1.1 OPTIONS http://localhost:5062/api/PostAPI/delete/4 - 204 null null 0.5142ms
2024-12-01 21:30:58.422 +01:00 [INF] Request starting HTTP/1.1 DELETE http://localhost:5062/api/PostAPI/delete/4 - null 0
2024-12-01 21:30:58.422 +01:00 [INF] CORS policy execution successful.
2024-12-01 21:30:58.423 +01:00 [INF] Executing endpoint 'friendly.Controllers.PostAPIController.DeletePost (api)'
2024-12-01 21:30:58.427 +01:00 [INF] Route matched with {action = "DeletePost", controller = "PostAPI"}. Executing controller action with signature System.Threading.Tasks.Task`1[Microsoft.AspNetCore.Mvc.IActionResult] DeletePost(Int32) on controller friendly.Controllers.PostAPIController (api).
2024-12-01 21:30:58.440 +01:00 [INF] Successfully deleted PostId: 4
2024-12-01 21:30:58.443 +01:00 [INF] Executing StatusCodeResult, setting HTTP status code 204
2024-12-01 21:30:58.444 +01:00 [INF] Executed action friendly.Controllers.PostAPIController.DeletePost (api) in 16.0317ms
2024-12-01 21:30:58.444 +01:00 [INF] Executed endpoint 'friendly.Controllers.PostAPIController.DeletePost (api)'
2024-12-01 21:30:58.444 +01:00 [INF] Request finished HTTP/1.1 DELETE http://localhost:5062/api/PostAPI/delete/4 - 204 null null 21.3231ms
2024-12-01 21:30:58.447 +01:00 [INF] Request starting HTTP/1.1 GET http://localhost:5062/api/PostAPI/postlist - null null
2024-12-01 21:30:58.448 +01:00 [INF] CORS policy execution successful.
2024-12-01 21:30:58.448 +01:00 [INF] Executing endpoint 'friendly.Controllers.PostAPIController.PostList (api)'
2024-12-01 21:30:58.448 +01:00 [INF] Route matched with {action = "PostList", controller = "PostAPI"}. Executing controller action with signature System.Threading.Tasks.Task`1[Microsoft.AspNetCore.Mvc.IActionResult] PostList() on controller friendly.Controllers.PostAPIController (api).
2024-12-01 21:30:58.448 +01:00 [INF] Request starting HTTP/1.1 GET http://localhost:5062/api/UserAPI/userlist - null null
2024-12-01 21:30:58.448 +01:00 [INF] Request starting HTTP/1.1 GET http://localhost:5062/api/CommentAPI/commentlist - null null
2024-12-01 21:30:58.448 +01:00 [INF] Request starting HTTP/1.1 GET http://localhost:5062/api/PostAPI/postlist - null null
2024-12-01 21:30:58.448 +01:00 [INF] CORS policy execution successful.
2024-12-01 21:30:58.448 +01:00 [INF] CORS policy execution successful.
2024-12-01 21:30:58.448 +01:00 [INF] CORS policy execution successful.
2024-12-01 21:30:58.448 +01:00 [INF] Request starting HTTP/1.1 GET http://localhost:5062/api/UserAPI/userlist - null null
2024-12-01 21:30:58.449 +01:00 [INF] Executing endpoint 'friendly.Controllers.CommentAPIController.CommentList (api)'
2024-12-01 21:30:58.448 +01:00 [INF] Executing endpoint 'friendly.Controllers.PostAPIController.PostList (api)'
2024-12-01 21:30:58.449 +01:00 [INF] CORS policy execution successful.
2024-12-01 21:30:58.449 +01:00 [INF] Request starting HTTP/1.1 GET http://localhost:5062/api/CommentAPI/commentlist - null null
2024-12-01 21:30:58.449 +01:00 [INF] Route matched with {action = "CommentList", controller = "CommentAPI"}. Executing controller action with signature System.Threading.Tasks.Task`1[Microsoft.AspNetCore.Mvc.IActionResult] CommentList() on controller friendly.Controllers.CommentAPIController (api).
2024-12-01 21:30:58.449 +01:00 [INF] Executing endpoint 'friendly.Controllers.UserAPIController.UserList (api)'
2024-12-01 21:30:58.449 +01:00 [INF] CORS policy execution successful.
2024-12-01 21:30:58.449 +01:00 [INF] Executing endpoint 'friendly.Controllers.UserAPIController.UserList (api)'
2024-12-01 21:30:58.449 +01:00 [INF] Route matched with {action = "UserList", controller = "UserAPI"}. Executing controller action with signature System.Threading.Tasks.Task`1[Microsoft.AspNetCore.Mvc.IActionResult] UserList() on controller friendly.Controllers.UserAPIController (api).
2024-12-01 21:30:58.449 +01:00 [INF] Route matched with {action = "UserList", controller = "UserAPI"}. Executing controller action with signature System.Threading.Tasks.Task`1[Microsoft.AspNetCore.Mvc.IActionResult] UserList() on controller friendly.Controllers.UserAPIController (api).
2024-12-01 21:30:58.449 +01:00 [INF] Route matched with {action = "PostList", controller = "PostAPI"}. Executing controller action with signature System.Threading.Tasks.Task`1[Microsoft.AspNetCore.Mvc.IActionResult] PostList() on controller friendly.Controllers.PostAPIController (api).
2024-12-01 21:30:58.449 +01:00 [INF] Executing endpoint 'friendly.Controllers.CommentAPIController.CommentList (api)'
2024-12-01 21:30:58.449 +01:00 [INF] Route matched with {action = "CommentList", controller = "CommentAPI"}. Executing controller action with signature System.Threading.Tasks.Task`1[Microsoft.AspNetCore.Mvc.IActionResult] CommentList() on controller friendly.Controllers.CommentAPIController (api).
2024-12-01 21:30:58.450 +01:00 [INF] Executing OkObjectResult, writing value of type 'System.Linq.Enumerable+SelectListIterator`2[[friendly.Models.Post, api, Version=0.0.0.0, Culture=neutral, PublicKeyToken=null],[friendly.DTOs.PostDto, api, Version=0.0.0.0, Culture=neutral, PublicKeyToken=null]]'.
2024-12-01 21:30:58.450 +01:00 [INF] Executing OkObjectResult, writing value of type 'System.Linq.Enumerable+SelectListIterator`2[[friendly.Models.Post, api, Version=0.0.0.0, Culture=neutral, PublicKeyToken=null],[friendly.DTOs.PostDto, api, Version=0.0.0.0, Culture=neutral, PublicKeyToken=null]]'.
2024-12-01 21:30:58.450 +01:00 [INF] Executed action friendly.Controllers.PostAPIController.PostList (api) in 1.027ms
2024-12-01 21:30:58.450 +01:00 [INF] Executed endpoint 'friendly.Controllers.PostAPIController.PostList (api)'
2024-12-01 21:30:58.450 +01:00 [INF] Executed action friendly.Controllers.PostAPIController.PostList (api) in 1.6752ms
2024-12-01 21:30:58.450 +01:00 [INF] Executed endpoint 'friendly.Controllers.PostAPIController.PostList (api)'
2024-12-01 21:30:58.450 +01:00 [INF] Request finished HTTP/1.1 GET http://localhost:5062/api/PostAPI/postlist - 200 494 application/json; charset=utf-8 2.5009ms
2024-12-01 21:30:58.450 +01:00 [INF] Executing OkObjectResult, writing value of type 'System.Linq.Enumerable+SelectListIterator`2[[friendly.Models.Comment, api, Version=0.0.0.0, Culture=neutral, PublicKeyToken=null],[friendly.DTOs.CommentDto, api, Version=0.0.0.0, Culture=neutral, PublicKeyToken=null]]'.
2024-12-01 21:30:58.450 +01:00 [INF] Executing OkObjectResult, writing value of type 'System.Linq.Enumerable+SelectListIterator`2[[friendly.Models.Comment, api, Version=0.0.0.0, Culture=neutral, PublicKeyToken=null],[friendly.DTOs.CommentDto, api, Version=0.0.0.0, Culture=neutral, PublicKeyToken=null]]'.
2024-12-01 21:30:58.450 +01:00 [INF] Executing OkObjectResult, writing value of type 'System.Linq.Enumerable+SelectListIterator`2[[friendly.Models.User, api, Version=0.0.0.0, Culture=neutral, PublicKeyToken=null],[friendly.DTOs.UserDto, api, Version=0.0.0.0, Culture=neutral, PublicKeyToken=null]]'.
2024-12-01 21:30:58.450 +01:00 [INF] Executed action friendly.Controllers.UserAPIController.UserList (api) in 1.6045ms
2024-12-01 21:30:58.450 +01:00 [INF] Executed endpoint 'friendly.Controllers.UserAPIController.UserList (api)'
2024-12-01 21:30:58.450 +01:00 [INF] Request finished HTTP/1.1 GET http://localhost:5062/api/UserAPI/userlist - 200 1221 application/json; charset=utf-8 1.976ms
2024-12-01 21:30:58.450 +01:00 [INF] Executing OkObjectResult, writing value of type 'System.Linq.Enumerable+SelectListIterator`2[[friendly.Models.User, api, Version=0.0.0.0, Culture=neutral, PublicKeyToken=null],[friendly.DTOs.UserDto, api, Version=0.0.0.0, Culture=neutral, PublicKeyToken=null]]'.
2024-12-01 21:30:58.451 +01:00 [INF] Executed action friendly.Controllers.UserAPIController.UserList (api) in 1.858ms
2024-12-01 21:30:58.451 +01:00 [INF] Executed endpoint 'friendly.Controllers.UserAPIController.UserList (api)'
2024-12-01 21:30:58.451 +01:00 [INF] Executed action friendly.Controllers.CommentAPIController.CommentList (api) in 2.0187ms
2024-12-01 21:30:58.451 +01:00 [INF] Executed endpoint 'friendly.Controllers.CommentAPIController.CommentList (api)'
2024-12-01 21:30:58.451 +01:00 [INF] Request finished HTTP/1.1 GET http://localhost:5062/api/UserAPI/userlist - 200 1221 application/json; charset=utf-8 2.3881ms
2024-12-01 21:30:58.451 +01:00 [INF] Request finished HTTP/1.1 GET http://localhost:5062/api/CommentAPI/commentlist - 200 573 application/json; charset=utf-8 2.346ms
2024-12-01 21:30:58.451 +01:00 [INF] Executed action friendly.Controllers.CommentAPIController.CommentList (api) in 1.4773ms
2024-12-01 21:30:58.451 +01:00 [INF] Executed endpoint 'friendly.Controllers.CommentAPIController.CommentList (api)'
2024-12-01 21:30:58.451 +01:00 [INF] Request finished HTTP/1.1 GET http://localhost:5062/api/CommentAPI/commentlist - 200 573 application/json; charset=utf-8 2.2371ms
2024-12-01 21:30:58.450 +01:00 [INF] Request finished HTTP/1.1 GET http://localhost:5062/api/PostAPI/postlist - 200 494 application/json; charset=utf-8 1.4685ms
2024-12-01 21:30:58.460 +01:00 [INF] Request starting HTTP/1.1 GET http://localhost:5062/api/LikeAPI/likes/1 - null null
2024-12-01 21:30:58.460 +01:00 [INF] CORS policy execution successful.
2024-12-01 21:30:58.460 +01:00 [INF] Request starting HTTP/1.1 GET http://localhost:5062/api/LikeAPI/likes/2 - null null
2024-12-01 21:30:58.460 +01:00 [INF] Executing endpoint 'friendly.Controllers.LikeAPIController.GetLikesCount (api)'
2024-12-01 21:30:58.460 +01:00 [INF] CORS policy execution successful.
2024-12-01 21:30:58.460 +01:00 [INF] Route matched with {action = "GetLikesCount", controller = "LikeAPI"}. Executing controller action with signature System.Threading.Tasks.Task`1[Microsoft.AspNetCore.Mvc.IActionResult] GetLikesCount(Int32) on controller friendly.Controllers.LikeAPIController (api).
2024-12-01 21:30:58.460 +01:00 [INF] Executing endpoint 'friendly.Controllers.LikeAPIController.GetLikesCount (api)'
2024-12-01 21:30:58.460 +01:00 [INF] Route matched with {action = "GetLikesCount", controller = "LikeAPI"}. Executing controller action with signature System.Threading.Tasks.Task`1[Microsoft.AspNetCore.Mvc.IActionResult] GetLikesCount(Int32) on controller friendly.Controllers.LikeAPIController (api).
2024-12-01 21:30:58.461 +01:00 [INF] Request starting HTTP/1.1 GET http://localhost:5062/api/LikeAPI/likes/3 - null null
2024-12-01 21:30:58.461 +01:00 [INF] CORS policy execution successful.
2024-12-01 21:30:58.461 +01:00 [INF] Request starting HTTP/1.1 GET http://localhost:5062/api/LikeAPI/likes/1 - null null
2024-12-01 21:30:58.461 +01:00 [INF] Executing endpoint 'friendly.Controllers.LikeAPIController.GetLikesCount (api)'
2024-12-01 21:30:58.461 +01:00 [INF] Route matched with {action = "GetLikesCount", controller = "LikeAPI"}. Executing controller action with signature System.Threading.Tasks.Task`1[Microsoft.AspNetCore.Mvc.IActionResult] GetLikesCount(Int32) on controller friendly.Controllers.LikeAPIController (api).
2024-12-01 21:30:58.461 +01:00 [INF] CORS policy execution successful.
2024-12-01 21:30:58.461 +01:00 [INF] Request starting HTTP/1.1 GET http://localhost:5062/api/LikeAPI/likes/2 - null null
2024-12-01 21:30:58.461 +01:00 [INF] CORS policy execution successful.
2024-12-01 21:30:58.462 +01:00 [INF] Request starting HTTP/1.1 GET http://localhost:5062/api/LikeAPI/likes/3 - null null
2024-12-01 21:30:58.462 +01:00 [INF] CORS policy execution successful.
2024-12-01 21:30:58.462 +01:00 [INF] Executing endpoint 'friendly.Controllers.LikeAPIController.GetLikesCount (api)'
2024-12-01 21:30:58.462 +01:00 [INF] Route matched with {action = "GetLikesCount", controller = "LikeAPI"}. Executing controller action with signature System.Threading.Tasks.Task`1[Microsoft.AspNetCore.Mvc.IActionResult] GetLikesCount(Int32) on controller friendly.Controllers.LikeAPIController (api).
2024-12-01 21:30:58.462 +01:00 [INF] Executing endpoint 'friendly.Controllers.LikeAPIController.GetLikesCount (api)'
2024-12-01 21:30:58.462 +01:00 [INF] Route matched with {action = "GetLikesCount", controller = "LikeAPI"}. Executing controller action with signature System.Threading.Tasks.Task`1[Microsoft.AspNetCore.Mvc.IActionResult] GetLikesCount(Int32) on controller friendly.Controllers.LikeAPIController (api).
2024-12-01 21:30:58.462 +01:00 [INF] Executing endpoint 'friendly.Controllers.LikeAPIController.GetLikesCount (api)'
2024-12-01 21:30:58.463 +01:00 [INF] Route matched with {action = "GetLikesCount", controller = "LikeAPI"}. Executing controller action with signature System.Threading.Tasks.Task`1[Microsoft.AspNetCore.Mvc.IActionResult] GetLikesCount(Int32) on controller friendly.Controllers.LikeAPIController (api).
2024-12-01 21:30:58.463 +01:00 [INF] Like count retrieved successfully for PostId: 3, Count: 0
2024-12-01 21:30:58.463 +01:00 [INF] Like count retrieved successfully for PostId: 1, Count: 0
2024-12-01 21:30:58.463 +01:00 [INF] Executing OkObjectResult, writing value of type 'System.Int32'.
2024-12-01 21:30:58.463 +01:00 [INF] Executing OkObjectResult, writing value of type 'System.Int32'.
2024-12-01 21:30:58.463 +01:00 [INF] Like count retrieved successfully for PostId: 2, Count: 0
2024-12-01 21:30:58.463 +01:00 [INF] Executing OkObjectResult, writing value of type 'System.Int32'.
2024-12-01 21:30:58.463 +01:00 [INF] Executed action friendly.Controllers.LikeAPIController.GetLikesCount (api) in 1.8195ms
2024-12-01 21:30:58.463 +01:00 [INF] Executed endpoint 'friendly.Controllers.LikeAPIController.GetLikesCount (api)'
2024-12-01 21:30:58.463 +01:00 [INF] Request finished HTTP/1.1 GET http://localhost:5062/api/LikeAPI/likes/3 - 200 1 application/json; charset=utf-8 2.4465ms
2024-12-01 21:30:58.463 +01:00 [INF] Executed action friendly.Controllers.LikeAPIController.GetLikesCount (api) in 2.8743ms
2024-12-01 21:30:58.463 +01:00 [INF] Executed endpoint 'friendly.Controllers.LikeAPIController.GetLikesCount (api)'
2024-12-01 21:30:58.463 +01:00 [INF] Request finished HTTP/1.1 GET http://localhost:5062/api/LikeAPI/likes/2 - 200 1 application/json; charset=utf-8 3.2283ms
2024-12-01 21:30:58.463 +01:00 [INF] Executed action friendly.Controllers.LikeAPIController.GetLikesCount (api) in 3.059ms
2024-12-01 21:30:58.463 +01:00 [INF] Executed endpoint 'friendly.Controllers.LikeAPIController.GetLikesCount (api)'
2024-12-01 21:30:58.463 +01:00 [INF] Like count retrieved successfully for PostId: 2, Count: 0
2024-12-01 21:30:58.464 +01:00 [INF] Executing OkObjectResult, writing value of type 'System.Int32'.
2024-12-01 21:30:58.464 +01:00 [INF] Executed action friendly.Controllers.LikeAPIController.GetLikesCount (api) in 1.987ms
2024-12-01 21:30:58.464 +01:00 [INF] Executed endpoint 'friendly.Controllers.LikeAPIController.GetLikesCount (api)'
2024-12-01 21:30:58.463 +01:00 [INF] Request finished HTTP/1.1 GET http://localhost:5062/api/LikeAPI/likes/1 - 200 1 application/json; charset=utf-8 3.5505ms
2024-12-01 21:30:58.464 +01:00 [INF] Like count retrieved successfully for PostId: 3, Count: 0
2024-12-01 21:30:58.464 +01:00 [INF] Like count retrieved successfully for PostId: 1, Count: 0
2024-12-01 21:30:58.464 +01:00 [INF] Executing OkObjectResult, writing value of type 'System.Int32'.
2024-12-01 21:30:58.464 +01:00 [INF] Executing OkObjectResult, writing value of type 'System.Int32'.
2024-12-01 21:30:58.464 +01:00 [INF] Executed action friendly.Controllers.LikeAPIController.GetLikesCount (api) in 1.2825ms
2024-12-01 21:30:58.464 +01:00 [INF] Executed endpoint 'friendly.Controllers.LikeAPIController.GetLikesCount (api)'
2024-12-01 21:30:58.464 +01:00 [INF] Request finished HTTP/1.1 GET http://localhost:5062/api/LikeAPI/likes/2 - 200 1 application/json; charset=utf-8 2.4938ms
2024-12-01 21:30:58.464 +01:00 [INF] Request finished HTTP/1.1 GET http://localhost:5062/api/LikeAPI/likes/1 - 200 1 application/json; charset=utf-8 2.914ms
2024-12-01 21:30:58.464 +01:00 [INF] Executed action friendly.Controllers.LikeAPIController.GetLikesCount (api) in 2.5199ms
2024-12-01 21:30:58.464 +01:00 [INF] Executed endpoint 'friendly.Controllers.LikeAPIController.GetLikesCount (api)'
2024-12-01 21:30:58.464 +01:00 [INF] Request finished HTTP/1.1 GET http://localhost:5062/api/LikeAPI/likes/3 - 200 1 application/json; charset=utf-8 2.7042ms
2024-12-01 21:30:59.985 +01:00 [INF] Request starting HTTP/1.1 OPTIONS http://localhost:5062/api/LikeAPI/create - null 0
2024-12-01 21:30:59.985 +01:00 [INF] CORS policy execution successful.
2024-12-01 21:30:59.985 +01:00 [INF] Request finished HTTP/1.1 OPTIONS http://localhost:5062/api/LikeAPI/create - 204 null null 0.2869ms
2024-12-01 21:30:59.986 +01:00 [INF] Request starting HTTP/1.1 POST http://localhost:5062/api/LikeAPI/create - application/json 60
2024-12-01 21:30:59.986 +01:00 [INF] CORS policy execution successful.
2024-12-01 21:30:59.986 +01:00 [INF] Executing endpoint 'friendly.Controllers.LikeAPIController.CreateLike (api)'
2024-12-01 21:30:59.990 +01:00 [INF] Route matched with {action = "CreateLike", controller = "LikeAPI"}. Executing controller action with signature System.Threading.Tasks.Task`1[Microsoft.AspNetCore.Mvc.IActionResult] CreateLike(friendly.DTOs.LikeDto) on controller friendly.Controllers.LikeAPIController (api).
2024-12-01 21:31:00.027 +01:00 [INF] Like created successfully for PostId: 1 and UserId: e51b4271-328a-48a8-a068-32182882ec64
2024-12-01 21:31:00.028 +01:00 [INF] Executing OkObjectResult, writing value of type '<>f__AnonymousType1`1[[System.String, System.Private.CoreLib, Version=8.0.0.0, Culture=neutral, PublicKeyToken=7cec85d7bea7798e]]'.
2024-12-01 21:31:00.031 +01:00 [INF] Executed action friendly.Controllers.LikeAPIController.CreateLike (api) in 40.7315ms
2024-12-01 21:31:00.031 +01:00 [INF] Executed endpoint 'friendly.Controllers.LikeAPIController.CreateLike (api)'
2024-12-01 21:31:00.031 +01:00 [INF] Request finished HTTP/1.1 POST http://localhost:5062/api/LikeAPI/create - 200 39 application/json; charset=utf-8 44.922ms
2024-12-01 21:31:00.033 +01:00 [INF] Request starting HTTP/1.1 GET http://localhost:5062/api/PostAPI/postlist - null null
2024-12-01 21:31:00.033 +01:00 [INF] CORS policy execution successful.
2024-12-01 21:31:00.034 +01:00 [INF] Executing endpoint 'friendly.Controllers.PostAPIController.PostList (api)'
2024-12-01 21:31:00.034 +01:00 [INF] Route matched with {action = "PostList", controller = "PostAPI"}. Executing controller action with signature System.Threading.Tasks.Task`1[Microsoft.AspNetCore.Mvc.IActionResult] PostList() on controller friendly.Controllers.PostAPIController (api).
2024-12-01 21:31:00.034 +01:00 [INF] Request starting HTTP/1.1 GET http://localhost:5062/api/UserAPI/userlist - null null
2024-12-01 21:31:00.034 +01:00 [INF] Request starting HTTP/1.1 GET http://localhost:5062/api/CommentAPI/commentlist - null null
2024-12-01 21:31:00.034 +01:00 [INF] CORS policy execution successful.
2024-12-01 21:31:00.034 +01:00 [INF] CORS policy execution successful.
2024-12-01 21:31:00.034 +01:00 [INF] Executing endpoint 'friendly.Controllers.CommentAPIController.CommentList (api)'
2024-12-01 21:31:00.034 +01:00 [INF] Executing endpoint 'friendly.Controllers.UserAPIController.UserList (api)'
2024-12-01 21:31:00.034 +01:00 [INF] Route matched with {action = "CommentList", controller = "CommentAPI"}. Executing controller action with signature System.Threading.Tasks.Task`1[Microsoft.AspNetCore.Mvc.IActionResult] CommentList() on controller friendly.Controllers.CommentAPIController (api).
2024-12-01 21:31:00.034 +01:00 [INF] Route matched with {action = "UserList", controller = "UserAPI"}. Executing controller action with signature System.Threading.Tasks.Task`1[Microsoft.AspNetCore.Mvc.IActionResult] UserList() on controller friendly.Controllers.UserAPIController (api).
2024-12-01 21:31:00.035 +01:00 [INF] Executing OkObjectResult, writing value of type 'System.Linq.Enumerable+SelectListIterator`2[[friendly.Models.Post, api, Version=0.0.0.0, Culture=neutral, PublicKeyToken=null],[friendly.DTOs.PostDto, api, Version=0.0.0.0, Culture=neutral, PublicKeyToken=null]]'.
2024-12-01 21:31:00.035 +01:00 [INF] Executing OkObjectResult, writing value of type 'System.Linq.Enumerable+SelectListIterator`2[[friendly.Models.User, api, Version=0.0.0.0, Culture=neutral, PublicKeyToken=null],[friendly.DTOs.UserDto, api, Version=0.0.0.0, Culture=neutral, PublicKeyToken=null]]'.
2024-12-01 21:31:00.035 +01:00 [INF] Executed action friendly.Controllers.PostAPIController.PostList (api) in 1.1739ms
2024-12-01 21:31:00.036 +01:00 [INF] Executed endpoint 'friendly.Controllers.PostAPIController.PostList (api)'
2024-12-01 21:31:00.036 +01:00 [INF] Request finished HTTP/1.1 GET http://localhost:5062/api/PostAPI/postlist - 200 494 application/json; charset=utf-8 3.3593ms
2024-12-01 21:31:00.036 +01:00 [INF] Executing OkObjectResult, writing value of type 'System.Linq.Enumerable+SelectListIterator`2[[friendly.Models.Comment, api, Version=0.0.0.0, Culture=neutral, PublicKeyToken=null],[friendly.DTOs.CommentDto, api, Version=0.0.0.0, Culture=neutral, PublicKeyToken=null]]'.
2024-12-01 21:31:00.037 +01:00 [INF] Executed action friendly.Controllers.CommentAPIController.CommentList (api) in 2.3756ms
2024-12-01 21:31:00.037 +01:00 [INF] Executed endpoint 'friendly.Controllers.CommentAPIController.CommentList (api)'
2024-12-01 21:31:00.037 +01:00 [INF] Executed action friendly.Controllers.UserAPIController.UserList (api) in 2.388ms
2024-12-01 21:31:00.037 +01:00 [INF] Executed endpoint 'friendly.Controllers.UserAPIController.UserList (api)'
2024-12-01 21:31:00.037 +01:00 [INF] Request finished HTTP/1.1 GET http://localhost:5062/api/UserAPI/userlist - 200 1221 application/json; charset=utf-8 2.6376ms
2024-12-01 21:31:00.037 +01:00 [INF] Request finished HTTP/1.1 GET http://localhost:5062/api/CommentAPI/commentlist - 200 573 application/json; charset=utf-8 2.6114ms
2024-12-01 21:31:00.044 +01:00 [INF] Request starting HTTP/1.1 GET http://localhost:5062/api/LikeAPI/likes/1 - null null
2024-12-01 21:31:00.045 +01:00 [INF] Request starting HTTP/1.1 GET http://localhost:5062/api/LikeAPI/likes/2 - null null
2024-12-01 21:31:00.045 +01:00 [INF] CORS policy execution successful.
2024-12-01 21:31:00.045 +01:00 [INF] CORS policy execution successful.
2024-12-01 21:31:00.045 +01:00 [INF] Request starting HTTP/1.1 GET http://localhost:5062/api/LikeAPI/likes/3 - null null
2024-12-01 21:31:00.045 +01:00 [INF] CORS policy execution successful.
2024-12-01 21:31:00.045 +01:00 [INF] Executing endpoint 'friendly.Controllers.LikeAPIController.GetLikesCount (api)'
2024-12-01 21:31:00.045 +01:00 [INF] Executing endpoint 'friendly.Controllers.LikeAPIController.GetLikesCount (api)'
2024-12-01 21:31:00.045 +01:00 [INF] Route matched with {action = "GetLikesCount", controller = "LikeAPI"}. Executing controller action with signature System.Threading.Tasks.Task`1[Microsoft.AspNetCore.Mvc.IActionResult] GetLikesCount(Int32) on controller friendly.Controllers.LikeAPIController (api).
2024-12-01 21:31:00.045 +01:00 [INF] Route matched with {action = "GetLikesCount", controller = "LikeAPI"}. Executing controller action with signature System.Threading.Tasks.Task`1[Microsoft.AspNetCore.Mvc.IActionResult] GetLikesCount(Int32) on controller friendly.Controllers.LikeAPIController (api).
2024-12-01 21:31:00.045 +01:00 [INF] Executing endpoint 'friendly.Controllers.LikeAPIController.GetLikesCount (api)'
2024-12-01 21:31:00.045 +01:00 [INF] Route matched with {action = "GetLikesCount", controller = "LikeAPI"}. Executing controller action with signature System.Threading.Tasks.Task`1[Microsoft.AspNetCore.Mvc.IActionResult] GetLikesCount(Int32) on controller friendly.Controllers.LikeAPIController (api).
2024-12-01 21:31:00.046 +01:00 [INF] Like count retrieved successfully for PostId: 2, Count: 0
2024-12-01 21:31:00.046 +01:00 [INF] Like count retrieved successfully for PostId: 3, Count: 0
2024-12-01 21:31:00.046 +01:00 [INF] Executing OkObjectResult, writing value of type 'System.Int32'.
2024-12-01 21:31:00.046 +01:00 [INF] Executing OkObjectResult, writing value of type 'System.Int32'.
2024-12-01 21:31:00.046 +01:00 [INF] Executed action friendly.Controllers.LikeAPIController.GetLikesCount (api) in 0.7195ms
2024-12-01 21:31:00.046 +01:00 [INF] Executed action friendly.Controllers.LikeAPIController.GetLikesCount (api) in 0.752ms
2024-12-01 21:31:00.046 +01:00 [INF] Executed endpoint 'friendly.Controllers.LikeAPIController.GetLikesCount (api)'
2024-12-01 21:31:00.046 +01:00 [INF] Executed endpoint 'friendly.Controllers.LikeAPIController.GetLikesCount (api)'
2024-12-01 21:31:00.046 +01:00 [INF] Like count retrieved successfully for PostId: 1, Count: 1
2024-12-01 21:31:00.046 +01:00 [INF] Request finished HTTP/1.1 GET http://localhost:5062/api/LikeAPI/likes/3 - 200 1 application/json; charset=utf-8 0.8587ms
2024-12-01 21:31:00.046 +01:00 [INF] Request finished HTTP/1.1 GET http://localhost:5062/api/LikeAPI/likes/2 - 200 1 application/json; charset=utf-8 0.9558ms
2024-12-01 21:31:00.046 +01:00 [INF] Executing OkObjectResult, writing value of type 'System.Int32'.
2024-12-01 21:31:00.046 +01:00 [INF] Executed action friendly.Controllers.LikeAPIController.GetLikesCount (api) in 0.8237ms
2024-12-01 21:31:00.046 +01:00 [INF] Executed endpoint 'friendly.Controllers.LikeAPIController.GetLikesCount (api)'
2024-12-01 21:31:00.046 +01:00 [INF] Request finished HTTP/1.1 GET http://localhost:5062/api/LikeAPI/likes/1 - 200 1 application/json; charset=utf-8 1.2137ms
