2024-11-30 10:29:05.053 +01:00 [INF] User profile is available. Using '/Users/axel/.aspnet/DataProtection-Keys' as key repository; keys will not be encrypted at rest.
2024-11-30 10:29:06.582 +01:00 [INF] Now listening on: https://localhost:7046
2024-11-30 10:29:06.583 +01:00 [INF] Now listening on: http://localhost:5062
2024-11-30 10:29:06.585 +01:00 [INF] Application started. Press Ctrl+C to shut down.
2024-11-30 10:29:06.585 +01:00 [INF] Hosting environment: Development
2024-11-30 10:29:06.585 +01:00 [INF] Content root path: /Users/axel/Documents/Skole/TestFriendly/api
2024-11-30 10:29:06.998 +01:00 [INF] Request starting HTTP/1.1 GET http://localhost:5062/swagger/index.html - null null
2024-11-30 10:29:07.034 +01:00 [INF] Request finished HTTP/1.1 GET http://localhost:5062/swagger/index.html - 200 null text/html;charset=utf-8 37.227ms
2024-11-30 10:29:07.219 +01:00 [INF] Request starting HTTP/1.1 GET http://localhost:5062/swagger/v1/swagger.json - null null
2024-11-30 10:29:07.272 +01:00 [INF] Request finished HTTP/1.1 GET http://localhost:5062/swagger/v1/swagger.json - 200 null application/json;charset=utf-8 52.8916ms
2024-11-30 10:31:58.376 +01:00 [INF] Request starting HTTP/1.1 GET http://localhost:5062/images/fall.jpg - null null
2024-11-30 10:31:58.376 +01:00 [INF] Request starting HTTP/1.1 GET http://localhost:5062/images/mountains.jpg - null null
2024-11-30 10:31:58.376 +01:00 [INF] Request starting HTTP/1.1 GET http://localhost:5062/images/beach.jpg - null null
2024-11-30 10:31:58.397 +01:00 [INF] The file /images/fall.jpg was not modified
2024-11-30 10:31:58.397 +01:00 [INF] The file /images/beach.jpg was not modified
2024-11-30 10:31:58.397 +01:00 [INF] The file /images/mountains.jpg was not modified
2024-11-30 10:31:58.397 +01:00 [INF] Request finished HTTP/1.1 GET http://localhost:5062/images/fall.jpg - 304 null image/jpeg 22.0416ms
2024-11-30 10:31:58.397 +01:00 [INF] Request finished HTTP/1.1 GET http://localhost:5062/images/beach.jpg - 304 null image/jpeg 22.0482ms
2024-11-30 10:31:58.397 +01:00 [INF] Request finished HTTP/1.1 GET http://localhost:5062/images/mountains.jpg - 304 null image/jpeg 22.0497ms
2024-11-30 10:32:18.382 +01:00 [INF] Request starting HTTP/1.1 GET http://localhost:5062/api/UserAPI/userlist - null null
2024-11-30 10:32:18.382 +01:00 [INF] Request starting HTTP/1.1 GET http://localhost:5062/api/PostAPI/postlist - null null
2024-11-30 10:32:18.382 +01:00 [INF] Request starting HTTP/1.1 GET http://localhost:5062/api/CommentAPI/commentlist - null null
2024-11-30 10:32:18.414 +01:00 [INF] CORS policy execution successful.
2024-11-30 10:32:18.414 +01:00 [INF] CORS policy execution successful.
2024-11-30 10:32:18.414 +01:00 [INF] CORS policy execution successful.
2024-11-30 10:32:18.429 +01:00 [INF] Executing endpoint 'friendly.Controllers.PostAPIController.PostList (api)'
2024-11-30 10:32:18.429 +01:00 [INF] Executing endpoint 'friendly.Controllers.CommentAPIController.CommentList (api)'
2024-11-30 10:32:18.429 +01:00 [INF] Executing endpoint 'friendly.Controllers.UserAPIController.UserList (api)'
2024-11-30 10:32:18.440 +01:00 [INF] Route matched with {action = "PostList", controller = "PostAPI"}. Executing controller action with signature System.Threading.Tasks.Task`1[Microsoft.AspNetCore.Mvc.IActionResult] PostList() on controller friendly.Controllers.PostAPIController (api).
2024-11-30 10:32:18.440 +01:00 [INF] Route matched with {action = "UserList", controller = "UserAPI"}. Executing controller action with signature System.Threading.Tasks.Task`1[Microsoft.AspNetCore.Mvc.IActionResult] UserList() on controller friendly.Controllers.UserAPIController (api).
2024-11-30 10:32:18.440 +01:00 [INF] Route matched with {action = "CommentList", controller = "CommentAPI"}. Executing controller action with signature System.Threading.Tasks.Task`1[Microsoft.AspNetCore.Mvc.IActionResult] CommentList() on controller friendly.Controllers.CommentAPIController (api).
2024-11-30 10:32:18.480 +01:00 [INF] Executing OkObjectResult, writing value of type 'System.Linq.Enumerable+SelectListIterator`2[[friendly.Models.Post, api, Version=0.0.0.0, Culture=neutral, PublicKeyToken=null],[friendly.DTOs.PostDto, api, Version=0.0.0.0, Culture=neutral, PublicKeyToken=null]]'.
2024-11-30 10:32:18.480 +01:00 [INF] Executing OkObjectResult, writing value of type 'System.Linq.Enumerable+SelectListIterator`2[[friendly.Models.User, api, Version=0.0.0.0, Culture=neutral, PublicKeyToken=null],[friendly.DTOs.UserDto, api, Version=0.0.0.0, Culture=neutral, PublicKeyToken=null]]'.
2024-11-30 10:32:18.480 +01:00 [INF] Executing OkObjectResult, writing value of type 'System.Linq.Enumerable+SelectListIterator`2[[friendly.Models.Comment, api, Version=0.0.0.0, Culture=neutral, PublicKeyToken=null],[friendly.DTOs.CommentDto, api, Version=0.0.0.0, Culture=neutral, PublicKeyToken=null]]'.
2024-11-30 10:32:18.522 +01:00 [INF] Executed action friendly.Controllers.UserAPIController.UserList (api) in 80.4627ms
2024-11-30 10:32:18.522 +01:00 [INF] Executed action friendly.Controllers.PostAPIController.PostList (api) in 80.4646ms
2024-11-30 10:32:18.522 +01:00 [INF] Executed endpoint 'friendly.Controllers.PostAPIController.PostList (api)'
2024-11-30 10:32:18.522 +01:00 [INF] Executed action friendly.Controllers.CommentAPIController.CommentList (api) in 80.4673ms
2024-11-30 10:32:18.522 +01:00 [INF] Executed endpoint 'friendly.Controllers.CommentAPIController.CommentList (api)'
2024-11-30 10:32:18.522 +01:00 [INF] Executed endpoint 'friendly.Controllers.UserAPIController.UserList (api)'
2024-11-30 10:32:18.525 +01:00 [INF] Request finished HTTP/1.1 GET http://localhost:5062/api/CommentAPI/commentlist - 200 441 application/json; charset=utf-8 143.944ms
2024-11-30 10:32:18.525 +01:00 [INF] Request finished HTTP/1.1 GET http://localhost:5062/api/UserAPI/userlist - 200 1221 application/json; charset=utf-8 143.9822ms
2024-11-30 10:32:18.525 +01:00 [INF] Request finished HTTP/1.1 GET http://localhost:5062/api/PostAPI/postlist - 200 494 application/json; charset=utf-8 143.9441ms
2024-11-30 10:36:22.211 +01:00 [INF] Request starting HTTP/1.1 GET http://localhost:5062/api/PostAPI/postlist - null null
2024-11-30 10:36:22.211 +01:00 [INF] Request starting HTTP/1.1 GET http://localhost:5062/api/CommentAPI/commentlist - null null
2024-11-30 10:36:22.211 +01:00 [INF] Request starting HTTP/1.1 GET http://localhost:5062/api/UserAPI/userlist - null null
2024-11-30 10:36:22.216 +01:00 [INF] CORS policy execution successful.
2024-11-30 10:36:22.216 +01:00 [INF] CORS policy execution successful.
2024-11-30 10:36:22.216 +01:00 [INF] CORS policy execution successful.
2024-11-30 10:36:22.219 +01:00 [INF] Executing endpoint 'friendly.Controllers.CommentAPIController.CommentList (api)'
2024-11-30 10:36:22.219 +01:00 [INF] Executing endpoint 'friendly.Controllers.PostAPIController.PostList (api)'
2024-11-30 10:36:22.219 +01:00 [INF] Executing endpoint 'friendly.Controllers.UserAPIController.UserList (api)'
2024-11-30 10:36:22.220 +01:00 [INF] Route matched with {action = "UserList", controller = "UserAPI"}. Executing controller action with signature System.Threading.Tasks.Task`1[Microsoft.AspNetCore.Mvc.IActionResult] UserList() on controller friendly.Controllers.UserAPIController (api).
2024-11-30 10:36:22.220 +01:00 [INF] Route matched with {action = "CommentList", controller = "CommentAPI"}. Executing controller action with signature System.Threading.Tasks.Task`1[Microsoft.AspNetCore.Mvc.IActionResult] CommentList() on controller friendly.Controllers.CommentAPIController (api).
2024-11-30 10:36:22.220 +01:00 [INF] Route matched with {action = "PostList", controller = "PostAPI"}. Executing controller action with signature System.Threading.Tasks.Task`1[Microsoft.AspNetCore.Mvc.IActionResult] PostList() on controller friendly.Controllers.PostAPIController (api).
2024-11-30 10:36:22.245 +01:00 [INF] Executing OkObjectResult, writing value of type 'System.Linq.Enumerable+SelectListIterator`2[[friendly.Models.Comment, api, Version=0.0.0.0, Culture=neutral, PublicKeyToken=null],[friendly.DTOs.CommentDto, api, Version=0.0.0.0, Culture=neutral, PublicKeyToken=null]]'.
2024-11-30 10:36:22.245 +01:00 [INF] Executing OkObjectResult, writing value of type 'System.Linq.Enumerable+SelectListIterator`2[[friendly.Models.User, api, Version=0.0.0.0, Culture=neutral, PublicKeyToken=null],[friendly.DTOs.UserDto, api, Version=0.0.0.0, Culture=neutral, PublicKeyToken=null]]'.
2024-11-30 10:36:22.246 +01:00 [INF] Executed action friendly.Controllers.UserAPIController.UserList (api) in 25.9824ms
2024-11-30 10:36:22.246 +01:00 [INF] Executed endpoint 'friendly.Controllers.UserAPIController.UserList (api)'
2024-11-30 10:36:22.246 +01:00 [INF] Executed action friendly.Controllers.CommentAPIController.CommentList (api) in 25.9665ms
2024-11-30 10:36:22.246 +01:00 [INF] Executed endpoint 'friendly.Controllers.CommentAPIController.CommentList (api)'
2024-11-30 10:36:22.246 +01:00 [INF] Request finished HTTP/1.1 GET http://localhost:5062/api/CommentAPI/commentlist - 200 441 application/json; charset=utf-8 35.2438ms
2024-11-30 10:36:22.246 +01:00 [INF] Request finished HTTP/1.1 GET http://localhost:5062/api/UserAPI/userlist - 200 1221 application/json; charset=utf-8 35.2402ms
2024-11-30 10:36:22.395 +01:00 [INF] Executing OkObjectResult, writing value of type 'System.Linq.Enumerable+SelectListIterator`2[[friendly.Models.Post, api, Version=0.0.0.0, Culture=neutral, PublicKeyToken=null],[friendly.DTOs.PostDto, api, Version=0.0.0.0, Culture=neutral, PublicKeyToken=null]]'.
2024-11-30 10:36:22.396 +01:00 [INF] Executed action friendly.Controllers.PostAPIController.PostList (api) in 175.8494ms
2024-11-30 10:36:22.396 +01:00 [INF] Executed endpoint 'friendly.Controllers.PostAPIController.PostList (api)'
2024-11-30 10:36:22.396 +01:00 [INF] Request finished HTTP/1.1 GET http://localhost:5062/api/PostAPI/postlist - 200 494 application/json; charset=utf-8 185.1835ms
