2024-11-30 15:03:40.011 +01:00 [INF] User profile is available. Using 'C:\Users\Kristoffer\AppData\Local\ASP.NET\DataProtection-Keys' as key repository and Windows DPAPI to encrypt keys at rest.
2024-11-30 15:03:41.266 +01:00 [WRN] The ASP.NET Core developer certificate is not trusted. For information about trusting the ASP.NET Core developer certificate, see https://aka.ms/aspnet/https-trust-dev-cert.
2024-11-30 15:03:41.290 +01:00 [INF] Now listening on: https://localhost:7046
2024-11-30 15:03:41.291 +01:00 [INF] Now listening on: http://localhost:5062
2024-11-30 15:03:41.293 +01:00 [INF] Application started. Press Ctrl+C to shut down.
2024-11-30 15:03:41.295 +01:00 [INF] Hosting environment: Development
2024-11-30 15:03:41.295 +01:00 [INF] Content root path: C:\Users\Kristoffer\Documents\TestFriendly\api
2024-11-30 15:03:41.493 +01:00 [INF] Request starting HTTP/1.1 GET http://localhost:5062/api/UserAPI/userlist - null null
2024-11-30 15:03:41.493 +01:00 [INF] Request starting HTTP/1.1 GET http://localhost:5062/api/PostAPI/postlist - null null
2024-11-30 15:03:41.493 +01:00 [INF] Request starting HTTP/1.1 GET http://localhost:5062/api/CommentAPI/commentlist - null null
2024-11-30 15:03:41.579 +01:00 [INF] CORS policy execution successful.
2024-11-30 15:03:41.579 +01:00 [INF] CORS policy execution successful.
2024-11-30 15:03:41.579 +01:00 [INF] CORS policy execution successful.
2024-11-30 15:03:41.598 +01:00 [INF] Executing endpoint 'friendly.Controllers.PostAPIController.PostList (api)'
2024-11-30 15:03:41.598 +01:00 [INF] Executing endpoint 'friendly.Controllers.CommentAPIController.CommentList (api)'
2024-11-30 15:03:41.598 +01:00 [INF] Executing endpoint 'friendly.Controllers.UserAPIController.UserList (api)'
2024-11-30 15:03:41.610 +01:00 [INF] Route matched with {action = "CommentList", controller = "CommentAPI"}. Executing controller action with signature System.Threading.Tasks.Task`1[Microsoft.AspNetCore.Mvc.IActionResult] CommentList() on controller friendly.Controllers.CommentAPIController (api).
2024-11-30 15:03:41.610 +01:00 [INF] Route matched with {action = "UserList", controller = "UserAPI"}. Executing controller action with signature System.Threading.Tasks.Task`1[Microsoft.AspNetCore.Mvc.IActionResult] UserList() on controller friendly.Controllers.UserAPIController (api).
2024-11-30 15:03:41.610 +01:00 [INF] Route matched with {action = "PostList", controller = "PostAPI"}. Executing controller action with signature System.Threading.Tasks.Task`1[Microsoft.AspNetCore.Mvc.IActionResult] PostList() on controller friendly.Controllers.PostAPIController (api).
2024-11-30 15:03:41.652 +01:00 [INF] Executing OkObjectResult, writing value of type 'System.Linq.Enumerable+SelectListIterator`2[[friendly.Models.Post, api, Version=0.0.0.0, Culture=neutral, PublicKeyToken=null],[friendly.DTOs.PostDto, api, Version=0.0.0.0, Culture=neutral, PublicKeyToken=null]]'.
2024-11-30 15:03:41.652 +01:00 [INF] Executing OkObjectResult, writing value of type 'System.Linq.Enumerable+SelectListIterator`2[[friendly.Models.Comment, api, Version=0.0.0.0, Culture=neutral, PublicKeyToken=null],[friendly.DTOs.CommentDto, api, Version=0.0.0.0, Culture=neutral, PublicKeyToken=null]]'.
2024-11-30 15:03:41.652 +01:00 [INF] Executing OkObjectResult, writing value of type 'System.Linq.Enumerable+SelectListIterator`2[[friendly.Models.User, api, Version=0.0.0.0, Culture=neutral, PublicKeyToken=null],[friendly.DTOs.UserDto, api, Version=0.0.0.0, Culture=neutral, PublicKeyToken=null]]'.
2024-11-30 15:03:41.712 +01:00 [INF] Executed action friendly.Controllers.PostAPIController.PostList (api) in 99.1598ms
2024-11-30 15:03:41.712 +01:00 [INF] Executed action friendly.Controllers.UserAPIController.UserList (api) in 99.1578ms
2024-11-30 15:03:41.712 +01:00 [INF] Executed action friendly.Controllers.CommentAPIController.CommentList (api) in 99.1598ms
2024-11-30 15:03:41.713 +01:00 [INF] Executed endpoint 'friendly.Controllers.PostAPIController.PostList (api)'
2024-11-30 15:03:41.713 +01:00 [INF] Request starting HTTP/1.1 GET http://localhost:5062/api/UserAPI/userlist - null null
2024-11-30 15:03:41.713 +01:00 [INF] Request starting HTTP/1.1 GET http://localhost:5062/api/CommentAPI/commentlist - null null
2024-11-30 15:03:41.713 +01:00 [INF] Executed endpoint 'friendly.Controllers.UserAPIController.UserList (api)'
2024-11-30 15:03:41.713 +01:00 [INF] Executed endpoint 'friendly.Controllers.CommentAPIController.CommentList (api)'
2024-11-30 15:03:41.715 +01:00 [INF] Request starting HTTP/1.1 GET http://localhost:5062/api/LikeAPI/likes/3 - null null
2024-11-30 15:03:41.716 +01:00 [INF] CORS policy execution successful.
2024-11-30 15:03:41.716 +01:00 [INF] CORS policy execution successful.
2024-11-30 15:03:41.716 +01:00 [INF] CORS policy execution successful.
2024-11-30 15:03:41.717 +01:00 [INF] Executing endpoint 'friendly.Controllers.LikeAPIController.GetLikesCount (api)'
2024-11-30 15:03:41.717 +01:00 [INF] Executing endpoint 'friendly.Controllers.UserAPIController.UserList (api)'
2024-11-30 15:03:41.717 +01:00 [INF] Executing endpoint 'friendly.Controllers.CommentAPIController.CommentList (api)'
2024-11-30 15:03:41.718 +01:00 [INF] Route matched with {action = "CommentList", controller = "CommentAPI"}. Executing controller action with signature System.Threading.Tasks.Task`1[Microsoft.AspNetCore.Mvc.IActionResult] CommentList() on controller friendly.Controllers.CommentAPIController (api).
2024-11-30 15:03:41.718 +01:00 [INF] Route matched with {action = "UserList", controller = "UserAPI"}. Executing controller action with signature System.Threading.Tasks.Task`1[Microsoft.AspNetCore.Mvc.IActionResult] UserList() on controller friendly.Controllers.UserAPIController (api).
2024-11-30 15:03:41.718 +01:00 [INF] Request finished HTTP/1.1 GET http://localhost:5062/api/UserAPI/userlist - 200 1221 application/json; charset=utf-8 226.7238ms
2024-11-30 15:03:41.718 +01:00 [INF] Request finished HTTP/1.1 GET http://localhost:5062/api/CommentAPI/commentlist - 200 447 application/json; charset=utf-8 226.7164ms
2024-11-30 15:03:41.718 +01:00 [INF] Request finished HTTP/1.1 GET http://localhost:5062/api/PostAPI/postlist - 200 530 application/json; charset=utf-8 226.714ms
2024-11-30 15:03:41.719 +01:00 [INF] Request starting HTTP/1.1 GET http://localhost:5062/api/LikeAPI/likes/2 - null null
2024-11-30 15:03:41.719 +01:00 [INF] Request starting HTTP/1.1 GET http://localhost:5062/api/LikeAPI/likes/1 - null null
2024-11-30 15:03:41.719 +01:00 [INF] Request starting HTTP/1.1 GET http://localhost:5062/api/PostAPI/postlist - null null
2024-11-30 15:03:41.719 +01:00 [INF] CORS policy execution successful.
2024-11-30 15:03:41.719 +01:00 [INF] CORS policy execution successful.
2024-11-30 15:03:41.719 +01:00 [INF] Executing endpoint 'friendly.Controllers.LikeAPIController.GetLikesCount (api)'
2024-11-30 15:03:41.720 +01:00 [INF] Executing endpoint 'friendly.Controllers.LikeAPIController.GetLikesCount (api)'
2024-11-30 15:03:41.720 +01:00 [INF] CORS policy execution successful.
2024-11-30 15:03:41.720 +01:00 [INF] Executing endpoint 'friendly.Controllers.PostAPIController.PostList (api)'
2024-11-30 15:03:41.720 +01:00 [INF] Route matched with {action = "PostList", controller = "PostAPI"}. Executing controller action with signature System.Threading.Tasks.Task`1[Microsoft.AspNetCore.Mvc.IActionResult] PostList() on controller friendly.Controllers.PostAPIController (api).
2024-11-30 15:03:41.723 +01:00 [INF] Route matched with {action = "GetLikesCount", controller = "LikeAPI"}. Executing controller action with signature System.Threading.Tasks.Task`1[Microsoft.AspNetCore.Mvc.IActionResult] GetLikesCount(Int32) on controller friendly.Controllers.LikeAPIController (api).
2024-11-30 15:03:41.723 +01:00 [INF] Route matched with {action = "GetLikesCount", controller = "LikeAPI"}. Executing controller action with signature System.Threading.Tasks.Task`1[Microsoft.AspNetCore.Mvc.IActionResult] GetLikesCount(Int32) on controller friendly.Controllers.LikeAPIController (api).
2024-11-30 15:03:41.723 +01:00 [INF] Route matched with {action = "GetLikesCount", controller = "LikeAPI"}. Executing controller action with signature System.Threading.Tasks.Task`1[Microsoft.AspNetCore.Mvc.IActionResult] GetLikesCount(Int32) on controller friendly.Controllers.LikeAPIController (api).
2024-11-30 15:03:41.745 +01:00 [INF] Executing OkObjectResult, writing value of type 'System.Linq.Enumerable+SelectListIterator`2[[friendly.Models.Comment, api, Version=0.0.0.0, Culture=neutral, PublicKeyToken=null],[friendly.DTOs.CommentDto, api, Version=0.0.0.0, Culture=neutral, PublicKeyToken=null]]'.
2024-11-30 15:03:41.745 +01:00 [INF] Executing OkObjectResult, writing value of type 'System.Linq.Enumerable+SelectListIterator`2[[friendly.Models.Post, api, Version=0.0.0.0, Culture=neutral, PublicKeyToken=null],[friendly.DTOs.PostDto, api, Version=0.0.0.0, Culture=neutral, PublicKeyToken=null]]'.
2024-11-30 15:03:41.745 +01:00 [INF] Executing OkObjectResult, writing value of type 'System.Linq.Enumerable+SelectListIterator`2[[friendly.Models.User, api, Version=0.0.0.0, Culture=neutral, PublicKeyToken=null],[friendly.DTOs.UserDto, api, Version=0.0.0.0, Culture=neutral, PublicKeyToken=null]]'.
2024-11-30 15:03:41.746 +01:00 [INF] Executed action friendly.Controllers.CommentAPIController.CommentList (api) in 27.8512ms
2024-11-30 15:03:41.746 +01:00 [INF] Executed action friendly.Controllers.UserAPIController.UserList (api) in 27.836ms
2024-11-30 15:03:41.746 +01:00 [INF] Executed action friendly.Controllers.PostAPIController.PostList (api) in 25.5972ms
2024-11-30 15:03:41.746 +01:00 [INF] Executed endpoint 'friendly.Controllers.CommentAPIController.CommentList (api)'
2024-11-30 15:03:41.746 +01:00 [INF] Executed endpoint 'friendly.Controllers.UserAPIController.UserList (api)'
2024-11-30 15:03:41.746 +01:00 [INF] Executed endpoint 'friendly.Controllers.PostAPIController.PostList (api)'
2024-11-30 15:03:41.746 +01:00 [INF] Request finished HTTP/1.1 GET http://localhost:5062/api/PostAPI/postlist - 200 530 application/json; charset=utf-8 26.7051ms
2024-11-30 15:03:41.746 +01:00 [INF] Request finished HTTP/1.1 GET http://localhost:5062/api/CommentAPI/commentlist - 200 447 application/json; charset=utf-8 33.1268ms
2024-11-30 15:03:41.746 +01:00 [INF] Request finished HTTP/1.1 GET http://localhost:5062/api/UserAPI/userlist - 200 1221 application/json; charset=utf-8 33.1285ms
2024-11-30 15:03:41.773 +01:00 [INF] Like count retrieved successfully for PostId: 3, Count: 0
2024-11-30 15:03:41.809 +01:00 [INF] Like count retrieved successfully for PostId: 1, Count: 0
2024-11-30 15:03:41.810 +01:00 [INF] Executing OkObjectResult, writing value of type 'System.Int32'.
2024-11-30 15:03:41.810 +01:00 [INF] Like count retrieved successfully for PostId: 2, Count: 0
2024-11-30 15:03:41.810 +01:00 [INF] Executing OkObjectResult, writing value of type 'System.Int32'.
2024-11-30 15:03:41.810 +01:00 [INF] Executing OkObjectResult, writing value of type 'System.Int32'.
2024-11-30 15:03:41.810 +01:00 [INF] Executed action friendly.Controllers.LikeAPIController.GetLikesCount (api) in 87.4097ms
2024-11-30 15:03:41.810 +01:00 [INF] Executed action friendly.Controllers.LikeAPIController.GetLikesCount (api) in 87.4938ms
2024-11-30 15:03:41.810 +01:00 [INF] Executed endpoint 'friendly.Controllers.LikeAPIController.GetLikesCount (api)'
2024-11-30 15:03:41.810 +01:00 [INF] Executed action friendly.Controllers.LikeAPIController.GetLikesCount (api) in 87.511ms
2024-11-30 15:03:41.810 +01:00 [INF] Executed endpoint 'friendly.Controllers.LikeAPIController.GetLikesCount (api)'
2024-11-30 15:03:41.810 +01:00 [INF] Executed endpoint 'friendly.Controllers.LikeAPIController.GetLikesCount (api)'
2024-11-30 15:03:41.811 +01:00 [INF] Request finished HTTP/1.1 GET http://localhost:5062/api/LikeAPI/likes/2 - 200 1 application/json; charset=utf-8 91.477ms
2024-11-30 15:03:41.811 +01:00 [INF] Request finished HTTP/1.1 GET http://localhost:5062/api/LikeAPI/likes/1 - 200 1 application/json; charset=utf-8 91.5062ms
2024-11-30 15:03:41.811 +01:00 [INF] Request finished HTTP/1.1 GET http://localhost:5062/api/LikeAPI/likes/3 - 200 1 application/json; charset=utf-8 95.1681ms
2024-11-30 15:03:41.812 +01:00 [INF] Request starting HTTP/1.1 GET http://localhost:5062/api/LikeAPI/likes/2 - null null
2024-11-30 15:03:41.812 +01:00 [INF] CORS policy execution successful.
2024-11-30 15:03:41.812 +01:00 [INF] Request starting HTTP/1.1 GET http://localhost:5062/api/LikeAPI/likes/3 - null null
2024-11-30 15:03:41.812 +01:00 [INF] Executing endpoint 'friendly.Controllers.LikeAPIController.GetLikesCount (api)'
2024-11-30 15:03:41.812 +01:00 [INF] CORS policy execution successful.
2024-11-30 15:03:41.812 +01:00 [INF] Route matched with {action = "GetLikesCount", controller = "LikeAPI"}. Executing controller action with signature System.Threading.Tasks.Task`1[Microsoft.AspNetCore.Mvc.IActionResult] GetLikesCount(Int32) on controller friendly.Controllers.LikeAPIController (api).
2024-11-30 15:03:41.812 +01:00 [INF] Executing endpoint 'friendly.Controllers.LikeAPIController.GetLikesCount (api)'
2024-11-30 15:03:41.812 +01:00 [INF] Route matched with {action = "GetLikesCount", controller = "LikeAPI"}. Executing controller action with signature System.Threading.Tasks.Task`1[Microsoft.AspNetCore.Mvc.IActionResult] GetLikesCount(Int32) on controller friendly.Controllers.LikeAPIController (api).
2024-11-30 15:03:41.812 +01:00 [INF] Request starting HTTP/1.1 GET http://localhost:5062/api/LikeAPI/likes/1 - null null
2024-11-30 15:03:41.812 +01:00 [INF] CORS policy execution successful.
2024-11-30 15:03:41.812 +01:00 [INF] Executing endpoint 'friendly.Controllers.LikeAPIController.GetLikesCount (api)'
2024-11-30 15:03:41.812 +01:00 [INF] Route matched with {action = "GetLikesCount", controller = "LikeAPI"}. Executing controller action with signature System.Threading.Tasks.Task`1[Microsoft.AspNetCore.Mvc.IActionResult] GetLikesCount(Int32) on controller friendly.Controllers.LikeAPIController (api).
2024-11-30 15:03:41.817 +01:00 [INF] Like count retrieved successfully for PostId: 2, Count: 0
2024-11-30 15:03:41.818 +01:00 [INF] Like count retrieved successfully for PostId: 1, Count: 0
2024-11-30 15:03:41.818 +01:00 [INF] Executing OkObjectResult, writing value of type 'System.Int32'.
2024-11-30 15:03:41.818 +01:00 [INF] Executing OkObjectResult, writing value of type 'System.Int32'.
2024-11-30 15:03:41.819 +01:00 [INF] Like count retrieved successfully for PostId: 3, Count: 0
2024-11-30 15:03:41.819 +01:00 [INF] Executed action friendly.Controllers.LikeAPIController.GetLikesCount (api) in 6.5607ms
2024-11-30 15:03:41.819 +01:00 [INF] Executing OkObjectResult, writing value of type 'System.Int32'.
2024-11-30 15:03:41.819 +01:00 [INF] Executed action friendly.Controllers.LikeAPIController.GetLikesCount (api) in 6.2487ms
2024-11-30 15:03:41.819 +01:00 [INF] Executed endpoint 'friendly.Controllers.LikeAPIController.GetLikesCount (api)'
2024-11-30 15:03:41.819 +01:00 [INF] Executed endpoint 'friendly.Controllers.LikeAPIController.GetLikesCount (api)'
2024-11-30 15:03:41.819 +01:00 [INF] Executed action friendly.Controllers.LikeAPIController.GetLikesCount (api) in 6.5796ms
2024-11-30 15:03:41.819 +01:00 [INF] Executed endpoint 'friendly.Controllers.LikeAPIController.GetLikesCount (api)'
2024-11-30 15:03:41.819 +01:00 [INF] Request finished HTTP/1.1 GET http://localhost:5062/api/LikeAPI/likes/2 - 200 1 application/json; charset=utf-8 7.1539ms
2024-11-30 15:03:41.819 +01:00 [INF] Request finished HTTP/1.1 GET http://localhost:5062/api/LikeAPI/likes/1 - 200 1 application/json; charset=utf-8 6.5003ms
2024-11-30 15:03:41.819 +01:00 [INF] Request finished HTTP/1.1 GET http://localhost:5062/api/LikeAPI/likes/3 - 200 1 application/json; charset=utf-8 6.8282ms
2024-11-30 15:03:43.600 +01:00 [INF] Request starting HTTP/1.1 OPTIONS http://localhost:5062/api/likeapi/create - null null
2024-11-30 15:03:43.601 +01:00 [INF] CORS policy execution successful.
2024-11-30 15:03:43.602 +01:00 [INF] Request finished HTTP/1.1 OPTIONS http://localhost:5062/api/likeapi/create - 204 null null 1.7323ms
2024-11-30 15:03:43.603 +01:00 [INF] Request starting HTTP/1.1 POST http://localhost:5062/api/likeapi/create - application/json 60
2024-11-30 15:03:43.603 +01:00 [INF] CORS policy execution successful.
2024-11-30 15:03:43.604 +01:00 [INF] Executing endpoint 'friendly.Controllers.LikeAPIController.CreateLike (api)'
2024-11-30 15:03:43.608 +01:00 [INF] Route matched with {action = "CreateLike", controller = "LikeAPI"}. Executing controller action with signature System.Threading.Tasks.Task`1[Microsoft.AspNetCore.Mvc.IActionResult] CreateLike(friendly.DTOs.LikeDto) on controller friendly.Controllers.LikeAPIController (api).
2024-11-30 15:03:43.655 +01:00 [INF] Like created successfully for PostId: 1 and UserId: 2b355dc4-e29d-4eaa-b9e1-34d1a7c9adfc
2024-11-30 15:03:43.655 +01:00 [INF] Executing OkObjectResult, writing value of type '<>f__AnonymousType1`1[[System.String, System.Private.CoreLib, Version=8.0.0.0, Culture=neutral, PublicKeyToken=7cec85d7bea7798e]]'.
2024-11-30 15:03:43.657 +01:00 [INF] Executed action friendly.Controllers.LikeAPIController.CreateLike (api) in 49.5377ms
2024-11-30 15:03:43.657 +01:00 [INF] Executed endpoint 'friendly.Controllers.LikeAPIController.CreateLike (api)'
2024-11-30 15:03:43.657 +01:00 [INF] Request finished HTTP/1.1 POST http://localhost:5062/api/likeapi/create - 200 39 application/json; charset=utf-8 54.2566ms
2024-11-30 15:03:43.659 +01:00 [INF] Request starting HTTP/1.1 GET http://localhost:5062/api/LikeAPI/likes/1 - null null
2024-11-30 15:03:43.659 +01:00 [INF] CORS policy execution successful.
2024-11-30 15:03:43.659 +01:00 [INF] Executing endpoint 'friendly.Controllers.LikeAPIController.GetLikesCount (api)'
2024-11-30 15:03:43.659 +01:00 [INF] Route matched with {action = "GetLikesCount", controller = "LikeAPI"}. Executing controller action with signature System.Threading.Tasks.Task`1[Microsoft.AspNetCore.Mvc.IActionResult] GetLikesCount(Int32) on controller friendly.Controllers.LikeAPIController (api).
2024-11-30 15:03:43.662 +01:00 [INF] Like count retrieved successfully for PostId: 1, Count: 1
2024-11-30 15:03:43.663 +01:00 [INF] Executing OkObjectResult, writing value of type 'System.Int32'.
2024-11-30 15:03:43.663 +01:00 [INF] Executed action friendly.Controllers.LikeAPIController.GetLikesCount (api) in 3.18ms
2024-11-30 15:03:43.663 +01:00 [INF] Executed endpoint 'friendly.Controllers.LikeAPIController.GetLikesCount (api)'
2024-11-30 15:03:43.663 +01:00 [INF] Request finished HTTP/1.1 GET http://localhost:5062/api/LikeAPI/likes/1 - 200 1 application/json; charset=utf-8 3.6324ms
