2024-11-27 22:12:38.616 +01:00 [INF] User profile is available. Using '/Users/axel/.aspnet/DataProtection-Keys' as key repository; keys will not be encrypted at rest.
2024-11-27 22:12:39.842 +01:00 [INF] Now listening on: https://localhost:7046
2024-11-27 22:12:39.842 +01:00 [INF] Now listening on: http://localhost:5062
2024-11-27 22:12:39.843 +01:00 [INF] Application started. Press Ctrl+C to shut down.
2024-11-27 22:12:39.844 +01:00 [INF] Hosting environment: Development
2024-11-27 22:12:39.844 +01:00 [INF] Content root path: /Users/axel/Documents/Skole/TestFriendly/api
2024-11-27 22:12:52.738 +01:00 [INF] Request starting HTTP/1.1 GET http://localhost:5062/swagger/index.html - null null
2024-11-27 22:12:52.772 +01:00 [INF] Request finished HTTP/1.1 GET http://localhost:5062/swagger/index.html - 200 null text/html;charset=utf-8 35.0942ms
2024-11-27 22:12:52.956 +01:00 [INF] Request starting HTTP/1.1 GET http://localhost:5062/swagger/v1/swagger.json - null null
2024-11-27 22:12:52.981 +01:00 [INF] Request finished HTTP/1.1 GET http://localhost:5062/swagger/v1/swagger.json - 200 null application/json;charset=utf-8 24.3965ms
2024-11-27 22:12:56.739 +01:00 [INF] Request starting HTTP/1.1 GET http://localhost:5062/api/UserAPI/userlist - null null
2024-11-27 22:12:56.787 +01:00 [INF] Executing endpoint 'friendly.Controllers.UserAPIController.UserList (api)'
2024-11-27 22:12:56.796 +01:00 [INF] Route matched with {action = "UserList", controller = "UserAPI"}. Executing controller action with signature System.Threading.Tasks.Task`1[Microsoft.AspNetCore.Mvc.IActionResult] UserList() on controller friendly.Controllers.UserAPIController (api).
2024-11-27 22:12:56.825 +01:00 [INF] Executing OkObjectResult, writing value of type 'System.Linq.Enumerable+SelectListIterator`2[[friendly.Models.User, api, Version=0.0.0.0, Culture=neutral, PublicKeyToken=null],[friendly.DTOs.UserDto, api, Version=0.0.0.0, Culture=neutral, PublicKeyToken=null]]'.
2024-11-27 22:12:56.856 +01:00 [INF] Executed action friendly.Controllers.UserAPIController.UserList (api) in 58.1912ms
2024-11-27 22:12:56.856 +01:00 [INF] Executed endpoint 'friendly.Controllers.UserAPIController.UserList (api)'
2024-11-27 22:12:56.858 +01:00 [INF] Request finished HTTP/1.1 GET http://localhost:5062/api/UserAPI/userlist - 200 592 application/json; charset=utf-8 119.3856ms
2024-11-27 22:13:04.702 +01:00 [INF] Request starting HTTP/1.1 GET http://localhost:5062/api/PostAPI/postlist - null null
2024-11-27 22:13:04.708 +01:00 [INF] Executing endpoint 'friendly.Controllers.PostAPIController.PostList (api)'
2024-11-27 22:13:04.714 +01:00 [INF] Route matched with {action = "PostList", controller = "PostAPI"}. Executing controller action with signature System.Threading.Tasks.Task`1[Microsoft.AspNetCore.Mvc.IActionResult] PostList() on controller friendly.Controllers.PostAPIController (api).
2024-11-27 22:13:04.761 +01:00 [INF] Executing OkObjectResult, writing value of type 'System.Linq.Enumerable+SelectListIterator`2[[friendly.Models.Post, api, Version=0.0.0.0, Culture=neutral, PublicKeyToken=null],[friendly.DTOs.PostDto, api, Version=0.0.0.0, Culture=neutral, PublicKeyToken=null]]'.
2024-11-27 22:13:04.763 +01:00 [INF] Executed action friendly.Controllers.PostAPIController.PostList (api) in 48.7926ms
2024-11-27 22:13:04.763 +01:00 [INF] Executed endpoint 'friendly.Controllers.PostAPIController.PostList (api)'
2024-11-27 22:13:04.764 +01:00 [INF] Request finished HTTP/1.1 GET http://localhost:5062/api/PostAPI/postlist - 200 494 application/json; charset=utf-8 62.1949ms
