2024-11-29 14:10:42.007 +01:00 [INF] User profile is available. Using 'C:\Users\Kristoffer\AppData\Local\ASP.NET\DataProtection-Keys' as key repository and Windows DPAPI to encrypt keys at rest.
2024-11-29 14:10:43.150 +01:00 [WRN] The ASP.NET Core developer certificate is not trusted. For information about trusting the ASP.NET Core developer certificate, see https://aka.ms/aspnet/https-trust-dev-cert.
2024-11-29 14:10:43.170 +01:00 [INF] Now listening on: https://localhost:7046
2024-11-29 14:10:43.170 +01:00 [INF] Now listening on: http://localhost:5062
2024-11-29 14:10:43.172 +01:00 [INF] Application started. Press Ctrl+C to shut down.
2024-11-29 14:10:43.173 +01:00 [INF] Hosting environment: Development
2024-11-29 14:10:43.174 +01:00 [INF] Content root path: C:\Users\Kristoffer\Documents\TestFriendly\api
2024-11-29 14:11:03.010 +01:00 [INF] Request starting HTTP/1.1 GET http://localhost:5062/api/userapi/userlist - null null
2024-11-29 14:11:03.029 +01:00 [INF] CORS policy execution successful.
2024-11-29 14:11:03.034 +01:00 [INF] Executing endpoint 'friendly.Controllers.UserAPIController.UserList (api)'
2024-11-29 14:11:03.040 +01:00 [INF] Route matched with {action = "UserList", controller = "UserAPI"}. Executing controller action with signature System.Threading.Tasks.Task`1[Microsoft.AspNetCore.Mvc.IActionResult] UserList() on controller friendly.Controllers.UserAPIController (api).
2024-11-29 14:11:03.063 +01:00 [INF] Executing OkObjectResult, writing value of type 'System.Linq.Enumerable+SelectListIterator`2[[friendly.Models.User, api, Version=0.0.0.0, Culture=neutral, PublicKeyToken=null],[friendly.DTOs.UserDto, api, Version=0.0.0.0, Culture=neutral, PublicKeyToken=null]]'.
2024-11-29 14:11:03.109 +01:00 [INF] Executed action friendly.Controllers.UserAPIController.UserList (api) in 66.8016ms
2024-11-29 14:11:03.109 +01:00 [INF] Request starting HTTP/1.1 GET http://localhost:5062/api/userapi/userlist - null null
2024-11-29 14:11:03.110 +01:00 [INF] Executed endpoint 'friendly.Controllers.UserAPIController.UserList (api)'
2024-11-29 14:11:03.111 +01:00 [INF] CORS policy execution successful.
2024-11-29 14:11:03.112 +01:00 [INF] Executing endpoint 'friendly.Controllers.UserAPIController.UserList (api)'
2024-11-29 14:11:03.112 +01:00 [INF] Route matched with {action = "UserList", controller = "UserAPI"}. Executing controller action with signature System.Threading.Tasks.Task`1[Microsoft.AspNetCore.Mvc.IActionResult] UserList() on controller friendly.Controllers.UserAPIController (api).
2024-11-29 14:11:03.112 +01:00 [INF] Request finished HTTP/1.1 GET http://localhost:5062/api/userapi/userlist - 200 979 application/json; charset=utf-8 102.5197ms
2024-11-29 14:11:03.113 +01:00 [INF] Request starting HTTP/1.1 GET http://localhost:5062/uploads/profile-images/profileimage1.jpg - null null
2024-11-29 14:11:03.114 +01:00 [INF] Request starting HTTP/1.1 GET http://localhost:5062/uploads/profile-images/profileimage2.jpg - null null
2024-11-29 14:11:03.116 +01:00 [INF] Request starting HTTP/1.1 GET http://localhost:5062/uploads/profile-images/profileimage3.jpg - null null
2024-11-29 14:11:03.118 +01:00 [INF] Request starting HTTP/1.1 GET http://localhost:5062/uploads/profile-images/profileimage4.jpg - null null
2024-11-29 14:11:03.122 +01:00 [INF] The file /uploads/profile-images/profileimage4.jpg was not modified
2024-11-29 14:11:03.122 +01:00 [INF] The file /uploads/profile-images/profileimage1.jpg was not modified
2024-11-29 14:11:03.122 +01:00 [INF] The file /uploads/profile-images/profileimage2.jpg was not modified
2024-11-29 14:11:03.122 +01:00 [INF] The file /uploads/profile-images/profileimage3.jpg was not modified
2024-11-29 14:11:03.123 +01:00 [INF] Request finished HTTP/1.1 GET http://localhost:5062/uploads/profile-images/profileimage2.jpg - 304 null image/jpeg 9.3545ms
2024-11-29 14:11:03.123 +01:00 [INF] Request finished HTTP/1.1 GET http://localhost:5062/uploads/profile-images/profileimage4.jpg - 304 null image/jpeg 4.5812ms
2024-11-29 14:11:03.123 +01:00 [INF] Request finished HTTP/1.1 GET http://localhost:5062/uploads/profile-images/profileimage3.jpg - 304 null image/jpeg 6.0845ms
2024-11-29 14:11:03.123 +01:00 [INF] Request finished HTTP/1.1 GET http://localhost:5062/uploads/profile-images/profileimage1.jpg - 304 null image/jpeg 9.9153ms
2024-11-29 14:11:03.149 +01:00 [INF] Executing OkObjectResult, writing value of type 'System.Linq.Enumerable+SelectListIterator`2[[friendly.Models.User, api, Version=0.0.0.0, Culture=neutral, PublicKeyToken=null],[friendly.DTOs.UserDto, api, Version=0.0.0.0, Culture=neutral, PublicKeyToken=null]]'.
2024-11-29 14:11:03.150 +01:00 [INF] Executed action friendly.Controllers.UserAPIController.UserList (api) in 38.0917ms
2024-11-29 14:11:03.150 +01:00 [INF] Executed endpoint 'friendly.Controllers.UserAPIController.UserList (api)'
2024-11-29 14:11:03.150 +01:00 [INF] Request finished HTTP/1.1 GET http://localhost:5062/api/userapi/userlist - 200 979 application/json; charset=utf-8 40.698ms
2024-11-29 14:11:04.361 +01:00 [INF] Request starting HTTP/1.1 GET http://localhost:5062/api/userapi/userlist - null null
2024-11-29 14:11:04.362 +01:00 [INF] CORS policy execution successful.
2024-11-29 14:11:04.363 +01:00 [INF] Executing endpoint 'friendly.Controllers.UserAPIController.UserList (api)'
2024-11-29 14:11:04.363 +01:00 [INF] Route matched with {action = "UserList", controller = "UserAPI"}. Executing controller action with signature System.Threading.Tasks.Task`1[Microsoft.AspNetCore.Mvc.IActionResult] UserList() on controller friendly.Controllers.UserAPIController (api).
2024-11-29 14:11:04.368 +01:00 [INF] Executing OkObjectResult, writing value of type 'System.Linq.Enumerable+SelectListIterator`2[[friendly.Models.User, api, Version=0.0.0.0, Culture=neutral, PublicKeyToken=null],[friendly.DTOs.UserDto, api, Version=0.0.0.0, Culture=neutral, PublicKeyToken=null]]'.
2024-11-29 14:11:04.368 +01:00 [INF] Executed action friendly.Controllers.UserAPIController.UserList (api) in 4.9065ms
2024-11-29 14:11:04.368 +01:00 [INF] Executed endpoint 'friendly.Controllers.UserAPIController.UserList (api)'
2024-11-29 14:11:04.368 +01:00 [INF] Request finished HTTP/1.1 GET http://localhost:5062/api/userapi/userlist - 200 979 application/json; charset=utf-8 7.6497ms
2024-11-29 14:11:04.369 +01:00 [INF] Request starting HTTP/1.1 GET http://localhost:5062/api/userapi/userlist - null null
2024-11-29 14:11:04.369 +01:00 [INF] CORS policy execution successful.
2024-11-29 14:11:04.370 +01:00 [INF] Executing endpoint 'friendly.Controllers.UserAPIController.UserList (api)'
2024-11-29 14:11:04.370 +01:00 [INF] Route matched with {action = "UserList", controller = "UserAPI"}. Executing controller action with signature System.Threading.Tasks.Task`1[Microsoft.AspNetCore.Mvc.IActionResult] UserList() on controller friendly.Controllers.UserAPIController (api).
2024-11-29 14:11:04.373 +01:00 [INF] Executing OkObjectResult, writing value of type 'System.Linq.Enumerable+SelectListIterator`2[[friendly.Models.User, api, Version=0.0.0.0, Culture=neutral, PublicKeyToken=null],[friendly.DTOs.UserDto, api, Version=0.0.0.0, Culture=neutral, PublicKeyToken=null]]'.
2024-11-29 14:11:04.373 +01:00 [INF] Executed action friendly.Controllers.UserAPIController.UserList (api) in 3.0863ms
2024-11-29 14:11:04.373 +01:00 [INF] Executed endpoint 'friendly.Controllers.UserAPIController.UserList (api)'
2024-11-29 14:11:04.373 +01:00 [INF] Request finished HTTP/1.1 GET http://localhost:5062/api/userapi/userlist - 200 979 application/json; charset=utf-8 4.2242ms
2024-11-29 14:11:05.148 +01:00 [INF] Request starting HTTP/1.1 GET http://localhost:5062/api/PostAPI/postlist - null null
2024-11-29 14:11:05.148 +01:00 [INF] Request starting HTTP/1.1 GET http://localhost:5062/api/UserAPI/userlist - null null
2024-11-29 14:11:05.148 +01:00 [INF] Request starting HTTP/1.1 GET http://localhost:5062/api/CommentAPI/commentlist - null null
2024-11-29 14:11:05.149 +01:00 [INF] CORS policy execution successful.
2024-11-29 14:11:05.149 +01:00 [INF] CORS policy execution successful.
2024-11-29 14:11:05.149 +01:00 [INF] Executing endpoint 'friendly.Controllers.UserAPIController.UserList (api)'
2024-11-29 14:11:05.149 +01:00 [INF] Executing endpoint 'friendly.Controllers.PostAPIController.PostList (api)'
2024-11-29 14:11:05.149 +01:00 [INF] Route matched with {action = "UserList", controller = "UserAPI"}. Executing controller action with signature System.Threading.Tasks.Task`1[Microsoft.AspNetCore.Mvc.IActionResult] UserList() on controller friendly.Controllers.UserAPIController (api).
2024-11-29 14:11:05.149 +01:00 [INF] CORS policy execution successful.
2024-11-29 14:11:05.149 +01:00 [INF] Executing endpoint 'friendly.Controllers.CommentAPIController.CommentList (api)'
2024-11-29 14:11:05.153 +01:00 [INF] Executing OkObjectResult, writing value of type 'System.Linq.Enumerable+SelectListIterator`2[[friendly.Models.User, api, Version=0.0.0.0, Culture=neutral, PublicKeyToken=null],[friendly.DTOs.UserDto, api, Version=0.0.0.0, Culture=neutral, PublicKeyToken=null]]'.
2024-11-29 14:11:05.153 +01:00 [INF] Executed action friendly.Controllers.UserAPIController.UserList (api) in 4.0098ms
2024-11-29 14:11:05.153 +01:00 [INF] Executed endpoint 'friendly.Controllers.UserAPIController.UserList (api)'
2024-11-29 14:11:05.153 +01:00 [INF] Request finished HTTP/1.1 GET http://localhost:5062/api/UserAPI/userlist - 200 979 application/json; charset=utf-8 5.6131ms
2024-11-29 14:11:05.153 +01:00 [INF] Route matched with {action = "CommentList", controller = "CommentAPI"}. Executing controller action with signature System.Threading.Tasks.Task`1[Microsoft.AspNetCore.Mvc.IActionResult] CommentList() on controller friendly.Controllers.CommentAPIController (api).
2024-11-29 14:11:05.153 +01:00 [INF] Route matched with {action = "PostList", controller = "PostAPI"}. Executing controller action with signature System.Threading.Tasks.Task`1[Microsoft.AspNetCore.Mvc.IActionResult] PostList() on controller friendly.Controllers.PostAPIController (api).
2024-11-29 14:11:05.155 +01:00 [INF] Request starting HTTP/1.1 GET http://localhost:5062/api/UserAPI/userlist - null null
2024-11-29 14:11:05.155 +01:00 [INF] CORS policy execution successful.
2024-11-29 14:11:05.155 +01:00 [INF] Executing endpoint 'friendly.Controllers.UserAPIController.UserList (api)'
2024-11-29 14:11:05.155 +01:00 [INF] Route matched with {action = "UserList", controller = "UserAPI"}. Executing controller action with signature System.Threading.Tasks.Task`1[Microsoft.AspNetCore.Mvc.IActionResult] UserList() on controller friendly.Controllers.UserAPIController (api).
2024-11-29 14:11:05.158 +01:00 [INF] Executing OkObjectResult, writing value of type 'System.Linq.Enumerable+SelectListIterator`2[[friendly.Models.User, api, Version=0.0.0.0, Culture=neutral, PublicKeyToken=null],[friendly.DTOs.UserDto, api, Version=0.0.0.0, Culture=neutral, PublicKeyToken=null]]'.
2024-11-29 14:11:05.158 +01:00 [INF] Executed action friendly.Controllers.UserAPIController.UserList (api) in 2.9962ms
2024-11-29 14:11:05.158 +01:00 [INF] Executed endpoint 'friendly.Controllers.UserAPIController.UserList (api)'
2024-11-29 14:11:05.158 +01:00 [INF] Request finished HTTP/1.1 GET http://localhost:5062/api/UserAPI/userlist - 200 979 application/json; charset=utf-8 3.8608ms
2024-11-29 14:11:05.171 +01:00 [INF] Executing OkObjectResult, writing value of type 'System.Linq.Enumerable+SelectListIterator`2[[friendly.Models.Post, api, Version=0.0.0.0, Culture=neutral, PublicKeyToken=null],[friendly.DTOs.PostDto, api, Version=0.0.0.0, Culture=neutral, PublicKeyToken=null]]'.
2024-11-29 14:11:05.174 +01:00 [INF] Executing OkObjectResult, writing value of type 'System.Linq.Enumerable+SelectListIterator`2[[friendly.Models.Comment, api, Version=0.0.0.0, Culture=neutral, PublicKeyToken=null],[friendly.DTOs.CommentDto, api, Version=0.0.0.0, Culture=neutral, PublicKeyToken=null]]'.
2024-11-29 14:11:05.174 +01:00 [INF] Executed action friendly.Controllers.PostAPIController.PostList (api) in 20.682ms
2024-11-29 14:11:05.174 +01:00 [INF] Executed endpoint 'friendly.Controllers.PostAPIController.PostList (api)'
2024-11-29 14:11:05.174 +01:00 [INF] Request finished HTTP/1.1 GET http://localhost:5062/api/PostAPI/postlist - 200 500 application/json; charset=utf-8 26.709ms
2024-11-29 14:11:05.175 +01:00 [INF] Request starting HTTP/1.1 GET http://localhost:5062/api/PostAPI/postlist - null null
2024-11-29 14:11:05.175 +01:00 [INF] CORS policy execution successful.
2024-11-29 14:11:05.175 +01:00 [INF] Executing endpoint 'friendly.Controllers.PostAPIController.PostList (api)'
2024-11-29 14:11:05.175 +01:00 [INF] Route matched with {action = "PostList", controller = "PostAPI"}. Executing controller action with signature System.Threading.Tasks.Task`1[Microsoft.AspNetCore.Mvc.IActionResult] PostList() on controller friendly.Controllers.PostAPIController (api).
2024-11-29 14:11:05.175 +01:00 [INF] Executed action friendly.Controllers.CommentAPIController.CommentList (api) in 21.8895ms
2024-11-29 14:11:05.175 +01:00 [INF] Executed endpoint 'friendly.Controllers.CommentAPIController.CommentList (api)'
2024-11-29 14:11:05.176 +01:00 [INF] Request finished HTTP/1.1 GET http://localhost:5062/api/CommentAPI/commentlist - 200 447 application/json; charset=utf-8 27.4755ms
2024-11-29 14:11:05.176 +01:00 [INF] Request starting HTTP/1.1 GET http://localhost:5062/api/CommentAPI/commentlist - null null
2024-11-29 14:11:05.176 +01:00 [INF] CORS policy execution successful.
2024-11-29 14:11:05.176 +01:00 [INF] Executing endpoint 'friendly.Controllers.CommentAPIController.CommentList (api)'
2024-11-29 14:11:05.176 +01:00 [INF] Route matched with {action = "CommentList", controller = "CommentAPI"}. Executing controller action with signature System.Threading.Tasks.Task`1[Microsoft.AspNetCore.Mvc.IActionResult] CommentList() on controller friendly.Controllers.CommentAPIController (api).
2024-11-29 14:11:05.178 +01:00 [INF] Executing OkObjectResult, writing value of type 'System.Linq.Enumerable+SelectListIterator`2[[friendly.Models.Post, api, Version=0.0.0.0, Culture=neutral, PublicKeyToken=null],[friendly.DTOs.PostDto, api, Version=0.0.0.0, Culture=neutral, PublicKeyToken=null]]'.
2024-11-29 14:11:05.178 +01:00 [INF] Executed action friendly.Controllers.PostAPIController.PostList (api) in 2.8216ms
2024-11-29 14:11:05.178 +01:00 [INF] Executed endpoint 'friendly.Controllers.PostAPIController.PostList (api)'
2024-11-29 14:11:05.178 +01:00 [INF] Request finished HTTP/1.1 GET http://localhost:5062/api/PostAPI/postlist - 200 500 application/json; charset=utf-8 3.4997ms
2024-11-29 14:11:05.180 +01:00 [INF] Executing OkObjectResult, writing value of type 'System.Linq.Enumerable+SelectListIterator`2[[friendly.Models.Comment, api, Version=0.0.0.0, Culture=neutral, PublicKeyToken=null],[friendly.DTOs.CommentDto, api, Version=0.0.0.0, Culture=neutral, PublicKeyToken=null]]'.
2024-11-29 14:11:05.180 +01:00 [INF] Executed action friendly.Controllers.CommentAPIController.CommentList (api) in 3.624ms
2024-11-29 14:11:05.180 +01:00 [INF] Executed endpoint 'friendly.Controllers.CommentAPIController.CommentList (api)'
2024-11-29 14:11:05.180 +01:00 [INF] Request finished HTTP/1.1 GET http://localhost:5062/api/CommentAPI/commentlist - 200 447 application/json; charset=utf-8 3.9ms
2024-11-29 14:11:05.180 +01:00 [INF] Request starting HTTP/1.1 GET http://localhost:5062/api/LikeAPI/likes/1 - null null
2024-11-29 14:11:05.180 +01:00 [INF] Request starting HTTP/1.1 GET http://localhost:5062/api/LikeAPI/likes/2 - null null
2024-11-29 14:11:05.180 +01:00 [INF] Request starting HTTP/1.1 GET http://localhost:5062/api/LikeAPI/likes/3 - null null
2024-11-29 14:11:05.180 +01:00 [INF] Request starting HTTP/1.1 GET http://localhost:5062/uploads/mountains.jpg - null null
2024-11-29 14:11:05.180 +01:00 [INF] Request starting HTTP/1.1 GET http://localhost:5062/uploads/fall.jpg - null null
2024-11-29 14:11:05.181 +01:00 [INF] CORS policy execution successful.
2024-11-29 14:11:05.181 +01:00 [INF] CORS policy execution successful.
2024-11-29 14:11:05.181 +01:00 [INF] CORS policy execution successful.
2024-11-29 14:11:05.181 +01:00 [INF] Executing endpoint 'friendly.Controllers.LikeAPIController.GetLikesCount (api)'
2024-11-29 14:11:05.181 +01:00 [INF] The file /uploads/fall.jpg was not modified
2024-11-29 14:11:05.181 +01:00 [INF] The file /uploads/mountains.jpg was not modified
2024-11-29 14:11:05.181 +01:00 [INF] Executing endpoint 'friendly.Controllers.LikeAPIController.GetLikesCount (api)'
2024-11-29 14:11:05.181 +01:00 [INF] Executing endpoint 'friendly.Controllers.LikeAPIController.GetLikesCount (api)'
2024-11-29 14:11:05.181 +01:00 [INF] Request finished HTTP/1.1 GET http://localhost:5062/uploads/fall.jpg - 304 null image/jpeg 0.2855ms
2024-11-29 14:11:05.181 +01:00 [INF] Request finished HTTP/1.1 GET http://localhost:5062/uploads/mountains.jpg - 304 null image/jpeg 0.3256ms
2024-11-29 14:11:05.181 +01:00 [INF] Request starting HTTP/1.1 GET http://localhost:5062/uploads/beach.jpg - null null
2024-11-29 14:11:05.181 +01:00 [INF] The file /uploads/beach.jpg was not modified
2024-11-29 14:11:05.181 +01:00 [INF] Request finished HTTP/1.1 GET http://localhost:5062/uploads/beach.jpg - 304 null image/jpeg 0.1414ms
2024-11-29 14:11:05.186 +01:00 [INF] Route matched with {action = "GetLikesCount", controller = "LikeAPI"}. Executing controller action with signature System.Threading.Tasks.Task`1[Microsoft.AspNetCore.Mvc.IActionResult] GetLikesCount(Int32) on controller friendly.Controllers.LikeAPIController (api).
2024-11-29 14:11:05.186 +01:00 [INF] Route matched with {action = "GetLikesCount", controller = "LikeAPI"}. Executing controller action with signature System.Threading.Tasks.Task`1[Microsoft.AspNetCore.Mvc.IActionResult] GetLikesCount(Int32) on controller friendly.Controllers.LikeAPIController (api).
2024-11-29 14:11:05.186 +01:00 [INF] Route matched with {action = "GetLikesCount", controller = "LikeAPI"}. Executing controller action with signature System.Threading.Tasks.Task`1[Microsoft.AspNetCore.Mvc.IActionResult] GetLikesCount(Int32) on controller friendly.Controllers.LikeAPIController (api).
2024-11-29 14:11:05.208 +01:00 [INF] Like count retrieved successfully for PostId: 1, Count: 0
2024-11-29 14:11:05.208 +01:00 [INF] Like count retrieved successfully for PostId: 2, Count: 0
2024-11-29 14:11:05.209 +01:00 [INF] Executing OkObjectResult, writing value of type 'System.Int32'.
2024-11-29 14:11:05.209 +01:00 [INF] Executing OkObjectResult, writing value of type 'System.Int32'.
2024-11-29 14:11:05.210 +01:00 [INF] Like count retrieved successfully for PostId: 3, Count: 0
2024-11-29 14:11:05.210 +01:00 [INF] Executing OkObjectResult, writing value of type 'System.Int32'.
2024-11-29 14:11:05.210 +01:00 [INF] Executed action friendly.Controllers.LikeAPIController.GetLikesCount (api) in 23.8996ms
2024-11-29 14:11:05.210 +01:00 [INF] Executed action friendly.Controllers.LikeAPIController.GetLikesCount (api) in 23.9184ms
2024-11-29 14:11:05.210 +01:00 [INF] Executed endpoint 'friendly.Controllers.LikeAPIController.GetLikesCount (api)'
2024-11-29 14:11:05.210 +01:00 [INF] Executed action friendly.Controllers.LikeAPIController.GetLikesCount (api) in 23.9989ms
2024-11-29 14:11:05.210 +01:00 [INF] Executed endpoint 'friendly.Controllers.LikeAPIController.GetLikesCount (api)'
2024-11-29 14:11:05.210 +01:00 [INF] Executed endpoint 'friendly.Controllers.LikeAPIController.GetLikesCount (api)'
2024-11-29 14:11:05.210 +01:00 [INF] Request finished HTTP/1.1 GET http://localhost:5062/api/LikeAPI/likes/2 - 200 1 application/json; charset=utf-8 29.4617ms
2024-11-29 14:11:05.210 +01:00 [INF] Request finished HTTP/1.1 GET http://localhost:5062/api/LikeAPI/likes/3 - 200 1 application/json; charset=utf-8 29.3824ms
2024-11-29 14:11:05.210 +01:00 [INF] Request finished HTTP/1.1 GET http://localhost:5062/api/LikeAPI/likes/1 - 200 1 application/json; charset=utf-8 29.4621ms
2024-11-29 14:11:05.211 +01:00 [INF] Request starting HTTP/1.1 GET http://localhost:5062/api/LikeAPI/likes/1 - null null
2024-11-29 14:11:05.211 +01:00 [INF] CORS policy execution successful.
2024-11-29 14:11:05.211 +01:00 [INF] Request starting HTTP/1.1 GET http://localhost:5062/api/LikeAPI/likes/3 - null null
2024-11-29 14:11:05.211 +01:00 [INF] Request starting HTTP/1.1 GET http://localhost:5062/api/LikeAPI/likes/2 - null null
2024-11-29 14:11:05.211 +01:00 [INF] Executing endpoint 'friendly.Controllers.LikeAPIController.GetLikesCount (api)'
2024-11-29 14:11:05.211 +01:00 [INF] CORS policy execution successful.
2024-11-29 14:11:05.211 +01:00 [INF] Route matched with {action = "GetLikesCount", controller = "LikeAPI"}. Executing controller action with signature System.Threading.Tasks.Task`1[Microsoft.AspNetCore.Mvc.IActionResult] GetLikesCount(Int32) on controller friendly.Controllers.LikeAPIController (api).
2024-11-29 14:11:05.211 +01:00 [INF] CORS policy execution successful.
2024-11-29 14:11:05.211 +01:00 [INF] Executing endpoint 'friendly.Controllers.LikeAPIController.GetLikesCount (api)'
2024-11-29 14:11:05.211 +01:00 [INF] Route matched with {action = "GetLikesCount", controller = "LikeAPI"}. Executing controller action with signature System.Threading.Tasks.Task`1[Microsoft.AspNetCore.Mvc.IActionResult] GetLikesCount(Int32) on controller friendly.Controllers.LikeAPIController (api).
2024-11-29 14:11:05.211 +01:00 [INF] Executing endpoint 'friendly.Controllers.LikeAPIController.GetLikesCount (api)'
2024-11-29 14:11:05.211 +01:00 [INF] Route matched with {action = "GetLikesCount", controller = "LikeAPI"}. Executing controller action with signature System.Threading.Tasks.Task`1[Microsoft.AspNetCore.Mvc.IActionResult] GetLikesCount(Int32) on controller friendly.Controllers.LikeAPIController (api).
2024-11-29 14:11:05.215 +01:00 [INF] Like count retrieved successfully for PostId: 1, Count: 0
2024-11-29 14:11:05.216 +01:00 [INF] Like count retrieved successfully for PostId: 3, Count: 0
2024-11-29 14:11:05.216 +01:00 [INF] Executing OkObjectResult, writing value of type 'System.Int32'.
2024-11-29 14:11:05.216 +01:00 [INF] Like count retrieved successfully for PostId: 2, Count: 0
2024-11-29 14:11:05.216 +01:00 [INF] Executing OkObjectResult, writing value of type 'System.Int32'.
2024-11-29 14:11:05.216 +01:00 [INF] Executing OkObjectResult, writing value of type 'System.Int32'.
2024-11-29 14:11:05.217 +01:00 [INF] Executed action friendly.Controllers.LikeAPIController.GetLikesCount (api) in 5.3592ms
2024-11-29 14:11:05.217 +01:00 [INF] Executed action friendly.Controllers.LikeAPIController.GetLikesCount (api) in 5.5303ms
2024-11-29 14:11:05.217 +01:00 [INF] Executed action friendly.Controllers.LikeAPIController.GetLikesCount (api) in 5.4868ms
2024-11-29 14:11:05.217 +01:00 [INF] Executed endpoint 'friendly.Controllers.LikeAPIController.GetLikesCount (api)'
2024-11-29 14:11:05.217 +01:00 [INF] Executed endpoint 'friendly.Controllers.LikeAPIController.GetLikesCount (api)'
2024-11-29 14:11:05.217 +01:00 [INF] Executed endpoint 'friendly.Controllers.LikeAPIController.GetLikesCount (api)'
2024-11-29 14:11:05.217 +01:00 [INF] Request finished HTTP/1.1 GET http://localhost:5062/api/LikeAPI/likes/2 - 200 1 application/json; charset=utf-8 5.7442ms
2024-11-29 14:11:05.217 +01:00 [INF] Request finished HTTP/1.1 GET http://localhost:5062/api/LikeAPI/likes/3 - 200 1 application/json; charset=utf-8 5.7529ms
2024-11-29 14:11:05.217 +01:00 [INF] Request finished HTTP/1.1 GET http://localhost:5062/api/LikeAPI/likes/1 - 200 1 application/json; charset=utf-8 5.963ms
2024-11-29 14:11:07.647 +01:00 [INF] Request starting HTTP/1.1 GET http://localhost:5062/api/PostAPI/postlist - null null
2024-11-29 14:11:07.647 +01:00 [INF] Request starting HTTP/1.1 GET http://localhost:5062/api/UserAPI/userlist - null null
2024-11-29 14:11:07.647 +01:00 [INF] Request starting HTTP/1.1 GET http://localhost:5062/api/CommentAPI/commentlist - null null
2024-11-29 14:11:07.648 +01:00 [INF] CORS policy execution successful.
2024-11-29 14:11:07.648 +01:00 [INF] CORS policy execution successful.
2024-11-29 14:11:07.648 +01:00 [INF] CORS policy execution successful.
2024-11-29 14:11:07.648 +01:00 [INF] Executing endpoint 'friendly.Controllers.UserAPIController.UserList (api)'
2024-11-29 14:11:07.648 +01:00 [INF] Executing endpoint 'friendly.Controllers.PostAPIController.PostList (api)'
2024-11-29 14:11:07.648 +01:00 [INF] Executing endpoint 'friendly.Controllers.CommentAPIController.CommentList (api)'
2024-11-29 14:11:07.648 +01:00 [INF] Route matched with {action = "UserList", controller = "UserAPI"}. Executing controller action with signature System.Threading.Tasks.Task`1[Microsoft.AspNetCore.Mvc.IActionResult] UserList() on controller friendly.Controllers.UserAPIController (api).
2024-11-29 14:11:07.648 +01:00 [INF] Route matched with {action = "CommentList", controller = "CommentAPI"}. Executing controller action with signature System.Threading.Tasks.Task`1[Microsoft.AspNetCore.Mvc.IActionResult] CommentList() on controller friendly.Controllers.CommentAPIController (api).
2024-11-29 14:11:07.648 +01:00 [INF] Route matched with {action = "PostList", controller = "PostAPI"}. Executing controller action with signature System.Threading.Tasks.Task`1[Microsoft.AspNetCore.Mvc.IActionResult] PostList() on controller friendly.Controllers.PostAPIController (api).
2024-11-29 14:11:07.652 +01:00 [INF] Executing OkObjectResult, writing value of type 'System.Linq.Enumerable+SelectListIterator`2[[friendly.Models.Comment, api, Version=0.0.0.0, Culture=neutral, PublicKeyToken=null],[friendly.DTOs.CommentDto, api, Version=0.0.0.0, Culture=neutral, PublicKeyToken=null]]'.
2024-11-29 14:11:07.652 +01:00 [INF] Executing OkObjectResult, writing value of type 'System.Linq.Enumerable+SelectListIterator`2[[friendly.Models.Post, api, Version=0.0.0.0, Culture=neutral, PublicKeyToken=null],[friendly.DTOs.PostDto, api, Version=0.0.0.0, Culture=neutral, PublicKeyToken=null]]'.
2024-11-29 14:11:07.652 +01:00 [INF] Executing OkObjectResult, writing value of type 'System.Linq.Enumerable+SelectListIterator`2[[friendly.Models.User, api, Version=0.0.0.0, Culture=neutral, PublicKeyToken=null],[friendly.DTOs.UserDto, api, Version=0.0.0.0, Culture=neutral, PublicKeyToken=null]]'.
2024-11-29 14:11:07.653 +01:00 [INF] Executed action friendly.Controllers.UserAPIController.UserList (api) in 4.428ms
2024-11-29 14:11:07.653 +01:00 [INF] Executed action friendly.Controllers.PostAPIController.PostList (api) in 4.4093ms
2024-11-29 14:11:07.653 +01:00 [INF] Executed action friendly.Controllers.CommentAPIController.CommentList (api) in 4.4184ms
2024-11-29 14:11:07.653 +01:00 [INF] Executed endpoint 'friendly.Controllers.PostAPIController.PostList (api)'
2024-11-29 14:11:07.653 +01:00 [INF] Executed endpoint 'friendly.Controllers.UserAPIController.UserList (api)'
2024-11-29 14:11:07.653 +01:00 [INF] Executed endpoint 'friendly.Controllers.CommentAPIController.CommentList (api)'
2024-11-29 14:11:07.653 +01:00 [INF] Request finished HTTP/1.1 GET http://localhost:5062/api/CommentAPI/commentlist - 200 447 application/json; charset=utf-8 5.4452ms
2024-11-29 14:11:07.653 +01:00 [INF] Request finished HTTP/1.1 GET http://localhost:5062/api/UserAPI/userlist - 200 979 application/json; charset=utf-8 5.4467ms
2024-11-29 14:11:07.653 +01:00 [INF] Request finished HTTP/1.1 GET http://localhost:5062/api/PostAPI/postlist - 200 500 application/json; charset=utf-8 5.4454ms
2024-11-29 14:11:07.654 +01:00 [INF] Request starting HTTP/1.1 GET http://localhost:5062/api/PostAPI/postlist - null null
2024-11-29 14:11:07.654 +01:00 [INF] Request starting HTTP/1.1 GET http://localhost:5062/api/CommentAPI/commentlist - null null
2024-11-29 14:11:07.654 +01:00 [INF] Request starting HTTP/1.1 GET http://localhost:5062/api/UserAPI/userlist - null null
2024-11-29 14:11:07.654 +01:00 [INF] CORS policy execution successful.
2024-11-29 14:11:07.654 +01:00 [INF] CORS policy execution successful.
2024-11-29 14:11:07.654 +01:00 [INF] CORS policy execution successful.
2024-11-29 14:11:07.654 +01:00 [INF] Executing endpoint 'friendly.Controllers.UserAPIController.UserList (api)'
2024-11-29 14:11:07.654 +01:00 [INF] Executing endpoint 'friendly.Controllers.PostAPIController.PostList (api)'
2024-11-29 14:11:07.654 +01:00 [INF] Executing endpoint 'friendly.Controllers.CommentAPIController.CommentList (api)'
2024-11-29 14:11:07.654 +01:00 [INF] Route matched with {action = "UserList", controller = "UserAPI"}. Executing controller action with signature System.Threading.Tasks.Task`1[Microsoft.AspNetCore.Mvc.IActionResult] UserList() on controller friendly.Controllers.UserAPIController (api).
2024-11-29 14:11:07.654 +01:00 [INF] Route matched with {action = "CommentList", controller = "CommentAPI"}. Executing controller action with signature System.Threading.Tasks.Task`1[Microsoft.AspNetCore.Mvc.IActionResult] CommentList() on controller friendly.Controllers.CommentAPIController (api).
2024-11-29 14:11:07.654 +01:00 [INF] Route matched with {action = "PostList", controller = "PostAPI"}. Executing controller action with signature System.Threading.Tasks.Task`1[Microsoft.AspNetCore.Mvc.IActionResult] PostList() on controller friendly.Controllers.PostAPIController (api).
2024-11-29 14:11:07.657 +01:00 [INF] Executing OkObjectResult, writing value of type 'System.Linq.Enumerable+SelectListIterator`2[[friendly.Models.Post, api, Version=0.0.0.0, Culture=neutral, PublicKeyToken=null],[friendly.DTOs.PostDto, api, Version=0.0.0.0, Culture=neutral, PublicKeyToken=null]]'.
2024-11-29 14:11:07.657 +01:00 [INF] Executing OkObjectResult, writing value of type 'System.Linq.Enumerable+SelectListIterator`2[[friendly.Models.User, api, Version=0.0.0.0, Culture=neutral, PublicKeyToken=null],[friendly.DTOs.UserDto, api, Version=0.0.0.0, Culture=neutral, PublicKeyToken=null]]'.
2024-11-29 14:11:07.657 +01:00 [INF] Executing OkObjectResult, writing value of type 'System.Linq.Enumerable+SelectListIterator`2[[friendly.Models.Comment, api, Version=0.0.0.0, Culture=neutral, PublicKeyToken=null],[friendly.DTOs.CommentDto, api, Version=0.0.0.0, Culture=neutral, PublicKeyToken=null]]'.
2024-11-29 14:11:07.657 +01:00 [INF] Executed action friendly.Controllers.UserAPIController.UserList (api) in 2.9009ms
2024-11-29 14:11:07.657 +01:00 [INF] Executed action friendly.Controllers.PostAPIController.PostList (api) in 2.8885ms
2024-11-29 14:11:07.657 +01:00 [INF] Executed endpoint 'friendly.Controllers.PostAPIController.PostList (api)'
2024-11-29 14:11:07.657 +01:00 [INF] Executed endpoint 'friendly.Controllers.UserAPIController.UserList (api)'
2024-11-29 14:11:07.657 +01:00 [INF] Executed action friendly.Controllers.CommentAPIController.CommentList (api) in 2.9425ms
2024-11-29 14:11:07.657 +01:00 [INF] Executed endpoint 'friendly.Controllers.CommentAPIController.CommentList (api)'
2024-11-29 14:11:07.657 +01:00 [INF] Request finished HTTP/1.1 GET http://localhost:5062/api/PostAPI/postlist - 200 500 application/json; charset=utf-8 3.4192ms
2024-11-29 14:11:07.657 +01:00 [INF] Request finished HTTP/1.1 GET http://localhost:5062/api/UserAPI/userlist - 200 979 application/json; charset=utf-8 3.3819ms
2024-11-29 14:11:07.657 +01:00 [INF] Request finished HTTP/1.1 GET http://localhost:5062/api/CommentAPI/commentlist - 200 447 application/json; charset=utf-8 3.364ms
2024-11-29 14:11:07.658 +01:00 [INF] Request starting HTTP/1.1 GET http://localhost:5062/api/LikeAPI/likes/1 - null null
2024-11-29 14:11:07.659 +01:00 [INF] CORS policy execution successful.
2024-11-29 14:11:07.659 +01:00 [INF] Request starting HTTP/1.1 GET http://localhost:5062/api/LikeAPI/likes/2 - null null
2024-11-29 14:11:07.659 +01:00 [INF] Executing endpoint 'friendly.Controllers.LikeAPIController.GetLikesCount (api)'
2024-11-29 14:11:07.659 +01:00 [INF] CORS policy execution successful.
2024-11-29 14:11:07.659 +01:00 [INF] Route matched with {action = "GetLikesCount", controller = "LikeAPI"}. Executing controller action with signature System.Threading.Tasks.Task`1[Microsoft.AspNetCore.Mvc.IActionResult] GetLikesCount(Int32) on controller friendly.Controllers.LikeAPIController (api).
2024-11-29 14:11:07.659 +01:00 [INF] Request starting HTTP/1.1 GET http://localhost:5062/api/LikeAPI/likes/3 - null null
2024-11-29 14:11:07.659 +01:00 [INF] CORS policy execution successful.
2024-11-29 14:11:07.659 +01:00 [INF] Executing endpoint 'friendly.Controllers.LikeAPIController.GetLikesCount (api)'
2024-11-29 14:11:07.659 +01:00 [INF] Route matched with {action = "GetLikesCount", controller = "LikeAPI"}. Executing controller action with signature System.Threading.Tasks.Task`1[Microsoft.AspNetCore.Mvc.IActionResult] GetLikesCount(Int32) on controller friendly.Controllers.LikeAPIController (api).
2024-11-29 14:11:07.659 +01:00 [INF] Executing endpoint 'friendly.Controllers.LikeAPIController.GetLikesCount (api)'
2024-11-29 14:11:07.659 +01:00 [INF] Route matched with {action = "GetLikesCount", controller = "LikeAPI"}. Executing controller action with signature System.Threading.Tasks.Task`1[Microsoft.AspNetCore.Mvc.IActionResult] GetLikesCount(Int32) on controller friendly.Controllers.LikeAPIController (api).
2024-11-29 14:11:07.663 +01:00 [INF] Like count retrieved successfully for PostId: 2, Count: 0
2024-11-29 14:11:07.664 +01:00 [INF] Like count retrieved successfully for PostId: 3, Count: 0
2024-11-29 14:11:07.664 +01:00 [INF] Executing OkObjectResult, writing value of type 'System.Int32'.
2024-11-29 14:11:07.664 +01:00 [INF] Like count retrieved successfully for PostId: 1, Count: 0
2024-11-29 14:11:07.664 +01:00 [INF] Executing OkObjectResult, writing value of type 'System.Int32'.
2024-11-29 14:11:07.664 +01:00 [INF] Executing OkObjectResult, writing value of type 'System.Int32'.
2024-11-29 14:11:07.664 +01:00 [INF] Executed action friendly.Controllers.LikeAPIController.GetLikesCount (api) in 5.3984ms
2024-11-29 14:11:07.664 +01:00 [INF] Executed endpoint 'friendly.Controllers.LikeAPIController.GetLikesCount (api)'
2024-11-29 14:11:07.664 +01:00 [INF] Executed action friendly.Controllers.LikeAPIController.GetLikesCount (api) in 5.4508ms
2024-11-29 14:11:07.664 +01:00 [INF] Executed action friendly.Controllers.LikeAPIController.GetLikesCount (api) in 5.5949ms
2024-11-29 14:11:07.664 +01:00 [INF] Executed endpoint 'friendly.Controllers.LikeAPIController.GetLikesCount (api)'
2024-11-29 14:11:07.664 +01:00 [INF] Executed endpoint 'friendly.Controllers.LikeAPIController.GetLikesCount (api)'
2024-11-29 14:11:07.664 +01:00 [INF] Request finished HTTP/1.1 GET http://localhost:5062/api/LikeAPI/likes/2 - 200 1 application/json; charset=utf-8 5.7386ms
2024-11-29 14:11:07.664 +01:00 [INF] Request finished HTTP/1.1 GET http://localhost:5062/api/LikeAPI/likes/3 - 200 1 application/json; charset=utf-8 5.7052ms
2024-11-29 14:11:07.664 +01:00 [INF] Request finished HTTP/1.1 GET http://localhost:5062/api/LikeAPI/likes/1 - 200 1 application/json; charset=utf-8 5.9213ms
2024-11-29 14:11:07.666 +01:00 [INF] Request starting HTTP/1.1 GET http://localhost:5062/api/LikeAPI/likes/2 - null null
2024-11-29 14:11:07.666 +01:00 [INF] Request starting HTTP/1.1 GET http://localhost:5062/api/LikeAPI/likes/3 - null null
2024-11-29 14:11:07.666 +01:00 [INF] Request starting HTTP/1.1 GET http://localhost:5062/api/LikeAPI/likes/1 - null null
2024-11-29 14:11:07.666 +01:00 [INF] CORS policy execution successful.
2024-11-29 14:11:07.666 +01:00 [INF] CORS policy execution successful.
2024-11-29 14:11:07.666 +01:00 [INF] CORS policy execution successful.
2024-11-29 14:11:07.666 +01:00 [INF] Executing endpoint 'friendly.Controllers.LikeAPIController.GetLikesCount (api)'
2024-11-29 14:11:07.666 +01:00 [INF] Executing endpoint 'friendly.Controllers.LikeAPIController.GetLikesCount (api)'
2024-11-29 14:11:07.666 +01:00 [INF] Executing endpoint 'friendly.Controllers.LikeAPIController.GetLikesCount (api)'
2024-11-29 14:11:07.666 +01:00 [INF] Route matched with {action = "GetLikesCount", controller = "LikeAPI"}. Executing controller action with signature System.Threading.Tasks.Task`1[Microsoft.AspNetCore.Mvc.IActionResult] GetLikesCount(Int32) on controller friendly.Controllers.LikeAPIController (api).
2024-11-29 14:11:07.666 +01:00 [INF] Route matched with {action = "GetLikesCount", controller = "LikeAPI"}. Executing controller action with signature System.Threading.Tasks.Task`1[Microsoft.AspNetCore.Mvc.IActionResult] GetLikesCount(Int32) on controller friendly.Controllers.LikeAPIController (api).
2024-11-29 14:11:07.666 +01:00 [INF] Route matched with {action = "GetLikesCount", controller = "LikeAPI"}. Executing controller action with signature System.Threading.Tasks.Task`1[Microsoft.AspNetCore.Mvc.IActionResult] GetLikesCount(Int32) on controller friendly.Controllers.LikeAPIController (api).
2024-11-29 14:11:07.671 +01:00 [INF] Like count retrieved successfully for PostId: 1, Count: 0
2024-11-29 14:11:07.672 +01:00 [INF] Like count retrieved successfully for PostId: 2, Count: 0
2024-11-29 14:11:07.672 +01:00 [INF] Executing OkObjectResult, writing value of type 'System.Int32'.
2024-11-29 14:11:07.673 +01:00 [INF] Executing OkObjectResult, writing value of type 'System.Int32'.
2024-11-29 14:11:07.673 +01:00 [INF] Like count retrieved successfully for PostId: 3, Count: 0
2024-11-29 14:11:07.673 +01:00 [INF] Executing OkObjectResult, writing value of type 'System.Int32'.
2024-11-29 14:11:07.673 +01:00 [INF] Executed action friendly.Controllers.LikeAPIController.GetLikesCount (api) in 6.556ms
2024-11-29 14:11:07.673 +01:00 [INF] Executed action friendly.Controllers.LikeAPIController.GetLikesCount (api) in 6.5801ms
2024-11-29 14:11:07.673 +01:00 [INF] Executed action friendly.Controllers.LikeAPIController.GetLikesCount (api) in 6.6122ms
2024-11-29 14:11:07.673 +01:00 [INF] Executed endpoint 'friendly.Controllers.LikeAPIController.GetLikesCount (api)'
2024-11-29 14:11:07.673 +01:00 [INF] Executed endpoint 'friendly.Controllers.LikeAPIController.GetLikesCount (api)'
2024-11-29 14:11:07.673 +01:00 [INF] Executed endpoint 'friendly.Controllers.LikeAPIController.GetLikesCount (api)'
2024-11-29 14:11:07.673 +01:00 [INF] Request finished HTTP/1.1 GET http://localhost:5062/api/LikeAPI/likes/2 - 200 1 application/json; charset=utf-8 7.2095ms
2024-11-29 14:11:07.673 +01:00 [INF] Request finished HTTP/1.1 GET http://localhost:5062/api/LikeAPI/likes/3 - 200 1 application/json; charset=utf-8 6.9694ms
2024-11-29 14:11:07.673 +01:00 [INF] Request finished HTTP/1.1 GET http://localhost:5062/api/LikeAPI/likes/1 - 200 1 application/json; charset=utf-8 6.9631ms
2024-11-29 14:13:34.227 +01:00 [INF] Request starting HTTP/1.1 GET http://localhost:5062/api/userapi/userlist - null null
2024-11-29 14:13:34.227 +01:00 [INF] CORS policy execution successful.
2024-11-29 14:13:34.227 +01:00 [INF] Executing endpoint 'friendly.Controllers.UserAPIController.UserList (api)'
2024-11-29 14:13:34.227 +01:00 [INF] Route matched with {action = "UserList", controller = "UserAPI"}. Executing controller action with signature System.Threading.Tasks.Task`1[Microsoft.AspNetCore.Mvc.IActionResult] UserList() on controller friendly.Controllers.UserAPIController (api).
2024-11-29 14:13:34.231 +01:00 [INF] Executing OkObjectResult, writing value of type 'System.Linq.Enumerable+SelectListIterator`2[[friendly.Models.User, api, Version=0.0.0.0, Culture=neutral, PublicKeyToken=null],[friendly.DTOs.UserDto, api, Version=0.0.0.0, Culture=neutral, PublicKeyToken=null]]'.
2024-11-29 14:13:34.231 +01:00 [INF] Executed action friendly.Controllers.UserAPIController.UserList (api) in 3.4722ms
2024-11-29 14:13:34.231 +01:00 [INF] Executed endpoint 'friendly.Controllers.UserAPIController.UserList (api)'
2024-11-29 14:13:34.231 +01:00 [INF] Request finished HTTP/1.1 GET http://localhost:5062/api/userapi/userlist - 200 979 application/json; charset=utf-8 4.4087ms
2024-11-29 14:13:34.233 +01:00 [INF] Request starting HTTP/1.1 GET http://localhost:5062/api/userapi/userlist - null null
2024-11-29 14:13:34.234 +01:00 [INF] CORS policy execution successful.
2024-11-29 14:13:34.235 +01:00 [INF] Executing endpoint 'friendly.Controllers.UserAPIController.UserList (api)'
2024-11-29 14:13:34.235 +01:00 [INF] Route matched with {action = "UserList", controller = "UserAPI"}. Executing controller action with signature System.Threading.Tasks.Task`1[Microsoft.AspNetCore.Mvc.IActionResult] UserList() on controller friendly.Controllers.UserAPIController (api).
2024-11-29 14:13:34.238 +01:00 [INF] Executing OkObjectResult, writing value of type 'System.Linq.Enumerable+SelectListIterator`2[[friendly.Models.User, api, Version=0.0.0.0, Culture=neutral, PublicKeyToken=null],[friendly.DTOs.UserDto, api, Version=0.0.0.0, Culture=neutral, PublicKeyToken=null]]'.
2024-11-29 14:13:34.238 +01:00 [INF] Executed action friendly.Controllers.UserAPIController.UserList (api) in 2.7841ms
2024-11-29 14:13:34.238 +01:00 [INF] Executed endpoint 'friendly.Controllers.UserAPIController.UserList (api)'
2024-11-29 14:13:34.238 +01:00 [INF] Request finished HTTP/1.1 GET http://localhost:5062/api/userapi/userlist - 200 979 application/json; charset=utf-8 5.9759ms
2024-11-29 14:20:10.059 +01:00 [INF] Request starting HTTP/1.1 GET http://localhost:5062/api/UserAPI/userlist - null null
2024-11-29 14:20:10.059 +01:00 [INF] Request starting HTTP/1.1 GET http://localhost:5062/api/PostAPI/postlist - null null
2024-11-29 14:20:10.062 +01:00 [INF] Request starting HTTP/1.1 GET http://localhost:5062/api/CommentAPI/commentlist - null null
2024-11-29 14:20:10.062 +01:00 [INF] CORS policy execution successful.
2024-11-29 14:20:10.062 +01:00 [INF] CORS policy execution successful.
2024-11-29 14:20:10.062 +01:00 [INF] CORS policy execution successful.
2024-11-29 14:20:10.063 +01:00 [INF] Executing endpoint 'friendly.Controllers.PostAPIController.PostList (api)'
2024-11-29 14:20:10.063 +01:00 [INF] Executing endpoint 'friendly.Controllers.CommentAPIController.CommentList (api)'
2024-11-29 14:20:10.063 +01:00 [INF] Executing endpoint 'friendly.Controllers.UserAPIController.UserList (api)'
2024-11-29 14:20:10.063 +01:00 [INF] Route matched with {action = "CommentList", controller = "CommentAPI"}. Executing controller action with signature System.Threading.Tasks.Task`1[Microsoft.AspNetCore.Mvc.IActionResult] CommentList() on controller friendly.Controllers.CommentAPIController (api).
2024-11-29 14:20:10.063 +01:00 [INF] Route matched with {action = "UserList", controller = "UserAPI"}. Executing controller action with signature System.Threading.Tasks.Task`1[Microsoft.AspNetCore.Mvc.IActionResult] UserList() on controller friendly.Controllers.UserAPIController (api).
2024-11-29 14:20:10.063 +01:00 [INF] Route matched with {action = "PostList", controller = "PostAPI"}. Executing controller action with signature System.Threading.Tasks.Task`1[Microsoft.AspNetCore.Mvc.IActionResult] PostList() on controller friendly.Controllers.PostAPIController (api).
2024-11-29 14:20:10.072 +01:00 [INF] Executing OkObjectResult, writing value of type 'System.Linq.Enumerable+SelectListIterator`2[[friendly.Models.Post, api, Version=0.0.0.0, Culture=neutral, PublicKeyToken=null],[friendly.DTOs.PostDto, api, Version=0.0.0.0, Culture=neutral, PublicKeyToken=null]]'.
2024-11-29 14:20:10.073 +01:00 [INF] Executing OkObjectResult, writing value of type 'System.Linq.Enumerable+SelectListIterator`2[[friendly.Models.Comment, api, Version=0.0.0.0, Culture=neutral, PublicKeyToken=null],[friendly.DTOs.CommentDto, api, Version=0.0.0.0, Culture=neutral, PublicKeyToken=null]]'.
2024-11-29 14:20:10.073 +01:00 [INF] Executed action friendly.Controllers.CommentAPIController.CommentList (api) in 10.4778ms
2024-11-29 14:20:10.073 +01:00 [INF] Executed action friendly.Controllers.PostAPIController.PostList (api) in 10.4241ms
2024-11-29 14:20:10.073 +01:00 [INF] Executed endpoint 'friendly.Controllers.CommentAPIController.CommentList (api)'
2024-11-29 14:20:10.073 +01:00 [INF] Executed endpoint 'friendly.Controllers.PostAPIController.PostList (api)'
2024-11-29 14:20:10.074 +01:00 [INF] Request finished HTTP/1.1 GET http://localhost:5062/api/CommentAPI/commentlist - 200 447 application/json; charset=utf-8 11.4304ms
2024-11-29 14:20:10.074 +01:00 [INF] Request finished HTTP/1.1 GET http://localhost:5062/api/PostAPI/postlist - 200 500 application/json; charset=utf-8 15.0067ms
2024-11-29 14:20:10.077 +01:00 [INF] Request starting HTTP/1.1 GET http://localhost:5062/api/PostAPI/postlist - null null
2024-11-29 14:20:10.079 +01:00 [INF] Request starting HTTP/1.1 GET http://localhost:5062/api/CommentAPI/commentlist - null null
2024-11-29 14:20:10.079 +01:00 [INF] CORS policy execution successful.
2024-11-29 14:20:10.079 +01:00 [INF] CORS policy execution successful.
2024-11-29 14:20:10.080 +01:00 [INF] Executing endpoint 'friendly.Controllers.CommentAPIController.CommentList (api)'
2024-11-29 14:20:10.080 +01:00 [INF] Executing endpoint 'friendly.Controllers.PostAPIController.PostList (api)'
2024-11-29 14:20:10.080 +01:00 [INF] Route matched with {action = "CommentList", controller = "CommentAPI"}. Executing controller action with signature System.Threading.Tasks.Task`1[Microsoft.AspNetCore.Mvc.IActionResult] CommentList() on controller friendly.Controllers.CommentAPIController (api).
2024-11-29 14:20:10.080 +01:00 [INF] Route matched with {action = "PostList", controller = "PostAPI"}. Executing controller action with signature System.Threading.Tasks.Task`1[Microsoft.AspNetCore.Mvc.IActionResult] PostList() on controller friendly.Controllers.PostAPIController (api).
2024-11-29 14:20:10.083 +01:00 [INF] Executing OkObjectResult, writing value of type 'System.Linq.Enumerable+SelectListIterator`2[[friendly.Models.Post, api, Version=0.0.0.0, Culture=neutral, PublicKeyToken=null],[friendly.DTOs.PostDto, api, Version=0.0.0.0, Culture=neutral, PublicKeyToken=null]]'.
2024-11-29 14:20:10.083 +01:00 [INF] Executing OkObjectResult, writing value of type 'System.Linq.Enumerable+SelectListIterator`2[[friendly.Models.Comment, api, Version=0.0.0.0, Culture=neutral, PublicKeyToken=null],[friendly.DTOs.CommentDto, api, Version=0.0.0.0, Culture=neutral, PublicKeyToken=null]]'.
2024-11-29 14:20:10.083 +01:00 [INF] Executed action friendly.Controllers.PostAPIController.PostList (api) in 3.0926ms
2024-11-29 14:20:10.083 +01:00 [INF] Executed action friendly.Controllers.CommentAPIController.CommentList (api) in 3.1044ms
2024-11-29 14:20:10.083 +01:00 [INF] Executed endpoint 'friendly.Controllers.CommentAPIController.CommentList (api)'
2024-11-29 14:20:10.083 +01:00 [INF] Executed endpoint 'friendly.Controllers.PostAPIController.PostList (api)'
2024-11-29 14:20:10.083 +01:00 [INF] Request finished HTTP/1.1 GET http://localhost:5062/api/CommentAPI/commentlist - 200 447 application/json; charset=utf-8 4.194ms
2024-11-29 14:20:10.083 +01:00 [INF] Request finished HTTP/1.1 GET http://localhost:5062/api/PostAPI/postlist - 200 500 application/json; charset=utf-8 6.4315ms
2024-11-29 14:20:10.089 +01:00 [INF] Request starting HTTP/1.1 GET http://localhost:5062/api/LikeAPI/likes/3 - null null
2024-11-29 14:20:10.089 +01:00 [INF] Request starting HTTP/1.1 GET http://localhost:5062/api/LikeAPI/likes/1 - null null
2024-11-29 14:20:10.089 +01:00 [INF] Request starting HTTP/1.1 GET http://localhost:5062/api/LikeAPI/likes/2 - null null
2024-11-29 14:20:10.089 +01:00 [INF] CORS policy execution successful.
2024-11-29 14:20:10.089 +01:00 [INF] CORS policy execution successful.
2024-11-29 14:20:10.089 +01:00 [INF] CORS policy execution successful.
2024-11-29 14:20:10.089 +01:00 [INF] Executing endpoint 'friendly.Controllers.LikeAPIController.GetLikesCount (api)'
2024-11-29 14:20:10.089 +01:00 [INF] Executing endpoint 'friendly.Controllers.LikeAPIController.GetLikesCount (api)'
2024-11-29 14:20:10.089 +01:00 [INF] Executing endpoint 'friendly.Controllers.LikeAPIController.GetLikesCount (api)'
2024-11-29 14:20:10.090 +01:00 [INF] Route matched with {action = "GetLikesCount", controller = "LikeAPI"}. Executing controller action with signature System.Threading.Tasks.Task`1[Microsoft.AspNetCore.Mvc.IActionResult] GetLikesCount(Int32) on controller friendly.Controllers.LikeAPIController (api).
2024-11-29 14:20:10.090 +01:00 [INF] Route matched with {action = "GetLikesCount", controller = "LikeAPI"}. Executing controller action with signature System.Threading.Tasks.Task`1[Microsoft.AspNetCore.Mvc.IActionResult] GetLikesCount(Int32) on controller friendly.Controllers.LikeAPIController (api).
2024-11-29 14:20:10.090 +01:00 [INF] Route matched with {action = "GetLikesCount", controller = "LikeAPI"}. Executing controller action with signature System.Threading.Tasks.Task`1[Microsoft.AspNetCore.Mvc.IActionResult] GetLikesCount(Int32) on controller friendly.Controllers.LikeAPIController (api).
2024-11-29 14:20:10.093 +01:00 [INF] Like count retrieved successfully for PostId: 3, Count: 0
2024-11-29 14:20:10.094 +01:00 [INF] Like count retrieved successfully for PostId: 2, Count: 0
2024-11-29 14:20:10.095 +01:00 [INF] Executing OkObjectResult, writing value of type 'System.Int32'.
2024-11-29 14:20:10.117 +01:00 [INF] Executing OkObjectResult, writing value of type 'System.Int32'.
2024-11-29 14:20:10.117 +01:00 [INF] Executed action friendly.Controllers.LikeAPIController.GetLikesCount (api) in 27.667ms
2024-11-29 14:20:10.117 +01:00 [INF] Executed action friendly.Controllers.LikeAPIController.GetLikesCount (api) in 27.7479ms
2024-11-29 14:20:10.117 +01:00 [INF] Executed endpoint 'friendly.Controllers.LikeAPIController.GetLikesCount (api)'
2024-11-29 14:20:10.117 +01:00 [INF] Executed endpoint 'friendly.Controllers.LikeAPIController.GetLikesCount (api)'
2024-11-29 14:20:10.118 +01:00 [INF] Request finished HTTP/1.1 GET http://localhost:5062/api/LikeAPI/likes/3 - 200 1 application/json; charset=utf-8 29.0024ms
2024-11-29 14:20:10.118 +01:00 [INF] Request finished HTTP/1.1 GET http://localhost:5062/api/LikeAPI/likes/2 - 200 1 application/json; charset=utf-8 28.9975ms
2024-11-29 14:20:10.118 +01:00 [INF] Like count retrieved successfully for PostId: 1, Count: 0
2024-11-29 14:20:10.119 +01:00 [INF] Executing OkObjectResult, writing value of type 'System.Int32'.
2024-11-29 14:20:10.119 +01:00 [INF] Executed action friendly.Controllers.LikeAPIController.GetLikesCount (api) in 29.1567ms
2024-11-29 14:20:10.119 +01:00 [INF] Executed endpoint 'friendly.Controllers.LikeAPIController.GetLikesCount (api)'
2024-11-29 14:20:10.119 +01:00 [INF] Request finished HTTP/1.1 GET http://localhost:5062/api/LikeAPI/likes/1 - 200 1 application/json; charset=utf-8 29.5731ms
2024-11-29 14:20:10.119 +01:00 [INF] Request starting HTTP/1.1 GET http://localhost:5062/api/LikeAPI/likes/3 - null null
2024-11-29 14:20:10.119 +01:00 [INF] Request starting HTTP/1.1 GET http://localhost:5062/api/LikeAPI/likes/2 - null null
2024-11-29 14:20:10.119 +01:00 [INF] CORS policy execution successful.
2024-11-29 14:20:10.120 +01:00 [INF] CORS policy execution successful.
2024-11-29 14:20:10.120 +01:00 [INF] Request starting HTTP/1.1 GET http://localhost:5062/api/LikeAPI/likes/1 - null null
2024-11-29 14:20:10.120 +01:00 [INF] CORS policy execution successful.
2024-11-29 14:20:10.120 +01:00 [INF] Executing endpoint 'friendly.Controllers.LikeAPIController.GetLikesCount (api)'
2024-11-29 14:20:10.120 +01:00 [INF] Executing endpoint 'friendly.Controllers.LikeAPIController.GetLikesCount (api)'
2024-11-29 14:20:10.120 +01:00 [INF] Executing endpoint 'friendly.Controllers.LikeAPIController.GetLikesCount (api)'
2024-11-29 14:20:10.120 +01:00 [INF] Route matched with {action = "GetLikesCount", controller = "LikeAPI"}. Executing controller action with signature System.Threading.Tasks.Task`1[Microsoft.AspNetCore.Mvc.IActionResult] GetLikesCount(Int32) on controller friendly.Controllers.LikeAPIController (api).
2024-11-29 14:20:10.120 +01:00 [INF] Route matched with {action = "GetLikesCount", controller = "LikeAPI"}. Executing controller action with signature System.Threading.Tasks.Task`1[Microsoft.AspNetCore.Mvc.IActionResult] GetLikesCount(Int32) on controller friendly.Controllers.LikeAPIController (api).
2024-11-29 14:20:10.120 +01:00 [INF] Route matched with {action = "GetLikesCount", controller = "LikeAPI"}. Executing controller action with signature System.Threading.Tasks.Task`1[Microsoft.AspNetCore.Mvc.IActionResult] GetLikesCount(Int32) on controller friendly.Controllers.LikeAPIController (api).
2024-11-29 14:20:10.123 +01:00 [INF] Like count retrieved successfully for PostId: 1, Count: 0
2024-11-29 14:20:10.148 +01:00 [INF] Executing OkObjectResult, writing value of type 'System.Int32'.
2024-11-29 14:20:10.179 +01:00 [INF] Like count retrieved successfully for PostId: 3, Count: 0
2024-11-29 14:20:10.180 +01:00 [INF] Executed action friendly.Controllers.LikeAPIController.GetLikesCount (api) in 59.682ms
2024-11-29 14:20:10.180 +01:00 [INF] Executing OkObjectResult, writing value of type 'System.Int32'.
2024-11-29 14:20:10.180 +01:00 [INF] Executed endpoint 'friendly.Controllers.LikeAPIController.GetLikesCount (api)'
2024-11-29 14:20:10.180 +01:00 [INF] Request finished HTTP/1.1 GET http://localhost:5062/api/LikeAPI/likes/1 - 200 1 application/json; charset=utf-8 60.1962ms
2024-11-29 14:20:10.180 +01:00 [INF] Like count retrieved successfully for PostId: 2, Count: 0
2024-11-29 14:20:10.180 +01:00 [INF] Executed action friendly.Controllers.LikeAPIController.GetLikesCount (api) in 60.5022ms
2024-11-29 14:20:10.180 +01:00 [INF] Executing OkObjectResult, writing value of type 'System.Int32'.
2024-11-29 14:20:10.180 +01:00 [INF] Executed endpoint 'friendly.Controllers.LikeAPIController.GetLikesCount (api)'
2024-11-29 14:20:10.180 +01:00 [INF] Executed action friendly.Controllers.LikeAPIController.GetLikesCount (api) in 60.6251ms
2024-11-29 14:20:10.180 +01:00 [INF] Executed endpoint 'friendly.Controllers.LikeAPIController.GetLikesCount (api)'
2024-11-29 14:20:10.181 +01:00 [INF] Request finished HTTP/1.1 GET http://localhost:5062/api/LikeAPI/likes/3 - 200 1 application/json; charset=utf-8 61.2166ms
2024-11-29 14:20:10.181 +01:00 [INF] Request finished HTTP/1.1 GET http://localhost:5062/api/LikeAPI/likes/2 - 200 1 application/json; charset=utf-8 61.0952ms
2024-11-29 14:20:10.227 +01:00 [INF] Executing OkObjectResult, writing value of type 'System.Linq.Enumerable+SelectListIterator`2[[friendly.Models.User, api, Version=0.0.0.0, Culture=neutral, PublicKeyToken=null],[friendly.DTOs.UserDto, api, Version=0.0.0.0, Culture=neutral, PublicKeyToken=null]]'.
2024-11-29 14:20:10.227 +01:00 [INF] Executed action friendly.Controllers.UserAPIController.UserList (api) in 163.9167ms
2024-11-29 14:20:10.227 +01:00 [INF] Executed endpoint 'friendly.Controllers.UserAPIController.UserList (api)'
2024-11-29 14:20:10.227 +01:00 [INF] Request finished HTTP/1.1 GET http://localhost:5062/api/UserAPI/userlist - 200 979 application/json; charset=utf-8 167.7081ms
2024-11-29 14:20:10.228 +01:00 [INF] Request starting HTTP/1.1 GET http://localhost:5062/api/UserAPI/userlist - null null
2024-11-29 14:20:10.228 +01:00 [INF] CORS policy execution successful.
2024-11-29 14:20:10.228 +01:00 [INF] Executing endpoint 'friendly.Controllers.UserAPIController.UserList (api)'
2024-11-29 14:20:10.228 +01:00 [INF] Route matched with {action = "UserList", controller = "UserAPI"}. Executing controller action with signature System.Threading.Tasks.Task`1[Microsoft.AspNetCore.Mvc.IActionResult] UserList() on controller friendly.Controllers.UserAPIController (api).
2024-11-29 14:20:10.230 +01:00 [INF] Executing OkObjectResult, writing value of type 'System.Linq.Enumerable+SelectListIterator`2[[friendly.Models.User, api, Version=0.0.0.0, Culture=neutral, PublicKeyToken=null],[friendly.DTOs.UserDto, api, Version=0.0.0.0, Culture=neutral, PublicKeyToken=null]]'.
2024-11-29 14:20:10.230 +01:00 [INF] Executed action friendly.Controllers.UserAPIController.UserList (api) in 2.0436ms
2024-11-29 14:20:10.230 +01:00 [INF] Executed endpoint 'friendly.Controllers.UserAPIController.UserList (api)'
2024-11-29 14:20:10.230 +01:00 [INF] Request finished HTTP/1.1 GET http://localhost:5062/api/UserAPI/userlist - 200 979 application/json; charset=utf-8 2.4003ms
