2024-11-30 18:33:28.018 +01:00 [INF] User profile is available. Using '/Users/axel/.aspnet/DataProtection-Keys' as key repository; keys will not be encrypted at rest.
2024-11-30 18:33:29.172 +01:00 [INF] Now listening on: https://localhost:7046
2024-11-30 18:33:29.172 +01:00 [INF] Now listening on: http://localhost:5062
2024-11-30 18:33:29.174 +01:00 [INF] Application started. Press Ctrl+C to shut down.
2024-11-30 18:33:29.174 +01:00 [INF] Hosting environment: Development
2024-11-30 18:33:29.174 +01:00 [INF] Content root path: /Users/axel/Documents/Skole/TestFriendly/api
2024-11-30 18:33:40.823 +01:00 [INF] Request starting HTTP/1.1 GET http://localhost:5062/api/UserAPI/userlist - null null
2024-11-30 18:33:40.823 +01:00 [INF] Request starting HTTP/1.1 GET http://localhost:5062/api/CommentAPI/commentlist - null null
2024-11-30 18:33:40.823 +01:00 [INF] Request starting HTTP/1.1 GET http://localhost:5062/api/PostAPI/postlist - null null
2024-11-30 18:33:40.858 +01:00 [INF] CORS policy execution successful.
2024-11-30 18:33:40.858 +01:00 [INF] CORS policy execution successful.
2024-11-30 18:33:40.858 +01:00 [INF] CORS policy execution successful.
2024-11-30 18:33:40.870 +01:00 [INF] Executing endpoint 'friendly.Controllers.CommentAPIController.CommentList (api)'
2024-11-30 18:33:40.870 +01:00 [INF] Executing endpoint 'friendly.Controllers.PostAPIController.PostList (api)'
2024-11-30 18:33:40.870 +01:00 [INF] Executing endpoint 'friendly.Controllers.UserAPIController.UserList (api)'
2024-11-30 18:33:40.883 +01:00 [INF] Route matched with {action = "PostList", controller = "PostAPI"}. Executing controller action with signature System.Threading.Tasks.Task`1[Microsoft.AspNetCore.Mvc.IActionResult] PostList() on controller friendly.Controllers.PostAPIController (api).
2024-11-30 18:33:40.883 +01:00 [INF] Route matched with {action = "CommentList", controller = "CommentAPI"}. Executing controller action with signature System.Threading.Tasks.Task`1[Microsoft.AspNetCore.Mvc.IActionResult] CommentList() on controller friendly.Controllers.CommentAPIController (api).
2024-11-30 18:33:40.883 +01:00 [INF] Route matched with {action = "UserList", controller = "UserAPI"}. Executing controller action with signature System.Threading.Tasks.Task`1[Microsoft.AspNetCore.Mvc.IActionResult] UserList() on controller friendly.Controllers.UserAPIController (api).
2024-11-30 18:33:40.939 +01:00 [INF] Executing OkObjectResult, writing value of type 'System.Linq.Enumerable+SelectListIterator`2[[friendly.Models.User, api, Version=0.0.0.0, Culture=neutral, PublicKeyToken=null],[friendly.DTOs.UserDto, api, Version=0.0.0.0, Culture=neutral, PublicKeyToken=null]]'.
2024-11-30 18:33:40.939 +01:00 [INF] Executing OkObjectResult, writing value of type 'System.Linq.Enumerable+SelectListIterator`2[[friendly.Models.Post, api, Version=0.0.0.0, Culture=neutral, PublicKeyToken=null],[friendly.DTOs.PostDto, api, Version=0.0.0.0, Culture=neutral, PublicKeyToken=null]]'.
2024-11-30 18:33:40.939 +01:00 [INF] Executing OkObjectResult, writing value of type 'System.Linq.Enumerable+SelectListIterator`2[[friendly.Models.Comment, api, Version=0.0.0.0, Culture=neutral, PublicKeyToken=null],[friendly.DTOs.CommentDto, api, Version=0.0.0.0, Culture=neutral, PublicKeyToken=null]]'.
2024-11-30 18:33:41.002 +01:00 [INF] Executed action friendly.Controllers.CommentAPIController.CommentList (api) in 117.54ms
2024-11-30 18:33:41.002 +01:00 [INF] Executed action friendly.Controllers.PostAPIController.PostList (api) in 117.5523ms
2024-11-30 18:33:41.002 +01:00 [INF] Executed action friendly.Controllers.UserAPIController.UserList (api) in 117.5466ms
2024-11-30 18:33:41.003 +01:00 [INF] Executed endpoint 'friendly.Controllers.CommentAPIController.CommentList (api)'
2024-11-30 18:33:41.003 +01:00 [INF] Executed endpoint 'friendly.Controllers.UserAPIController.UserList (api)'
2024-11-30 18:33:41.003 +01:00 [INF] Executed endpoint 'friendly.Controllers.PostAPIController.PostList (api)'
2024-11-30 18:33:41.007 +01:00 [INF] Request finished HTTP/1.1 GET http://localhost:5062/api/CommentAPI/commentlist - 200 441 application/json; charset=utf-8 185.2745ms
2024-11-30 18:33:41.007 +01:00 [INF] Request finished HTTP/1.1 GET http://localhost:5062/api/PostAPI/postlist - 200 494 application/json; charset=utf-8 185.2787ms
2024-11-30 18:33:41.007 +01:00 [INF] Request finished HTTP/1.1 GET http://localhost:5062/api/UserAPI/userlist - 200 1221 application/json; charset=utf-8 185.277ms
2024-11-30 18:33:41.007 +01:00 [INF] Request starting HTTP/1.1 GET http://localhost:5062/api/LikeAPI/likes/2 - null null
2024-11-30 18:33:41.007 +01:00 [INF] Request starting HTTP/1.1 GET http://localhost:5062/api/LikeAPI/likes/3 - null null
2024-11-30 18:33:41.007 +01:00 [INF] Request starting HTTP/1.1 GET http://localhost:5062/api/LikeAPI/likes/1 - null null
2024-11-30 18:33:41.009 +01:00 [INF] CORS policy execution successful.
2024-11-30 18:33:41.009 +01:00 [INF] CORS policy execution successful.
2024-11-30 18:33:41.009 +01:00 [INF] CORS policy execution successful.
2024-11-30 18:33:41.010 +01:00 [INF] Executing endpoint 'friendly.Controllers.LikeAPIController.GetLikesCount (api)'
2024-11-30 18:33:41.010 +01:00 [INF] Executing endpoint 'friendly.Controllers.LikeAPIController.GetLikesCount (api)'
2024-11-30 18:33:41.010 +01:00 [INF] Executing endpoint 'friendly.Controllers.LikeAPIController.GetLikesCount (api)'
2024-11-30 18:33:41.013 +01:00 [INF] Route matched with {action = "GetLikesCount", controller = "LikeAPI"}. Executing controller action with signature System.Threading.Tasks.Task`1[Microsoft.AspNetCore.Mvc.IActionResult] GetLikesCount(Int32) on controller friendly.Controllers.LikeAPIController (api).
2024-11-30 18:33:41.013 +01:00 [INF] Route matched with {action = "GetLikesCount", controller = "LikeAPI"}. Executing controller action with signature System.Threading.Tasks.Task`1[Microsoft.AspNetCore.Mvc.IActionResult] GetLikesCount(Int32) on controller friendly.Controllers.LikeAPIController (api).
2024-11-30 18:33:41.013 +01:00 [INF] Route matched with {action = "GetLikesCount", controller = "LikeAPI"}. Executing controller action with signature System.Threading.Tasks.Task`1[Microsoft.AspNetCore.Mvc.IActionResult] GetLikesCount(Int32) on controller friendly.Controllers.LikeAPIController (api).
2024-11-30 18:33:41.049 +01:00 [INF] Like count retrieved successfully for PostId: 3, Count: 0
2024-11-30 18:33:41.049 +01:00 [INF] Like count retrieved successfully for PostId: 1, Count: 0
2024-11-30 18:33:41.049 +01:00 [INF] Like count retrieved successfully for PostId: 2, Count: 0
2024-11-30 18:33:41.050 +01:00 [INF] Executing OkObjectResult, writing value of type 'System.Int32'.
2024-11-30 18:33:41.050 +01:00 [INF] Executing OkObjectResult, writing value of type 'System.Int32'.
2024-11-30 18:33:41.050 +01:00 [INF] Executing OkObjectResult, writing value of type 'System.Int32'.
2024-11-30 18:33:41.050 +01:00 [INF] Executed action friendly.Controllers.LikeAPIController.GetLikesCount (api) in 36.4759ms
2024-11-30 18:33:41.050 +01:00 [INF] Executed endpoint 'friendly.Controllers.LikeAPIController.GetLikesCount (api)'
2024-11-30 18:33:41.050 +01:00 [INF] Executed action friendly.Controllers.LikeAPIController.GetLikesCount (api) in 36.462ms
2024-11-30 18:33:41.050 +01:00 [INF] Executed action friendly.Controllers.LikeAPIController.GetLikesCount (api) in 36.491ms
2024-11-30 18:33:41.050 +01:00 [INF] Request finished HTTP/1.1 GET http://localhost:5062/api/LikeAPI/likes/3 - 200 1 application/json; charset=utf-8 42.7079ms
2024-11-30 18:33:41.050 +01:00 [INF] Executed endpoint 'friendly.Controllers.LikeAPIController.GetLikesCount (api)'
2024-11-30 18:33:41.050 +01:00 [INF] Executed endpoint 'friendly.Controllers.LikeAPIController.GetLikesCount (api)'
2024-11-30 18:33:41.050 +01:00 [INF] Request finished HTTP/1.1 GET http://localhost:5062/api/LikeAPI/likes/1 - 200 1 application/json; charset=utf-8 42.8694ms
2024-11-30 18:33:41.050 +01:00 [INF] Request finished HTTP/1.1 GET http://localhost:5062/api/LikeAPI/likes/2 - 200 1 application/json; charset=utf-8 42.9014ms
2024-11-30 18:33:42.611 +01:00 [INF] Request starting HTTP/1.1 OPTIONS http://localhost:5062/api/likeapi/create - null 0
2024-11-30 18:33:42.614 +01:00 [INF] CORS policy execution successful.
2024-11-30 18:33:42.615 +01:00 [INF] Request finished HTTP/1.1 OPTIONS http://localhost:5062/api/likeapi/create - 204 null null 4.1679ms
2024-11-30 18:33:42.617 +01:00 [INF] Request starting HTTP/1.1 POST http://localhost:5062/api/likeapi/create - application/json 60
2024-11-30 18:33:42.617 +01:00 [INF] CORS policy execution successful.
2024-11-30 18:33:42.617 +01:00 [INF] Executing endpoint 'friendly.Controllers.LikeAPIController.CreateLike (api)'
2024-11-30 18:33:42.624 +01:00 [INF] Route matched with {action = "CreateLike", controller = "LikeAPI"}. Executing controller action with signature System.Threading.Tasks.Task`1[Microsoft.AspNetCore.Mvc.IActionResult] CreateLike(friendly.DTOs.LikeDto) on controller friendly.Controllers.LikeAPIController (api).
2024-11-30 18:33:42.679 +01:00 [INF] Like created successfully for PostId: 1 and UserId: 953f3edb-9c17-46e4-b2b2-5ebf017a6f3b
2024-11-30 18:33:42.679 +01:00 [INF] Executing OkObjectResult, writing value of type '<>f__AnonymousType1`1[[System.String, System.Private.CoreLib, Version=8.0.0.0, Culture=neutral, PublicKeyToken=7cec85d7bea7798e]]'.
2024-11-30 18:33:42.681 +01:00 [INF] Executed action friendly.Controllers.LikeAPIController.CreateLike (api) in 57.5612ms
2024-11-30 18:33:42.681 +01:00 [INF] Executed endpoint 'friendly.Controllers.LikeAPIController.CreateLike (api)'
2024-11-30 18:33:42.681 +01:00 [INF] Request finished HTTP/1.1 POST http://localhost:5062/api/likeapi/create - 200 39 application/json; charset=utf-8 64.9582ms
2024-11-30 18:33:42.684 +01:00 [INF] Request starting HTTP/1.1 GET http://localhost:5062/api/PostAPI/postlist - null null
2024-11-30 18:33:42.685 +01:00 [INF] Request starting HTTP/1.1 GET http://localhost:5062/api/UserAPI/userlist - null null
2024-11-30 18:33:42.685 +01:00 [INF] Request starting HTTP/1.1 GET http://localhost:5062/api/CommentAPI/commentlist - null null
2024-11-30 18:33:42.685 +01:00 [INF] CORS policy execution successful.
2024-11-30 18:33:42.685 +01:00 [INF] CORS policy execution successful.
2024-11-30 18:33:42.685 +01:00 [INF] Executing endpoint 'friendly.Controllers.UserAPIController.UserList (api)'
2024-11-30 18:33:42.685 +01:00 [INF] Executing endpoint 'friendly.Controllers.PostAPIController.PostList (api)'
2024-11-30 18:33:42.685 +01:00 [INF] Route matched with {action = "UserList", controller = "UserAPI"}. Executing controller action with signature System.Threading.Tasks.Task`1[Microsoft.AspNetCore.Mvc.IActionResult] UserList() on controller friendly.Controllers.UserAPIController (api).
2024-11-30 18:33:42.685 +01:00 [INF] Route matched with {action = "PostList", controller = "PostAPI"}. Executing controller action with signature System.Threading.Tasks.Task`1[Microsoft.AspNetCore.Mvc.IActionResult] PostList() on controller friendly.Controllers.PostAPIController (api).
2024-11-30 18:33:42.685 +01:00 [INF] CORS policy execution successful.
2024-11-30 18:33:42.685 +01:00 [INF] Executing endpoint 'friendly.Controllers.CommentAPIController.CommentList (api)'
2024-11-30 18:33:42.686 +01:00 [INF] Route matched with {action = "CommentList", controller = "CommentAPI"}. Executing controller action with signature System.Threading.Tasks.Task`1[Microsoft.AspNetCore.Mvc.IActionResult] CommentList() on controller friendly.Controllers.CommentAPIController (api).
2024-11-30 18:33:42.687 +01:00 [INF] Executing OkObjectResult, writing value of type 'System.Linq.Enumerable+SelectListIterator`2[[friendly.Models.Comment, api, Version=0.0.0.0, Culture=neutral, PublicKeyToken=null],[friendly.DTOs.CommentDto, api, Version=0.0.0.0, Culture=neutral, PublicKeyToken=null]]'.
2024-11-30 18:33:42.687 +01:00 [INF] Executing OkObjectResult, writing value of type 'System.Linq.Enumerable+SelectListIterator`2[[friendly.Models.Post, api, Version=0.0.0.0, Culture=neutral, PublicKeyToken=null],[friendly.DTOs.PostDto, api, Version=0.0.0.0, Culture=neutral, PublicKeyToken=null]]'.
2024-11-30 18:33:42.687 +01:00 [INF] Executed action friendly.Controllers.CommentAPIController.CommentList (api) in 1.7805ms
2024-11-30 18:33:42.687 +01:00 [INF] Executed action friendly.Controllers.PostAPIController.PostList (api) in 1.9667ms
2024-11-30 18:33:42.687 +01:00 [INF] Executed endpoint 'friendly.Controllers.CommentAPIController.CommentList (api)'
2024-11-30 18:33:42.688 +01:00 [INF] Executed endpoint 'friendly.Controllers.PostAPIController.PostList (api)'
2024-11-30 18:33:42.688 +01:00 [INF] Request finished HTTP/1.1 GET http://localhost:5062/api/PostAPI/postlist - 200 494 application/json; charset=utf-8 3.466ms
2024-11-30 18:33:42.688 +01:00 [INF] Request finished HTTP/1.1 GET http://localhost:5062/api/CommentAPI/commentlist - 200 441 application/json; charset=utf-8 3.0831ms
2024-11-30 18:33:42.690 +01:00 [INF] Executing OkObjectResult, writing value of type 'System.Linq.Enumerable+SelectListIterator`2[[friendly.Models.User, api, Version=0.0.0.0, Culture=neutral, PublicKeyToken=null],[friendly.DTOs.UserDto, api, Version=0.0.0.0, Culture=neutral, PublicKeyToken=null]]'.
2024-11-30 18:33:42.690 +01:00 [INF] Executed action friendly.Controllers.UserAPIController.UserList (api) in 5.1347ms
2024-11-30 18:33:42.690 +01:00 [INF] Executed endpoint 'friendly.Controllers.UserAPIController.UserList (api)'
2024-11-30 18:33:42.691 +01:00 [INF] Request finished HTTP/1.1 GET http://localhost:5062/api/UserAPI/userlist - 200 1221 application/json; charset=utf-8 6.0072ms
2024-11-30 18:33:42.692 +01:00 [INF] Request starting HTTP/1.1 GET http://localhost:5062/api/LikeAPI/likes/1 - null null
2024-11-30 18:33:42.692 +01:00 [INF] Request starting HTTP/1.1 GET http://localhost:5062/api/LikeAPI/likes/2 - null null
2024-11-30 18:33:42.692 +01:00 [INF] CORS policy execution successful.
2024-11-30 18:33:42.692 +01:00 [INF] CORS policy execution successful.
2024-11-30 18:33:42.692 +01:00 [INF] Request starting HTTP/1.1 GET http://localhost:5062/api/LikeAPI/likes/3 - null null
2024-11-30 18:33:42.693 +01:00 [INF] Executing endpoint 'friendly.Controllers.LikeAPIController.GetLikesCount (api)'
2024-11-30 18:33:42.693 +01:00 [INF] CORS policy execution successful.
2024-11-30 18:33:42.693 +01:00 [INF] Executing endpoint 'friendly.Controllers.LikeAPIController.GetLikesCount (api)'
2024-11-30 18:33:42.693 +01:00 [INF] Route matched with {action = "GetLikesCount", controller = "LikeAPI"}. Executing controller action with signature System.Threading.Tasks.Task`1[Microsoft.AspNetCore.Mvc.IActionResult] GetLikesCount(Int32) on controller friendly.Controllers.LikeAPIController (api).
2024-11-30 18:33:42.693 +01:00 [INF] Executing endpoint 'friendly.Controllers.LikeAPIController.GetLikesCount (api)'
2024-11-30 18:33:42.693 +01:00 [INF] Route matched with {action = "GetLikesCount", controller = "LikeAPI"}. Executing controller action with signature System.Threading.Tasks.Task`1[Microsoft.AspNetCore.Mvc.IActionResult] GetLikesCount(Int32) on controller friendly.Controllers.LikeAPIController (api).
2024-11-30 18:33:42.693 +01:00 [INF] Route matched with {action = "GetLikesCount", controller = "LikeAPI"}. Executing controller action with signature System.Threading.Tasks.Task`1[Microsoft.AspNetCore.Mvc.IActionResult] GetLikesCount(Int32) on controller friendly.Controllers.LikeAPIController (api).
2024-11-30 18:33:42.694 +01:00 [INF] Like count retrieved successfully for PostId: 1, Count: 1
2024-11-30 18:33:42.694 +01:00 [INF] Like count retrieved successfully for PostId: 3, Count: 0
2024-11-30 18:33:42.694 +01:00 [INF] Like count retrieved successfully for PostId: 2, Count: 0
2024-11-30 18:33:42.694 +01:00 [INF] Executing OkObjectResult, writing value of type 'System.Int32'.
2024-11-30 18:33:42.694 +01:00 [INF] Executing OkObjectResult, writing value of type 'System.Int32'.
2024-11-30 18:33:42.694 +01:00 [INF] Executing OkObjectResult, writing value of type 'System.Int32'.
2024-11-30 18:33:42.694 +01:00 [INF] Executed action friendly.Controllers.LikeAPIController.GetLikesCount (api) in 1.346ms
2024-11-30 18:33:42.694 +01:00 [INF] Executed endpoint 'friendly.Controllers.LikeAPIController.GetLikesCount (api)'
2024-11-30 18:33:42.694 +01:00 [INF] Executed action friendly.Controllers.LikeAPIController.GetLikesCount (api) in 1.4361ms
2024-11-30 18:33:42.694 +01:00 [INF] Request finished HTTP/1.1 GET http://localhost:5062/api/LikeAPI/likes/2 - 200 1 application/json; charset=utf-8 1.7642ms
2024-11-30 18:33:42.694 +01:00 [INF] Executed endpoint 'friendly.Controllers.LikeAPIController.GetLikesCount (api)'
2024-11-30 18:33:42.694 +01:00 [INF] Executed action friendly.Controllers.LikeAPIController.GetLikesCount (api) in 1.4427ms
2024-11-30 18:33:42.694 +01:00 [INF] Request finished HTTP/1.1 GET http://localhost:5062/api/LikeAPI/likes/1 - 200 1 application/json; charset=utf-8 2.009ms
2024-11-30 18:33:42.694 +01:00 [INF] Executed endpoint 'friendly.Controllers.LikeAPIController.GetLikesCount (api)'
2024-11-30 18:33:42.694 +01:00 [INF] Request finished HTTP/1.1 GET http://localhost:5062/api/LikeAPI/likes/3 - 200 1 application/json; charset=utf-8 2.0443ms
2024-11-30 18:33:52.349 +01:00 [INF] Request starting HTTP/1.1 OPTIONS http://localhost:5062/api/likeapi/create - null 0
2024-11-30 18:33:52.351 +01:00 [INF] CORS policy execution successful.
2024-11-30 18:33:52.352 +01:00 [INF] Request finished HTTP/1.1 OPTIONS http://localhost:5062/api/likeapi/create - 204 null null 3.2484ms
2024-11-30 18:33:52.353 +01:00 [INF] Request starting HTTP/1.1 POST http://localhost:5062/api/likeapi/create - application/json 60
2024-11-30 18:33:52.354 +01:00 [INF] CORS policy execution successful.
2024-11-30 18:33:52.356 +01:00 [INF] Executing endpoint 'friendly.Controllers.LikeAPIController.CreateLike (api)'
2024-11-30 18:33:52.356 +01:00 [INF] Route matched with {action = "CreateLike", controller = "LikeAPI"}. Executing controller action with signature System.Threading.Tasks.Task`1[Microsoft.AspNetCore.Mvc.IActionResult] CreateLike(friendly.DTOs.LikeDto) on controller friendly.Controllers.LikeAPIController (api).
2024-11-30 18:33:52.366 +01:00 [WRN] Like already exists for postId 1 and userId 953f3edb-9c17-46e4-b2b2-5ebf017a6f3b
2024-11-30 18:33:52.366 +01:00 [INF] Executing ConflictObjectResult, writing value of type 'System.String'.
2024-11-30 18:33:52.368 +01:00 [INF] Executed action friendly.Controllers.LikeAPIController.CreateLike (api) in 11.1674ms
2024-11-30 18:33:52.368 +01:00 [INF] Executed endpoint 'friendly.Controllers.LikeAPIController.CreateLike (api)'
2024-11-30 18:33:52.368 +01:00 [INF] Request finished HTTP/1.1 POST http://localhost:5062/api/likeapi/create - 409 null text/plain; charset=utf-8 15.0676ms
2024-11-30 18:33:52.376 +01:00 [INF] Request starting HTTP/1.1 GET http://localhost:5062/api/PostAPI/postlist - null null
2024-11-30 18:33:52.377 +01:00 [INF] CORS policy execution successful.
2024-11-30 18:33:52.377 +01:00 [INF] Executing endpoint 'friendly.Controllers.PostAPIController.PostList (api)'
2024-11-30 18:33:52.377 +01:00 [INF] Request starting HTTP/1.1 GET http://localhost:5062/api/UserAPI/userlist - null null
2024-11-30 18:33:52.377 +01:00 [INF] Route matched with {action = "PostList", controller = "PostAPI"}. Executing controller action with signature System.Threading.Tasks.Task`1[Microsoft.AspNetCore.Mvc.IActionResult] PostList() on controller friendly.Controllers.PostAPIController (api).
2024-11-30 18:33:52.377 +01:00 [INF] CORS policy execution successful.
2024-11-30 18:33:52.377 +01:00 [INF] Executing endpoint 'friendly.Controllers.UserAPIController.UserList (api)'
2024-11-30 18:33:52.378 +01:00 [INF] Route matched with {action = "UserList", controller = "UserAPI"}. Executing controller action with signature System.Threading.Tasks.Task`1[Microsoft.AspNetCore.Mvc.IActionResult] UserList() on controller friendly.Controllers.UserAPIController (api).
2024-11-30 18:33:52.378 +01:00 [INF] Request starting HTTP/1.1 GET http://localhost:5062/api/CommentAPI/commentlist - null null
2024-11-30 18:33:52.378 +01:00 [INF] CORS policy execution successful.
2024-11-30 18:33:52.378 +01:00 [INF] Executing endpoint 'friendly.Controllers.CommentAPIController.CommentList (api)'
2024-11-30 18:33:52.378 +01:00 [INF] Route matched with {action = "CommentList", controller = "CommentAPI"}. Executing controller action with signature System.Threading.Tasks.Task`1[Microsoft.AspNetCore.Mvc.IActionResult] CommentList() on controller friendly.Controllers.CommentAPIController (api).
2024-11-30 18:33:52.379 +01:00 [INF] Executing OkObjectResult, writing value of type 'System.Linq.Enumerable+SelectListIterator`2[[friendly.Models.Post, api, Version=0.0.0.0, Culture=neutral, PublicKeyToken=null],[friendly.DTOs.PostDto, api, Version=0.0.0.0, Culture=neutral, PublicKeyToken=null]]'.
2024-11-30 18:33:52.380 +01:00 [INF] Executing OkObjectResult, writing value of type 'System.Linq.Enumerable+SelectListIterator`2[[friendly.Models.User, api, Version=0.0.0.0, Culture=neutral, PublicKeyToken=null],[friendly.DTOs.UserDto, api, Version=0.0.0.0, Culture=neutral, PublicKeyToken=null]]'.
2024-11-30 18:33:52.380 +01:00 [INF] Executed action friendly.Controllers.PostAPIController.PostList (api) in 2.6698ms
2024-11-30 18:33:52.380 +01:00 [INF] Executed action friendly.Controllers.UserAPIController.UserList (api) in 2.3347ms
2024-11-30 18:33:52.380 +01:00 [INF] Executed endpoint 'friendly.Controllers.PostAPIController.PostList (api)'
2024-11-30 18:33:52.380 +01:00 [INF] Executed endpoint 'friendly.Controllers.UserAPIController.UserList (api)'
2024-11-30 18:33:52.380 +01:00 [INF] Executing OkObjectResult, writing value of type 'System.Linq.Enumerable+SelectListIterator`2[[friendly.Models.Comment, api, Version=0.0.0.0, Culture=neutral, PublicKeyToken=null],[friendly.DTOs.CommentDto, api, Version=0.0.0.0, Culture=neutral, PublicKeyToken=null]]'.
2024-11-30 18:33:52.380 +01:00 [INF] Request finished HTTP/1.1 GET http://localhost:5062/api/PostAPI/postlist - 200 494 application/json; charset=utf-8 3.7442ms
2024-11-30 18:33:52.380 +01:00 [INF] Request finished HTTP/1.1 GET http://localhost:5062/api/UserAPI/userlist - 200 1221 application/json; charset=utf-8 3.0291ms
2024-11-30 18:33:52.380 +01:00 [INF] Executed action friendly.Controllers.CommentAPIController.CommentList (api) in 1.9221ms
2024-11-30 18:33:52.380 +01:00 [INF] Executed endpoint 'friendly.Controllers.CommentAPIController.CommentList (api)'
2024-11-30 18:33:52.380 +01:00 [INF] Request finished HTTP/1.1 GET http://localhost:5062/api/CommentAPI/commentlist - 200 441 application/json; charset=utf-8 2.4877ms
2024-11-30 18:33:52.391 +01:00 [INF] Request starting HTTP/1.1 GET http://localhost:5062/api/LikeAPI/likes/1 - null null
2024-11-30 18:33:52.391 +01:00 [INF] Request starting HTTP/1.1 GET http://localhost:5062/api/LikeAPI/likes/2 - null null
2024-11-30 18:33:52.391 +01:00 [INF] Request starting HTTP/1.1 GET http://localhost:5062/api/LikeAPI/likes/3 - null null
2024-11-30 18:33:52.392 +01:00 [INF] CORS policy execution successful.
2024-11-30 18:33:52.392 +01:00 [INF] CORS policy execution successful.
2024-11-30 18:33:52.392 +01:00 [INF] CORS policy execution successful.
2024-11-30 18:33:52.392 +01:00 [INF] Executing endpoint 'friendly.Controllers.LikeAPIController.GetLikesCount (api)'
2024-11-30 18:33:52.392 +01:00 [INF] Executing endpoint 'friendly.Controllers.LikeAPIController.GetLikesCount (api)'
2024-11-30 18:33:52.392 +01:00 [INF] Executing endpoint 'friendly.Controllers.LikeAPIController.GetLikesCount (api)'
2024-11-30 18:33:52.392 +01:00 [INF] Route matched with {action = "GetLikesCount", controller = "LikeAPI"}. Executing controller action with signature System.Threading.Tasks.Task`1[Microsoft.AspNetCore.Mvc.IActionResult] GetLikesCount(Int32) on controller friendly.Controllers.LikeAPIController (api).
2024-11-30 18:33:52.392 +01:00 [INF] Route matched with {action = "GetLikesCount", controller = "LikeAPI"}. Executing controller action with signature System.Threading.Tasks.Task`1[Microsoft.AspNetCore.Mvc.IActionResult] GetLikesCount(Int32) on controller friendly.Controllers.LikeAPIController (api).
2024-11-30 18:33:52.392 +01:00 [INF] Route matched with {action = "GetLikesCount", controller = "LikeAPI"}. Executing controller action with signature System.Threading.Tasks.Task`1[Microsoft.AspNetCore.Mvc.IActionResult] GetLikesCount(Int32) on controller friendly.Controllers.LikeAPIController (api).
2024-11-30 18:33:52.394 +01:00 [INF] Like count retrieved successfully for PostId: 1, Count: 1
2024-11-30 18:33:52.394 +01:00 [INF] Like count retrieved successfully for PostId: 2, Count: 0
2024-11-30 18:33:52.394 +01:00 [INF] Like count retrieved successfully for PostId: 3, Count: 0
2024-11-30 18:33:52.394 +01:00 [INF] Executing OkObjectResult, writing value of type 'System.Int32'.
2024-11-30 18:33:52.394 +01:00 [INF] Executing OkObjectResult, writing value of type 'System.Int32'.
2024-11-30 18:33:52.394 +01:00 [INF] Executing OkObjectResult, writing value of type 'System.Int32'.
2024-11-30 18:33:52.394 +01:00 [INF] Executed action friendly.Controllers.LikeAPIController.GetLikesCount (api) in 2.2086ms
2024-11-30 18:33:52.394 +01:00 [INF] Executed endpoint 'friendly.Controllers.LikeAPIController.GetLikesCount (api)'
2024-11-30 18:33:52.394 +01:00 [INF] Executed action friendly.Controllers.LikeAPIController.GetLikesCount (api) in 2.299ms
2024-11-30 18:33:52.394 +01:00 [INF] Executed action friendly.Controllers.LikeAPIController.GetLikesCount (api) in 2.1174ms
2024-11-30 18:33:52.394 +01:00 [INF] Executed endpoint 'friendly.Controllers.LikeAPIController.GetLikesCount (api)'
2024-11-30 18:33:52.394 +01:00 [INF] Executed endpoint 'friendly.Controllers.LikeAPIController.GetLikesCount (api)'
2024-11-30 18:33:52.394 +01:00 [INF] Request finished HTTP/1.1 GET http://localhost:5062/api/LikeAPI/likes/1 - 200 1 application/json; charset=utf-8 3.9312ms
2024-11-30 18:33:52.394 +01:00 [INF] Request finished HTTP/1.1 GET http://localhost:5062/api/LikeAPI/likes/3 - 200 1 application/json; charset=utf-8 3.4057ms
2024-11-30 18:33:52.395 +01:00 [INF] Request finished HTTP/1.1 GET http://localhost:5062/api/LikeAPI/likes/2 - 200 1 application/json; charset=utf-8 3.6479ms
2024-11-30 18:35:27.478 +01:00 [INF] Request starting HTTP/1.1 GET http://localhost:5062/api/PostAPI/postlist - null null
2024-11-30 18:35:27.478 +01:00 [INF] Request starting HTTP/1.1 GET http://localhost:5062/api/UserAPI/userlist - null null
2024-11-30 18:35:27.478 +01:00 [INF] Request starting HTTP/1.1 GET http://localhost:5062/api/CommentAPI/commentlist - null null
2024-11-30 18:35:27.480 +01:00 [INF] CORS policy execution successful.
2024-11-30 18:35:27.480 +01:00 [INF] CORS policy execution successful.
2024-11-30 18:35:27.480 +01:00 [INF] CORS policy execution successful.
2024-11-30 18:35:27.481 +01:00 [INF] Executing endpoint 'friendly.Controllers.CommentAPIController.CommentList (api)'
2024-11-30 18:35:27.481 +01:00 [INF] Executing endpoint 'friendly.Controllers.UserAPIController.UserList (api)'
2024-11-30 18:35:27.481 +01:00 [INF] Executing endpoint 'friendly.Controllers.PostAPIController.PostList (api)'
2024-11-30 18:35:27.481 +01:00 [INF] Route matched with {action = "CommentList", controller = "CommentAPI"}. Executing controller action with signature System.Threading.Tasks.Task`1[Microsoft.AspNetCore.Mvc.IActionResult] CommentList() on controller friendly.Controllers.CommentAPIController (api).
2024-11-30 18:35:27.481 +01:00 [INF] Route matched with {action = "UserList", controller = "UserAPI"}. Executing controller action with signature System.Threading.Tasks.Task`1[Microsoft.AspNetCore.Mvc.IActionResult] UserList() on controller friendly.Controllers.UserAPIController (api).
2024-11-30 18:35:27.481 +01:00 [INF] Route matched with {action = "PostList", controller = "PostAPI"}. Executing controller action with signature System.Threading.Tasks.Task`1[Microsoft.AspNetCore.Mvc.IActionResult] PostList() on controller friendly.Controllers.PostAPIController (api).
2024-11-30 18:35:27.492 +01:00 [INF] Executing OkObjectResult, writing value of type 'System.Linq.Enumerable+SelectListIterator`2[[friendly.Models.Comment, api, Version=0.0.0.0, Culture=neutral, PublicKeyToken=null],[friendly.DTOs.CommentDto, api, Version=0.0.0.0, Culture=neutral, PublicKeyToken=null]]'.
2024-11-30 18:35:27.492 +01:00 [INF] Executing OkObjectResult, writing value of type 'System.Linq.Enumerable+SelectListIterator`2[[friendly.Models.User, api, Version=0.0.0.0, Culture=neutral, PublicKeyToken=null],[friendly.DTOs.UserDto, api, Version=0.0.0.0, Culture=neutral, PublicKeyToken=null]]'.
2024-11-30 18:35:27.492 +01:00 [INF] Executing OkObjectResult, writing value of type 'System.Linq.Enumerable+SelectListIterator`2[[friendly.Models.Post, api, Version=0.0.0.0, Culture=neutral, PublicKeyToken=null],[friendly.DTOs.PostDto, api, Version=0.0.0.0, Culture=neutral, PublicKeyToken=null]]'.
2024-11-30 18:35:27.492 +01:00 [INF] Executed action friendly.Controllers.CommentAPIController.CommentList (api) in 10.7ms
2024-11-30 18:35:27.492 +01:00 [INF] Executed action friendly.Controllers.UserAPIController.UserList (api) in 10.69ms
2024-11-30 18:35:27.492 +01:00 [INF] Executed endpoint 'friendly.Controllers.UserAPIController.UserList (api)'
2024-11-30 18:35:27.492 +01:00 [INF] Executed action friendly.Controllers.PostAPIController.PostList (api) in 10.6594ms
2024-11-30 18:35:27.492 +01:00 [INF] Executed endpoint 'friendly.Controllers.PostAPIController.PostList (api)'
2024-11-30 18:35:27.492 +01:00 [INF] Executed endpoint 'friendly.Controllers.CommentAPIController.CommentList (api)'
2024-11-30 18:35:27.492 +01:00 [INF] Request finished HTTP/1.1 GET http://localhost:5062/api/PostAPI/postlist - 200 494 application/json; charset=utf-8 14.1182ms
2024-11-30 18:35:27.492 +01:00 [INF] Request finished HTTP/1.1 GET http://localhost:5062/api/UserAPI/userlist - 200 1221 application/json; charset=utf-8 14.1539ms
2024-11-30 18:35:27.492 +01:00 [INF] Request finished HTTP/1.1 GET http://localhost:5062/api/CommentAPI/commentlist - 200 441 application/json; charset=utf-8 14.1247ms
2024-11-30 18:35:27.497 +01:00 [INF] Request starting HTTP/1.1 GET http://localhost:5062/api/LikeAPI/likes/1 - null null
2024-11-30 18:35:27.498 +01:00 [INF] CORS policy execution successful.
2024-11-30 18:35:27.498 +01:00 [INF] Request starting HTTP/1.1 GET http://localhost:5062/api/LikeAPI/likes/2 - null null
2024-11-30 18:35:27.498 +01:00 [INF] CORS policy execution successful.
2024-11-30 18:35:27.498 +01:00 [INF] Executing endpoint 'friendly.Controllers.LikeAPIController.GetLikesCount (api)'
2024-11-30 18:35:27.498 +01:00 [INF] Route matched with {action = "GetLikesCount", controller = "LikeAPI"}. Executing controller action with signature System.Threading.Tasks.Task`1[Microsoft.AspNetCore.Mvc.IActionResult] GetLikesCount(Int32) on controller friendly.Controllers.LikeAPIController (api).
2024-11-30 18:35:27.499 +01:00 [INF] Request starting HTTP/1.1 GET http://localhost:5062/api/LikeAPI/likes/3 - null null
2024-11-30 18:35:27.499 +01:00 [INF] Executing endpoint 'friendly.Controllers.LikeAPIController.GetLikesCount (api)'
2024-11-30 18:35:27.499 +01:00 [INF] CORS policy execution successful.
2024-11-30 18:35:27.499 +01:00 [INF] Route matched with {action = "GetLikesCount", controller = "LikeAPI"}. Executing controller action with signature System.Threading.Tasks.Task`1[Microsoft.AspNetCore.Mvc.IActionResult] GetLikesCount(Int32) on controller friendly.Controllers.LikeAPIController (api).
2024-11-30 18:35:27.499 +01:00 [INF] Executing endpoint 'friendly.Controllers.LikeAPIController.GetLikesCount (api)'
2024-11-30 18:35:27.499 +01:00 [INF] Route matched with {action = "GetLikesCount", controller = "LikeAPI"}. Executing controller action with signature System.Threading.Tasks.Task`1[Microsoft.AspNetCore.Mvc.IActionResult] GetLikesCount(Int32) on controller friendly.Controllers.LikeAPIController (api).
2024-11-30 18:35:27.500 +01:00 [INF] Like count retrieved successfully for PostId: 2, Count: 0
2024-11-30 18:35:27.500 +01:00 [INF] Like count retrieved successfully for PostId: 3, Count: 0
2024-11-30 18:35:27.500 +01:00 [INF] Executing OkObjectResult, writing value of type 'System.Int32'.
2024-11-30 18:35:27.500 +01:00 [INF] Executing OkObjectResult, writing value of type 'System.Int32'.
2024-11-30 18:35:27.500 +01:00 [INF] Like count retrieved successfully for PostId: 1, Count: 1
2024-11-30 18:35:27.500 +01:00 [INF] Executing OkObjectResult, writing value of type 'System.Int32'.
2024-11-30 18:35:27.500 +01:00 [INF] Executed action friendly.Controllers.LikeAPIController.GetLikesCount (api) in 1.0844ms
2024-11-30 18:35:27.500 +01:00 [INF] Executed endpoint 'friendly.Controllers.LikeAPIController.GetLikesCount (api)'
2024-11-30 18:35:27.500 +01:00 [INF] Executed action friendly.Controllers.LikeAPIController.GetLikesCount (api) in 0.8284ms
2024-11-30 18:35:27.500 +01:00 [INF] Request finished HTTP/1.1 GET http://localhost:5062/api/LikeAPI/likes/2 - 200 1 application/json; charset=utf-8 2.0691ms
2024-11-30 18:35:27.500 +01:00 [INF] Executed endpoint 'friendly.Controllers.LikeAPIController.GetLikesCount (api)'
2024-11-30 18:35:27.500 +01:00 [INF] Executed action friendly.Controllers.LikeAPIController.GetLikesCount (api) in 1.7962ms
2024-11-30 18:35:27.500 +01:00 [INF] Executed endpoint 'friendly.Controllers.LikeAPIController.GetLikesCount (api)'
2024-11-30 18:35:27.500 +01:00 [INF] Request finished HTTP/1.1 GET http://localhost:5062/api/LikeAPI/likes/3 - 200 1 application/json; charset=utf-8 1.4851ms
2024-11-30 18:35:27.500 +01:00 [INF] Request finished HTTP/1.1 GET http://localhost:5062/api/LikeAPI/likes/1 - 200 1 application/json; charset=utf-8 2.8158ms
2024-11-30 18:35:58.071 +01:00 [INF] Request starting HTTP/1.1 GET http://localhost:5062/api/CommentAPI/commentlist - null null
2024-11-30 18:35:58.071 +01:00 [INF] Request starting HTTP/1.1 GET http://localhost:5062/api/PostAPI/postlist - null null
2024-11-30 18:35:58.071 +01:00 [INF] Request starting HTTP/1.1 GET http://localhost:5062/api/UserAPI/userlist - null null
2024-11-30 18:35:58.073 +01:00 [INF] CORS policy execution successful.
2024-11-30 18:35:58.073 +01:00 [INF] CORS policy execution successful.
2024-11-30 18:35:58.073 +01:00 [INF] CORS policy execution successful.
2024-11-30 18:35:58.075 +01:00 [INF] Executing endpoint 'friendly.Controllers.UserAPIController.UserList (api)'
2024-11-30 18:35:58.075 +01:00 [INF] Executing endpoint 'friendly.Controllers.PostAPIController.PostList (api)'
2024-11-30 18:35:58.075 +01:00 [INF] Executing endpoint 'friendly.Controllers.CommentAPIController.CommentList (api)'
2024-11-30 18:35:58.076 +01:00 [INF] Route matched with {action = "UserList", controller = "UserAPI"}. Executing controller action with signature System.Threading.Tasks.Task`1[Microsoft.AspNetCore.Mvc.IActionResult] UserList() on controller friendly.Controllers.UserAPIController (api).
2024-11-30 18:35:58.076 +01:00 [INF] Route matched with {action = "PostList", controller = "PostAPI"}. Executing controller action with signature System.Threading.Tasks.Task`1[Microsoft.AspNetCore.Mvc.IActionResult] PostList() on controller friendly.Controllers.PostAPIController (api).
2024-11-30 18:35:58.076 +01:00 [INF] Route matched with {action = "CommentList", controller = "CommentAPI"}. Executing controller action with signature System.Threading.Tasks.Task`1[Microsoft.AspNetCore.Mvc.IActionResult] CommentList() on controller friendly.Controllers.CommentAPIController (api).
2024-11-30 18:35:58.081 +01:00 [INF] Executing OkObjectResult, writing value of type 'System.Linq.Enumerable+SelectListIterator`2[[friendly.Models.User, api, Version=0.0.0.0, Culture=neutral, PublicKeyToken=null],[friendly.DTOs.UserDto, api, Version=0.0.0.0, Culture=neutral, PublicKeyToken=null]]'.
2024-11-30 18:35:58.081 +01:00 [INF] Executing OkObjectResult, writing value of type 'System.Linq.Enumerable+SelectListIterator`2[[friendly.Models.Post, api, Version=0.0.0.0, Culture=neutral, PublicKeyToken=null],[friendly.DTOs.PostDto, api, Version=0.0.0.0, Culture=neutral, PublicKeyToken=null]]'.
2024-11-30 18:35:58.081 +01:00 [INF] Executing OkObjectResult, writing value of type 'System.Linq.Enumerable+SelectListIterator`2[[friendly.Models.Comment, api, Version=0.0.0.0, Culture=neutral, PublicKeyToken=null],[friendly.DTOs.CommentDto, api, Version=0.0.0.0, Culture=neutral, PublicKeyToken=null]]'.
2024-11-30 18:35:58.081 +01:00 [INF] Executed action friendly.Controllers.CommentAPIController.CommentList (api) in 4.5545ms
2024-11-30 18:35:58.081 +01:00 [INF] Executed action friendly.Controllers.PostAPIController.PostList (api) in 4.6087ms
2024-11-30 18:35:58.081 +01:00 [INF] Executed endpoint 'friendly.Controllers.CommentAPIController.CommentList (api)'
2024-11-30 18:35:58.081 +01:00 [INF] Executed action friendly.Controllers.UserAPIController.UserList (api) in 4.6365ms
2024-11-30 18:35:58.081 +01:00 [INF] Executed endpoint 'friendly.Controllers.UserAPIController.UserList (api)'
2024-11-30 18:35:58.081 +01:00 [INF] Executed endpoint 'friendly.Controllers.PostAPIController.PostList (api)'
2024-11-30 18:35:58.082 +01:00 [INF] Request finished HTTP/1.1 GET http://localhost:5062/api/UserAPI/userlist - 200 1221 application/json; charset=utf-8 10.4091ms
2024-11-30 18:35:58.082 +01:00 [INF] Request finished HTTP/1.1 GET http://localhost:5062/api/CommentAPI/commentlist - 200 441 application/json; charset=utf-8 10.403ms
2024-11-30 18:35:58.082 +01:00 [INF] Request finished HTTP/1.1 GET http://localhost:5062/api/PostAPI/postlist - 200 494 application/json; charset=utf-8 10.4936ms
2024-11-30 18:35:58.088 +01:00 [INF] Request starting HTTP/1.1 GET http://localhost:5062/api/LikeAPI/likes/1 - null null
2024-11-30 18:35:58.088 +01:00 [INF] Request starting HTTP/1.1 GET http://localhost:5062/api/LikeAPI/likes/3 - null null
2024-11-30 18:35:58.089 +01:00 [INF] CORS policy execution successful.
2024-11-30 18:35:58.089 +01:00 [INF] CORS policy execution successful.
2024-11-30 18:35:58.089 +01:00 [INF] Request starting HTTP/1.1 GET http://localhost:5062/api/LikeAPI/likes/2 - null null
2024-11-30 18:35:58.089 +01:00 [INF] CORS policy execution successful.
2024-11-30 18:35:58.089 +01:00 [INF] Executing endpoint 'friendly.Controllers.LikeAPIController.GetLikesCount (api)'
2024-11-30 18:35:58.089 +01:00 [INF] Executing endpoint 'friendly.Controllers.LikeAPIController.GetLikesCount (api)'
2024-11-30 18:35:58.089 +01:00 [INF] Route matched with {action = "GetLikesCount", controller = "LikeAPI"}. Executing controller action with signature System.Threading.Tasks.Task`1[Microsoft.AspNetCore.Mvc.IActionResult] GetLikesCount(Int32) on controller friendly.Controllers.LikeAPIController (api).
2024-11-30 18:35:58.089 +01:00 [INF] Executing endpoint 'friendly.Controllers.LikeAPIController.GetLikesCount (api)'
2024-11-30 18:35:58.089 +01:00 [INF] Route matched with {action = "GetLikesCount", controller = "LikeAPI"}. Executing controller action with signature System.Threading.Tasks.Task`1[Microsoft.AspNetCore.Mvc.IActionResult] GetLikesCount(Int32) on controller friendly.Controllers.LikeAPIController (api).
2024-11-30 18:35:58.089 +01:00 [INF] Route matched with {action = "GetLikesCount", controller = "LikeAPI"}. Executing controller action with signature System.Threading.Tasks.Task`1[Microsoft.AspNetCore.Mvc.IActionResult] GetLikesCount(Int32) on controller friendly.Controllers.LikeAPIController (api).
2024-11-30 18:35:58.092 +01:00 [INF] Like count retrieved successfully for PostId: 2, Count: 0
2024-11-30 18:35:58.092 +01:00 [INF] Executing OkObjectResult, writing value of type 'System.Int32'.
2024-11-30 18:35:58.092 +01:00 [INF] Like count retrieved successfully for PostId: 1, Count: 1
2024-11-30 18:35:58.092 +01:00 [INF] Like count retrieved successfully for PostId: 3, Count: 0
2024-11-30 18:35:58.092 +01:00 [INF] Executing OkObjectResult, writing value of type 'System.Int32'.
2024-11-30 18:35:58.092 +01:00 [INF] Executing OkObjectResult, writing value of type 'System.Int32'.
2024-11-30 18:35:58.092 +01:00 [INF] Executed action friendly.Controllers.LikeAPIController.GetLikesCount (api) in 2.9164ms
2024-11-30 18:35:58.092 +01:00 [INF] Executed endpoint 'friendly.Controllers.LikeAPIController.GetLikesCount (api)'
2024-11-30 18:35:58.092 +01:00 [INF] Executed action friendly.Controllers.LikeAPIController.GetLikesCount (api) in 3.0691ms
2024-11-30 18:35:58.092 +01:00 [INF] Executed endpoint 'friendly.Controllers.LikeAPIController.GetLikesCount (api)'
2024-11-30 18:35:58.092 +01:00 [INF] Executed action friendly.Controllers.LikeAPIController.GetLikesCount (api) in 3.2157ms
2024-11-30 18:35:58.092 +01:00 [INF] Executed endpoint 'friendly.Controllers.LikeAPIController.GetLikesCount (api)'
2024-11-30 18:35:58.093 +01:00 [INF] Request finished HTTP/1.1 GET http://localhost:5062/api/LikeAPI/likes/1 - 200 1 application/json; charset=utf-8 4.318ms
2024-11-30 18:35:58.092 +01:00 [INF] Request finished HTTP/1.1 GET http://localhost:5062/api/LikeAPI/likes/2 - 200 1 application/json; charset=utf-8 3.7387ms
2024-11-30 18:35:58.093 +01:00 [INF] Request finished HTTP/1.1 GET http://localhost:5062/api/LikeAPI/likes/3 - 200 1 application/json; charset=utf-8 4.1509ms
2024-11-30 18:35:59.793 +01:00 [INF] Request starting HTTP/1.1 OPTIONS http://localhost:5062/api/likeapi/create - null 0
2024-11-30 18:35:59.793 +01:00 [INF] CORS policy execution successful.
2024-11-30 18:35:59.794 +01:00 [INF] Request finished HTTP/1.1 OPTIONS http://localhost:5062/api/likeapi/create - 204 null null 0.4571ms
2024-11-30 18:35:59.795 +01:00 [INF] Request starting HTTP/1.1 POST http://localhost:5062/api/likeapi/create - application/json 60
2024-11-30 18:35:59.795 +01:00 [INF] CORS policy execution successful.
2024-11-30 18:35:59.796 +01:00 [INF] Executing endpoint 'friendly.Controllers.LikeAPIController.CreateLike (api)'
2024-11-30 18:35:59.796 +01:00 [INF] Route matched with {action = "CreateLike", controller = "LikeAPI"}. Executing controller action with signature System.Threading.Tasks.Task`1[Microsoft.AspNetCore.Mvc.IActionResult] CreateLike(friendly.DTOs.LikeDto) on controller friendly.Controllers.LikeAPIController (api).
2024-11-30 18:35:59.804 +01:00 [INF] Like created successfully for PostId: 2 and UserId: 953f3edb-9c17-46e4-b2b2-5ebf017a6f3b
2024-11-30 18:35:59.804 +01:00 [INF] Executing OkObjectResult, writing value of type '<>f__AnonymousType1`1[[System.String, System.Private.CoreLib, Version=8.0.0.0, Culture=neutral, PublicKeyToken=7cec85d7bea7798e]]'.
2024-11-30 18:35:59.804 +01:00 [INF] Executed action friendly.Controllers.LikeAPIController.CreateLike (api) in 8.4535ms
2024-11-30 18:35:59.805 +01:00 [INF] Executed endpoint 'friendly.Controllers.LikeAPIController.CreateLike (api)'
2024-11-30 18:35:59.805 +01:00 [INF] Request finished HTTP/1.1 POST http://localhost:5062/api/likeapi/create - 200 39 application/json; charset=utf-8 9.6897ms
2024-11-30 18:35:59.807 +01:00 [INF] Request starting HTTP/1.1 GET http://localhost:5062/api/PostAPI/postlist - null null
2024-11-30 18:35:59.807 +01:00 [INF] CORS policy execution successful.
2024-11-30 18:35:59.807 +01:00 [INF] Request starting HTTP/1.1 GET http://localhost:5062/api/UserAPI/userlist - null null
2024-11-30 18:35:59.807 +01:00 [INF] CORS policy execution successful.
2024-11-30 18:35:59.807 +01:00 [INF] Executing endpoint 'friendly.Controllers.UserAPIController.UserList (api)'
2024-11-30 18:35:59.807 +01:00 [INF] Executing endpoint 'friendly.Controllers.PostAPIController.PostList (api)'
2024-11-30 18:35:59.807 +01:00 [INF] Request starting HTTP/1.1 GET http://localhost:5062/api/CommentAPI/commentlist - null null
2024-11-30 18:35:59.807 +01:00 [INF] Route matched with {action = "UserList", controller = "UserAPI"}. Executing controller action with signature System.Threading.Tasks.Task`1[Microsoft.AspNetCore.Mvc.IActionResult] UserList() on controller friendly.Controllers.UserAPIController (api).
2024-11-30 18:35:59.807 +01:00 [INF] Route matched with {action = "PostList", controller = "PostAPI"}. Executing controller action with signature System.Threading.Tasks.Task`1[Microsoft.AspNetCore.Mvc.IActionResult] PostList() on controller friendly.Controllers.PostAPIController (api).
2024-11-30 18:35:59.807 +01:00 [INF] CORS policy execution successful.
2024-11-30 18:35:59.808 +01:00 [INF] Executing endpoint 'friendly.Controllers.CommentAPIController.CommentList (api)'
2024-11-30 18:35:59.808 +01:00 [INF] Route matched with {action = "CommentList", controller = "CommentAPI"}. Executing controller action with signature System.Threading.Tasks.Task`1[Microsoft.AspNetCore.Mvc.IActionResult] CommentList() on controller friendly.Controllers.CommentAPIController (api).
2024-11-30 18:35:59.809 +01:00 [INF] Executing OkObjectResult, writing value of type 'System.Linq.Enumerable+SelectListIterator`2[[friendly.Models.User, api, Version=0.0.0.0, Culture=neutral, PublicKeyToken=null],[friendly.DTOs.UserDto, api, Version=0.0.0.0, Culture=neutral, PublicKeyToken=null]]'.
2024-11-30 18:35:59.809 +01:00 [INF] Executing OkObjectResult, writing value of type 'System.Linq.Enumerable+SelectListIterator`2[[friendly.Models.Comment, api, Version=0.0.0.0, Culture=neutral, PublicKeyToken=null],[friendly.DTOs.CommentDto, api, Version=0.0.0.0, Culture=neutral, PublicKeyToken=null]]'.
2024-11-30 18:35:59.809 +01:00 [INF] Executed action friendly.Controllers.UserAPIController.UserList (api) in 1.647ms
2024-11-30 18:35:59.809 +01:00 [INF] Executed endpoint 'friendly.Controllers.UserAPIController.UserList (api)'
2024-11-30 18:35:59.809 +01:00 [INF] Executing OkObjectResult, writing value of type 'System.Linq.Enumerable+SelectListIterator`2[[friendly.Models.Post, api, Version=0.0.0.0, Culture=neutral, PublicKeyToken=null],[friendly.DTOs.PostDto, api, Version=0.0.0.0, Culture=neutral, PublicKeyToken=null]]'.
2024-11-30 18:35:59.809 +01:00 [INF] Request finished HTTP/1.1 GET http://localhost:5062/api/UserAPI/userlist - 200 1221 application/json; charset=utf-8 2.2393ms
2024-11-30 18:35:59.809 +01:00 [INF] Executed action friendly.Controllers.PostAPIController.PostList (api) in 1.9811ms
2024-11-30 18:35:59.809 +01:00 [INF] Executed endpoint 'friendly.Controllers.PostAPIController.PostList (api)'
2024-11-30 18:35:59.810 +01:00 [INF] Request finished HTTP/1.1 GET http://localhost:5062/api/PostAPI/postlist - 200 494 application/json; charset=utf-8 2.5921ms
2024-11-30 18:35:59.810 +01:00 [INF] Executed action friendly.Controllers.CommentAPIController.CommentList (api) in 1.8438ms
2024-11-30 18:35:59.810 +01:00 [INF] Executed endpoint 'friendly.Controllers.CommentAPIController.CommentList (api)'
2024-11-30 18:35:59.810 +01:00 [INF] Request finished HTTP/1.1 GET http://localhost:5062/api/CommentAPI/commentlist - 200 441 application/json; charset=utf-8 2.2745ms
2024-11-30 18:35:59.812 +01:00 [INF] Request starting HTTP/1.1 GET http://localhost:5062/api/LikeAPI/likes/1 - null null
2024-11-30 18:35:59.812 +01:00 [INF] CORS policy execution successful.
2024-11-30 18:35:59.812 +01:00 [INF] Request starting HTTP/1.1 GET http://localhost:5062/api/LikeAPI/likes/2 - null null
2024-11-30 18:35:59.812 +01:00 [INF] CORS policy execution successful.
2024-11-30 18:35:59.813 +01:00 [INF] Executing endpoint 'friendly.Controllers.LikeAPIController.GetLikesCount (api)'
2024-11-30 18:35:59.813 +01:00 [INF] Request starting HTTP/1.1 GET http://localhost:5062/api/LikeAPI/likes/3 - null null
2024-11-30 18:35:59.813 +01:00 [INF] Executing endpoint 'friendly.Controllers.LikeAPIController.GetLikesCount (api)'
2024-11-30 18:35:59.813 +01:00 [INF] Route matched with {action = "GetLikesCount", controller = "LikeAPI"}. Executing controller action with signature System.Threading.Tasks.Task`1[Microsoft.AspNetCore.Mvc.IActionResult] GetLikesCount(Int32) on controller friendly.Controllers.LikeAPIController (api).
2024-11-30 18:35:59.813 +01:00 [INF] CORS policy execution successful.
2024-11-30 18:35:59.813 +01:00 [INF] Route matched with {action = "GetLikesCount", controller = "LikeAPI"}. Executing controller action with signature System.Threading.Tasks.Task`1[Microsoft.AspNetCore.Mvc.IActionResult] GetLikesCount(Int32) on controller friendly.Controllers.LikeAPIController (api).
2024-11-30 18:35:59.813 +01:00 [INF] Executing endpoint 'friendly.Controllers.LikeAPIController.GetLikesCount (api)'
2024-11-30 18:35:59.813 +01:00 [INF] Route matched with {action = "GetLikesCount", controller = "LikeAPI"}. Executing controller action with signature System.Threading.Tasks.Task`1[Microsoft.AspNetCore.Mvc.IActionResult] GetLikesCount(Int32) on controller friendly.Controllers.LikeAPIController (api).
2024-11-30 18:35:59.824 +01:00 [INF] Like count retrieved successfully for PostId: 2, Count: 1
2024-11-30 18:35:59.824 +01:00 [INF] Like count retrieved successfully for PostId: 1, Count: 1
2024-11-30 18:35:59.824 +01:00 [INF] Executing OkObjectResult, writing value of type 'System.Int32'.
2024-11-30 18:35:59.824 +01:00 [INF] Executing OkObjectResult, writing value of type 'System.Int32'.
2024-11-30 18:35:59.824 +01:00 [INF] Like count retrieved successfully for PostId: 3, Count: 0
2024-11-30 18:35:59.824 +01:00 [INF] Executed action friendly.Controllers.LikeAPIController.GetLikesCount (api) in 11.2747ms
2024-11-30 18:35:59.824 +01:00 [INF] Executing OkObjectResult, writing value of type 'System.Int32'.
2024-11-30 18:35:59.824 +01:00 [INF] Executed endpoint 'friendly.Controllers.LikeAPIController.GetLikesCount (api)'
2024-11-30 18:35:59.824 +01:00 [INF] Request finished HTTP/1.1 GET http://localhost:5062/api/LikeAPI/likes/1 - 200 1 application/json; charset=utf-8 12.1451ms
2024-11-30 18:35:59.824 +01:00 [INF] Executed action friendly.Controllers.LikeAPIController.GetLikesCount (api) in 11.2869ms
2024-11-30 18:35:59.824 +01:00 [INF] Executed action friendly.Controllers.LikeAPIController.GetLikesCount (api) in 11.3914ms
2024-11-30 18:35:59.824 +01:00 [INF] Executed endpoint 'friendly.Controllers.LikeAPIController.GetLikesCount (api)'
2024-11-30 18:35:59.824 +01:00 [INF] Executed endpoint 'friendly.Controllers.LikeAPIController.GetLikesCount (api)'
2024-11-30 18:35:59.825 +01:00 [INF] Request finished HTTP/1.1 GET http://localhost:5062/api/LikeAPI/likes/3 - 200 1 application/json; charset=utf-8 11.8175ms
2024-11-30 18:35:59.825 +01:00 [INF] Request finished HTTP/1.1 GET http://localhost:5062/api/LikeAPI/likes/2 - 200 1 application/json; charset=utf-8 12.1116ms
2024-11-30 18:37:31.363 +01:00 [INF] Request starting HTTP/1.1 GET http://localhost:5062/api/UserAPI/userlist - null null
2024-11-30 18:37:31.363 +01:00 [INF] Request starting HTTP/1.1 GET http://localhost:5062/api/PostAPI/postlist - null null
2024-11-30 18:37:31.363 +01:00 [INF] Request starting HTTP/1.1 GET http://localhost:5062/api/CommentAPI/commentlist - null null
2024-11-30 18:37:31.367 +01:00 [INF] CORS policy execution successful.
2024-11-30 18:37:31.367 +01:00 [INF] CORS policy execution successful.
2024-11-30 18:37:31.367 +01:00 [INF] CORS policy execution successful.
2024-11-30 18:37:31.370 +01:00 [INF] Executing endpoint 'friendly.Controllers.PostAPIController.PostList (api)'
2024-11-30 18:37:31.370 +01:00 [INF] Executing endpoint 'friendly.Controllers.CommentAPIController.CommentList (api)'
2024-11-30 18:37:31.370 +01:00 [INF] Executing endpoint 'friendly.Controllers.UserAPIController.UserList (api)'
2024-11-30 18:37:31.371 +01:00 [INF] Route matched with {action = "CommentList", controller = "CommentAPI"}. Executing controller action with signature System.Threading.Tasks.Task`1[Microsoft.AspNetCore.Mvc.IActionResult] CommentList() on controller friendly.Controllers.CommentAPIController (api).
2024-11-30 18:37:31.371 +01:00 [INF] Route matched with {action = "UserList", controller = "UserAPI"}. Executing controller action with signature System.Threading.Tasks.Task`1[Microsoft.AspNetCore.Mvc.IActionResult] UserList() on controller friendly.Controllers.UserAPIController (api).
2024-11-30 18:37:31.371 +01:00 [INF] Route matched with {action = "PostList", controller = "PostAPI"}. Executing controller action with signature System.Threading.Tasks.Task`1[Microsoft.AspNetCore.Mvc.IActionResult] PostList() on controller friendly.Controllers.PostAPIController (api).
2024-11-30 18:37:31.375 +01:00 [INF] Executing OkObjectResult, writing value of type 'System.Linq.Enumerable+SelectListIterator`2[[friendly.Models.Comment, api, Version=0.0.0.0, Culture=neutral, PublicKeyToken=null],[friendly.DTOs.CommentDto, api, Version=0.0.0.0, Culture=neutral, PublicKeyToken=null]]'.
2024-11-30 18:37:31.375 +01:00 [INF] Executing OkObjectResult, writing value of type 'System.Linq.Enumerable+SelectListIterator`2[[friendly.Models.Post, api, Version=0.0.0.0, Culture=neutral, PublicKeyToken=null],[friendly.DTOs.PostDto, api, Version=0.0.0.0, Culture=neutral, PublicKeyToken=null]]'.
2024-11-30 18:37:31.375 +01:00 [INF] Executing OkObjectResult, writing value of type 'System.Linq.Enumerable+SelectListIterator`2[[friendly.Models.User, api, Version=0.0.0.0, Culture=neutral, PublicKeyToken=null],[friendly.DTOs.UserDto, api, Version=0.0.0.0, Culture=neutral, PublicKeyToken=null]]'.
2024-11-30 18:37:31.376 +01:00 [INF] Executed action friendly.Controllers.CommentAPIController.CommentList (api) in 4.7542ms
2024-11-30 18:37:31.376 +01:00 [INF] Executed action friendly.Controllers.UserAPIController.UserList (api) in 4.771ms
2024-11-30 18:37:31.376 +01:00 [INF] Executed endpoint 'friendly.Controllers.UserAPIController.UserList (api)'
2024-11-30 18:37:31.376 +01:00 [INF] Executed action friendly.Controllers.PostAPIController.PostList (api) in 4.7444ms
2024-11-30 18:37:31.376 +01:00 [INF] Executed endpoint 'friendly.Controllers.CommentAPIController.CommentList (api)'
2024-11-30 18:37:31.376 +01:00 [INF] Executed endpoint 'friendly.Controllers.PostAPIController.PostList (api)'
2024-11-30 18:37:31.376 +01:00 [INF] Request finished HTTP/1.1 GET http://localhost:5062/api/UserAPI/userlist - 200 1221 application/json; charset=utf-8 13.2859ms
2024-11-30 18:37:31.376 +01:00 [INF] Request finished HTTP/1.1 GET http://localhost:5062/api/CommentAPI/commentlist - 200 441 application/json; charset=utf-8 13.3392ms
2024-11-30 18:37:31.376 +01:00 [INF] Request finished HTTP/1.1 GET http://localhost:5062/api/PostAPI/postlist - 200 494 application/json; charset=utf-8 13.408ms
2024-11-30 18:37:31.381 +01:00 [INF] Request starting HTTP/1.1 GET http://localhost:5062/api/LikeAPI/likes/1 - null null
2024-11-30 18:37:31.382 +01:00 [INF] Request starting HTTP/1.1 GET http://localhost:5062/api/LikeAPI/likes/2 - null null
2024-11-30 18:37:31.382 +01:00 [INF] CORS policy execution successful.
2024-11-30 18:37:31.382 +01:00 [INF] CORS policy execution successful.
2024-11-30 18:37:31.382 +01:00 [INF] Executing endpoint 'friendly.Controllers.LikeAPIController.GetLikesCount (api)'
2024-11-30 18:37:31.382 +01:00 [INF] Executing endpoint 'friendly.Controllers.LikeAPIController.GetLikesCount (api)'
2024-11-30 18:37:31.382 +01:00 [INF] Route matched with {action = "GetLikesCount", controller = "LikeAPI"}. Executing controller action with signature System.Threading.Tasks.Task`1[Microsoft.AspNetCore.Mvc.IActionResult] GetLikesCount(Int32) on controller friendly.Controllers.LikeAPIController (api).
2024-11-30 18:37:31.382 +01:00 [INF] Route matched with {action = "GetLikesCount", controller = "LikeAPI"}. Executing controller action with signature System.Threading.Tasks.Task`1[Microsoft.AspNetCore.Mvc.IActionResult] GetLikesCount(Int32) on controller friendly.Controllers.LikeAPIController (api).
2024-11-30 18:37:31.382 +01:00 [INF] Request starting HTTP/1.1 GET http://localhost:5062/api/LikeAPI/likes/3 - null null
2024-11-30 18:37:31.382 +01:00 [INF] CORS policy execution successful.
2024-11-30 18:37:31.382 +01:00 [INF] Executing endpoint 'friendly.Controllers.LikeAPIController.GetLikesCount (api)'
2024-11-30 18:37:31.382 +01:00 [INF] Route matched with {action = "GetLikesCount", controller = "LikeAPI"}. Executing controller action with signature System.Threading.Tasks.Task`1[Microsoft.AspNetCore.Mvc.IActionResult] GetLikesCount(Int32) on controller friendly.Controllers.LikeAPIController (api).
2024-11-30 18:37:31.384 +01:00 [INF] Like count retrieved successfully for PostId: 3, Count: 0
2024-11-30 18:37:31.384 +01:00 [INF] Like count retrieved successfully for PostId: 2, Count: 1
2024-11-30 18:37:31.384 +01:00 [INF] Like count retrieved successfully for PostId: 1, Count: 1
2024-11-30 18:37:31.384 +01:00 [INF] Executing OkObjectResult, writing value of type 'System.Int32'.
2024-11-30 18:37:31.384 +01:00 [INF] Executing OkObjectResult, writing value of type 'System.Int32'.
2024-11-30 18:37:31.384 +01:00 [INF] Executing OkObjectResult, writing value of type 'System.Int32'.
2024-11-30 18:37:31.384 +01:00 [INF] Executed action friendly.Controllers.LikeAPIController.GetLikesCount (api) in 1.6176ms
2024-11-30 18:37:31.384 +01:00 [INF] Executed endpoint 'friendly.Controllers.LikeAPIController.GetLikesCount (api)'
2024-11-30 18:37:31.384 +01:00 [INF] Executed action friendly.Controllers.LikeAPIController.GetLikesCount (api) in 1.5065ms
2024-11-30 18:37:31.384 +01:00 [INF] Request finished HTTP/1.1 GET http://localhost:5062/api/LikeAPI/likes/2 - 200 1 application/json; charset=utf-8 2.2906ms
2024-11-30 18:37:31.384 +01:00 [INF] Executed action friendly.Controllers.LikeAPIController.GetLikesCount (api) in 1.7448ms
2024-11-30 18:37:31.384 +01:00 [INF] Executed endpoint 'friendly.Controllers.LikeAPIController.GetLikesCount (api)'
2024-11-30 18:37:31.384 +01:00 [INF] Executed endpoint 'friendly.Controllers.LikeAPIController.GetLikesCount (api)'
2024-11-30 18:37:31.384 +01:00 [INF] Request finished HTTP/1.1 GET http://localhost:5062/api/LikeAPI/likes/3 - 200 1 application/json; charset=utf-8 1.7417ms
2024-11-30 18:37:31.384 +01:00 [INF] Request finished HTTP/1.1 GET http://localhost:5062/api/LikeAPI/likes/1 - 200 1 application/json; charset=utf-8 2.4991ms
2024-11-30 18:43:03.880 +01:00 [INF] Request starting HTTP/1.1 GET http://localhost:5062/api/CommentAPI/commentlist - null null
2024-11-30 18:43:03.880 +01:00 [INF] Request starting HTTP/1.1 GET http://localhost:5062/api/UserAPI/userlist - null null
2024-11-30 18:43:03.880 +01:00 [INF] Request starting HTTP/1.1 GET http://localhost:5062/api/PostAPI/postlist - null null
2024-11-30 18:43:03.882 +01:00 [INF] CORS policy execution successful.
2024-11-30 18:43:03.882 +01:00 [INF] CORS policy execution successful.
2024-11-30 18:43:03.882 +01:00 [INF] CORS policy execution successful.
2024-11-30 18:43:03.883 +01:00 [INF] Executing endpoint 'friendly.Controllers.PostAPIController.PostList (api)'
2024-11-30 18:43:03.883 +01:00 [INF] Executing endpoint 'friendly.Controllers.UserAPIController.UserList (api)'
2024-11-30 18:43:03.883 +01:00 [INF] Executing endpoint 'friendly.Controllers.CommentAPIController.CommentList (api)'
2024-11-30 18:43:03.884 +01:00 [INF] Route matched with {action = "PostList", controller = "PostAPI"}. Executing controller action with signature System.Threading.Tasks.Task`1[Microsoft.AspNetCore.Mvc.IActionResult] PostList() on controller friendly.Controllers.PostAPIController (api).
2024-11-30 18:43:03.884 +01:00 [INF] Route matched with {action = "CommentList", controller = "CommentAPI"}. Executing controller action with signature System.Threading.Tasks.Task`1[Microsoft.AspNetCore.Mvc.IActionResult] CommentList() on controller friendly.Controllers.CommentAPIController (api).
2024-11-30 18:43:03.884 +01:00 [INF] Route matched with {action = "UserList", controller = "UserAPI"}. Executing controller action with signature System.Threading.Tasks.Task`1[Microsoft.AspNetCore.Mvc.IActionResult] UserList() on controller friendly.Controllers.UserAPIController (api).
2024-11-30 18:43:03.892 +01:00 [INF] Executing OkObjectResult, writing value of type 'System.Linq.Enumerable+SelectListIterator`2[[friendly.Models.User, api, Version=0.0.0.0, Culture=neutral, PublicKeyToken=null],[friendly.DTOs.UserDto, api, Version=0.0.0.0, Culture=neutral, PublicKeyToken=null]]'.
2024-11-30 18:43:03.892 +01:00 [INF] Executing OkObjectResult, writing value of type 'System.Linq.Enumerable+SelectListIterator`2[[friendly.Models.Comment, api, Version=0.0.0.0, Culture=neutral, PublicKeyToken=null],[friendly.DTOs.CommentDto, api, Version=0.0.0.0, Culture=neutral, PublicKeyToken=null]]'.
2024-11-30 18:43:03.892 +01:00 [INF] Executing OkObjectResult, writing value of type 'System.Linq.Enumerable+SelectListIterator`2[[friendly.Models.Post, api, Version=0.0.0.0, Culture=neutral, PublicKeyToken=null],[friendly.DTOs.PostDto, api, Version=0.0.0.0, Culture=neutral, PublicKeyToken=null]]'.
2024-11-30 18:43:03.893 +01:00 [INF] Executed action friendly.Controllers.CommentAPIController.CommentList (api) in 9.1251ms
2024-11-30 18:43:03.893 +01:00 [INF] Executed action friendly.Controllers.UserAPIController.UserList (api) in 9.0994ms
2024-11-30 18:43:03.893 +01:00 [INF] Executed endpoint 'friendly.Controllers.UserAPIController.UserList (api)'
2024-11-30 18:43:03.893 +01:00 [INF] Executed endpoint 'friendly.Controllers.CommentAPIController.CommentList (api)'
2024-11-30 18:43:03.893 +01:00 [INF] Executed action friendly.Controllers.PostAPIController.PostList (api) in 9.1552ms
2024-11-30 18:43:03.893 +01:00 [INF] Executed endpoint 'friendly.Controllers.PostAPIController.PostList (api)'
2024-11-30 18:43:03.893 +01:00 [INF] Request finished HTTP/1.1 GET http://localhost:5062/api/UserAPI/userlist - 200 1221 application/json; charset=utf-8 12.9486ms
2024-11-30 18:43:03.893 +01:00 [INF] Request finished HTTP/1.1 GET http://localhost:5062/api/CommentAPI/commentlist - 200 441 application/json; charset=utf-8 12.9497ms
2024-11-30 18:43:03.893 +01:00 [INF] Request finished HTTP/1.1 GET http://localhost:5062/api/PostAPI/postlist - 200 494 application/json; charset=utf-8 12.998ms
2024-11-30 18:43:03.898 +01:00 [INF] Request starting HTTP/1.1 GET http://localhost:5062/api/LikeAPI/likes/1 - null null
2024-11-30 18:43:03.898 +01:00 [INF] Request starting HTTP/1.1 GET http://localhost:5062/api/LikeAPI/likes/2 - null null
2024-11-30 18:43:03.899 +01:00 [INF] CORS policy execution successful.
2024-11-30 18:43:03.899 +01:00 [INF] CORS policy execution successful.
2024-11-30 18:43:03.899 +01:00 [INF] Executing endpoint 'friendly.Controllers.LikeAPIController.GetLikesCount (api)'
2024-11-30 18:43:03.899 +01:00 [INF] Route matched with {action = "GetLikesCount", controller = "LikeAPI"}. Executing controller action with signature System.Threading.Tasks.Task`1[Microsoft.AspNetCore.Mvc.IActionResult] GetLikesCount(Int32) on controller friendly.Controllers.LikeAPIController (api).
2024-11-30 18:43:03.899 +01:00 [INF] Request starting HTTP/1.1 GET http://localhost:5062/api/LikeAPI/likes/3 - null null
2024-11-30 18:43:03.899 +01:00 [INF] Executing endpoint 'friendly.Controllers.LikeAPIController.GetLikesCount (api)'
2024-11-30 18:43:03.899 +01:00 [INF] CORS policy execution successful.
2024-11-30 18:43:03.899 +01:00 [INF] Route matched with {action = "GetLikesCount", controller = "LikeAPI"}. Executing controller action with signature System.Threading.Tasks.Task`1[Microsoft.AspNetCore.Mvc.IActionResult] GetLikesCount(Int32) on controller friendly.Controllers.LikeAPIController (api).
2024-11-30 18:43:03.899 +01:00 [INF] Executing endpoint 'friendly.Controllers.LikeAPIController.GetLikesCount (api)'
2024-11-30 18:43:03.899 +01:00 [INF] Route matched with {action = "GetLikesCount", controller = "LikeAPI"}. Executing controller action with signature System.Threading.Tasks.Task`1[Microsoft.AspNetCore.Mvc.IActionResult] GetLikesCount(Int32) on controller friendly.Controllers.LikeAPIController (api).
2024-11-30 18:43:03.901 +01:00 [INF] Like count retrieved successfully for PostId: 1, Count: 1
2024-11-30 18:43:03.901 +01:00 [INF] Like count retrieved successfully for PostId: 2, Count: 1
2024-11-30 18:43:03.901 +01:00 [INF] Like count retrieved successfully for PostId: 3, Count: 0
2024-11-30 18:43:03.901 +01:00 [INF] Executing OkObjectResult, writing value of type 'System.Int32'.
2024-11-30 18:43:03.901 +01:00 [INF] Executing OkObjectResult, writing value of type 'System.Int32'.
2024-11-30 18:43:03.901 +01:00 [INF] Executing OkObjectResult, writing value of type 'System.Int32'.
2024-11-30 18:43:03.901 +01:00 [INF] Executed action friendly.Controllers.LikeAPIController.GetLikesCount (api) in 1.5077ms
2024-11-30 18:43:03.901 +01:00 [INF] Executed action friendly.Controllers.LikeAPIController.GetLikesCount (api) in 1.6359ms
2024-11-30 18:43:03.901 +01:00 [INF] Executed endpoint 'friendly.Controllers.LikeAPIController.GetLikesCount (api)'
2024-11-30 18:43:03.901 +01:00 [INF] Executed endpoint 'friendly.Controllers.LikeAPIController.GetLikesCount (api)'
2024-11-30 18:43:03.901 +01:00 [INF] Request finished HTTP/1.1 GET http://localhost:5062/api/LikeAPI/likes/1 - 200 1 application/json; charset=utf-8 2.5362ms
2024-11-30 18:43:03.901 +01:00 [INF] Request finished HTTP/1.1 GET http://localhost:5062/api/LikeAPI/likes/2 - 200 1 application/json; charset=utf-8 2.3555ms
2024-11-30 18:43:03.901 +01:00 [INF] Executed action friendly.Controllers.LikeAPIController.GetLikesCount (api) in 1.3843ms
2024-11-30 18:43:03.901 +01:00 [INF] Executed endpoint 'friendly.Controllers.LikeAPIController.GetLikesCount (api)'
2024-11-30 18:43:03.901 +01:00 [INF] Request finished HTTP/1.1 GET http://localhost:5062/api/LikeAPI/likes/3 - 200 1 application/json; charset=utf-8 2.0542ms
