2024-11-29 16:20:56.811 +01:00 [INF] User profile is available. Using '/Users/axel/.aspnet/DataProtection-Keys' as key repository; keys will not be encrypted at rest.
2024-11-29 16:20:57.921 +01:00 [INF] Now listening on: https://localhost:7046
2024-11-29 16:20:57.921 +01:00 [INF] Now listening on: http://localhost:5062
2024-11-29 16:20:57.922 +01:00 [INF] Application started. Press Ctrl+C to shut down.
2024-11-29 16:20:57.922 +01:00 [INF] Hosting environment: Development
2024-11-29 16:20:57.922 +01:00 [INF] Content root path: /Users/axel/Documents/Skole/TestFriendly/api
2024-11-29 16:21:01.421 +01:00 [INF] Request starting HTTP/1.1 GET http://localhost:5062/swagger/index.html - null null
2024-11-29 16:21:01.465 +01:00 [INF] Request finished HTTP/1.1 GET http://localhost:5062/swagger/index.html - 200 null text/html;charset=utf-8 45.1055ms
2024-11-29 16:21:01.639 +01:00 [INF] Request starting HTTP/1.1 GET http://localhost:5062/swagger/v1/swagger.json - null null
2024-11-29 16:21:01.674 +01:00 [INF] Request finished HTTP/1.1 GET http://localhost:5062/swagger/v1/swagger.json - 200 null application/json;charset=utf-8 35.192ms
2024-11-29 16:21:06.465 +01:00 [INF] Request starting HTTP/1.1 POST http://localhost:5062/api/CommentAPI/create - application/json-patch+json 111
2024-11-29 16:21:06.501 +01:00 [INF] CORS policy execution successful.
2024-11-29 16:21:06.512 +01:00 [INF] Authorization failed. These requirements were not met:
DenyAnonymousAuthorizationRequirement: Requires an authenticated user.
2024-11-29 16:21:06.513 +01:00 [INF] AuthenticationScheme: Identity.Application was challenged.
2024-11-29 16:21:06.514 +01:00 [INF] Request finished HTTP/1.1 POST http://localhost:5062/api/CommentAPI/create - 302 0 null 49.0359ms
2024-11-29 16:21:06.516 +01:00 [INF] Request starting HTTP/1.1 GET http://localhost:5062/Identity/Account/Login?ReturnUrl=%2Fapi%2FCommentAPI%2Fcreate - null null
2024-11-29 16:21:06.518 +01:00 [INF] CORS policy execution successful.
2024-11-29 16:21:06.520 +01:00 [INF] Request finished HTTP/1.1 GET http://localhost:5062/Identity/Account/Login?ReturnUrl=%2Fapi%2FCommentAPI%2Fcreate - 404 0 null 3.4938ms
2024-11-29 16:21:06.521 +01:00 [INF] Request reached the end of the middleware pipeline without being handled by application code. Request path: GET http://localhost:5062/Identity/Account/Login, Response status code: 404
2024-11-29 16:22:56.389 +01:00 [INF] Request starting HTTP/1.1 GET http://localhost:5062/api/UserAPI/userlist - null null
2024-11-29 16:22:56.389 +01:00 [INF] Request starting HTTP/1.1 GET http://localhost:5062/api/CommentAPI/commentlist - null null
2024-11-29 16:22:56.390 +01:00 [INF] Request starting HTTP/1.1 GET http://localhost:5062/api/PostAPI/postlist - null null
2024-11-29 16:22:56.396 +01:00 [INF] CORS policy execution successful.
2024-11-29 16:22:56.396 +01:00 [INF] CORS policy execution successful.
2024-11-29 16:22:56.397 +01:00 [INF] CORS policy execution successful.
2024-11-29 16:22:56.403 +01:00 [INF] Executing endpoint 'friendly.Controllers.PostAPIController.PostList (api)'
2024-11-29 16:22:56.403 +01:00 [INF] Executing endpoint 'friendly.Controllers.UserAPIController.UserList (api)'
2024-11-29 16:22:56.403 +01:00 [INF] Executing endpoint 'friendly.Controllers.CommentAPIController.CommentList (api)'
2024-11-29 16:22:56.417 +01:00 [INF] Route matched with {action = "UserList", controller = "UserAPI"}. Executing controller action with signature System.Threading.Tasks.Task`1[Microsoft.AspNetCore.Mvc.IActionResult] UserList() on controller friendly.Controllers.UserAPIController (api).
2024-11-29 16:22:56.417 +01:00 [INF] Route matched with {action = "PostList", controller = "PostAPI"}. Executing controller action with signature System.Threading.Tasks.Task`1[Microsoft.AspNetCore.Mvc.IActionResult] PostList() on controller friendly.Controllers.PostAPIController (api).
2024-11-29 16:22:56.417 +01:00 [INF] Route matched with {action = "CommentList", controller = "CommentAPI"}. Executing controller action with signature System.Threading.Tasks.Task`1[Microsoft.AspNetCore.Mvc.IActionResult] CommentList() on controller friendly.Controllers.CommentAPIController (api).
2024-11-29 16:22:56.464 +01:00 [INF] Executing OkObjectResult, writing value of type 'System.Linq.Enumerable+SelectListIterator`2[[friendly.Models.Comment, api, Version=0.0.0.0, Culture=neutral, PublicKeyToken=null],[friendly.DTOs.CommentDto, api, Version=0.0.0.0, Culture=neutral, PublicKeyToken=null]]'.
2024-11-29 16:22:56.464 +01:00 [INF] Executing OkObjectResult, writing value of type 'System.Linq.Enumerable+SelectListIterator`2[[friendly.Models.Post, api, Version=0.0.0.0, Culture=neutral, PublicKeyToken=null],[friendly.DTOs.PostDto, api, Version=0.0.0.0, Culture=neutral, PublicKeyToken=null]]'.
2024-11-29 16:22:56.464 +01:00 [INF] Executing OkObjectResult, writing value of type 'System.Linq.Enumerable+SelectListIterator`2[[friendly.Models.User, api, Version=0.0.0.0, Culture=neutral, PublicKeyToken=null],[friendly.DTOs.UserDto, api, Version=0.0.0.0, Culture=neutral, PublicKeyToken=null]]'.
2024-11-29 16:22:56.504 +01:00 [INF] Executed action friendly.Controllers.PostAPIController.PostList (api) in 84.5055ms
2024-11-29 16:22:56.504 +01:00 [INF] Executed action friendly.Controllers.CommentAPIController.CommentList (api) in 84.5341ms
2024-11-29 16:22:56.504 +01:00 [INF] Executed action friendly.Controllers.UserAPIController.UserList (api) in 84.5095ms
2024-11-29 16:22:56.504 +01:00 [INF] Executed endpoint 'friendly.Controllers.PostAPIController.PostList (api)'
2024-11-29 16:22:56.504 +01:00 [INF] Executed endpoint 'friendly.Controllers.CommentAPIController.CommentList (api)'
2024-11-29 16:22:56.504 +01:00 [INF] Executed endpoint 'friendly.Controllers.UserAPIController.UserList (api)'
2024-11-29 16:22:56.506 +01:00 [INF] Request finished HTTP/1.1 GET http://localhost:5062/api/PostAPI/postlist - 200 494 application/json; charset=utf-8 118.4047ms
2024-11-29 16:22:56.506 +01:00 [INF] Request finished HTTP/1.1 GET http://localhost:5062/api/CommentAPI/commentlist - 200 441 application/json; charset=utf-8 118.4029ms
2024-11-29 16:22:56.506 +01:00 [INF] Request finished HTTP/1.1 GET http://localhost:5062/api/UserAPI/userlist - 200 979 application/json; charset=utf-8 118.4026ms
2024-11-29 16:23:51.121 +01:00 [INF] Request starting HTTP/1.1 GET http://localhost:5062/api/PostAPI/postlist - null null
2024-11-29 16:23:51.121 +01:00 [INF] Request starting HTTP/1.1 GET http://localhost:5062/api/UserAPI/userlist - null null
2024-11-29 16:23:51.121 +01:00 [INF] Request starting HTTP/1.1 GET http://localhost:5062/api/CommentAPI/commentlist - null null
2024-11-29 16:23:51.123 +01:00 [INF] CORS policy execution successful.
2024-11-29 16:23:51.123 +01:00 [INF] CORS policy execution successful.
2024-11-29 16:23:51.123 +01:00 [INF] CORS policy execution successful.
2024-11-29 16:23:51.124 +01:00 [INF] Executing endpoint 'friendly.Controllers.PostAPIController.PostList (api)'
2024-11-29 16:23:51.124 +01:00 [INF] Executing endpoint 'friendly.Controllers.CommentAPIController.CommentList (api)'
2024-11-29 16:23:51.124 +01:00 [INF] Executing endpoint 'friendly.Controllers.UserAPIController.UserList (api)'
2024-11-29 16:23:51.125 +01:00 [INF] Route matched with {action = "CommentList", controller = "CommentAPI"}. Executing controller action with signature System.Threading.Tasks.Task`1[Microsoft.AspNetCore.Mvc.IActionResult] CommentList() on controller friendly.Controllers.CommentAPIController (api).
2024-11-29 16:23:51.125 +01:00 [INF] Route matched with {action = "PostList", controller = "PostAPI"}. Executing controller action with signature System.Threading.Tasks.Task`1[Microsoft.AspNetCore.Mvc.IActionResult] PostList() on controller friendly.Controllers.PostAPIController (api).
2024-11-29 16:23:51.125 +01:00 [INF] Route matched with {action = "UserList", controller = "UserAPI"}. Executing controller action with signature System.Threading.Tasks.Task`1[Microsoft.AspNetCore.Mvc.IActionResult] UserList() on controller friendly.Controllers.UserAPIController (api).
2024-11-29 16:23:51.149 +01:00 [INF] Executing OkObjectResult, writing value of type 'System.Linq.Enumerable+SelectListIterator`2[[friendly.Models.Comment, api, Version=0.0.0.0, Culture=neutral, PublicKeyToken=null],[friendly.DTOs.CommentDto, api, Version=0.0.0.0, Culture=neutral, PublicKeyToken=null]]'.
2024-11-29 16:23:51.149 +01:00 [INF] Executing OkObjectResult, writing value of type 'System.Linq.Enumerable+SelectListIterator`2[[friendly.Models.Post, api, Version=0.0.0.0, Culture=neutral, PublicKeyToken=null],[friendly.DTOs.PostDto, api, Version=0.0.0.0, Culture=neutral, PublicKeyToken=null]]'.
2024-11-29 16:23:51.149 +01:00 [INF] Executing OkObjectResult, writing value of type 'System.Linq.Enumerable+SelectListIterator`2[[friendly.Models.User, api, Version=0.0.0.0, Culture=neutral, PublicKeyToken=null],[friendly.DTOs.UserDto, api, Version=0.0.0.0, Culture=neutral, PublicKeyToken=null]]'.
2024-11-29 16:23:51.150 +01:00 [INF] Executed action friendly.Controllers.PostAPIController.PostList (api) in 25.1008ms
2024-11-29 16:23:51.150 +01:00 [INF] Executed endpoint 'friendly.Controllers.PostAPIController.PostList (api)'
2024-11-29 16:23:51.150 +01:00 [INF] Executed action friendly.Controllers.UserAPIController.UserList (api) in 25.372ms
2024-11-29 16:23:51.150 +01:00 [INF] Executed action friendly.Controllers.CommentAPIController.CommentList (api) in 25.1415ms
2024-11-29 16:23:51.150 +01:00 [INF] Executed endpoint 'friendly.Controllers.CommentAPIController.CommentList (api)'
2024-11-29 16:23:51.150 +01:00 [INF] Request finished HTTP/1.1 GET http://localhost:5062/api/PostAPI/postlist - 200 494 application/json; charset=utf-8 29.9962ms
2024-11-29 16:23:51.150 +01:00 [INF] Executed endpoint 'friendly.Controllers.UserAPIController.UserList (api)'
2024-11-29 16:23:51.150 +01:00 [INF] Request finished HTTP/1.1 GET http://localhost:5062/api/CommentAPI/commentlist - 200 441 application/json; charset=utf-8 30.1453ms
2024-11-29 16:23:51.151 +01:00 [INF] Request finished HTTP/1.1 GET http://localhost:5062/api/UserAPI/userlist - 200 979 application/json; charset=utf-8 30.2082ms
2024-11-29 16:24:07.194 +01:00 [INF] Request starting HTTP/1.1 GET http://localhost:5062/swagger/index.html - null null
2024-11-29 16:24:07.204 +01:00 [INF] Request finished HTTP/1.1 GET http://localhost:5062/swagger/index.html - 200 null text/html;charset=utf-8 11.2536ms
2024-11-29 16:24:07.342 +01:00 [INF] Request starting HTTP/1.1 GET http://localhost:5062/swagger/v1/swagger.json - null null
2024-11-29 16:24:07.365 +01:00 [INF] Request finished HTTP/1.1 GET http://localhost:5062/swagger/v1/swagger.json - 200 null application/json;charset=utf-8 22.2882ms
2024-11-29 16:24:10.106 +01:00 [INF] Request starting HTTP/1.1 GET http://localhost:5062/api/CommentAPI/commentlist - null null
2024-11-29 16:24:10.109 +01:00 [INF] Executing endpoint 'friendly.Controllers.CommentAPIController.CommentList (api)'
2024-11-29 16:24:10.110 +01:00 [INF] Route matched with {action = "CommentList", controller = "CommentAPI"}. Executing controller action with signature System.Threading.Tasks.Task`1[Microsoft.AspNetCore.Mvc.IActionResult] CommentList() on controller friendly.Controllers.CommentAPIController (api).
2024-11-29 16:24:10.119 +01:00 [INF] Executing OkObjectResult, writing value of type 'System.Linq.Enumerable+SelectListIterator`2[[friendly.Models.Comment, api, Version=0.0.0.0, Culture=neutral, PublicKeyToken=null],[friendly.DTOs.CommentDto, api, Version=0.0.0.0, Culture=neutral, PublicKeyToken=null]]'.
2024-11-29 16:24:10.120 +01:00 [INF] Executed action friendly.Controllers.CommentAPIController.CommentList (api) in 9.4287ms
2024-11-29 16:24:10.120 +01:00 [INF] Executed endpoint 'friendly.Controllers.CommentAPIController.CommentList (api)'
2024-11-29 16:24:10.120 +01:00 [INF] Request finished HTTP/1.1 GET http://localhost:5062/api/CommentAPI/commentlist - 200 441 application/json; charset=utf-8 13.9943ms
2024-11-29 16:31:20.003 +01:00 [INF] Request starting HTTP/1.1 GET http://localhost:5062/api/CommentAPI/commentlist - null null
2024-11-29 16:31:20.003 +01:00 [INF] Request starting HTTP/1.1 GET http://localhost:5062/api/UserAPI/userlist - null null
2024-11-29 16:31:20.003 +01:00 [INF] Request starting HTTP/1.1 GET http://localhost:5062/api/PostAPI/postlist - null null
2024-11-29 16:31:20.005 +01:00 [INF] CORS policy execution successful.
2024-11-29 16:31:20.005 +01:00 [INF] CORS policy execution successful.
2024-11-29 16:31:20.005 +01:00 [INF] CORS policy execution successful.
2024-11-29 16:31:20.008 +01:00 [INF] Executing endpoint 'friendly.Controllers.PostAPIController.PostList (api)'
2024-11-29 16:31:20.008 +01:00 [INF] Executing endpoint 'friendly.Controllers.UserAPIController.UserList (api)'
2024-11-29 16:31:20.008 +01:00 [INF] Executing endpoint 'friendly.Controllers.CommentAPIController.CommentList (api)'
2024-11-29 16:31:20.008 +01:00 [INF] Route matched with {action = "CommentList", controller = "CommentAPI"}. Executing controller action with signature System.Threading.Tasks.Task`1[Microsoft.AspNetCore.Mvc.IActionResult] CommentList() on controller friendly.Controllers.CommentAPIController (api).
2024-11-29 16:31:20.008 +01:00 [INF] Route matched with {action = "UserList", controller = "UserAPI"}. Executing controller action with signature System.Threading.Tasks.Task`1[Microsoft.AspNetCore.Mvc.IActionResult] UserList() on controller friendly.Controllers.UserAPIController (api).
2024-11-29 16:31:20.008 +01:00 [INF] Route matched with {action = "PostList", controller = "PostAPI"}. Executing controller action with signature System.Threading.Tasks.Task`1[Microsoft.AspNetCore.Mvc.IActionResult] PostList() on controller friendly.Controllers.PostAPIController (api).
2024-11-29 16:31:20.019 +01:00 [INF] Executing OkObjectResult, writing value of type 'System.Linq.Enumerable+SelectListIterator`2[[friendly.Models.Comment, api, Version=0.0.0.0, Culture=neutral, PublicKeyToken=null],[friendly.DTOs.CommentDto, api, Version=0.0.0.0, Culture=neutral, PublicKeyToken=null]]'.
2024-11-29 16:31:20.019 +01:00 [INF] Executing OkObjectResult, writing value of type 'System.Linq.Enumerable+SelectListIterator`2[[friendly.Models.User, api, Version=0.0.0.0, Culture=neutral, PublicKeyToken=null],[friendly.DTOs.UserDto, api, Version=0.0.0.0, Culture=neutral, PublicKeyToken=null]]'.
2024-11-29 16:31:20.019 +01:00 [INF] Executing OkObjectResult, writing value of type 'System.Linq.Enumerable+SelectListIterator`2[[friendly.Models.Post, api, Version=0.0.0.0, Culture=neutral, PublicKeyToken=null],[friendly.DTOs.PostDto, api, Version=0.0.0.0, Culture=neutral, PublicKeyToken=null]]'.
2024-11-29 16:31:20.020 +01:00 [INF] Executed action friendly.Controllers.CommentAPIController.CommentList (api) in 11.8125ms
2024-11-29 16:31:20.020 +01:00 [INF] Executed action friendly.Controllers.UserAPIController.UserList (api) in 11.7937ms
2024-11-29 16:31:20.020 +01:00 [INF] Executed endpoint 'friendly.Controllers.CommentAPIController.CommentList (api)'
2024-11-29 16:31:20.020 +01:00 [INF] Executed endpoint 'friendly.Controllers.UserAPIController.UserList (api)'
2024-11-29 16:31:20.020 +01:00 [INF] Executed action friendly.Controllers.PostAPIController.PostList (api) in 11.7781ms
2024-11-29 16:31:20.020 +01:00 [INF] Executed endpoint 'friendly.Controllers.PostAPIController.PostList (api)'
2024-11-29 16:31:20.021 +01:00 [INF] Request finished HTTP/1.1 GET http://localhost:5062/api/PostAPI/postlist - 200 494 application/json; charset=utf-8 17.8117ms
2024-11-29 16:31:20.021 +01:00 [INF] Request finished HTTP/1.1 GET http://localhost:5062/api/CommentAPI/commentlist - 200 441 application/json; charset=utf-8 17.821ms
2024-11-29 16:31:20.021 +01:00 [INF] Request finished HTTP/1.1 GET http://localhost:5062/api/UserAPI/userlist - 200 979 application/json; charset=utf-8 17.8672ms
2024-11-29 16:31:25.626 +01:00 [INF] Request starting HTTP/1.1 OPTIONS http://localhost:5062/api/comment/create - null 0
2024-11-29 16:31:25.628 +01:00 [INF] CORS policy execution successful.
2024-11-29 16:31:25.631 +01:00 [INF] Request finished HTTP/1.1 OPTIONS http://localhost:5062/api/comment/create - 204 null null 5.2332ms
2024-11-29 16:31:25.632 +01:00 [INF] Request starting HTTP/1.1 POST http://localhost:5062/api/comment/create - application/json 44
2024-11-29 16:31:25.632 +01:00 [INF] CORS policy execution successful.
2024-11-29 16:31:25.633 +01:00 [INF] Request finished HTTP/1.1 POST http://localhost:5062/api/comment/create - 404 0 null 1.3847ms
2024-11-29 16:31:25.634 +01:00 [INF] Request reached the end of the middleware pipeline without being handled by application code. Request path: POST http://localhost:5062/api/comment/create, Response status code: 404
2024-11-29 16:31:50.847 +01:00 [INF] Request starting HTTP/1.1 GET http://localhost:5062/api/PostAPI/postlist - null null
2024-11-29 16:31:50.849 +01:00 [INF] CORS policy execution successful.
2024-11-29 16:31:50.850 +01:00 [INF] Request starting HTTP/1.1 GET http://localhost:5062/api/UserAPI/userlist - null null
2024-11-29 16:31:50.851 +01:00 [INF] Request starting HTTP/1.1 GET http://localhost:5062/api/CommentAPI/commentlist - null null
2024-11-29 16:31:50.851 +01:00 [INF] CORS policy execution successful.
2024-11-29 16:31:50.851 +01:00 [INF] CORS policy execution successful.
2024-11-29 16:31:50.851 +01:00 [INF] Executing endpoint 'friendly.Controllers.PostAPIController.PostList (api)'
2024-11-29 16:31:50.851 +01:00 [INF] Executing endpoint 'friendly.Controllers.UserAPIController.UserList (api)'
2024-11-29 16:31:50.851 +01:00 [INF] Executing endpoint 'friendly.Controllers.CommentAPIController.CommentList (api)'
2024-11-29 16:31:50.851 +01:00 [INF] Route matched with {action = "UserList", controller = "UserAPI"}. Executing controller action with signature System.Threading.Tasks.Task`1[Microsoft.AspNetCore.Mvc.IActionResult] UserList() on controller friendly.Controllers.UserAPIController (api).
2024-11-29 16:31:50.851 +01:00 [INF] Route matched with {action = "CommentList", controller = "CommentAPI"}. Executing controller action with signature System.Threading.Tasks.Task`1[Microsoft.AspNetCore.Mvc.IActionResult] CommentList() on controller friendly.Controllers.CommentAPIController (api).
2024-11-29 16:31:50.851 +01:00 [INF] Route matched with {action = "PostList", controller = "PostAPI"}. Executing controller action with signature System.Threading.Tasks.Task`1[Microsoft.AspNetCore.Mvc.IActionResult] PostList() on controller friendly.Controllers.PostAPIController (api).
2024-11-29 16:31:50.854 +01:00 [INF] Executing OkObjectResult, writing value of type 'System.Linq.Enumerable+SelectListIterator`2[[friendly.Models.Post, api, Version=0.0.0.0, Culture=neutral, PublicKeyToken=null],[friendly.DTOs.PostDto, api, Version=0.0.0.0, Culture=neutral, PublicKeyToken=null]]'.
2024-11-29 16:31:50.854 +01:00 [INF] Executing OkObjectResult, writing value of type 'System.Linq.Enumerable+SelectListIterator`2[[friendly.Models.Comment, api, Version=0.0.0.0, Culture=neutral, PublicKeyToken=null],[friendly.DTOs.CommentDto, api, Version=0.0.0.0, Culture=neutral, PublicKeyToken=null]]'.
2024-11-29 16:31:50.854 +01:00 [INF] Executing OkObjectResult, writing value of type 'System.Linq.Enumerable+SelectListIterator`2[[friendly.Models.User, api, Version=0.0.0.0, Culture=neutral, PublicKeyToken=null],[friendly.DTOs.UserDto, api, Version=0.0.0.0, Culture=neutral, PublicKeyToken=null]]'.
2024-11-29 16:31:50.855 +01:00 [INF] Executed action friendly.Controllers.PostAPIController.PostList (api) in 3.6353ms
2024-11-29 16:31:50.855 +01:00 [INF] Executed action friendly.Controllers.UserAPIController.UserList (api) in 3.6935ms
2024-11-29 16:31:50.855 +01:00 [INF] Executed action friendly.Controllers.CommentAPIController.CommentList (api) in 3.6582ms
2024-11-29 16:31:50.855 +01:00 [INF] Executed endpoint 'friendly.Controllers.UserAPIController.UserList (api)'
2024-11-29 16:31:50.855 +01:00 [INF] Executed endpoint 'friendly.Controllers.PostAPIController.PostList (api)'
2024-11-29 16:31:50.855 +01:00 [INF] Executed endpoint 'friendly.Controllers.CommentAPIController.CommentList (api)'
2024-11-29 16:31:50.855 +01:00 [INF] Request finished HTTP/1.1 GET http://localhost:5062/api/UserAPI/userlist - 200 979 application/json; charset=utf-8 4.7612ms
2024-11-29 16:31:50.855 +01:00 [INF] Request finished HTTP/1.1 GET http://localhost:5062/api/PostAPI/postlist - 200 494 application/json; charset=utf-8 8.0382ms
2024-11-29 16:31:50.855 +01:00 [INF] Request finished HTTP/1.1 GET http://localhost:5062/api/CommentAPI/commentlist - 200 441 application/json; charset=utf-8 4.7654ms
2024-11-29 16:31:54.320 +01:00 [INF] Request starting HTTP/1.1 OPTIONS http://localhost:5062/api/comment/create - null 0
2024-11-29 16:31:54.322 +01:00 [INF] CORS policy execution successful.
2024-11-29 16:31:54.323 +01:00 [INF] Request finished HTTP/1.1 OPTIONS http://localhost:5062/api/comment/create - 204 null null 2.2368ms
2024-11-29 16:31:54.324 +01:00 [INF] Request starting HTTP/1.1 POST http://localhost:5062/api/comment/create - application/json 32
2024-11-29 16:31:54.325 +01:00 [INF] CORS policy execution successful.
2024-11-29 16:31:54.325 +01:00 [INF] Request finished HTTP/1.1 POST http://localhost:5062/api/comment/create - 404 0 null 0.9199ms
2024-11-29 16:31:54.325 +01:00 [INF] Request reached the end of the middleware pipeline without being handled by application code. Request path: POST http://localhost:5062/api/comment/create, Response status code: 404
2024-11-29 16:34:53.423 +01:00 [INF] Request starting HTTP/1.1 GET http://localhost:5062/api/PostAPI/postlist - null null
2024-11-29 16:34:53.423 +01:00 [INF] Request starting HTTP/1.1 GET http://localhost:5062/api/UserAPI/userlist - null null
2024-11-29 16:34:53.423 +01:00 [INF] Request starting HTTP/1.1 GET http://localhost:5062/api/CommentAPI/commentlist - null null
2024-11-29 16:34:53.424 +01:00 [INF] CORS policy execution successful.
2024-11-29 16:34:53.424 +01:00 [INF] CORS policy execution successful.
2024-11-29 16:34:53.424 +01:00 [INF] CORS policy execution successful.
2024-11-29 16:34:53.426 +01:00 [INF] Executing endpoint 'friendly.Controllers.PostAPIController.PostList (api)'
2024-11-29 16:34:53.426 +01:00 [INF] Executing endpoint 'friendly.Controllers.UserAPIController.UserList (api)'
2024-11-29 16:34:53.426 +01:00 [INF] Executing endpoint 'friendly.Controllers.CommentAPIController.CommentList (api)'
2024-11-29 16:34:53.426 +01:00 [INF] Route matched with {action = "UserList", controller = "UserAPI"}. Executing controller action with signature System.Threading.Tasks.Task`1[Microsoft.AspNetCore.Mvc.IActionResult] UserList() on controller friendly.Controllers.UserAPIController (api).
2024-11-29 16:34:53.426 +01:00 [INF] Route matched with {action = "PostList", controller = "PostAPI"}. Executing controller action with signature System.Threading.Tasks.Task`1[Microsoft.AspNetCore.Mvc.IActionResult] PostList() on controller friendly.Controllers.PostAPIController (api).
2024-11-29 16:34:53.426 +01:00 [INF] Route matched with {action = "CommentList", controller = "CommentAPI"}. Executing controller action with signature System.Threading.Tasks.Task`1[Microsoft.AspNetCore.Mvc.IActionResult] CommentList() on controller friendly.Controllers.CommentAPIController (api).
2024-11-29 16:34:53.431 +01:00 [INF] Executing OkObjectResult, writing value of type 'System.Linq.Enumerable+SelectListIterator`2[[friendly.Models.Comment, api, Version=0.0.0.0, Culture=neutral, PublicKeyToken=null],[friendly.DTOs.CommentDto, api, Version=0.0.0.0, Culture=neutral, PublicKeyToken=null]]'.
2024-11-29 16:34:53.431 +01:00 [INF] Executing OkObjectResult, writing value of type 'System.Linq.Enumerable+SelectListIterator`2[[friendly.Models.User, api, Version=0.0.0.0, Culture=neutral, PublicKeyToken=null],[friendly.DTOs.UserDto, api, Version=0.0.0.0, Culture=neutral, PublicKeyToken=null]]'.
2024-11-29 16:34:53.431 +01:00 [INF] Executing OkObjectResult, writing value of type 'System.Linq.Enumerable+SelectListIterator`2[[friendly.Models.Post, api, Version=0.0.0.0, Culture=neutral, PublicKeyToken=null],[friendly.DTOs.PostDto, api, Version=0.0.0.0, Culture=neutral, PublicKeyToken=null]]'.
2024-11-29 16:34:53.431 +01:00 [INF] Executed action friendly.Controllers.CommentAPIController.CommentList (api) in 5.0209ms
2024-11-29 16:34:53.431 +01:00 [INF] Executed action friendly.Controllers.PostAPIController.PostList (api) in 5.031ms
2024-11-29 16:34:53.431 +01:00 [INF] Executed endpoint 'friendly.Controllers.CommentAPIController.CommentList (api)'
2024-11-29 16:34:53.431 +01:00 [INF] Executed endpoint 'friendly.Controllers.PostAPIController.PostList (api)'
2024-11-29 16:34:53.431 +01:00 [INF] Executed action friendly.Controllers.UserAPIController.UserList (api) in 5.0543ms
2024-11-29 16:34:53.431 +01:00 [INF] Executed endpoint 'friendly.Controllers.UserAPIController.UserList (api)'
2024-11-29 16:34:53.431 +01:00 [INF] Request finished HTTP/1.1 GET http://localhost:5062/api/PostAPI/postlist - 200 494 application/json; charset=utf-8 8.233ms
2024-11-29 16:34:53.431 +01:00 [INF] Request finished HTTP/1.1 GET http://localhost:5062/api/UserAPI/userlist - 200 979 application/json; charset=utf-8 8.3226ms
2024-11-29 16:34:53.431 +01:00 [INF] Request finished HTTP/1.1 GET http://localhost:5062/api/CommentAPI/commentlist - 200 441 application/json; charset=utf-8 8.2469ms
2024-11-29 16:34:58.024 +01:00 [INF] Request starting HTTP/1.1 OPTIONS http://localhost:5062/api/comment/create - null 0
2024-11-29 16:34:58.025 +01:00 [INF] CORS policy execution successful.
2024-11-29 16:34:58.025 +01:00 [INF] Request finished HTTP/1.1 OPTIONS http://localhost:5062/api/comment/create - 204 null null 1.0754ms
2024-11-29 16:34:58.027 +01:00 [INF] Request starting HTTP/1.1 POST http://localhost:5062/api/comment/create - application/json 85
2024-11-29 16:34:58.027 +01:00 [INF] CORS policy execution successful.
2024-11-29 16:34:58.028 +01:00 [INF] Request finished HTTP/1.1 POST http://localhost:5062/api/comment/create - 404 0 null 1.2448ms
2024-11-29 16:34:58.028 +01:00 [INF] Request reached the end of the middleware pipeline without being handled by application code. Request path: POST http://localhost:5062/api/comment/create, Response status code: 404
