2024-12-01 19:25:42.236 +01:00 [INF] User profile is available. Using '/Users/axel/.aspnet/DataProtection-Keys' as key repository; keys will not be encrypted at rest.
2024-12-01 19:25:43.453 +01:00 [INF] Now listening on: https://localhost:7046
2024-12-01 19:25:43.453 +01:00 [INF] Now listening on: http://localhost:5062
2024-12-01 19:25:43.454 +01:00 [INF] Application started. Press Ctrl+C to shut down.
2024-12-01 19:25:43.455 +01:00 [INF] Hosting environment: Development
2024-12-01 19:25:43.455 +01:00 [INF] Content root path: /Users/axel/Documents/Skole/TestFriendly/api
2024-12-01 19:25:57.557 +01:00 [INF] Request starting HTTP/1.1 GET http://localhost:5062/api/PostAPI/postlist - null null
2024-12-01 19:25:57.557 +01:00 [INF] Request starting HTTP/1.1 GET http://localhost:5062/api/CommentAPI/commentlist - null null
2024-12-01 19:25:57.557 +01:00 [INF] Request starting HTTP/1.1 GET http://localhost:5062/api/UserAPI/userlist - null null
2024-12-01 19:25:57.586 +01:00 [INF] CORS policy execution successful.
2024-12-01 19:25:57.586 +01:00 [INF] CORS policy execution successful.
2024-12-01 19:25:57.586 +01:00 [INF] CORS policy execution successful.
2024-12-01 19:25:57.596 +01:00 [INF] Executing endpoint 'friendly.Controllers.UserAPIController.UserList (api)'
2024-12-01 19:25:57.596 +01:00 [INF] Executing endpoint 'friendly.Controllers.PostAPIController.PostList (api)'
2024-12-01 19:25:57.596 +01:00 [INF] Executing endpoint 'friendly.Controllers.CommentAPIController.CommentList (api)'
2024-12-01 19:25:57.606 +01:00 [INF] Route matched with {action = "PostList", controller = "PostAPI"}. Executing controller action with signature System.Threading.Tasks.Task`1[Microsoft.AspNetCore.Mvc.IActionResult] PostList() on controller friendly.Controllers.PostAPIController (api).
2024-12-01 19:25:57.606 +01:00 [INF] Route matched with {action = "UserList", controller = "UserAPI"}. Executing controller action with signature System.Threading.Tasks.Task`1[Microsoft.AspNetCore.Mvc.IActionResult] UserList() on controller friendly.Controllers.UserAPIController (api).
2024-12-01 19:25:57.606 +01:00 [INF] Route matched with {action = "CommentList", controller = "CommentAPI"}. Executing controller action with signature System.Threading.Tasks.Task`1[Microsoft.AspNetCore.Mvc.IActionResult] CommentList() on controller friendly.Controllers.CommentAPIController (api).
2024-12-01 19:25:57.639 +01:00 [INF] Executing OkObjectResult, writing value of type 'System.Linq.Enumerable+SelectListIterator`2[[friendly.Models.Post, api, Version=0.0.0.0, Culture=neutral, PublicKeyToken=null],[friendly.DTOs.PostDto, api, Version=0.0.0.0, Culture=neutral, PublicKeyToken=null]]'.
2024-12-01 19:25:57.639 +01:00 [INF] Executing OkObjectResult, writing value of type 'System.Linq.Enumerable+SelectListIterator`2[[friendly.Models.User, api, Version=0.0.0.0, Culture=neutral, PublicKeyToken=null],[friendly.DTOs.UserDto, api, Version=0.0.0.0, Culture=neutral, PublicKeyToken=null]]'.
2024-12-01 19:25:57.639 +01:00 [INF] Executing OkObjectResult, writing value of type 'System.Linq.Enumerable+SelectListIterator`2[[friendly.Models.Comment, api, Version=0.0.0.0, Culture=neutral, PublicKeyToken=null],[friendly.DTOs.CommentDto, api, Version=0.0.0.0, Culture=neutral, PublicKeyToken=null]]'.
2024-12-01 19:25:57.688 +01:00 [INF] Executed action friendly.Controllers.PostAPIController.PostList (api) in 80.7474ms
2024-12-01 19:25:57.688 +01:00 [INF] Executed action friendly.Controllers.UserAPIController.UserList (api) in 80.7277ms
2024-12-01 19:25:57.688 +01:00 [INF] Executed action friendly.Controllers.CommentAPIController.CommentList (api) in 80.6792ms
2024-12-01 19:25:57.689 +01:00 [INF] Executed endpoint 'friendly.Controllers.UserAPIController.UserList (api)'
2024-12-01 19:25:57.689 +01:00 [INF] Executed endpoint 'friendly.Controllers.PostAPIController.PostList (api)'
2024-12-01 19:25:57.689 +01:00 [INF] Executed endpoint 'friendly.Controllers.CommentAPIController.CommentList (api)'
2024-12-01 19:25:57.693 +01:00 [INF] Request finished HTTP/1.1 GET http://localhost:5062/api/UserAPI/userlist - 200 1221 application/json; charset=utf-8 137.0574ms
2024-12-01 19:25:57.693 +01:00 [INF] Request finished HTTP/1.1 GET http://localhost:5062/api/CommentAPI/commentlist - 200 441 application/json; charset=utf-8 137.0653ms
2024-12-01 19:25:57.693 +01:00 [INF] Request finished HTTP/1.1 GET http://localhost:5062/api/PostAPI/postlist - 200 494 application/json; charset=utf-8 137.0575ms
2024-12-01 19:25:57.694 +01:00 [INF] Request starting HTTP/1.1 GET http://localhost:5062/api/LikeAPI/likes/2 - null null
2024-12-01 19:25:57.694 +01:00 [INF] Request starting HTTP/1.1 GET http://localhost:5062/api/LikeAPI/likes/3 - null null
2024-12-01 19:25:57.694 +01:00 [INF] Request starting HTTP/1.1 GET http://localhost:5062/api/LikeAPI/likes/1 - null null
2024-12-01 19:25:57.695 +01:00 [INF] CORS policy execution successful.
2024-12-01 19:25:57.695 +01:00 [INF] CORS policy execution successful.
2024-12-01 19:25:57.695 +01:00 [INF] CORS policy execution successful.
2024-12-01 19:25:57.696 +01:00 [INF] Executing endpoint 'friendly.Controllers.LikeAPIController.GetLikesCount (api)'
2024-12-01 19:25:57.696 +01:00 [INF] Executing endpoint 'friendly.Controllers.LikeAPIController.GetLikesCount (api)'
2024-12-01 19:25:57.696 +01:00 [INF] Executing endpoint 'friendly.Controllers.LikeAPIController.GetLikesCount (api)'
2024-12-01 19:25:57.701 +01:00 [INF] Route matched with {action = "GetLikesCount", controller = "LikeAPI"}. Executing controller action with signature System.Threading.Tasks.Task`1[Microsoft.AspNetCore.Mvc.IActionResult] GetLikesCount(Int32) on controller friendly.Controllers.LikeAPIController (api).
2024-12-01 19:25:57.701 +01:00 [INF] Route matched with {action = "GetLikesCount", controller = "LikeAPI"}. Executing controller action with signature System.Threading.Tasks.Task`1[Microsoft.AspNetCore.Mvc.IActionResult] GetLikesCount(Int32) on controller friendly.Controllers.LikeAPIController (api).
2024-12-01 19:25:57.701 +01:00 [INF] Route matched with {action = "GetLikesCount", controller = "LikeAPI"}. Executing controller action with signature System.Threading.Tasks.Task`1[Microsoft.AspNetCore.Mvc.IActionResult] GetLikesCount(Int32) on controller friendly.Controllers.LikeAPIController (api).
2024-12-01 19:25:57.737 +01:00 [INF] Like count retrieved successfully for PostId: 3, Count: 0
2024-12-01 19:25:57.738 +01:00 [INF] Executing OkObjectResult, writing value of type 'System.Int32'.
2024-12-01 19:25:57.738 +01:00 [INF] Like count retrieved successfully for PostId: 2, Count: 0
2024-12-01 19:25:57.738 +01:00 [INF] Like count retrieved successfully for PostId: 1, Count: 0
2024-12-01 19:25:57.738 +01:00 [INF] Executing OkObjectResult, writing value of type 'System.Int32'.
2024-12-01 19:25:57.738 +01:00 [INF] Executing OkObjectResult, writing value of type 'System.Int32'.
2024-12-01 19:25:57.738 +01:00 [INF] Executed action friendly.Controllers.LikeAPIController.GetLikesCount (api) in 36.9023ms
2024-12-01 19:25:57.738 +01:00 [INF] Executed action friendly.Controllers.LikeAPIController.GetLikesCount (api) in 36.9394ms
2024-12-01 19:25:57.738 +01:00 [INF] Executed endpoint 'friendly.Controllers.LikeAPIController.GetLikesCount (api)'
2024-12-01 19:25:57.738 +01:00 [INF] Executed endpoint 'friendly.Controllers.LikeAPIController.GetLikesCount (api)'
2024-12-01 19:25:57.738 +01:00 [INF] Request finished HTTP/1.1 GET http://localhost:5062/api/LikeAPI/likes/2 - 200 1 application/json; charset=utf-8 44.4044ms
2024-12-01 19:25:57.738 +01:00 [INF] Request finished HTTP/1.1 GET http://localhost:5062/api/LikeAPI/likes/1 - 200 1 application/json; charset=utf-8 44.4171ms
2024-12-01 19:25:57.738 +01:00 [INF] Executed action friendly.Controllers.LikeAPIController.GetLikesCount (api) in 36.9359ms
2024-12-01 19:25:57.738 +01:00 [INF] Executed endpoint 'friendly.Controllers.LikeAPIController.GetLikesCount (api)'
2024-12-01 19:25:57.738 +01:00 [INF] Request finished HTTP/1.1 GET http://localhost:5062/api/LikeAPI/likes/3 - 200 1 application/json; charset=utf-8 44.6227ms
2024-12-01 19:25:58.534 +01:00 [INF] Request starting HTTP/1.1 GET http://localhost:5062/api/UserAPI/userlist - null null
2024-12-01 19:25:58.535 +01:00 [INF] CORS policy execution successful.
2024-12-01 19:25:58.535 +01:00 [INF] Executing endpoint 'friendly.Controllers.UserAPIController.UserList (api)'
2024-12-01 19:25:58.535 +01:00 [INF] Route matched with {action = "UserList", controller = "UserAPI"}. Executing controller action with signature System.Threading.Tasks.Task`1[Microsoft.AspNetCore.Mvc.IActionResult] UserList() on controller friendly.Controllers.UserAPIController (api).
2024-12-01 19:25:58.555 +01:00 [INF] Executing OkObjectResult, writing value of type 'System.Linq.Enumerable+SelectListIterator`2[[friendly.Models.User, api, Version=0.0.0.0, Culture=neutral, PublicKeyToken=null],[friendly.DTOs.UserDto, api, Version=0.0.0.0, Culture=neutral, PublicKeyToken=null]]'.
2024-12-01 19:25:58.556 +01:00 [INF] Executed action friendly.Controllers.UserAPIController.UserList (api) in 20.3317ms
2024-12-01 19:25:58.556 +01:00 [INF] Executed endpoint 'friendly.Controllers.UserAPIController.UserList (api)'
2024-12-01 19:25:58.556 +01:00 [INF] Request finished HTTP/1.1 GET http://localhost:5062/api/UserAPI/userlist - 200 1221 application/json; charset=utf-8 21.805ms
2024-12-01 19:27:51.149 +01:00 [INF] Request starting HTTP/1.1 GET http://localhost:5062/swagger/index.html - null null
2024-12-01 19:27:51.211 +01:00 [INF] Request finished HTTP/1.1 GET http://localhost:5062/swagger/index.html - 200 null text/html;charset=utf-8 62.0307ms
2024-12-01 19:27:51.468 +01:00 [INF] Request starting HTTP/1.1 GET http://localhost:5062/swagger/v1/swagger.json - null null
2024-12-01 19:27:51.536 +01:00 [INF] Request finished HTTP/1.1 GET http://localhost:5062/swagger/v1/swagger.json - 200 null application/json;charset=utf-8 68.7438ms
2024-12-01 19:28:06.716 +01:00 [INF] Request starting HTTP/1.1 POST http://localhost:5062/api/PostAPI/create - multipart/form-data; boundary=----WebKitFormBoundarybgWNlzObGl10p5K0 1233
2024-12-01 19:28:06.723 +01:00 [INF] CORS policy execution successful.
2024-12-01 19:28:06.736 +01:00 [INF] Executing endpoint 'friendly.Controllers.PostAPIController.CreatePost (api)'
2024-12-01 19:28:06.746 +01:00 [INF] Route matched with {action = "CreatePost", controller = "PostAPI"}. Executing controller action with signature System.Threading.Tasks.Task`1[Microsoft.AspNetCore.Mvc.IActionResult] CreatePost(friendly.DTOs.PostDto, Microsoft.AspNetCore.Http.IFormFile) on controller friendly.Controllers.PostAPIController (api).
2024-12-01 19:28:06.761 +01:00 [INF] Executing BadRequestObjectResult, writing value of type 'Microsoft.AspNetCore.Mvc.ValidationProblemDetails'.
2024-12-01 19:28:06.772 +01:00 [INF] Executed action friendly.Controllers.PostAPIController.CreatePost (api) in 26.218ms
2024-12-01 19:28:06.772 +01:00 [INF] Executed endpoint 'friendly.Controllers.PostAPIController.CreatePost (api)'
2024-12-01 19:28:06.773 +01:00 [INF] Request finished HTTP/1.1 POST http://localhost:5062/api/PostAPI/create - 400 290 application/problem+json; charset=utf-8 58.0467ms
2024-12-01 19:50:02.602 +01:00 [INF] Request starting HTTP/1.1 GET http://localhost:5062/api/UserAPI/userlist - null null
2024-12-01 19:50:02.603 +01:00 [INF] Request starting HTTP/1.1 GET http://localhost:5062/api/PostAPI/postlist - null null
2024-12-01 19:50:02.603 +01:00 [INF] Request starting HTTP/1.1 GET http://localhost:5062/api/CommentAPI/commentlist - null null
2024-12-01 19:50:02.613 +01:00 [INF] CORS policy execution successful.
2024-12-01 19:50:02.613 +01:00 [INF] CORS policy execution successful.
2024-12-01 19:50:02.614 +01:00 [INF] CORS policy execution successful.
2024-12-01 19:50:02.620 +01:00 [INF] Executing endpoint 'friendly.Controllers.UserAPIController.UserList (api)'
2024-12-01 19:50:02.620 +01:00 [INF] Executing endpoint 'friendly.Controllers.CommentAPIController.CommentList (api)'
2024-12-01 19:50:02.620 +01:00 [INF] Executing endpoint 'friendly.Controllers.PostAPIController.PostList (api)'
2024-12-01 19:50:02.626 +01:00 [INF] Route matched with {action = "PostList", controller = "PostAPI"}. Executing controller action with signature System.Threading.Tasks.Task`1[Microsoft.AspNetCore.Mvc.IActionResult] PostList() on controller friendly.Controllers.PostAPIController (api).
2024-12-01 19:50:02.626 +01:00 [INF] Route matched with {action = "UserList", controller = "UserAPI"}. Executing controller action with signature System.Threading.Tasks.Task`1[Microsoft.AspNetCore.Mvc.IActionResult] UserList() on controller friendly.Controllers.UserAPIController (api).
2024-12-01 19:50:02.626 +01:00 [INF] Route matched with {action = "CommentList", controller = "CommentAPI"}. Executing controller action with signature System.Threading.Tasks.Task`1[Microsoft.AspNetCore.Mvc.IActionResult] CommentList() on controller friendly.Controllers.CommentAPIController (api).
2024-12-01 19:50:02.689 +01:00 [INF] Executing OkObjectResult, writing value of type 'System.Linq.Enumerable+SelectListIterator`2[[friendly.Models.Comment, api, Version=0.0.0.0, Culture=neutral, PublicKeyToken=null],[friendly.DTOs.CommentDto, api, Version=0.0.0.0, Culture=neutral, PublicKeyToken=null]]'.
2024-12-01 19:50:02.689 +01:00 [INF] Executing OkObjectResult, writing value of type 'System.Linq.Enumerable+SelectListIterator`2[[friendly.Models.Post, api, Version=0.0.0.0, Culture=neutral, PublicKeyToken=null],[friendly.DTOs.PostDto, api, Version=0.0.0.0, Culture=neutral, PublicKeyToken=null]]'.
2024-12-01 19:50:02.689 +01:00 [INF] Executing OkObjectResult, writing value of type 'System.Linq.Enumerable+SelectListIterator`2[[friendly.Models.User, api, Version=0.0.0.0, Culture=neutral, PublicKeyToken=null],[friendly.DTOs.UserDto, api, Version=0.0.0.0, Culture=neutral, PublicKeyToken=null]]'.
2024-12-01 19:50:02.692 +01:00 [INF] Executed action friendly.Controllers.UserAPIController.UserList (api) in 65.2564ms
2024-12-01 19:50:02.692 +01:00 [INF] Executed endpoint 'friendly.Controllers.UserAPIController.UserList (api)'
2024-12-01 19:50:02.693 +01:00 [INF] Executed action friendly.Controllers.CommentAPIController.CommentList (api) in 65.8039ms
2024-12-01 19:50:02.693 +01:00 [INF] Executed action friendly.Controllers.PostAPIController.PostList (api) in 65.847ms
2024-12-01 19:50:02.693 +01:00 [INF] Executed endpoint 'friendly.Controllers.CommentAPIController.CommentList (api)'
2024-12-01 19:50:02.693 +01:00 [INF] Executed endpoint 'friendly.Controllers.PostAPIController.PostList (api)'
2024-12-01 19:50:02.693 +01:00 [INF] Request finished HTTP/1.1 GET http://localhost:5062/api/UserAPI/userlist - 200 1221 application/json; charset=utf-8 91.7425ms
2024-12-01 19:50:02.693 +01:00 [INF] Request finished HTTP/1.1 GET http://localhost:5062/api/PostAPI/postlist - 200 494 application/json; charset=utf-8 91.7862ms
2024-12-01 19:50:02.693 +01:00 [INF] Request finished HTTP/1.1 GET http://localhost:5062/api/CommentAPI/commentlist - 200 441 application/json; charset=utf-8 89.9705ms
2024-12-01 19:50:02.703 +01:00 [INF] Request starting HTTP/1.1 GET http://localhost:5062/api/LikeAPI/likes/1 - null null
2024-12-01 19:50:02.703 +01:00 [INF] Request starting HTTP/1.1 GET http://localhost:5062/api/LikeAPI/likes/2 - null null
2024-12-01 19:50:02.703 +01:00 [INF] Request starting HTTP/1.1 GET http://localhost:5062/api/LikeAPI/likes/3 - null null
2024-12-01 19:50:02.705 +01:00 [INF] CORS policy execution successful.
2024-12-01 19:50:02.705 +01:00 [INF] CORS policy execution successful.
2024-12-01 19:50:02.705 +01:00 [INF] CORS policy execution successful.
2024-12-01 19:50:02.707 +01:00 [INF] Executing endpoint 'friendly.Controllers.LikeAPIController.GetLikesCount (api)'
2024-12-01 19:50:02.707 +01:00 [INF] Executing endpoint 'friendly.Controllers.LikeAPIController.GetLikesCount (api)'
2024-12-01 19:50:02.707 +01:00 [INF] Executing endpoint 'friendly.Controllers.LikeAPIController.GetLikesCount (api)'
2024-12-01 19:50:02.708 +01:00 [INF] Route matched with {action = "GetLikesCount", controller = "LikeAPI"}. Executing controller action with signature System.Threading.Tasks.Task`1[Microsoft.AspNetCore.Mvc.IActionResult] GetLikesCount(Int32) on controller friendly.Controllers.LikeAPIController (api).
2024-12-01 19:50:02.708 +01:00 [INF] Route matched with {action = "GetLikesCount", controller = "LikeAPI"}. Executing controller action with signature System.Threading.Tasks.Task`1[Microsoft.AspNetCore.Mvc.IActionResult] GetLikesCount(Int32) on controller friendly.Controllers.LikeAPIController (api).
2024-12-01 19:50:02.708 +01:00 [INF] Route matched with {action = "GetLikesCount", controller = "LikeAPI"}. Executing controller action with signature System.Threading.Tasks.Task`1[Microsoft.AspNetCore.Mvc.IActionResult] GetLikesCount(Int32) on controller friendly.Controllers.LikeAPIController (api).
2024-12-01 19:50:02.726 +01:00 [INF] Like count retrieved successfully for PostId: 1, Count: 0
2024-12-01 19:50:02.726 +01:00 [INF] Like count retrieved successfully for PostId: 2, Count: 0
2024-12-01 19:50:02.726 +01:00 [INF] Executing OkObjectResult, writing value of type 'System.Int32'.
2024-12-01 19:50:02.726 +01:00 [INF] Like count retrieved successfully for PostId: 3, Count: 0
2024-12-01 19:50:02.726 +01:00 [INF] Executing OkObjectResult, writing value of type 'System.Int32'.
2024-12-01 19:50:02.726 +01:00 [INF] Executing OkObjectResult, writing value of type 'System.Int32'.
2024-12-01 19:50:02.726 +01:00 [INF] Executed action friendly.Controllers.LikeAPIController.GetLikesCount (api) in 17.9075ms
2024-12-01 19:50:02.726 +01:00 [INF] Executed endpoint 'friendly.Controllers.LikeAPIController.GetLikesCount (api)'
2024-12-01 19:50:02.726 +01:00 [INF] Request finished HTTP/1.1 GET http://localhost:5062/api/LikeAPI/likes/3 - 200 1 application/json; charset=utf-8 23.0059ms
2024-12-01 19:50:02.726 +01:00 [INF] Executed action friendly.Controllers.LikeAPIController.GetLikesCount (api) in 17.9632ms
2024-12-01 19:50:02.726 +01:00 [INF] Executed endpoint 'friendly.Controllers.LikeAPIController.GetLikesCount (api)'
2024-12-01 19:50:02.726 +01:00 [INF] Executed action friendly.Controllers.LikeAPIController.GetLikesCount (api) in 18.2279ms
2024-12-01 19:50:02.727 +01:00 [INF] Executed endpoint 'friendly.Controllers.LikeAPIController.GetLikesCount (api)'
2024-12-01 19:50:02.727 +01:00 [INF] Request finished HTTP/1.1 GET http://localhost:5062/api/LikeAPI/likes/2 - 200 1 application/json; charset=utf-8 23.235ms
2024-12-01 19:50:02.727 +01:00 [INF] Request finished HTTP/1.1 GET http://localhost:5062/api/LikeAPI/likes/1 - 200 1 application/json; charset=utf-8 23.3082ms
2024-12-01 19:50:04.101 +01:00 [INF] Request starting HTTP/1.1 OPTIONS http://localhost:5062/api/CommentAPI/create - null 0
2024-12-01 19:50:04.103 +01:00 [INF] CORS policy execution successful.
2024-12-01 19:50:04.105 +01:00 [INF] Request finished HTTP/1.1 OPTIONS http://localhost:5062/api/CommentAPI/create - 204 null null 3.5954ms
2024-12-01 19:50:04.106 +01:00 [INF] Request starting HTTP/1.1 POST http://localhost:5062/api/CommentAPI/create - application/json 122
2024-12-01 19:50:04.106 +01:00 [INF] CORS policy execution successful.
2024-12-01 19:50:04.107 +01:00 [INF] Executing endpoint 'friendly.Controllers.CommentAPIController.CreateComment (api)'
2024-12-01 19:50:04.113 +01:00 [INF] Route matched with {action = "CreateComment", controller = "CommentAPI"}. Executing controller action with signature System.Threading.Tasks.Task`1[Microsoft.AspNetCore.Mvc.IActionResult] CreateComment(friendly.DTOs.CommentDto) on controller friendly.Controllers.CommentAPIController (api).
2024-12-01 19:50:04.150 +01:00 [INF] Executing CreatedAtActionResult, writing value of type 'friendly.DTOs.CommentDto'.
2024-12-01 19:50:04.168 +01:00 [INF] Executed action friendly.Controllers.CommentAPIController.CreateComment (api) in 54.8425ms
2024-12-01 19:50:04.168 +01:00 [INF] Executed endpoint 'friendly.Controllers.CommentAPIController.CreateComment (api)'
2024-12-01 19:50:04.169 +01:00 [INF] Request finished HTTP/1.1 POST http://localhost:5062/api/CommentAPI/create - 201 131 application/json; charset=utf-8 63.0536ms
2024-12-01 19:50:05.077 +01:00 [INF] Request starting HTTP/1.1 GET http://localhost:5062/api/CommentAPI/comment/4 - null null
2024-12-01 19:50:05.078 +01:00 [INF] CORS policy execution successful.
2024-12-01 19:50:05.078 +01:00 [INF] Executing endpoint 'friendly.Controllers.CommentAPIController.GetCommentById (api)'
2024-12-01 19:50:05.083 +01:00 [INF] Route matched with {action = "GetCommentById", controller = "CommentAPI"}. Executing controller action with signature System.Threading.Tasks.Task`1[Microsoft.AspNetCore.Mvc.IActionResult] GetCommentById(Int32) on controller friendly.Controllers.CommentAPIController (api).
2024-12-01 19:50:05.113 +01:00 [INF] Executing OkObjectResult, writing value of type 'friendly.DTOs.CommentDto'.
2024-12-01 19:50:05.113 +01:00 [INF] Executed action friendly.Controllers.CommentAPIController.GetCommentById (api) in 30.7816ms
2024-12-01 19:50:05.113 +01:00 [INF] Executed endpoint 'friendly.Controllers.CommentAPIController.GetCommentById (api)'
2024-12-01 19:50:05.114 +01:00 [INF] Request finished HTTP/1.1 GET http://localhost:5062/api/CommentAPI/comment/4 - 200 131 application/json; charset=utf-8 36.3727ms
2024-12-01 19:50:05.117 +01:00 [INF] Request starting HTTP/1.1 GET http://localhost:5062/api/PostAPI/post/1 - null null
2024-12-01 19:50:05.117 +01:00 [INF] CORS policy execution successful.
2024-12-01 19:50:05.117 +01:00 [INF] Executing endpoint 'friendly.Controllers.PostAPIController.GetPostById (api)'
2024-12-01 19:50:05.119 +01:00 [INF] Route matched with {action = "GetPostById", controller = "PostAPI"}. Executing controller action with signature System.Threading.Tasks.Task`1[Microsoft.AspNetCore.Mvc.IActionResult] GetPostById(Int32) on controller friendly.Controllers.PostAPIController (api).
2024-12-01 19:50:05.126 +01:00 [INF] Executing OkObjectResult, writing value of type 'friendly.DTOs.PostDto'.
2024-12-01 19:50:05.127 +01:00 [INF] Executed action friendly.Controllers.PostAPIController.GetPostById (api) in 8.009ms
2024-12-01 19:50:05.127 +01:00 [INF] Executed endpoint 'friendly.Controllers.PostAPIController.GetPostById (api)'
2024-12-01 19:50:05.127 +01:00 [INF] Request finished HTTP/1.1 GET http://localhost:5062/api/PostAPI/post/1 - 200 169 application/json; charset=utf-8 10.3385ms
2024-12-01 19:53:10.457 +01:00 [INF] Request starting HTTP/1.1 GET http://localhost:5062/api/CommentAPI/comment/4 - null null
2024-12-01 19:53:10.460 +01:00 [INF] CORS policy execution successful.
2024-12-01 19:53:10.463 +01:00 [INF] Executing endpoint 'friendly.Controllers.CommentAPIController.GetCommentById (api)'
2024-12-01 19:53:10.464 +01:00 [INF] Route matched with {action = "GetCommentById", controller = "CommentAPI"}. Executing controller action with signature System.Threading.Tasks.Task`1[Microsoft.AspNetCore.Mvc.IActionResult] GetCommentById(Int32) on controller friendly.Controllers.CommentAPIController (api).
2024-12-01 19:53:10.485 +01:00 [INF] Executing OkObjectResult, writing value of type 'friendly.DTOs.CommentDto'.
2024-12-01 19:53:10.485 +01:00 [INF] Executed action friendly.Controllers.CommentAPIController.GetCommentById (api) in 20.8965ms
2024-12-01 19:53:10.485 +01:00 [INF] Executed endpoint 'friendly.Controllers.CommentAPIController.GetCommentById (api)'
2024-12-01 19:53:10.486 +01:00 [INF] Request finished HTTP/1.1 GET http://localhost:5062/api/CommentAPI/comment/4 - 200 131 application/json; charset=utf-8 28.3536ms
2024-12-01 19:53:10.500 +01:00 [INF] Request starting HTTP/1.1 GET http://localhost:5062/api/PostAPI/post/1 - null null
2024-12-01 19:53:10.500 +01:00 [INF] CORS policy execution successful.
2024-12-01 19:53:10.501 +01:00 [INF] Executing endpoint 'friendly.Controllers.PostAPIController.GetPostById (api)'
2024-12-01 19:53:10.501 +01:00 [INF] Route matched with {action = "GetPostById", controller = "PostAPI"}. Executing controller action with signature System.Threading.Tasks.Task`1[Microsoft.AspNetCore.Mvc.IActionResult] GetPostById(Int32) on controller friendly.Controllers.PostAPIController (api).
2024-12-01 19:53:10.506 +01:00 [INF] Executing OkObjectResult, writing value of type 'friendly.DTOs.PostDto'.
2024-12-01 19:53:10.507 +01:00 [INF] Executed action friendly.Controllers.PostAPIController.GetPostById (api) in 5.6807ms
2024-12-01 19:53:10.507 +01:00 [INF] Executed endpoint 'friendly.Controllers.PostAPIController.GetPostById (api)'
2024-12-01 19:53:10.507 +01:00 [INF] Request finished HTTP/1.1 GET http://localhost:5062/api/PostAPI/post/1 - 200 169 application/json; charset=utf-8 7.0719ms
2024-12-01 19:54:34.145 +01:00 [INF] Request starting HTTP/1.1 GET http://localhost:5062/api/CommentAPI/comment/4 - null null
2024-12-01 19:54:34.166 +01:00 [INF] CORS policy execution successful.
2024-12-01 19:54:34.181 +01:00 [INF] Executing endpoint 'friendly.Controllers.CommentAPIController.GetCommentById (api)'
2024-12-01 19:54:34.184 +01:00 [INF] Route matched with {action = "GetCommentById", controller = "CommentAPI"}. Executing controller action with signature System.Threading.Tasks.Task`1[Microsoft.AspNetCore.Mvc.IActionResult] GetCommentById(Int32) on controller friendly.Controllers.CommentAPIController (api).
2024-12-01 19:54:34.234 +01:00 [INF] Executing OkObjectResult, writing value of type 'friendly.DTOs.CommentDto'.
2024-12-01 19:54:34.235 +01:00 [INF] Executed action friendly.Controllers.CommentAPIController.GetCommentById (api) in 50.8056ms
2024-12-01 19:54:34.235 +01:00 [INF] Executed endpoint 'friendly.Controllers.CommentAPIController.GetCommentById (api)'
2024-12-01 19:54:34.236 +01:00 [INF] Request finished HTTP/1.1 GET http://localhost:5062/api/CommentAPI/comment/4 - 200 131 application/json; charset=utf-8 94.4165ms
2024-12-01 19:54:34.239 +01:00 [INF] Request starting HTTP/1.1 GET http://localhost:5062/api/PostAPI/post/1 - null null
2024-12-01 19:54:34.240 +01:00 [INF] CORS policy execution successful.
2024-12-01 19:54:34.240 +01:00 [INF] Executing endpoint 'friendly.Controllers.PostAPIController.GetPostById (api)'
2024-12-01 19:54:34.240 +01:00 [INF] Route matched with {action = "GetPostById", controller = "PostAPI"}. Executing controller action with signature System.Threading.Tasks.Task`1[Microsoft.AspNetCore.Mvc.IActionResult] GetPostById(Int32) on controller friendly.Controllers.PostAPIController (api).
2024-12-01 19:54:34.242 +01:00 [INF] Executing OkObjectResult, writing value of type 'friendly.DTOs.PostDto'.
2024-12-01 19:54:34.242 +01:00 [INF] Executed action friendly.Controllers.PostAPIController.GetPostById (api) in 1.8037ms
2024-12-01 19:54:34.242 +01:00 [INF] Executed endpoint 'friendly.Controllers.PostAPIController.GetPostById (api)'
2024-12-01 19:54:34.242 +01:00 [INF] Request finished HTTP/1.1 GET http://localhost:5062/api/PostAPI/post/1 - 200 169 application/json; charset=utf-8 2.8864ms
