2024-11-30 10:27:41.046 +01:00 [INF] User profile is available. Using '/Users/axel/.aspnet/DataProtection-Keys' as key repository; keys will not be encrypted at rest.
2024-11-30 10:27:42.436 +01:00 [INF] Now listening on: https://localhost:7046
2024-11-30 10:27:42.436 +01:00 [INF] Now listening on: http://localhost:5062
2024-11-30 10:27:42.437 +01:00 [INF] Application started. Press Ctrl+C to shut down.
2024-11-30 10:27:42.438 +01:00 [INF] Hosting environment: Development
2024-11-30 10:27:42.438 +01:00 [INF] Content root path: /Users/axel/Documents/Skole/TestFriendly/api
2024-11-30 10:27:44.448 +01:00 [INF] Request starting HTTP/1.1 GET http://localhost:5062/swagger/index.html - null null
2024-11-30 10:27:44.478 +01:00 [INF] Request finished HTTP/1.1 GET http://localhost:5062/swagger/index.html - 200 null text/html;charset=utf-8 31.3922ms
2024-11-30 10:27:44.704 +01:00 [INF] Request starting HTTP/1.1 GET http://localhost:5062/swagger/v1/swagger.json - null null
2024-11-30 10:27:44.755 +01:00 [INF] Request finished HTTP/1.1 GET http://localhost:5062/swagger/v1/swagger.json - 200 null application/json;charset=utf-8 51.3318ms
2024-11-30 10:28:22.583 +01:00 [INF] Request starting HTTP/1.1 GET http://localhost:5062/swagger/index.html - null null
2024-11-30 10:28:22.585 +01:00 [INF] Request finished HTTP/1.1 GET http://localhost:5062/swagger/index.html - 200 null text/html;charset=utf-8 2.2499ms
2024-11-30 10:28:22.649 +01:00 [INF] Request starting HTTP/1.1 GET http://localhost:5062/swagger/v1/swagger.json - null null
2024-11-30 10:28:22.664 +01:00 [INF] Request finished HTTP/1.1 GET http://localhost:5062/swagger/v1/swagger.json - 200 null application/json;charset=utf-8 14.9017ms
2024-11-30 10:28:25.792 +01:00 [INF] Request starting HTTP/1.1 GET http://localhost:5062/swagger/index.html - null null
2024-11-30 10:28:25.793 +01:00 [INF] Request finished HTTP/1.1 GET http://localhost:5062/swagger/index.html - 200 null text/html;charset=utf-8 1.5206ms
2024-11-30 10:28:25.825 +01:00 [INF] Request starting HTTP/1.1 GET http://localhost:5062/swagger/v1/swagger.json - null null
2024-11-30 10:28:25.830 +01:00 [INF] Request finished HTTP/1.1 GET http://localhost:5062/swagger/v1/swagger.json - 200 null application/json;charset=utf-8 5.1772ms
2024-11-30 10:28:31.201 +01:00 [INF] Request starting HTTP/1.1 GET http://localhost:5062/swagger/index.html - null null
2024-11-30 10:28:31.202 +01:00 [INF] Request finished HTTP/1.1 GET http://localhost:5062/swagger/index.html - 200 null text/html;charset=utf-8 1.8254ms
2024-11-30 10:28:31.298 +01:00 [INF] Request starting HTTP/1.1 GET http://localhost:5062/swagger/v1/swagger.json - null null
2024-11-30 10:28:31.303 +01:00 [INF] Request finished HTTP/1.1 GET http://localhost:5062/swagger/v1/swagger.json - 200 null application/json;charset=utf-8 5.286ms
2024-11-30 10:28:38.535 +01:00 [INF] Request starting HTTP/1.1 GET http://localhost:5062/swagger/index.html - null null
2024-11-30 10:28:38.548 +01:00 [INF] Request finished HTTP/1.1 GET http://localhost:5062/swagger/index.html - 200 null text/html;charset=utf-8 12.3682ms
2024-11-30 10:28:38.589 +01:00 [INF] Request starting HTTP/1.1 GET http://localhost:5062/swagger/v1/swagger.json - null null
2024-11-30 10:28:38.598 +01:00 [INF] Request finished HTTP/1.1 GET http://localhost:5062/swagger/v1/swagger.json - 200 null application/json;charset=utf-8 9.4091ms
2024-11-30 10:28:44.681 +01:00 [INF] Request starting HTTP/1.1 POST http://localhost:5062/api/LikeAPI/delete - application/json-patch+json 54
2024-11-30 10:28:44.716 +01:00 [INF] CORS policy execution successful.
2024-11-30 10:28:44.725 +01:00 [INF] Executing endpoint 'friendly.Controllers.LikeAPIController.DeleteLike (api)'
2024-11-30 10:28:44.736 +01:00 [INF] Route matched with {action = "DeleteLike", controller = "LikeAPI"}. Executing controller action with signature System.Threading.Tasks.Task`1[Microsoft.AspNetCore.Mvc.IActionResult] DeleteLike(friendly.DTOs.LikeDto) on controller friendly.Controllers.LikeAPIController (api).
2024-11-30 10:28:44.781 +01:00 [INF] Executing BadRequestObjectResult, writing value of type 'System.String'.
2024-11-30 10:28:44.783 +01:00 [INF] Executed action friendly.Controllers.LikeAPIController.DeleteLike (api) in 45.0527ms
2024-11-30 10:28:44.783 +01:00 [INF] Executed endpoint 'friendly.Controllers.LikeAPIController.DeleteLike (api)'
2024-11-30 10:28:44.783 +01:00 [INF] Request finished HTTP/1.1 POST http://localhost:5062/api/LikeAPI/delete - 400 null text/plain; charset=utf-8 102.8848ms
2024-11-30 10:28:46.664 +01:00 [INF] Request starting HTTP/1.1 GET http://localhost:5062/swagger/index.html - null null
2024-11-30 10:28:46.665 +01:00 [INF] Request finished HTTP/1.1 GET http://localhost:5062/swagger/index.html - 200 null text/html;charset=utf-8 1.4308ms
2024-11-30 10:28:46.710 +01:00 [INF] Request starting HTTP/1.1 GET http://localhost:5062/swagger/v1/swagger.json - null null
2024-11-30 10:28:46.715 +01:00 [INF] Request finished HTTP/1.1 GET http://localhost:5062/swagger/v1/swagger.json - 200 null application/json;charset=utf-8 4.5948ms
