2024-11-28 11:44:28.340 +01:00 [INF] User profile is available. Using 'C:\Users\Kristoffer\AppData\Local\ASP.NET\DataProtection-Keys' as key repository and Windows DPAPI to encrypt keys at rest.
2024-11-28 11:44:29.560 +01:00 [WRN] The ASP.NET Core developer certificate is not trusted. For information about trusting the ASP.NET Core developer certificate, see https://aka.ms/aspnet/https-trust-dev-cert.
2024-11-28 11:44:29.602 +01:00 [INF] Now listening on: https://localhost:7046
2024-11-28 11:44:29.602 +01:00 [INF] Now listening on: http://localhost:5062
2024-11-28 11:44:29.605 +01:00 [INF] Application started. Press Ctrl+C to shut down.
2024-11-28 11:44:29.606 +01:00 [INF] Hosting environment: Development
2024-11-28 11:44:29.607 +01:00 [INF] Content root path: C:\Users\Kristoffer\Documents\TestFriendly\api
2024-11-28 11:44:47.302 +01:00 [INF] Request starting HTTP/1.1 GET http://localhost:5062/api/PostAPI/postlist - null null
2024-11-28 11:44:47.302 +01:00 [INF] Request starting HTTP/1.1 GET http://localhost:5062/api/UserAPI/userlist - null null
2024-11-28 11:44:47.302 +01:00 [INF] Request starting HTTP/1.1 GET http://localhost:5062/api/CommentAPI/commentlist - null null
2024-11-28 11:44:47.325 +01:00 [INF] CORS policy execution successful.
2024-11-28 11:44:47.325 +01:00 [INF] CORS policy execution successful.
2024-11-28 11:44:47.325 +01:00 [INF] CORS policy execution successful.
2024-11-28 11:44:47.331 +01:00 [INF] Executing endpoint 'friendly.Controllers.CommentAPIController.CommentList (api)'
2024-11-28 11:44:47.331 +01:00 [INF] Executing endpoint 'friendly.Controllers.PostAPIController.PostList (api)'
2024-11-28 11:44:47.331 +01:00 [INF] Executing endpoint 'friendly.Controllers.UserAPIController.UserList (api)'
2024-11-28 11:44:47.337 +01:00 [INF] Route matched with {action = "CommentList", controller = "CommentAPI"}. Executing controller action with signature System.Threading.Tasks.Task`1[Microsoft.AspNetCore.Mvc.IActionResult] CommentList() on controller friendly.Controllers.CommentAPIController (api).
2024-11-28 11:44:47.337 +01:00 [INF] Route matched with {action = "UserList", controller = "UserAPI"}. Executing controller action with signature System.Threading.Tasks.Task`1[Microsoft.AspNetCore.Mvc.IActionResult] UserList() on controller friendly.Controllers.UserAPIController (api).
2024-11-28 11:44:47.337 +01:00 [INF] Route matched with {action = "PostList", controller = "PostAPI"}. Executing controller action with signature System.Threading.Tasks.Task`1[Microsoft.AspNetCore.Mvc.IActionResult] PostList() on controller friendly.Controllers.PostAPIController (api).
2024-11-28 11:44:47.366 +01:00 [INF] Executing OkObjectResult, writing value of type 'System.Linq.Enumerable+SelectListIterator`2[[friendly.Models.User, api, Version=0.0.0.0, Culture=neutral, PublicKeyToken=null],[friendly.DTOs.UserDto, api, Version=0.0.0.0, Culture=neutral, PublicKeyToken=null]]'.
2024-11-28 11:44:47.366 +01:00 [INF] Executing OkObjectResult, writing value of type 'System.Linq.Enumerable+SelectListIterator`2[[friendly.Models.Post, api, Version=0.0.0.0, Culture=neutral, PublicKeyToken=null],[friendly.DTOs.PostDto, api, Version=0.0.0.0, Culture=neutral, PublicKeyToken=null]]'.
2024-11-28 11:44:47.366 +01:00 [INF] Executing OkObjectResult, writing value of type 'System.Linq.Enumerable+SelectListIterator`2[[friendly.Models.Comment, api, Version=0.0.0.0, Culture=neutral, PublicKeyToken=null],[friendly.DTOs.CommentDto, api, Version=0.0.0.0, Culture=neutral, PublicKeyToken=null]]'.
2024-11-28 11:44:47.414 +01:00 [INF] Executed action friendly.Controllers.UserAPIController.UserList (api) in 72.0474ms
2024-11-28 11:44:47.414 +01:00 [INF] Executed action friendly.Controllers.PostAPIController.PostList (api) in 72.0443ms
2024-11-28 11:44:47.414 +01:00 [INF] Executed action friendly.Controllers.CommentAPIController.CommentList (api) in 72.0474ms
2024-11-28 11:44:47.415 +01:00 [INF] Executed endpoint 'friendly.Controllers.UserAPIController.UserList (api)'
2024-11-28 11:44:47.415 +01:00 [INF] Executed endpoint 'friendly.Controllers.PostAPIController.PostList (api)'
2024-11-28 11:44:47.414 +01:00 [INF] Request starting HTTP/1.1 GET http://localhost:5062/api/CommentAPI/commentlist - null null
2024-11-28 11:44:47.414 +01:00 [INF] Request starting HTTP/1.1 GET http://localhost:5062/api/PostAPI/postlist - null null
2024-11-28 11:44:47.415 +01:00 [INF] Executed endpoint 'friendly.Controllers.CommentAPIController.CommentList (api)'
2024-11-28 11:44:47.416 +01:00 [INF] CORS policy execution successful.
2024-11-28 11:44:47.416 +01:00 [INF] CORS policy execution successful.
2024-11-28 11:44:47.417 +01:00 [INF] Request starting HTTP/1.1 GET http://localhost:5062/api/LikeAPI/likes/3 - null null
2024-11-28 11:44:47.417 +01:00 [INF] CORS policy execution successful.
2024-11-28 11:44:47.418 +01:00 [INF] Executing endpoint 'friendly.Controllers.PostAPIController.PostList (api)'
2024-11-28 11:44:47.418 +01:00 [INF] Executing endpoint 'friendly.Controllers.LikeAPIController.GetLikesCount (api)'
2024-11-28 11:44:47.418 +01:00 [INF] Executing endpoint 'friendly.Controllers.CommentAPIController.CommentList (api)'
2024-11-28 11:44:47.418 +01:00 [INF] Route matched with {action = "PostList", controller = "PostAPI"}. Executing controller action with signature System.Threading.Tasks.Task`1[Microsoft.AspNetCore.Mvc.IActionResult] PostList() on controller friendly.Controllers.PostAPIController (api).
2024-11-28 11:44:47.418 +01:00 [INF] Route matched with {action = "CommentList", controller = "CommentAPI"}. Executing controller action with signature System.Threading.Tasks.Task`1[Microsoft.AspNetCore.Mvc.IActionResult] CommentList() on controller friendly.Controllers.CommentAPIController (api).
2024-11-28 11:44:47.418 +01:00 [INF] Request finished HTTP/1.1 GET http://localhost:5062/api/UserAPI/userlist - 200 592 application/json; charset=utf-8 116.9403ms
2024-11-28 11:44:47.418 +01:00 [INF] Request finished HTTP/1.1 GET http://localhost:5062/api/CommentAPI/commentlist - 200 447 application/json; charset=utf-8 116.9404ms
2024-11-28 11:44:47.418 +01:00 [INF] Request finished HTTP/1.1 GET http://localhost:5062/api/PostAPI/postlist - 200 500 application/json; charset=utf-8 116.9435ms
2024-11-28 11:44:47.419 +01:00 [INF] Request starting HTTP/1.1 GET http://localhost:5062/api/LikeAPI/likes/1 - null null
2024-11-28 11:44:47.419 +01:00 [INF] Request starting HTTP/1.1 GET http://localhost:5062/api/LikeAPI/likes/2 - null null
2024-11-28 11:44:47.419 +01:00 [INF] Request starting HTTP/1.1 GET http://localhost:5062/api/UserAPI/userlist - null null
2024-11-28 11:44:47.419 +01:00 [INF] CORS policy execution successful.
2024-11-28 11:44:47.419 +01:00 [INF] CORS policy execution successful.
2024-11-28 11:44:47.419 +01:00 [INF] Executing endpoint 'friendly.Controllers.LikeAPIController.GetLikesCount (api)'
2024-11-28 11:44:47.419 +01:00 [INF] CORS policy execution successful.
2024-11-28 11:44:47.419 +01:00 [INF] Executing endpoint 'friendly.Controllers.LikeAPIController.GetLikesCount (api)'
2024-11-28 11:44:47.419 +01:00 [INF] Executing endpoint 'friendly.Controllers.UserAPIController.UserList (api)'
2024-11-28 11:44:47.419 +01:00 [INF] Route matched with {action = "UserList", controller = "UserAPI"}. Executing controller action with signature System.Threading.Tasks.Task`1[Microsoft.AspNetCore.Mvc.IActionResult] UserList() on controller friendly.Controllers.UserAPIController (api).
2024-11-28 11:44:47.422 +01:00 [INF] Route matched with {action = "GetLikesCount", controller = "LikeAPI"}. Executing controller action with signature System.Threading.Tasks.Task`1[Microsoft.AspNetCore.Mvc.IActionResult] GetLikesCount(Int32) on controller friendly.Controllers.LikeAPIController (api).
2024-11-28 11:44:47.422 +01:00 [INF] Route matched with {action = "GetLikesCount", controller = "LikeAPI"}. Executing controller action with signature System.Threading.Tasks.Task`1[Microsoft.AspNetCore.Mvc.IActionResult] GetLikesCount(Int32) on controller friendly.Controllers.LikeAPIController (api).
2024-11-28 11:44:47.422 +01:00 [INF] Route matched with {action = "GetLikesCount", controller = "LikeAPI"}. Executing controller action with signature System.Threading.Tasks.Task`1[Microsoft.AspNetCore.Mvc.IActionResult] GetLikesCount(Int32) on controller friendly.Controllers.LikeAPIController (api).
2024-11-28 11:44:47.428 +01:00 [INF] Request starting HTTP/1.1 GET http://localhost:5062/uploads/profile-images/profileimage2.jpg - null null
2024-11-28 11:44:47.428 +01:00 [INF] Request starting HTTP/1.1 GET http://localhost:5062/uploads/profile-images/profileimage4.jpg - null null
2024-11-28 11:44:47.463 +01:00 [INF] Request starting HTTP/1.1 GET http://localhost:5062/uploads/beach.jpg - null null
2024-11-28 11:44:47.467 +01:00 [INF] Request starting HTTP/1.1 GET http://localhost:5062/uploads/profile-images/profileimage1.jpg - null null
2024-11-28 11:44:47.467 +01:00 [INF] Request starting HTTP/1.1 GET http://localhost:5062/uploads/fall.jpg - null null
2024-11-28 11:44:47.470 +01:00 [INF] Request starting HTTP/1.1 GET http://localhost:5062/uploads/mountains.jpg - null null
2024-11-28 11:44:47.521 +01:00 [INF] Sending file. Request path: '/uploads/profile-images/profileimage2.jpg'. Physical path: 'C:\Users\Kristoffer\Documents\TestFriendly\api\wwwroot\uploads\profile-images\profileimage2.jpg'
2024-11-28 11:44:47.521 +01:00 [INF] Sending file. Request path: '/uploads/profile-images/profileimage4.jpg'. Physical path: 'C:\Users\Kristoffer\Documents\TestFriendly\api\wwwroot\uploads\profile-images\profileimage4.jpg'
2024-11-28 11:44:47.521 +01:00 [INF] Sending file. Request path: '/uploads/profile-images/profileimage1.jpg'. Physical path: 'C:\Users\Kristoffer\Documents\TestFriendly\api\wwwroot\uploads\profile-images\profileimage1.jpg'
2024-11-28 11:44:47.522 +01:00 [INF] Request finished HTTP/1.1 GET http://localhost:5062/uploads/profile-images/profileimage2.jpg - 200 41728 image/jpeg 93.7909ms
2024-11-28 11:44:47.522 +01:00 [INF] Request finished HTTP/1.1 GET http://localhost:5062/uploads/profile-images/profileimage4.jpg - 200 34883 image/jpeg 93.3052ms
2024-11-28 11:44:47.522 +01:00 [INF] Request finished HTTP/1.1 GET http://localhost:5062/uploads/profile-images/profileimage1.jpg - 200 17397 image/jpeg 54.9081ms
2024-11-28 11:44:47.523 +01:00 [INF] Sending file. Request path: '/uploads/mountains.jpg'. Physical path: 'C:\Users\Kristoffer\Documents\TestFriendly\api\wwwroot\uploads\mountains.jpg'
2024-11-28 11:44:47.523 +01:00 [INF] Request finished HTTP/1.1 GET http://localhost:5062/uploads/mountains.jpg - 200 267334 image/jpeg 53.3982ms
2024-11-28 11:44:47.526 +01:00 [INF] Sending file. Request path: '/uploads/fall.jpg'. Physical path: 'C:\Users\Kristoffer\Documents\TestFriendly\api\wwwroot\uploads\fall.jpg'
2024-11-28 11:44:47.526 +01:00 [INF] Request finished HTTP/1.1 GET http://localhost:5062/uploads/fall.jpg - 200 623197 image/jpeg 59.8171ms
2024-11-28 11:44:47.529 +01:00 [INF] Sending file. Request path: '/uploads/beach.jpg'. Physical path: 'C:\Users\Kristoffer\Documents\TestFriendly\api\wwwroot\uploads\beach.jpg'
2024-11-28 11:44:47.529 +01:00 [INF] Request finished HTTP/1.1 GET http://localhost:5062/uploads/beach.jpg - 200 815455 image/jpeg 65.7105ms
2024-11-28 11:44:47.535 +01:00 [INF] Executing OkObjectResult, writing value of type 'System.Linq.Enumerable+SelectListIterator`2[[friendly.Models.Post, api, Version=0.0.0.0, Culture=neutral, PublicKeyToken=null],[friendly.DTOs.PostDto, api, Version=0.0.0.0, Culture=neutral, PublicKeyToken=null]]'.
2024-11-28 11:44:47.535 +01:00 [INF] Executing OkObjectResult, writing value of type 'System.Linq.Enumerable+SelectListIterator`2[[friendly.Models.Comment, api, Version=0.0.0.0, Culture=neutral, PublicKeyToken=null],[friendly.DTOs.CommentDto, api, Version=0.0.0.0, Culture=neutral, PublicKeyToken=null]]'.
2024-11-28 11:44:47.535 +01:00 [INF] Executing OkObjectResult, writing value of type 'System.Linq.Enumerable+SelectListIterator`2[[friendly.Models.User, api, Version=0.0.0.0, Culture=neutral, PublicKeyToken=null],[friendly.DTOs.UserDto, api, Version=0.0.0.0, Culture=neutral, PublicKeyToken=null]]'.
2024-11-28 11:44:47.536 +01:00 [INF] Executed action friendly.Controllers.PostAPIController.PostList (api) in 117.7113ms
2024-11-28 11:44:47.536 +01:00 [INF] Executed action friendly.Controllers.CommentAPIController.CommentList (api) in 117.7093ms
2024-11-28 11:44:47.536 +01:00 [INF] Executed endpoint 'friendly.Controllers.PostAPIController.PostList (api)'
2024-11-28 11:44:47.536 +01:00 [INF] Executed action friendly.Controllers.UserAPIController.UserList (api) in 116.4396ms
2024-11-28 11:44:47.536 +01:00 [INF] Executed endpoint 'friendly.Controllers.CommentAPIController.CommentList (api)'
2024-11-28 11:44:47.536 +01:00 [INF] Executed endpoint 'friendly.Controllers.UserAPIController.UserList (api)'
2024-11-28 11:44:47.536 +01:00 [INF] Request finished HTTP/1.1 GET http://localhost:5062/api/PostAPI/postlist - 200 500 application/json; charset=utf-8 121.4296ms
2024-11-28 11:44:47.536 +01:00 [INF] Request finished HTTP/1.1 GET http://localhost:5062/api/CommentAPI/commentlist - 200 447 application/json; charset=utf-8 121.4297ms
2024-11-28 11:44:47.536 +01:00 [INF] Request finished HTTP/1.1 GET http://localhost:5062/api/UserAPI/userlist - 200 592 application/json; charset=utf-8 117.0113ms
2024-11-28 11:44:47.555 +01:00 [INF] Like count retrieved successfully for PostId: 3, Count: 0
2024-11-28 11:44:47.555 +01:00 [INF] Like count retrieved successfully for PostId: 2, Count: 0
2024-11-28 11:44:47.583 +01:00 [INF] Executing OkObjectResult, writing value of type 'System.Int32'.
2024-11-28 11:44:47.583 +01:00 [INF] Like count retrieved successfully for PostId: 1, Count: 0
2024-11-28 11:44:47.583 +01:00 [INF] Executing OkObjectResult, writing value of type 'System.Int32'.
2024-11-28 11:44:47.583 +01:00 [INF] Executing OkObjectResult, writing value of type 'System.Int32'.
2024-11-28 11:44:47.583 +01:00 [INF] Executed action friendly.Controllers.LikeAPIController.GetLikesCount (api) in 161.1293ms
2024-11-28 11:44:47.583 +01:00 [INF] Executed action friendly.Controllers.LikeAPIController.GetLikesCount (api) in 161.1677ms
2024-11-28 11:44:47.583 +01:00 [INF] Executed action friendly.Controllers.LikeAPIController.GetLikesCount (api) in 161.073ms
2024-11-28 11:44:47.583 +01:00 [INF] Executed endpoint 'friendly.Controllers.LikeAPIController.GetLikesCount (api)'
2024-11-28 11:44:47.583 +01:00 [INF] Executed endpoint 'friendly.Controllers.LikeAPIController.GetLikesCount (api)'
2024-11-28 11:44:47.583 +01:00 [INF] Executed endpoint 'friendly.Controllers.LikeAPIController.GetLikesCount (api)'
2024-11-28 11:44:47.583 +01:00 [INF] Request finished HTTP/1.1 GET http://localhost:5062/api/LikeAPI/likes/1 - 200 1 application/json; charset=utf-8 164.4353ms
2024-11-28 11:44:47.583 +01:00 [INF] Request finished HTTP/1.1 GET http://localhost:5062/api/LikeAPI/likes/2 - 200 1 application/json; charset=utf-8 164.4373ms
2024-11-28 11:44:47.583 +01:00 [INF] Request finished HTTP/1.1 GET http://localhost:5062/api/LikeAPI/likes/3 - 200 1 application/json; charset=utf-8 166.2115ms
2024-11-28 11:44:47.584 +01:00 [INF] Request starting HTTP/1.1 GET http://localhost:5062/api/LikeAPI/likes/3 - null null
2024-11-28 11:44:47.584 +01:00 [INF] Request starting HTTP/1.1 GET http://localhost:5062/api/LikeAPI/likes/2 - null null
2024-11-28 11:44:47.584 +01:00 [INF] CORS policy execution successful.
2024-11-28 11:44:47.584 +01:00 [INF] CORS policy execution successful.
2024-11-28 11:44:47.584 +01:00 [INF] Request starting HTTP/1.1 GET http://localhost:5062/api/LikeAPI/likes/1 - null null
2024-11-28 11:44:47.584 +01:00 [INF] Executing endpoint 'friendly.Controllers.LikeAPIController.GetLikesCount (api)'
2024-11-28 11:44:47.584 +01:00 [INF] Executing endpoint 'friendly.Controllers.LikeAPIController.GetLikesCount (api)'
2024-11-28 11:44:47.584 +01:00 [INF] CORS policy execution successful.
2024-11-28 11:44:47.584 +01:00 [INF] Route matched with {action = "GetLikesCount", controller = "LikeAPI"}. Executing controller action with signature System.Threading.Tasks.Task`1[Microsoft.AspNetCore.Mvc.IActionResult] GetLikesCount(Int32) on controller friendly.Controllers.LikeAPIController (api).
2024-11-28 11:44:47.584 +01:00 [INF] Route matched with {action = "GetLikesCount", controller = "LikeAPI"}. Executing controller action with signature System.Threading.Tasks.Task`1[Microsoft.AspNetCore.Mvc.IActionResult] GetLikesCount(Int32) on controller friendly.Controllers.LikeAPIController (api).
2024-11-28 11:44:47.584 +01:00 [INF] Executing endpoint 'friendly.Controllers.LikeAPIController.GetLikesCount (api)'
2024-11-28 11:44:47.584 +01:00 [INF] Route matched with {action = "GetLikesCount", controller = "LikeAPI"}. Executing controller action with signature System.Threading.Tasks.Task`1[Microsoft.AspNetCore.Mvc.IActionResult] GetLikesCount(Int32) on controller friendly.Controllers.LikeAPIController (api).
2024-11-28 11:44:47.590 +01:00 [INF] Like count retrieved successfully for PostId: 2, Count: 0
2024-11-28 11:44:47.614 +01:00 [INF] Executing OkObjectResult, writing value of type 'System.Int32'.
2024-11-28 11:44:47.614 +01:00 [INF] Like count retrieved successfully for PostId: 3, Count: 0
2024-11-28 11:44:47.615 +01:00 [INF] Like count retrieved successfully for PostId: 1, Count: 0
2024-11-28 11:44:47.615 +01:00 [INF] Executing OkObjectResult, writing value of type 'System.Int32'.
2024-11-28 11:44:47.615 +01:00 [INF] Executing OkObjectResult, writing value of type 'System.Int32'.
2024-11-28 11:44:47.615 +01:00 [INF] Executed action friendly.Controllers.LikeAPIController.GetLikesCount (api) in 30.8387ms
2024-11-28 11:44:47.615 +01:00 [INF] Executed action friendly.Controllers.LikeAPIController.GetLikesCount (api) in 30.7457ms
2024-11-28 11:44:47.615 +01:00 [INF] Executed action friendly.Controllers.LikeAPIController.GetLikesCount (api) in 30.8161ms
2024-11-28 11:44:47.615 +01:00 [INF] Executed endpoint 'friendly.Controllers.LikeAPIController.GetLikesCount (api)'
2024-11-28 11:44:47.615 +01:00 [INF] Executed endpoint 'friendly.Controllers.LikeAPIController.GetLikesCount (api)'
2024-11-28 11:44:47.615 +01:00 [INF] Executed endpoint 'friendly.Controllers.LikeAPIController.GetLikesCount (api)'
2024-11-28 11:44:47.615 +01:00 [INF] Request finished HTTP/1.1 GET http://localhost:5062/api/LikeAPI/likes/3 - 200 1 application/json; charset=utf-8 31.4062ms
2024-11-28 11:44:47.615 +01:00 [INF] Request finished HTTP/1.1 GET http://localhost:5062/api/LikeAPI/likes/2 - 200 1 application/json; charset=utf-8 31.3361ms
2024-11-28 11:44:47.615 +01:00 [INF] Request finished HTTP/1.1 GET http://localhost:5062/api/LikeAPI/likes/1 - 200 1 application/json; charset=utf-8 31.2019ms
