2024-11-27 16:47:28.297 +01:00 [WRN] The ASP.NET Core developer certificate is not trusted. For information about trusting the ASP.NET Core developer certificate, see https://aka.ms/aspnet/https-trust-dev-cert.
2024-11-27 16:47:28.319 +01:00 [INF] Now listening on: https://localhost:7046
2024-11-27 16:47:28.320 +01:00 [INF] Now listening on: http://localhost:5062
2024-11-27 16:47:28.323 +01:00 [INF] Application started. Press Ctrl+C to shut down.
2024-11-27 16:47:28.323 +01:00 [INF] Hosting environment: Development
2024-11-27 16:47:28.324 +01:00 [INF] Content root path: C:\Users\Kristoffer\Documents\GitHub\friendlyreact\api
2024-11-27 16:47:37.129 +01:00 [INF] Request starting HTTP/1.1 GET http://localhost:5062/ - null null
2024-11-27 16:47:37.150 +01:00 [INF] Request finished HTTP/1.1 GET http://localhost:5062/ - 404 0 null 21.5775ms
2024-11-27 16:47:37.152 +01:00 [INF] Request reached the end of the middleware pipeline without being handled by application code. Request path: GET http://localhost:5062/, Response status code: 404
2024-11-27 16:47:50.272 +01:00 [INF] Request starting HTTP/1.1 GET http://localhost:5062/ - null null
2024-11-27 16:47:50.273 +01:00 [INF] Request finished HTTP/1.1 GET http://localhost:5062/ - 404 0 null 1.1841ms
2024-11-27 16:47:50.273 +01:00 [INF] Request reached the end of the middleware pipeline without being handled by application code. Request path: GET http://localhost:5062/, Response status code: 404
2024-11-27 17:27:44.681 +01:00 [INF] Request starting HTTP/1.1 GET http://localhost:5062/ - null null
2024-11-27 17:27:44.685 +01:00 [INF] Request finished HTTP/1.1 GET http://localhost:5062/ - 404 0 null 3.4214ms
2024-11-27 17:27:44.685 +01:00 [INF] Request reached the end of the middleware pipeline without being handled by application code. Request path: GET http://localhost:5062/, Response status code: 404
2024-11-27 17:28:03.459 +01:00 [INF] Request starting HTTP/1.1 GET http://localhost:5062/PostListPage - null null
2024-11-27 17:28:03.461 +01:00 [INF] Request finished HTTP/1.1 GET http://localhost:5062/PostListPage - 404 0 null 1.8225ms
2024-11-27 17:28:03.461 +01:00 [INF] Request reached the end of the middleware pipeline without being handled by application code. Request path: GET http://localhost:5062/PostListPage, Response status code: 404
2024-11-27 17:28:07.346 +01:00 [INF] Request starting HTTP/1.1 GET http://localhost:5062/PostListPage.jsx - null null
2024-11-27 17:28:07.351 +01:00 [INF] Request finished HTTP/1.1 GET http://localhost:5062/PostListPage.jsx - 404 0 null 5.3276ms
2024-11-27 17:28:07.351 +01:00 [INF] Request reached the end of the middleware pipeline without being handled by application code. Request path: GET http://localhost:5062/PostListPage.jsx, Response status code: 404
2024-11-27 17:28:38.683 +01:00 [INF] Request starting HTTP/1.1 GET http://localhost:5062/swagger/index.html - null null
2024-11-27 17:28:38.707 +01:00 [INF] Request finished HTTP/1.1 GET http://localhost:5062/swagger/index.html - 200 null text/html;charset=utf-8 24.7958ms
2024-11-27 17:28:38.770 +01:00 [INF] Request starting HTTP/1.1 GET http://localhost:5062/swagger/v1/swagger.json - null null
2024-11-27 17:28:38.795 +01:00 [INF] Request finished HTTP/1.1 GET http://localhost:5062/swagger/v1/swagger.json - 200 null application/json;charset=utf-8 24.2187ms
2024-11-27 17:28:43.545 +01:00 [INF] Request starting HTTP/1.1 GET http://localhost:5062/api/PostAPI/postlist - null null
2024-11-27 17:28:43.549 +01:00 [INF] Executing endpoint 'friendly.Controllers.PostAPIController.PostList (api)'
2024-11-27 17:28:43.562 +01:00 [INF] Route matched with {action = "PostList", controller = "PostAPI"}. Executing controller action with signature System.Threading.Tasks.Task`1[Microsoft.AspNetCore.Mvc.IActionResult] PostList() on controller friendly.Controllers.PostAPIController (api).
2024-11-27 17:28:44.013 +01:00 [INF] Executing OkObjectResult, writing value of type 'System.Linq.Enumerable+SelectListIterator`2[[friendly.Models.Post, api, Version=0.0.0.0, Culture=neutral, PublicKeyToken=null],[friendly.DTOs.PostDto, api, Version=0.0.0.0, Culture=neutral, PublicKeyToken=null]]'.
2024-11-27 17:28:44.052 +01:00 [INF] Executed action friendly.Controllers.PostAPIController.PostList (api) in 488.749ms
2024-11-27 17:28:44.053 +01:00 [INF] Executed endpoint 'friendly.Controllers.PostAPIController.PostList (api)'
2024-11-27 17:28:44.057 +01:00 [INF] Request finished HTTP/1.1 GET http://localhost:5062/api/PostAPI/postlist - 200 500 application/json; charset=utf-8 512.2535ms
2024-11-27 17:29:02.697 +01:00 [INF] Request starting HTTP/1.1 GET http://localhost:5062/Posts/PostListPage.jsx - null null
2024-11-27 17:29:02.697 +01:00 [INF] Request finished HTTP/1.1 GET http://localhost:5062/Posts/PostListPage.jsx - 404 0 null 0.669ms
2024-11-27 17:29:02.697 +01:00 [INF] Request reached the end of the middleware pipeline without being handled by application code. Request path: GET http://localhost:5062/Posts/PostListPage.jsx, Response status code: 404
2024-11-27 17:29:05.195 +01:00 [INF] Request starting HTTP/1.1 GET http://localhost:5062/Posts/PostListPage - null null
2024-11-27 17:29:05.195 +01:00 [INF] Request finished HTTP/1.1 GET http://localhost:5062/Posts/PostListPage - 404 0 null 0.4143ms
2024-11-27 17:29:05.195 +01:00 [INF] Request reached the end of the middleware pipeline without being handled by application code. Request path: GET http://localhost:5062/Posts/PostListPage, Response status code: 404
2024-11-27 17:30:24.172 +01:00 [INF] Request starting HTTP/1.1 GET http://localhost:5062/home/index - null null
2024-11-27 17:30:24.176 +01:00 [INF] Executing endpoint 'friendly.Controllers.HomeController.Index (api)'
2024-11-27 17:30:24.177 +01:00 [INF] Route matched with {action = "Index", controller = "Home"}. Executing controller action with signature Microsoft.AspNetCore.Mvc.IActionResult Index() on controller friendly.Controllers.HomeController (api).
