2024-11-30 14:54:21.685 +01:00 [INF] User profile is available. Using 'C:\Users\Kristoffer\AppData\Local\ASP.NET\DataProtection-Keys' as key repository and Windows DPAPI to encrypt keys at rest.
2024-11-30 14:54:22.834 +01:00 [WRN] The ASP.NET Core developer certificate is not trusted. For information about trusting the ASP.NET Core developer certificate, see https://aka.ms/aspnet/https-trust-dev-cert.
2024-11-30 14:54:22.851 +01:00 [INF] Now listening on: https://localhost:7046
2024-11-30 14:54:22.852 +01:00 [INF] Now listening on: http://localhost:5062
2024-11-30 14:54:22.855 +01:00 [INF] Application started. Press Ctrl+C to shut down.
2024-11-30 14:54:22.856 +01:00 [INF] Hosting environment: Development
2024-11-30 14:54:22.857 +01:00 [INF] Content root path: C:\Users\Kristoffer\Documents\TestFriendly\api
2024-11-30 14:54:22.954 +01:00 [INF] Request starting HTTP/1.1 GET http://localhost:5062/api/PostAPI/postlist - null null
2024-11-30 14:54:22.970 +01:00 [INF] CORS policy execution successful.
2024-11-30 14:54:22.974 +01:00 [INF] Executing endpoint 'friendly.Controllers.PostAPIController.PostList (api)'
2024-11-30 14:54:22.979 +01:00 [INF] Route matched with {action = "PostList", controller = "PostAPI"}. Executing controller action with signature System.Threading.Tasks.Task`1[Microsoft.AspNetCore.Mvc.IActionResult] PostList() on controller friendly.Controllers.PostAPIController (api).
2024-11-30 14:54:22.986 +01:00 [INF] Request starting HTTP/1.1 GET http://localhost:5062/api/UserAPI/userlist - null null
2024-11-30 14:54:22.988 +01:00 [INF] Request starting HTTP/1.1 GET http://localhost:5062/api/CommentAPI/commentlist - null null
2024-11-30 14:54:22.989 +01:00 [INF] CORS policy execution successful.
2024-11-30 14:54:22.989 +01:00 [INF] CORS policy execution successful.
2024-11-30 14:54:22.989 +01:00 [INF] Executing endpoint 'friendly.Controllers.UserAPIController.UserList (api)'
2024-11-30 14:54:22.989 +01:00 [INF] Executing endpoint 'friendly.Controllers.CommentAPIController.CommentList (api)'
2024-11-30 14:54:22.991 +01:00 [INF] Route matched with {action = "CommentList", controller = "CommentAPI"}. Executing controller action with signature System.Threading.Tasks.Task`1[Microsoft.AspNetCore.Mvc.IActionResult] CommentList() on controller friendly.Controllers.CommentAPIController (api).
2024-11-30 14:54:22.991 +01:00 [INF] Route matched with {action = "UserList", controller = "UserAPI"}. Executing controller action with signature System.Threading.Tasks.Task`1[Microsoft.AspNetCore.Mvc.IActionResult] UserList() on controller friendly.Controllers.UserAPIController (api).
2024-11-30 14:54:23.014 +01:00 [INF] Executing OkObjectResult, writing value of type 'System.Linq.Enumerable+SelectListIterator`2[[friendly.Models.Post, api, Version=0.0.0.0, Culture=neutral, PublicKeyToken=null],[friendly.DTOs.PostDto, api, Version=0.0.0.0, Culture=neutral, PublicKeyToken=null]]'.
2024-11-30 14:54:23.014 +01:00 [INF] Executing OkObjectResult, writing value of type 'System.Linq.Enumerable+SelectListIterator`2[[friendly.Models.User, api, Version=0.0.0.0, Culture=neutral, PublicKeyToken=null],[friendly.DTOs.UserDto, api, Version=0.0.0.0, Culture=neutral, PublicKeyToken=null]]'.
2024-11-30 14:54:23.014 +01:00 [INF] Executing OkObjectResult, writing value of type 'System.Linq.Enumerable+SelectListIterator`2[[friendly.Models.Comment, api, Version=0.0.0.0, Culture=neutral, PublicKeyToken=null],[friendly.DTOs.CommentDto, api, Version=0.0.0.0, Culture=neutral, PublicKeyToken=null]]'.
2024-11-30 14:54:23.054 +01:00 [INF] Request starting HTTP/1.1 GET http://localhost:5062/api/UserAPI/userlist - null null
2024-11-30 14:54:23.057 +01:00 [INF] Request starting HTTP/1.1 GET http://localhost:5062/api/LikeAPI/likes/2 - null null
2024-11-30 14:54:23.057 +01:00 [INF] Executed action friendly.Controllers.CommentAPIController.CommentList (api) in 61.8345ms
2024-11-30 14:54:23.058 +01:00 [INF] CORS policy execution successful.
2024-11-30 14:54:23.058 +01:00 [INF] Executed action friendly.Controllers.UserAPIController.UserList (api) in 61.8208ms
2024-11-30 14:54:23.058 +01:00 [INF] Executed action friendly.Controllers.PostAPIController.PostList (api) in 73.1407ms
2024-11-30 14:54:23.061 +01:00 [INF] Executed endpoint 'friendly.Controllers.UserAPIController.UserList (api)'
2024-11-30 14:54:23.058 +01:00 [INF] CORS policy execution successful.
2024-11-30 14:54:23.060 +01:00 [INF] Executed endpoint 'friendly.Controllers.CommentAPIController.CommentList (api)'
2024-11-30 14:54:23.059 +01:00 [INF] Request starting HTTP/1.1 GET http://localhost:5062/api/LikeAPI/likes/3 - null null
2024-11-30 14:54:23.061 +01:00 [INF] Executed endpoint 'friendly.Controllers.PostAPIController.PostList (api)'
2024-11-30 14:54:23.061 +01:00 [INF] CORS policy execution successful.
2024-11-30 14:54:23.062 +01:00 [INF] Executing endpoint 'friendly.Controllers.UserAPIController.UserList (api)'
2024-11-30 14:54:23.062 +01:00 [INF] Executing endpoint 'friendly.Controllers.LikeAPIController.GetLikesCount (api)'
2024-11-30 14:54:23.062 +01:00 [INF] Executing endpoint 'friendly.Controllers.LikeAPIController.GetLikesCount (api)'
2024-11-30 14:54:23.062 +01:00 [INF] Route matched with {action = "UserList", controller = "UserAPI"}. Executing controller action with signature System.Threading.Tasks.Task`1[Microsoft.AspNetCore.Mvc.IActionResult] UserList() on controller friendly.Controllers.UserAPIController (api).
2024-11-30 14:54:23.065 +01:00 [INF] Request finished HTTP/1.1 GET http://localhost:5062/api/CommentAPI/commentlist - 200 447 application/json; charset=utf-8 77.0084ms
2024-11-30 14:54:23.065 +01:00 [INF] Request finished HTTP/1.1 GET http://localhost:5062/api/UserAPI/userlist - 200 1221 application/json; charset=utf-8 78.6199ms
2024-11-30 14:54:23.065 +01:00 [INF] Request finished HTTP/1.1 GET http://localhost:5062/api/PostAPI/postlist - 200 530 application/json; charset=utf-8 111.6132ms
2024-11-30 14:54:23.066 +01:00 [INF] Request starting HTTP/1.1 GET http://localhost:5062/api/PostAPI/postlist - null null
2024-11-30 14:54:23.066 +01:00 [INF] Request starting HTTP/1.1 GET http://localhost:5062/api/CommentAPI/commentlist - null null
2024-11-30 14:54:23.066 +01:00 [INF] Request starting HTTP/1.1 GET http://localhost:5062/api/LikeAPI/likes/1 - null null
2024-11-30 14:54:23.067 +01:00 [INF] CORS policy execution successful.
2024-11-30 14:54:23.067 +01:00 [INF] Executing endpoint 'friendly.Controllers.LikeAPIController.GetLikesCount (api)'
2024-11-30 14:54:23.067 +01:00 [INF] CORS policy execution successful.
2024-11-30 14:54:23.067 +01:00 [INF] Executing endpoint 'friendly.Controllers.PostAPIController.PostList (api)'
2024-11-30 14:54:23.067 +01:00 [INF] Route matched with {action = "PostList", controller = "PostAPI"}. Executing controller action with signature System.Threading.Tasks.Task`1[Microsoft.AspNetCore.Mvc.IActionResult] PostList() on controller friendly.Controllers.PostAPIController (api).
2024-11-30 14:54:23.067 +01:00 [INF] CORS policy execution successful.
2024-11-30 14:54:23.067 +01:00 [INF] Executing endpoint 'friendly.Controllers.CommentAPIController.CommentList (api)'
2024-11-30 14:54:23.067 +01:00 [INF] Route matched with {action = "CommentList", controller = "CommentAPI"}. Executing controller action with signature System.Threading.Tasks.Task`1[Microsoft.AspNetCore.Mvc.IActionResult] CommentList() on controller friendly.Controllers.CommentAPIController (api).
2024-11-30 14:54:23.068 +01:00 [INF] Route matched with {action = "GetLikesCount", controller = "LikeAPI"}. Executing controller action with signature System.Threading.Tasks.Task`1[Microsoft.AspNetCore.Mvc.IActionResult] GetLikesCount(Int32) on controller friendly.Controllers.LikeAPIController (api).
2024-11-30 14:54:23.068 +01:00 [INF] Route matched with {action = "GetLikesCount", controller = "LikeAPI"}. Executing controller action with signature System.Threading.Tasks.Task`1[Microsoft.AspNetCore.Mvc.IActionResult] GetLikesCount(Int32) on controller friendly.Controllers.LikeAPIController (api).
2024-11-30 14:54:23.069 +01:00 [INF] Route matched with {action = "GetLikesCount", controller = "LikeAPI"}. Executing controller action with signature System.Threading.Tasks.Task`1[Microsoft.AspNetCore.Mvc.IActionResult] GetLikesCount(Int32) on controller friendly.Controllers.LikeAPIController (api).
2024-11-30 14:54:23.088 +01:00 [INF] Executing OkObjectResult, writing value of type 'System.Linq.Enumerable+SelectListIterator`2[[friendly.Models.User, api, Version=0.0.0.0, Culture=neutral, PublicKeyToken=null],[friendly.DTOs.UserDto, api, Version=0.0.0.0, Culture=neutral, PublicKeyToken=null]]'.
2024-11-30 14:54:23.088 +01:00 [INF] Executing OkObjectResult, writing value of type 'System.Linq.Enumerable+SelectListIterator`2[[friendly.Models.Comment, api, Version=0.0.0.0, Culture=neutral, PublicKeyToken=null],[friendly.DTOs.CommentDto, api, Version=0.0.0.0, Culture=neutral, PublicKeyToken=null]]'.
2024-11-30 14:54:23.090 +01:00 [INF] Executing OkObjectResult, writing value of type 'System.Linq.Enumerable+SelectListIterator`2[[friendly.Models.Post, api, Version=0.0.0.0, Culture=neutral, PublicKeyToken=null],[friendly.DTOs.PostDto, api, Version=0.0.0.0, Culture=neutral, PublicKeyToken=null]]'.
2024-11-30 14:54:23.090 +01:00 [INF] Executed action friendly.Controllers.UserAPIController.UserList (api) in 28.4508ms
2024-11-30 14:54:23.090 +01:00 [INF] Executed action friendly.Controllers.PostAPIController.PostList (api) in 23.4053ms
2024-11-30 14:54:23.090 +01:00 [INF] Executed action friendly.Controllers.CommentAPIController.CommentList (api) in 23.1697ms
2024-11-30 14:54:23.090 +01:00 [INF] Executed endpoint 'friendly.Controllers.PostAPIController.PostList (api)'
2024-11-30 14:54:23.090 +01:00 [INF] Executed endpoint 'friendly.Controllers.UserAPIController.UserList (api)'
2024-11-30 14:54:23.090 +01:00 [INF] Executed endpoint 'friendly.Controllers.CommentAPIController.CommentList (api)'
2024-11-30 14:54:23.091 +01:00 [INF] Request finished HTTP/1.1 GET http://localhost:5062/api/CommentAPI/commentlist - 200 447 application/json; charset=utf-8 24.2618ms
2024-11-30 14:54:23.091 +01:00 [INF] Request finished HTTP/1.1 GET http://localhost:5062/api/UserAPI/userlist - 200 1221 application/json; charset=utf-8 36.6165ms
2024-11-30 14:54:23.091 +01:00 [INF] Request finished HTTP/1.1 GET http://localhost:5062/api/PostAPI/postlist - 200 530 application/json; charset=utf-8 24.2627ms
2024-11-30 14:54:23.111 +01:00 [INF] Like count retrieved successfully for PostId: 1, Count: 0
2024-11-30 14:54:23.112 +01:00 [INF] Executing OkObjectResult, writing value of type 'System.Int32'.
2024-11-30 14:54:23.112 +01:00 [INF] Like count retrieved successfully for PostId: 2, Count: 0
2024-11-30 14:54:23.112 +01:00 [INF] Executing OkObjectResult, writing value of type 'System.Int32'.
2024-11-30 14:54:23.113 +01:00 [INF] Like count retrieved successfully for PostId: 3, Count: 0
2024-11-30 14:54:23.113 +01:00 [INF] Executed action friendly.Controllers.LikeAPIController.GetLikesCount (api) in 43.6143ms
2024-11-30 14:54:23.113 +01:00 [INF] Executed action friendly.Controllers.LikeAPIController.GetLikesCount (api) in 45.0958ms
2024-11-30 14:54:23.113 +01:00 [INF] Executed endpoint 'friendly.Controllers.LikeAPIController.GetLikesCount (api)'
2024-11-30 14:54:23.113 +01:00 [INF] Executing OkObjectResult, writing value of type 'System.Int32'.
2024-11-30 14:54:23.113 +01:00 [INF] Executed endpoint 'friendly.Controllers.LikeAPIController.GetLikesCount (api)'
2024-11-30 14:54:23.113 +01:00 [INF] Request finished HTTP/1.1 GET http://localhost:5062/api/LikeAPI/likes/1 - 200 1 application/json; charset=utf-8 46.397ms
2024-11-30 14:54:23.113 +01:00 [INF] Executed action friendly.Controllers.LikeAPIController.GetLikesCount (api) in 45.1183ms
2024-11-30 14:54:23.113 +01:00 [INF] Request finished HTTP/1.1 GET http://localhost:5062/api/LikeAPI/likes/2 - 200 1 application/json; charset=utf-8 56.3027ms
2024-11-30 14:54:23.113 +01:00 [INF] Executed endpoint 'friendly.Controllers.LikeAPIController.GetLikesCount (api)'
2024-11-30 14:54:23.113 +01:00 [INF] Request finished HTTP/1.1 GET http://localhost:5062/api/LikeAPI/likes/3 - 200 1 application/json; charset=utf-8 54.5691ms
2024-11-30 14:54:23.114 +01:00 [INF] Request starting HTTP/1.1 GET http://localhost:5062/api/LikeAPI/likes/1 - null null
2024-11-30 14:54:23.114 +01:00 [INF] Request starting HTTP/1.1 GET http://localhost:5062/api/LikeAPI/likes/2 - null null
2024-11-30 14:54:23.114 +01:00 [INF] Request starting HTTP/1.1 GET http://localhost:5062/api/LikeAPI/likes/3 - null null
2024-11-30 14:54:23.114 +01:00 [INF] CORS policy execution successful.
2024-11-30 14:54:23.114 +01:00 [INF] CORS policy execution successful.
2024-11-30 14:54:23.114 +01:00 [INF] CORS policy execution successful.
2024-11-30 14:54:23.114 +01:00 [INF] Executing endpoint 'friendly.Controllers.LikeAPIController.GetLikesCount (api)'
2024-11-30 14:54:23.114 +01:00 [INF] Executing endpoint 'friendly.Controllers.LikeAPIController.GetLikesCount (api)'
2024-11-30 14:54:23.114 +01:00 [INF] Executing endpoint 'friendly.Controllers.LikeAPIController.GetLikesCount (api)'
2024-11-30 14:54:23.115 +01:00 [INF] Route matched with {action = "GetLikesCount", controller = "LikeAPI"}. Executing controller action with signature System.Threading.Tasks.Task`1[Microsoft.AspNetCore.Mvc.IActionResult] GetLikesCount(Int32) on controller friendly.Controllers.LikeAPIController (api).
2024-11-30 14:54:23.115 +01:00 [INF] Route matched with {action = "GetLikesCount", controller = "LikeAPI"}. Executing controller action with signature System.Threading.Tasks.Task`1[Microsoft.AspNetCore.Mvc.IActionResult] GetLikesCount(Int32) on controller friendly.Controllers.LikeAPIController (api).
2024-11-30 14:54:23.115 +01:00 [INF] Route matched with {action = "GetLikesCount", controller = "LikeAPI"}. Executing controller action with signature System.Threading.Tasks.Task`1[Microsoft.AspNetCore.Mvc.IActionResult] GetLikesCount(Int32) on controller friendly.Controllers.LikeAPIController (api).
2024-11-30 14:54:23.121 +01:00 [INF] Like count retrieved successfully for PostId: 3, Count: 0
2024-11-30 14:54:23.151 +01:00 [INF] Like count retrieved successfully for PostId: 2, Count: 0
2024-11-30 14:54:23.150 +01:00 [INF] Executing OkObjectResult, writing value of type 'System.Int32'.
2024-11-30 14:54:23.151 +01:00 [INF] Like count retrieved successfully for PostId: 1, Count: 0
2024-11-30 14:54:23.151 +01:00 [INF] Executing OkObjectResult, writing value of type 'System.Int32'.
2024-11-30 14:54:23.151 +01:00 [INF] Executing OkObjectResult, writing value of type 'System.Int32'.
2024-11-30 14:54:23.151 +01:00 [INF] Executed action friendly.Controllers.LikeAPIController.GetLikesCount (api) in 36.755ms
2024-11-30 14:54:23.151 +01:00 [INF] Executed action friendly.Controllers.LikeAPIController.GetLikesCount (api) in 36.738ms
2024-11-30 14:54:23.151 +01:00 [INF] Executed action friendly.Controllers.LikeAPIController.GetLikesCount (api) in 36.7692ms
2024-11-30 14:54:23.151 +01:00 [INF] Executed endpoint 'friendly.Controllers.LikeAPIController.GetLikesCount (api)'
2024-11-30 14:54:23.151 +01:00 [INF] Executed endpoint 'friendly.Controllers.LikeAPIController.GetLikesCount (api)'
2024-11-30 14:54:23.151 +01:00 [INF] Executed endpoint 'friendly.Controllers.LikeAPIController.GetLikesCount (api)'
2024-11-30 14:54:23.152 +01:00 [INF] Request finished HTTP/1.1 GET http://localhost:5062/api/LikeAPI/likes/2 - 200 1 application/json; charset=utf-8 37.5366ms
2024-11-30 14:54:23.152 +01:00 [INF] Request finished HTTP/1.1 GET http://localhost:5062/api/LikeAPI/likes/3 - 200 1 application/json; charset=utf-8 37.4467ms
2024-11-30 14:54:23.152 +01:00 [INF] Request finished HTTP/1.1 GET http://localhost:5062/api/LikeAPI/likes/1 - 200 1 application/json; charset=utf-8 37.5367ms
2024-11-30 14:54:25.154 +01:00 [INF] Request starting HTTP/1.1 OPTIONS http://localhost:5062/api/likeapi/create - null null
2024-11-30 14:54:25.155 +01:00 [INF] CORS policy execution successful.
2024-11-30 14:54:25.156 +01:00 [INF] Request finished HTTP/1.1 OPTIONS http://localhost:5062/api/likeapi/create - 204 null null 1.3074ms
2024-11-30 14:54:25.157 +01:00 [INF] Request starting HTTP/1.1 POST http://localhost:5062/api/likeapi/create - application/json 60
2024-11-30 14:54:25.157 +01:00 [INF] CORS policy execution successful.
2024-11-30 14:54:25.158 +01:00 [INF] Executing endpoint 'friendly.Controllers.LikeAPIController.CreateLike (api)'
2024-11-30 14:54:25.161 +01:00 [INF] Route matched with {action = "CreateLike", controller = "LikeAPI"}. Executing controller action with signature System.Threading.Tasks.Task`1[Microsoft.AspNetCore.Mvc.IActionResult] CreateLike(friendly.DTOs.LikeDto) on controller friendly.Controllers.LikeAPIController (api).
2024-11-30 14:54:25.233 +01:00 [INF] Like created successfully for PostId: 1 and UserId: b2614610-a4d1-4161-8bd3-3503fcf972e3
2024-11-30 14:54:25.233 +01:00 [INF] Executing OkObjectResult, writing value of type '<>f__AnonymousType1`1[[System.String, System.Private.CoreLib, Version=8.0.0.0, Culture=neutral, PublicKeyToken=7cec85d7bea7798e]]'.
2024-11-30 14:54:25.238 +01:00 [INF] Executed action friendly.Controllers.LikeAPIController.CreateLike (api) in 76.9616ms
2024-11-30 14:54:25.238 +01:00 [INF] Executed endpoint 'friendly.Controllers.LikeAPIController.CreateLike (api)'
2024-11-30 14:54:25.239 +01:00 [INF] Request finished HTTP/1.1 POST http://localhost:5062/api/likeapi/create - 200 39 application/json; charset=utf-8 81.3951ms
2024-11-30 14:54:26.892 +01:00 [INF] Request starting HTTP/1.1 GET http://localhost:5062/api/UserAPI/userlist - null null
2024-11-30 14:54:26.892 +01:00 [INF] Request starting HTTP/1.1 GET http://localhost:5062/api/CommentAPI/commentlist - null null
2024-11-30 14:54:26.892 +01:00 [INF] Request starting HTTP/1.1 GET http://localhost:5062/api/PostAPI/postlist - null null
2024-11-30 14:54:26.893 +01:00 [INF] CORS policy execution successful.
2024-11-30 14:54:26.893 +01:00 [INF] CORS policy execution successful.
2024-11-30 14:54:26.893 +01:00 [INF] CORS policy execution successful.
2024-11-30 14:54:26.893 +01:00 [INF] Executing endpoint 'friendly.Controllers.UserAPIController.UserList (api)'
2024-11-30 14:54:26.893 +01:00 [INF] Executing endpoint 'friendly.Controllers.CommentAPIController.CommentList (api)'
2024-11-30 14:54:26.893 +01:00 [INF] Executing endpoint 'friendly.Controllers.PostAPIController.PostList (api)'
2024-11-30 14:54:26.893 +01:00 [INF] Route matched with {action = "UserList", controller = "UserAPI"}. Executing controller action with signature System.Threading.Tasks.Task`1[Microsoft.AspNetCore.Mvc.IActionResult] UserList() on controller friendly.Controllers.UserAPIController (api).
2024-11-30 14:54:26.893 +01:00 [INF] Route matched with {action = "CommentList", controller = "CommentAPI"}. Executing controller action with signature System.Threading.Tasks.Task`1[Microsoft.AspNetCore.Mvc.IActionResult] CommentList() on controller friendly.Controllers.CommentAPIController (api).
2024-11-30 14:54:26.893 +01:00 [INF] Route matched with {action = "PostList", controller = "PostAPI"}. Executing controller action with signature System.Threading.Tasks.Task`1[Microsoft.AspNetCore.Mvc.IActionResult] PostList() on controller friendly.Controllers.PostAPIController (api).
2024-11-30 14:54:26.899 +01:00 [INF] Executing OkObjectResult, writing value of type 'System.Linq.Enumerable+SelectListIterator`2[[friendly.Models.Comment, api, Version=0.0.0.0, Culture=neutral, PublicKeyToken=null],[friendly.DTOs.CommentDto, api, Version=0.0.0.0, Culture=neutral, PublicKeyToken=null]]'.
2024-11-30 14:54:26.899 +01:00 [INF] Executing OkObjectResult, writing value of type 'System.Linq.Enumerable+SelectListIterator`2[[friendly.Models.Post, api, Version=0.0.0.0, Culture=neutral, PublicKeyToken=null],[friendly.DTOs.PostDto, api, Version=0.0.0.0, Culture=neutral, PublicKeyToken=null]]'.
2024-11-30 14:54:26.899 +01:00 [INF] Executing OkObjectResult, writing value of type 'System.Linq.Enumerable+SelectListIterator`2[[friendly.Models.User, api, Version=0.0.0.0, Culture=neutral, PublicKeyToken=null],[friendly.DTOs.UserDto, api, Version=0.0.0.0, Culture=neutral, PublicKeyToken=null]]'.
2024-11-30 14:54:26.899 +01:00 [INF] Executed action friendly.Controllers.CommentAPIController.CommentList (api) in 6.0203ms
2024-11-30 14:54:26.899 +01:00 [INF] Executed action friendly.Controllers.PostAPIController.PostList (api) in 5.9973ms
2024-11-30 14:54:26.899 +01:00 [INF] Executed endpoint 'friendly.Controllers.CommentAPIController.CommentList (api)'
2024-11-30 14:54:26.899 +01:00 [INF] Executed endpoint 'friendly.Controllers.PostAPIController.PostList (api)'
2024-11-30 14:54:26.900 +01:00 [INF] Request finished HTTP/1.1 GET http://localhost:5062/api/PostAPI/postlist - 200 530 application/json; charset=utf-8 7.3046ms
2024-11-30 14:54:26.900 +01:00 [INF] Request finished HTTP/1.1 GET http://localhost:5062/api/CommentAPI/commentlist - 200 447 application/json; charset=utf-8 7.297ms
2024-11-30 14:54:26.900 +01:00 [INF] Executed action friendly.Controllers.UserAPIController.UserList (api) in 6.3396ms
2024-11-30 14:54:26.900 +01:00 [INF] Executed endpoint 'friendly.Controllers.UserAPIController.UserList (api)'
2024-11-30 14:54:26.900 +01:00 [INF] Request finished HTTP/1.1 GET http://localhost:5062/api/UserAPI/userlist - 200 1221 application/json; charset=utf-8 7.5129ms
2024-11-30 14:54:26.900 +01:00 [INF] Request starting HTTP/1.1 GET http://localhost:5062/api/CommentAPI/commentlist - null null
2024-11-30 14:54:26.900 +01:00 [INF] Request starting HTTP/1.1 GET http://localhost:5062/api/PostAPI/postlist - null null
2024-11-30 14:54:26.900 +01:00 [INF] CORS policy execution successful.
2024-11-30 14:54:26.900 +01:00 [INF] CORS policy execution successful.
2024-11-30 14:54:26.900 +01:00 [INF] Request starting HTTP/1.1 GET http://localhost:5062/api/UserAPI/userlist - null null
2024-11-30 14:54:26.900 +01:00 [INF] CORS policy execution successful.
2024-11-30 14:54:26.900 +01:00 [INF] Executing endpoint 'friendly.Controllers.CommentAPIController.CommentList (api)'
2024-11-30 14:54:26.900 +01:00 [INF] Executing endpoint 'friendly.Controllers.PostAPIController.PostList (api)'
2024-11-30 14:54:26.900 +01:00 [INF] Executing endpoint 'friendly.Controllers.UserAPIController.UserList (api)'
2024-11-30 14:54:26.900 +01:00 [INF] Route matched with {action = "CommentList", controller = "CommentAPI"}. Executing controller action with signature System.Threading.Tasks.Task`1[Microsoft.AspNetCore.Mvc.IActionResult] CommentList() on controller friendly.Controllers.CommentAPIController (api).
2024-11-30 14:54:26.901 +01:00 [INF] Route matched with {action = "UserList", controller = "UserAPI"}. Executing controller action with signature System.Threading.Tasks.Task`1[Microsoft.AspNetCore.Mvc.IActionResult] UserList() on controller friendly.Controllers.UserAPIController (api).
2024-11-30 14:54:26.901 +01:00 [INF] Route matched with {action = "PostList", controller = "PostAPI"}. Executing controller action with signature System.Threading.Tasks.Task`1[Microsoft.AspNetCore.Mvc.IActionResult] PostList() on controller friendly.Controllers.PostAPIController (api).
2024-11-30 14:54:26.905 +01:00 [INF] Executing OkObjectResult, writing value of type 'System.Linq.Enumerable+SelectListIterator`2[[friendly.Models.Post, api, Version=0.0.0.0, Culture=neutral, PublicKeyToken=null],[friendly.DTOs.PostDto, api, Version=0.0.0.0, Culture=neutral, PublicKeyToken=null]]'.
2024-11-30 14:54:26.905 +01:00 [INF] Executing OkObjectResult, writing value of type 'System.Linq.Enumerable+SelectListIterator`2[[friendly.Models.Comment, api, Version=0.0.0.0, Culture=neutral, PublicKeyToken=null],[friendly.DTOs.CommentDto, api, Version=0.0.0.0, Culture=neutral, PublicKeyToken=null]]'.
2024-11-30 14:54:26.905 +01:00 [INF] Executing OkObjectResult, writing value of type 'System.Linq.Enumerable+SelectListIterator`2[[friendly.Models.User, api, Version=0.0.0.0, Culture=neutral, PublicKeyToken=null],[friendly.DTOs.UserDto, api, Version=0.0.0.0, Culture=neutral, PublicKeyToken=null]]'.
2024-11-30 14:54:26.905 +01:00 [INF] Executed action friendly.Controllers.PostAPIController.PostList (api) in 4.2258ms
2024-11-30 14:54:26.905 +01:00 [INF] Executed action friendly.Controllers.UserAPIController.UserList (api) in 4.268ms
2024-11-30 14:54:26.905 +01:00 [INF] Executed action friendly.Controllers.CommentAPIController.CommentList (api) in 4.2705ms
2024-11-30 14:54:26.905 +01:00 [INF] Executed endpoint 'friendly.Controllers.PostAPIController.PostList (api)'
2024-11-30 14:54:26.905 +01:00 [INF] Executed endpoint 'friendly.Controllers.UserAPIController.UserList (api)'
2024-11-30 14:54:26.905 +01:00 [INF] Request finished HTTP/1.1 GET http://localhost:5062/api/PostAPI/postlist - 200 530 application/json; charset=utf-8 4.8713ms
2024-11-30 14:54:26.905 +01:00 [INF] Request finished HTTP/1.1 GET http://localhost:5062/api/UserAPI/userlist - 200 1221 application/json; charset=utf-8 4.6675ms
2024-11-30 14:54:26.905 +01:00 [INF] Executed endpoint 'friendly.Controllers.CommentAPIController.CommentList (api)'
2024-11-30 14:54:26.905 +01:00 [INF] Request finished HTTP/1.1 GET http://localhost:5062/api/CommentAPI/commentlist - 200 447 application/json; charset=utf-8 5.0231ms
2024-11-30 14:54:26.909 +01:00 [INF] Request starting HTTP/1.1 GET http://localhost:5062/api/LikeAPI/likes/1 - null null
2024-11-30 14:54:26.909 +01:00 [INF] Request starting HTTP/1.1 GET http://localhost:5062/api/LikeAPI/likes/2 - null null
2024-11-30 14:54:26.910 +01:00 [INF] CORS policy execution successful.
2024-11-30 14:54:26.910 +01:00 [INF] CORS policy execution successful.
2024-11-30 14:54:26.910 +01:00 [INF] Executing endpoint 'friendly.Controllers.LikeAPIController.GetLikesCount (api)'
2024-11-30 14:54:26.910 +01:00 [INF] Executing endpoint 'friendly.Controllers.LikeAPIController.GetLikesCount (api)'
2024-11-30 14:54:26.910 +01:00 [INF] Route matched with {action = "GetLikesCount", controller = "LikeAPI"}. Executing controller action with signature System.Threading.Tasks.Task`1[Microsoft.AspNetCore.Mvc.IActionResult] GetLikesCount(Int32) on controller friendly.Controllers.LikeAPIController (api).
2024-11-30 14:54:26.910 +01:00 [INF] Route matched with {action = "GetLikesCount", controller = "LikeAPI"}. Executing controller action with signature System.Threading.Tasks.Task`1[Microsoft.AspNetCore.Mvc.IActionResult] GetLikesCount(Int32) on controller friendly.Controllers.LikeAPIController (api).
2024-11-30 14:54:26.910 +01:00 [INF] Request starting HTTP/1.1 GET http://localhost:5062/api/LikeAPI/likes/3 - null null
2024-11-30 14:54:26.910 +01:00 [INF] CORS policy execution successful.
2024-11-30 14:54:26.910 +01:00 [INF] Executing endpoint 'friendly.Controllers.LikeAPIController.GetLikesCount (api)'
2024-11-30 14:54:26.911 +01:00 [INF] Route matched with {action = "GetLikesCount", controller = "LikeAPI"}. Executing controller action with signature System.Threading.Tasks.Task`1[Microsoft.AspNetCore.Mvc.IActionResult] GetLikesCount(Int32) on controller friendly.Controllers.LikeAPIController (api).
2024-11-30 14:54:26.916 +01:00 [INF] Like count retrieved successfully for PostId: 1, Count: 1
2024-11-30 14:54:26.939 +01:00 [INF] Executing OkObjectResult, writing value of type 'System.Int32'.
2024-11-30 14:54:26.939 +01:00 [INF] Like count retrieved successfully for PostId: 3, Count: 0
2024-11-30 14:54:26.940 +01:00 [INF] Like count retrieved successfully for PostId: 2, Count: 0
2024-11-30 14:54:26.940 +01:00 [INF] Executing OkObjectResult, writing value of type 'System.Int32'.
2024-11-30 14:54:26.940 +01:00 [INF] Executing OkObjectResult, writing value of type 'System.Int32'.
2024-11-30 14:54:26.940 +01:00 [INF] Executed action friendly.Controllers.LikeAPIController.GetLikesCount (api) in 29.304ms
2024-11-30 14:54:26.940 +01:00 [INF] Executed action friendly.Controllers.LikeAPIController.GetLikesCount (api) in 29.9688ms
2024-11-30 14:54:26.940 +01:00 [INF] Executed action friendly.Controllers.LikeAPIController.GetLikesCount (api) in 29.9634ms
2024-11-30 14:54:26.940 +01:00 [INF] Executed endpoint 'friendly.Controllers.LikeAPIController.GetLikesCount (api)'
2024-11-30 14:54:26.940 +01:00 [INF] Executed endpoint 'friendly.Controllers.LikeAPIController.GetLikesCount (api)'
2024-11-30 14:54:26.940 +01:00 [INF] Executed endpoint 'friendly.Controllers.LikeAPIController.GetLikesCount (api)'
2024-11-30 14:54:26.940 +01:00 [INF] Request finished HTTP/1.1 GET http://localhost:5062/api/LikeAPI/likes/3 - 200 1 application/json; charset=utf-8 29.8461ms
2024-11-30 14:54:26.940 +01:00 [INF] Request finished HTTP/1.1 GET http://localhost:5062/api/LikeAPI/likes/2 - 200 1 application/json; charset=utf-8 30.6792ms
2024-11-30 14:54:26.940 +01:00 [INF] Request finished HTTP/1.1 GET http://localhost:5062/api/LikeAPI/likes/1 - 200 1 application/json; charset=utf-8 30.6789ms
2024-11-30 14:54:26.941 +01:00 [INF] Request starting HTTP/1.1 GET http://localhost:5062/api/LikeAPI/likes/3 - null null
2024-11-30 14:54:26.941 +01:00 [INF] Request starting HTTP/1.1 GET http://localhost:5062/api/LikeAPI/likes/1 - null null
2024-11-30 14:54:26.941 +01:00 [INF] Request starting HTTP/1.1 GET http://localhost:5062/api/LikeAPI/likes/2 - null null
2024-11-30 14:54:26.941 +01:00 [INF] CORS policy execution successful.
2024-11-30 14:54:26.941 +01:00 [INF] CORS policy execution successful.
2024-11-30 14:54:26.941 +01:00 [INF] CORS policy execution successful.
2024-11-30 14:54:26.941 +01:00 [INF] Executing endpoint 'friendly.Controllers.LikeAPIController.GetLikesCount (api)'
2024-11-30 14:54:26.941 +01:00 [INF] Executing endpoint 'friendly.Controllers.LikeAPIController.GetLikesCount (api)'
2024-11-30 14:54:26.941 +01:00 [INF] Executing endpoint 'friendly.Controllers.LikeAPIController.GetLikesCount (api)'
2024-11-30 14:54:26.941 +01:00 [INF] Route matched with {action = "GetLikesCount", controller = "LikeAPI"}. Executing controller action with signature System.Threading.Tasks.Task`1[Microsoft.AspNetCore.Mvc.IActionResult] GetLikesCount(Int32) on controller friendly.Controllers.LikeAPIController (api).
2024-11-30 14:54:26.941 +01:00 [INF] Route matched with {action = "GetLikesCount", controller = "LikeAPI"}. Executing controller action with signature System.Threading.Tasks.Task`1[Microsoft.AspNetCore.Mvc.IActionResult] GetLikesCount(Int32) on controller friendly.Controllers.LikeAPIController (api).
2024-11-30 14:54:26.941 +01:00 [INF] Route matched with {action = "GetLikesCount", controller = "LikeAPI"}. Executing controller action with signature System.Threading.Tasks.Task`1[Microsoft.AspNetCore.Mvc.IActionResult] GetLikesCount(Int32) on controller friendly.Controllers.LikeAPIController (api).
2024-11-30 14:54:26.950 +01:00 [INF] Like count retrieved successfully for PostId: 2, Count: 0
2024-11-30 14:54:26.951 +01:00 [INF] Like count retrieved successfully for PostId: 1, Count: 1
2024-11-30 14:54:26.985 +01:00 [INF] Executing OkObjectResult, writing value of type 'System.Int32'.
2024-11-30 14:54:26.985 +01:00 [INF] Like count retrieved successfully for PostId: 3, Count: 0
2024-11-30 14:54:26.985 +01:00 [INF] Executing OkObjectResult, writing value of type 'System.Int32'.
2024-11-30 14:54:26.985 +01:00 [INF] Executing OkObjectResult, writing value of type 'System.Int32'.
2024-11-30 14:54:26.985 +01:00 [INF] Executed action friendly.Controllers.LikeAPIController.GetLikesCount (api) in 43.8121ms
2024-11-30 14:54:26.985 +01:00 [INF] Executed action friendly.Controllers.LikeAPIController.GetLikesCount (api) in 43.7995ms
2024-11-30 14:54:26.985 +01:00 [INF] Executed action friendly.Controllers.LikeAPIController.GetLikesCount (api) in 43.8061ms
2024-11-30 14:54:26.985 +01:00 [INF] Executed endpoint 'friendly.Controllers.LikeAPIController.GetLikesCount (api)'
2024-11-30 14:54:26.985 +01:00 [INF] Executed endpoint 'friendly.Controllers.LikeAPIController.GetLikesCount (api)'
2024-11-30 14:54:26.985 +01:00 [INF] Executed endpoint 'friendly.Controllers.LikeAPIController.GetLikesCount (api)'
2024-11-30 14:54:26.985 +01:00 [INF] Request finished HTTP/1.1 GET http://localhost:5062/api/LikeAPI/likes/3 - 200 1 application/json; charset=utf-8 44.4402ms
2024-11-30 14:54:26.985 +01:00 [INF] Request finished HTTP/1.1 GET http://localhost:5062/api/LikeAPI/likes/2 - 200 1 application/json; charset=utf-8 44.3047ms
2024-11-30 14:54:26.985 +01:00 [INF] Request finished HTTP/1.1 GET http://localhost:5062/api/LikeAPI/likes/1 - 200 1 application/json; charset=utf-8 44.3289ms
2024-11-30 14:54:32.983 +01:00 [INF] Request starting HTTP/1.1 OPTIONS http://localhost:5062/api/likeapi/create - null null
2024-11-30 14:54:32.983 +01:00 [INF] CORS policy execution successful.
2024-11-30 14:54:32.983 +01:00 [INF] Request finished HTTP/1.1 OPTIONS http://localhost:5062/api/likeapi/create - 204 null null 0.9911ms
2024-11-30 14:54:32.984 +01:00 [INF] Request starting HTTP/1.1 POST http://localhost:5062/api/likeapi/create - application/json 60
2024-11-30 14:54:32.984 +01:00 [INF] CORS policy execution successful.
2024-11-30 14:54:32.985 +01:00 [INF] Executing endpoint 'friendly.Controllers.LikeAPIController.CreateLike (api)'
2024-11-30 14:54:32.985 +01:00 [INF] Route matched with {action = "CreateLike", controller = "LikeAPI"}. Executing controller action with signature System.Threading.Tasks.Task`1[Microsoft.AspNetCore.Mvc.IActionResult] CreateLike(friendly.DTOs.LikeDto) on controller friendly.Controllers.LikeAPIController (api).
2024-11-30 14:54:32.994 +01:00 [INF] Like created successfully for PostId: 2 and UserId: b2614610-a4d1-4161-8bd3-3503fcf972e3
2024-11-30 14:54:32.994 +01:00 [INF] Executing OkObjectResult, writing value of type '<>f__AnonymousType1`1[[System.String, System.Private.CoreLib, Version=8.0.0.0, Culture=neutral, PublicKeyToken=7cec85d7bea7798e]]'.
2024-11-30 14:54:32.995 +01:00 [INF] Executed action friendly.Controllers.LikeAPIController.CreateLike (api) in 9.7089ms
2024-11-30 14:54:32.995 +01:00 [INF] Executed endpoint 'friendly.Controllers.LikeAPIController.CreateLike (api)'
2024-11-30 14:54:32.995 +01:00 [INF] Request finished HTTP/1.1 POST http://localhost:5062/api/likeapi/create - 200 39 application/json; charset=utf-8 10.4397ms
2024-11-30 14:54:33.995 +01:00 [INF] Request starting HTTP/1.1 GET http://localhost:5062/api/PostAPI/postlist - null null
2024-11-30 14:54:33.995 +01:00 [INF] Request starting HTTP/1.1 GET http://localhost:5062/api/UserAPI/userlist - null null
2024-11-30 14:54:33.996 +01:00 [INF] CORS policy execution successful.
2024-11-30 14:54:33.996 +01:00 [INF] CORS policy execution successful.
2024-11-30 14:54:33.996 +01:00 [INF] Request starting HTTP/1.1 GET http://localhost:5062/api/CommentAPI/commentlist - null null
2024-11-30 14:54:33.996 +01:00 [INF] Executing endpoint 'friendly.Controllers.PostAPIController.PostList (api)'
2024-11-30 14:54:33.996 +01:00 [INF] Executing endpoint 'friendly.Controllers.UserAPIController.UserList (api)'
2024-11-30 14:54:33.996 +01:00 [INF] CORS policy execution successful.
2024-11-30 14:54:33.996 +01:00 [INF] Route matched with {action = "UserList", controller = "UserAPI"}. Executing controller action with signature System.Threading.Tasks.Task`1[Microsoft.AspNetCore.Mvc.IActionResult] UserList() on controller friendly.Controllers.UserAPIController (api).
2024-11-30 14:54:33.996 +01:00 [INF] Route matched with {action = "PostList", controller = "PostAPI"}. Executing controller action with signature System.Threading.Tasks.Task`1[Microsoft.AspNetCore.Mvc.IActionResult] PostList() on controller friendly.Controllers.PostAPIController (api).
2024-11-30 14:54:33.996 +01:00 [INF] Executing endpoint 'friendly.Controllers.CommentAPIController.CommentList (api)'
2024-11-30 14:54:33.996 +01:00 [INF] Route matched with {action = "CommentList", controller = "CommentAPI"}. Executing controller action with signature System.Threading.Tasks.Task`1[Microsoft.AspNetCore.Mvc.IActionResult] CommentList() on controller friendly.Controllers.CommentAPIController (api).
2024-11-30 14:54:34.001 +01:00 [INF] Executing OkObjectResult, writing value of type 'System.Linq.Enumerable+SelectListIterator`2[[friendly.Models.Comment, api, Version=0.0.0.0, Culture=neutral, PublicKeyToken=null],[friendly.DTOs.CommentDto, api, Version=0.0.0.0, Culture=neutral, PublicKeyToken=null]]'.
2024-11-30 14:54:34.001 +01:00 [INF] Executing OkObjectResult, writing value of type 'System.Linq.Enumerable+SelectListIterator`2[[friendly.Models.Post, api, Version=0.0.0.0, Culture=neutral, PublicKeyToken=null],[friendly.DTOs.PostDto, api, Version=0.0.0.0, Culture=neutral, PublicKeyToken=null]]'.
2024-11-30 14:54:34.001 +01:00 [INF] Executing OkObjectResult, writing value of type 'System.Linq.Enumerable+SelectListIterator`2[[friendly.Models.User, api, Version=0.0.0.0, Culture=neutral, PublicKeyToken=null],[friendly.DTOs.UserDto, api, Version=0.0.0.0, Culture=neutral, PublicKeyToken=null]]'.
2024-11-30 14:54:34.002 +01:00 [INF] Executed action friendly.Controllers.CommentAPIController.CommentList (api) in 5.4712ms
2024-11-30 14:54:34.002 +01:00 [INF] Executed action friendly.Controllers.PostAPIController.PostList (api) in 5.6374ms
2024-11-30 14:54:34.002 +01:00 [INF] Executed endpoint 'friendly.Controllers.CommentAPIController.CommentList (api)'
2024-11-30 14:54:34.002 +01:00 [INF] Executed endpoint 'friendly.Controllers.PostAPIController.PostList (api)'
2024-11-30 14:54:34.002 +01:00 [INF] Request finished HTTP/1.1 GET http://localhost:5062/api/CommentAPI/commentlist - 200 447 application/json; charset=utf-8 6.0201ms
2024-11-30 14:54:34.002 +01:00 [INF] Request finished HTTP/1.1 GET http://localhost:5062/api/PostAPI/postlist - 200 530 application/json; charset=utf-8 6.4791ms
2024-11-30 14:54:34.002 +01:00 [INF] Executed action friendly.Controllers.UserAPIController.UserList (api) in 5.8905ms
2024-11-30 14:54:34.002 +01:00 [INF] Executed endpoint 'friendly.Controllers.UserAPIController.UserList (api)'
2024-11-30 14:54:34.002 +01:00 [INF] Request finished HTTP/1.1 GET http://localhost:5062/api/UserAPI/userlist - 200 1221 application/json; charset=utf-8 6.6798ms
2024-11-30 14:54:34.002 +01:00 [INF] Request starting HTTP/1.1 GET http://localhost:5062/api/CommentAPI/commentlist - null null
2024-11-30 14:54:34.002 +01:00 [INF] Request starting HTTP/1.1 GET http://localhost:5062/api/PostAPI/postlist - null null
2024-11-30 14:54:34.002 +01:00 [INF] CORS policy execution successful.
2024-11-30 14:54:34.002 +01:00 [INF] CORS policy execution successful.
2024-11-30 14:54:34.002 +01:00 [INF] Executing endpoint 'friendly.Controllers.CommentAPIController.CommentList (api)'
2024-11-30 14:54:34.002 +01:00 [INF] Executing endpoint 'friendly.Controllers.PostAPIController.PostList (api)'
2024-11-30 14:54:34.002 +01:00 [INF] Route matched with {action = "CommentList", controller = "CommentAPI"}. Executing controller action with signature System.Threading.Tasks.Task`1[Microsoft.AspNetCore.Mvc.IActionResult] CommentList() on controller friendly.Controllers.CommentAPIController (api).
2024-11-30 14:54:34.002 +01:00 [INF] Route matched with {action = "PostList", controller = "PostAPI"}. Executing controller action with signature System.Threading.Tasks.Task`1[Microsoft.AspNetCore.Mvc.IActionResult] PostList() on controller friendly.Controllers.PostAPIController (api).
2024-11-30 14:54:34.002 +01:00 [INF] Request starting HTTP/1.1 GET http://localhost:5062/api/UserAPI/userlist - null null
2024-11-30 14:54:34.003 +01:00 [INF] CORS policy execution successful.
2024-11-30 14:54:34.003 +01:00 [INF] Executing endpoint 'friendly.Controllers.UserAPIController.UserList (api)'
2024-11-30 14:54:34.003 +01:00 [INF] Route matched with {action = "UserList", controller = "UserAPI"}. Executing controller action with signature System.Threading.Tasks.Task`1[Microsoft.AspNetCore.Mvc.IActionResult] UserList() on controller friendly.Controllers.UserAPIController (api).
2024-11-30 14:54:34.007 +01:00 [INF] Executing OkObjectResult, writing value of type 'System.Linq.Enumerable+SelectListIterator`2[[friendly.Models.Post, api, Version=0.0.0.0, Culture=neutral, PublicKeyToken=null],[friendly.DTOs.PostDto, api, Version=0.0.0.0, Culture=neutral, PublicKeyToken=null]]'.
2024-11-30 14:54:34.007 +01:00 [INF] Executing OkObjectResult, writing value of type 'System.Linq.Enumerable+SelectListIterator`2[[friendly.Models.Comment, api, Version=0.0.0.0, Culture=neutral, PublicKeyToken=null],[friendly.DTOs.CommentDto, api, Version=0.0.0.0, Culture=neutral, PublicKeyToken=null]]'.
2024-11-30 14:54:34.007 +01:00 [INF] Executing OkObjectResult, writing value of type 'System.Linq.Enumerable+SelectListIterator`2[[friendly.Models.User, api, Version=0.0.0.0, Culture=neutral, PublicKeyToken=null],[friendly.DTOs.UserDto, api, Version=0.0.0.0, Culture=neutral, PublicKeyToken=null]]'.
2024-11-30 14:54:34.007 +01:00 [INF] Executed action friendly.Controllers.PostAPIController.PostList (api) in 4.8098ms
2024-11-30 14:54:34.007 +01:00 [INF] Executed action friendly.Controllers.CommentAPIController.CommentList (api) in 4.824ms
2024-11-30 14:54:34.007 +01:00 [INF] Executed endpoint 'friendly.Controllers.PostAPIController.PostList (api)'
2024-11-30 14:54:34.007 +01:00 [INF] Executed endpoint 'friendly.Controllers.CommentAPIController.CommentList (api)'
2024-11-30 14:54:34.007 +01:00 [INF] Request finished HTTP/1.1 GET http://localhost:5062/api/PostAPI/postlist - 200 530 application/json; charset=utf-8 5.2955ms
2024-11-30 14:54:34.007 +01:00 [INF] Request finished HTTP/1.1 GET http://localhost:5062/api/CommentAPI/commentlist - 200 447 application/json; charset=utf-8 5.2958ms
2024-11-30 14:54:34.007 +01:00 [INF] Executed action friendly.Controllers.UserAPIController.UserList (api) in 4.7495ms
2024-11-30 14:54:34.008 +01:00 [INF] Executed endpoint 'friendly.Controllers.UserAPIController.UserList (api)'
2024-11-30 14:54:34.008 +01:00 [INF] Request finished HTTP/1.1 GET http://localhost:5062/api/UserAPI/userlist - 200 1221 application/json; charset=utf-8 5.176ms
2024-11-30 14:54:34.012 +01:00 [INF] Request starting HTTP/1.1 GET http://localhost:5062/api/LikeAPI/likes/1 - null null
2024-11-30 14:54:34.012 +01:00 [INF] Request starting HTTP/1.1 GET http://localhost:5062/api/LikeAPI/likes/2 - null null
2024-11-30 14:54:34.012 +01:00 [INF] CORS policy execution successful.
2024-11-30 14:54:34.012 +01:00 [INF] CORS policy execution successful.
2024-11-30 14:54:34.012 +01:00 [INF] Executing endpoint 'friendly.Controllers.LikeAPIController.GetLikesCount (api)'
2024-11-30 14:54:34.012 +01:00 [INF] Executing endpoint 'friendly.Controllers.LikeAPIController.GetLikesCount (api)'
2024-11-30 14:54:34.012 +01:00 [INF] Request starting HTTP/1.1 GET http://localhost:5062/api/LikeAPI/likes/3 - null null
2024-11-30 14:54:34.012 +01:00 [INF] Route matched with {action = "GetLikesCount", controller = "LikeAPI"}. Executing controller action with signature System.Threading.Tasks.Task`1[Microsoft.AspNetCore.Mvc.IActionResult] GetLikesCount(Int32) on controller friendly.Controllers.LikeAPIController (api).
2024-11-30 14:54:34.012 +01:00 [INF] Route matched with {action = "GetLikesCount", controller = "LikeAPI"}. Executing controller action with signature System.Threading.Tasks.Task`1[Microsoft.AspNetCore.Mvc.IActionResult] GetLikesCount(Int32) on controller friendly.Controllers.LikeAPIController (api).
2024-11-30 14:54:34.012 +01:00 [INF] CORS policy execution successful.
2024-11-30 14:54:34.012 +01:00 [INF] Executing endpoint 'friendly.Controllers.LikeAPIController.GetLikesCount (api)'
2024-11-30 14:54:34.012 +01:00 [INF] Route matched with {action = "GetLikesCount", controller = "LikeAPI"}. Executing controller action with signature System.Threading.Tasks.Task`1[Microsoft.AspNetCore.Mvc.IActionResult] GetLikesCount(Int32) on controller friendly.Controllers.LikeAPIController (api).
2024-11-30 14:54:34.017 +01:00 [INF] Like count retrieved successfully for PostId: 1, Count: 1
2024-11-30 14:54:34.018 +01:00 [INF] Like count retrieved successfully for PostId: 3, Count: 0
2024-11-30 14:54:34.019 +01:00 [INF] Executing OkObjectResult, writing value of type 'System.Int32'.
2024-11-30 14:54:34.019 +01:00 [INF] Like count retrieved successfully for PostId: 2, Count: 1
2024-11-30 14:54:34.019 +01:00 [INF] Executing OkObjectResult, writing value of type 'System.Int32'.
2024-11-30 14:54:34.019 +01:00 [INF] Executing OkObjectResult, writing value of type 'System.Int32'.
2024-11-30 14:54:34.020 +01:00 [INF] Executed action friendly.Controllers.LikeAPIController.GetLikesCount (api) in 7.2167ms
2024-11-30 14:54:34.020 +01:00 [INF] Executed action friendly.Controllers.LikeAPIController.GetLikesCount (api) in 7.045ms
2024-11-30 14:54:34.020 +01:00 [INF] Executed action friendly.Controllers.LikeAPIController.GetLikesCount (api) in 7.2458ms
2024-11-30 14:54:34.020 +01:00 [INF] Executed endpoint 'friendly.Controllers.LikeAPIController.GetLikesCount (api)'
2024-11-30 14:54:34.020 +01:00 [INF] Executed endpoint 'friendly.Controllers.LikeAPIController.GetLikesCount (api)'
2024-11-30 14:54:34.020 +01:00 [INF] Executed endpoint 'friendly.Controllers.LikeAPIController.GetLikesCount (api)'
2024-11-30 14:54:34.020 +01:00 [INF] Request finished HTTP/1.1 GET http://localhost:5062/api/LikeAPI/likes/3 - 200 1 application/json; charset=utf-8 7.4587ms
2024-11-30 14:54:34.020 +01:00 [INF] Request finished HTTP/1.1 GET http://localhost:5062/api/LikeAPI/likes/1 - 200 1 application/json; charset=utf-8 8.0758ms
2024-11-30 14:54:34.020 +01:00 [INF] Request finished HTTP/1.1 GET http://localhost:5062/api/LikeAPI/likes/2 - 200 1 application/json; charset=utf-8 7.9461ms
2024-11-30 14:54:34.020 +01:00 [INF] Request starting HTTP/1.1 GET http://localhost:5062/api/LikeAPI/likes/1 - null null
2024-11-30 14:54:34.020 +01:00 [INF] CORS policy execution successful.
2024-11-30 14:54:34.020 +01:00 [INF] Request starting HTTP/1.1 GET http://localhost:5062/api/LikeAPI/likes/3 - null null
2024-11-30 14:54:34.020 +01:00 [INF] Request starting HTTP/1.1 GET http://localhost:5062/api/LikeAPI/likes/2 - null null
2024-11-30 14:54:34.021 +01:00 [INF] CORS policy execution successful.
2024-11-30 14:54:34.021 +01:00 [INF] CORS policy execution successful.
2024-11-30 14:54:34.021 +01:00 [INF] Executing endpoint 'friendly.Controllers.LikeAPIController.GetLikesCount (api)'
2024-11-30 14:54:34.021 +01:00 [INF] Executing endpoint 'friendly.Controllers.LikeAPIController.GetLikesCount (api)'
2024-11-30 14:54:34.021 +01:00 [INF] Executing endpoint 'friendly.Controllers.LikeAPIController.GetLikesCount (api)'
2024-11-30 14:54:34.021 +01:00 [INF] Route matched with {action = "GetLikesCount", controller = "LikeAPI"}. Executing controller action with signature System.Threading.Tasks.Task`1[Microsoft.AspNetCore.Mvc.IActionResult] GetLikesCount(Int32) on controller friendly.Controllers.LikeAPIController (api).
2024-11-30 14:54:34.021 +01:00 [INF] Route matched with {action = "GetLikesCount", controller = "LikeAPI"}. Executing controller action with signature System.Threading.Tasks.Task`1[Microsoft.AspNetCore.Mvc.IActionResult] GetLikesCount(Int32) on controller friendly.Controllers.LikeAPIController (api).
2024-11-30 14:54:34.021 +01:00 [INF] Route matched with {action = "GetLikesCount", controller = "LikeAPI"}. Executing controller action with signature System.Threading.Tasks.Task`1[Microsoft.AspNetCore.Mvc.IActionResult] GetLikesCount(Int32) on controller friendly.Controllers.LikeAPIController (api).
2024-11-30 14:54:34.026 +01:00 [INF] Like count retrieved successfully for PostId: 2, Count: 1
2024-11-30 14:54:34.026 +01:00 [INF] Like count retrieved successfully for PostId: 1, Count: 1
2024-11-30 14:54:34.027 +01:00 [INF] Like count retrieved successfully for PostId: 3, Count: 0
2024-11-30 14:54:34.027 +01:00 [INF] Executing OkObjectResult, writing value of type 'System.Int32'.
2024-11-30 14:54:34.027 +01:00 [INF] Executing OkObjectResult, writing value of type 'System.Int32'.
2024-11-30 14:54:34.027 +01:00 [INF] Executing OkObjectResult, writing value of type 'System.Int32'.
2024-11-30 14:54:34.027 +01:00 [INF] Executed action friendly.Controllers.LikeAPIController.GetLikesCount (api) in 6.5802ms
2024-11-30 14:54:34.027 +01:00 [INF] Executed action friendly.Controllers.LikeAPIController.GetLikesCount (api) in 6.5803ms
2024-11-30 14:54:34.027 +01:00 [INF] Executed action friendly.Controllers.LikeAPIController.GetLikesCount (api) in 6.5708ms
2024-11-30 14:54:34.027 +01:00 [INF] Executed endpoint 'friendly.Controllers.LikeAPIController.GetLikesCount (api)'
2024-11-30 14:54:34.027 +01:00 [INF] Executed endpoint 'friendly.Controllers.LikeAPIController.GetLikesCount (api)'
2024-11-30 14:54:34.027 +01:00 [INF] Executed endpoint 'friendly.Controllers.LikeAPIController.GetLikesCount (api)'
2024-11-30 14:54:34.027 +01:00 [INF] Request finished HTTP/1.1 GET http://localhost:5062/api/LikeAPI/likes/1 - 200 1 application/json; charset=utf-8 6.9988ms
2024-11-30 14:54:34.027 +01:00 [INF] Request finished HTTP/1.1 GET http://localhost:5062/api/LikeAPI/likes/3 - 200 1 application/json; charset=utf-8 6.8618ms
2024-11-30 14:54:34.027 +01:00 [INF] Request finished HTTP/1.1 GET http://localhost:5062/api/LikeAPI/likes/2 - 200 1 application/json; charset=utf-8 6.8616ms
2024-11-30 14:54:37.894 +01:00 [INF] Request starting HTTP/1.1 POST http://localhost:5062/api/likeapi/create - application/json 60
2024-11-30 14:54:37.894 +01:00 [INF] CORS policy execution successful.
2024-11-30 14:54:37.895 +01:00 [INF] Executing endpoint 'friendly.Controllers.LikeAPIController.CreateLike (api)'
2024-11-30 14:54:37.895 +01:00 [INF] Route matched with {action = "CreateLike", controller = "LikeAPI"}. Executing controller action with signature System.Threading.Tasks.Task`1[Microsoft.AspNetCore.Mvc.IActionResult] CreateLike(friendly.DTOs.LikeDto) on controller friendly.Controllers.LikeAPIController (api).
2024-11-30 14:54:37.904 +01:00 [INF] Like created successfully for PostId: 3 and UserId: b2614610-a4d1-4161-8bd3-3503fcf972e3
2024-11-30 14:54:37.904 +01:00 [INF] Executing OkObjectResult, writing value of type '<>f__AnonymousType1`1[[System.String, System.Private.CoreLib, Version=8.0.0.0, Culture=neutral, PublicKeyToken=7cec85d7bea7798e]]'.
2024-11-30 14:54:37.904 +01:00 [INF] Executed action friendly.Controllers.LikeAPIController.CreateLike (api) in 9.1607ms
2024-11-30 14:54:37.904 +01:00 [INF] Executed endpoint 'friendly.Controllers.LikeAPIController.CreateLike (api)'
2024-11-30 14:54:37.904 +01:00 [INF] Request finished HTTP/1.1 POST http://localhost:5062/api/likeapi/create - 200 39 application/json; charset=utf-8 10.1645ms
2024-11-30 14:54:38.628 +01:00 [INF] Request starting HTTP/1.1 GET http://localhost:5062/api/PostAPI/postlist - null null
2024-11-30 14:54:38.628 +01:00 [INF] CORS policy execution successful.
2024-11-30 14:54:38.628 +01:00 [INF] Executing endpoint 'friendly.Controllers.PostAPIController.PostList (api)'
2024-11-30 14:54:38.628 +01:00 [INF] Route matched with {action = "PostList", controller = "PostAPI"}. Executing controller action with signature System.Threading.Tasks.Task`1[Microsoft.AspNetCore.Mvc.IActionResult] PostList() on controller friendly.Controllers.PostAPIController (api).
2024-11-30 14:54:38.628 +01:00 [INF] Request starting HTTP/1.1 GET http://localhost:5062/api/UserAPI/userlist - null null
2024-11-30 14:54:38.629 +01:00 [INF] CORS policy execution successful.
2024-11-30 14:54:38.629 +01:00 [INF] Executing endpoint 'friendly.Controllers.UserAPIController.UserList (api)'
2024-11-30 14:54:38.629 +01:00 [INF] Route matched with {action = "UserList", controller = "UserAPI"}. Executing controller action with signature System.Threading.Tasks.Task`1[Microsoft.AspNetCore.Mvc.IActionResult] UserList() on controller friendly.Controllers.UserAPIController (api).
2024-11-30 14:54:38.629 +01:00 [INF] Request starting HTTP/1.1 GET http://localhost:5062/api/CommentAPI/commentlist - null null
2024-11-30 14:54:38.629 +01:00 [INF] CORS policy execution successful.
2024-11-30 14:54:38.629 +01:00 [INF] Executing endpoint 'friendly.Controllers.CommentAPIController.CommentList (api)'
2024-11-30 14:54:38.629 +01:00 [INF] Route matched with {action = "CommentList", controller = "CommentAPI"}. Executing controller action with signature System.Threading.Tasks.Task`1[Microsoft.AspNetCore.Mvc.IActionResult] CommentList() on controller friendly.Controllers.CommentAPIController (api).
2024-11-30 14:54:38.635 +01:00 [INF] Executing OkObjectResult, writing value of type 'System.Linq.Enumerable+SelectListIterator`2[[friendly.Models.User, api, Version=0.0.0.0, Culture=neutral, PublicKeyToken=null],[friendly.DTOs.UserDto, api, Version=0.0.0.0, Culture=neutral, PublicKeyToken=null]]'.
2024-11-30 14:54:38.635 +01:00 [INF] Executing OkObjectResult, writing value of type 'System.Linq.Enumerable+SelectListIterator`2[[friendly.Models.Post, api, Version=0.0.0.0, Culture=neutral, PublicKeyToken=null],[friendly.DTOs.PostDto, api, Version=0.0.0.0, Culture=neutral, PublicKeyToken=null]]'.
2024-11-30 14:54:38.635 +01:00 [INF] Executing OkObjectResult, writing value of type 'System.Linq.Enumerable+SelectListIterator`2[[friendly.Models.Comment, api, Version=0.0.0.0, Culture=neutral, PublicKeyToken=null],[friendly.DTOs.CommentDto, api, Version=0.0.0.0, Culture=neutral, PublicKeyToken=null]]'.
2024-11-30 14:54:38.635 +01:00 [INF] Executed action friendly.Controllers.CommentAPIController.CommentList (api) in 5.8209ms
2024-11-30 14:54:38.635 +01:00 [INF] Executed action friendly.Controllers.PostAPIController.PostList (api) in 6.627ms
2024-11-30 14:54:38.635 +01:00 [INF] Executed action friendly.Controllers.UserAPIController.UserList (api) in 6.1524ms
2024-11-30 14:54:38.635 +01:00 [INF] Executed endpoint 'friendly.Controllers.CommentAPIController.CommentList (api)'
2024-11-30 14:54:38.635 +01:00 [INF] Executed endpoint 'friendly.Controllers.PostAPIController.PostList (api)'
2024-11-30 14:54:38.635 +01:00 [INF] Executed endpoint 'friendly.Controllers.UserAPIController.UserList (api)'
2024-11-30 14:54:38.635 +01:00 [INF] Request finished HTTP/1.1 GET http://localhost:5062/api/PostAPI/postlist - 200 530 application/json; charset=utf-8 7.6116ms
2024-11-30 14:54:38.635 +01:00 [INF] Request finished HTTP/1.1 GET http://localhost:5062/api/CommentAPI/commentlist - 200 447 application/json; charset=utf-8 6.255ms
2024-11-30 14:54:38.635 +01:00 [INF] Request finished HTTP/1.1 GET http://localhost:5062/api/UserAPI/userlist - 200 1221 application/json; charset=utf-8 6.706ms
2024-11-30 14:54:38.636 +01:00 [INF] Request starting HTTP/1.1 GET http://localhost:5062/api/UserAPI/userlist - null null
2024-11-30 14:54:38.636 +01:00 [INF] Request starting HTTP/1.1 GET http://localhost:5062/api/CommentAPI/commentlist - null null
2024-11-30 14:54:38.636 +01:00 [INF] Request starting HTTP/1.1 GET http://localhost:5062/api/PostAPI/postlist - null null
2024-11-30 14:54:38.636 +01:00 [INF] CORS policy execution successful.
2024-11-30 14:54:38.636 +01:00 [INF] CORS policy execution successful.
2024-11-30 14:54:38.636 +01:00 [INF] CORS policy execution successful.
2024-11-30 14:54:38.636 +01:00 [INF] Executing endpoint 'friendly.Controllers.UserAPIController.UserList (api)'
2024-11-30 14:54:38.636 +01:00 [INF] Executing endpoint 'friendly.Controllers.CommentAPIController.CommentList (api)'
2024-11-30 14:54:38.636 +01:00 [INF] Executing endpoint 'friendly.Controllers.PostAPIController.PostList (api)'
2024-11-30 14:54:38.636 +01:00 [INF] Route matched with {action = "PostList", controller = "PostAPI"}. Executing controller action with signature System.Threading.Tasks.Task`1[Microsoft.AspNetCore.Mvc.IActionResult] PostList() on controller friendly.Controllers.PostAPIController (api).
2024-11-30 14:54:38.636 +01:00 [INF] Route matched with {action = "CommentList", controller = "CommentAPI"}. Executing controller action with signature System.Threading.Tasks.Task`1[Microsoft.AspNetCore.Mvc.IActionResult] CommentList() on controller friendly.Controllers.CommentAPIController (api).
2024-11-30 14:54:38.636 +01:00 [INF] Route matched with {action = "UserList", controller = "UserAPI"}. Executing controller action with signature System.Threading.Tasks.Task`1[Microsoft.AspNetCore.Mvc.IActionResult] UserList() on controller friendly.Controllers.UserAPIController (api).
2024-11-30 14:54:38.641 +01:00 [INF] Request starting HTTP/1.1 GET http://localhost:5062/api/LikeAPI/likes/1 - null null
2024-11-30 14:54:38.641 +01:00 [INF] Request starting HTTP/1.1 GET http://localhost:5062/api/LikeAPI/likes/3 - null null
2024-11-30 14:54:38.641 +01:00 [INF] Request starting HTTP/1.1 GET http://localhost:5062/api/LikeAPI/likes/2 - null null
2024-11-30 14:54:38.641 +01:00 [INF] Executing OkObjectResult, writing value of type 'System.Linq.Enumerable+SelectListIterator`2[[friendly.Models.Post, api, Version=0.0.0.0, Culture=neutral, PublicKeyToken=null],[friendly.DTOs.PostDto, api, Version=0.0.0.0, Culture=neutral, PublicKeyToken=null]]'.
2024-11-30 14:54:38.641 +01:00 [INF] Executing OkObjectResult, writing value of type 'System.Linq.Enumerable+SelectListIterator`2[[friendly.Models.Comment, api, Version=0.0.0.0, Culture=neutral, PublicKeyToken=null],[friendly.DTOs.CommentDto, api, Version=0.0.0.0, Culture=neutral, PublicKeyToken=null]]'.
2024-11-30 14:54:38.641 +01:00 [INF] Executing OkObjectResult, writing value of type 'System.Linq.Enumerable+SelectListIterator`2[[friendly.Models.User, api, Version=0.0.0.0, Culture=neutral, PublicKeyToken=null],[friendly.DTOs.UserDto, api, Version=0.0.0.0, Culture=neutral, PublicKeyToken=null]]'.
2024-11-30 14:54:38.641 +01:00 [INF] CORS policy execution successful.
2024-11-30 14:54:38.641 +01:00 [INF] CORS policy execution successful.
2024-11-30 14:54:38.641 +01:00 [INF] CORS policy execution successful.
2024-11-30 14:54:38.642 +01:00 [INF] Executed action friendly.Controllers.CommentAPIController.CommentList (api) in 5.4536ms
2024-11-30 14:54:38.642 +01:00 [INF] Executing endpoint 'friendly.Controllers.LikeAPIController.GetLikesCount (api)'
2024-11-30 14:54:38.642 +01:00 [INF] Executing endpoint 'friendly.Controllers.LikeAPIController.GetLikesCount (api)'
2024-11-30 14:54:38.642 +01:00 [INF] Executed endpoint 'friendly.Controllers.CommentAPIController.CommentList (api)'
2024-11-30 14:54:38.642 +01:00 [INF] Executed action friendly.Controllers.PostAPIController.PostList (api) in 5.4627ms
2024-11-30 14:54:38.642 +01:00 [INF] Executed action friendly.Controllers.UserAPIController.UserList (api) in 5.451ms
2024-11-30 14:54:38.642 +01:00 [INF] Executing endpoint 'friendly.Controllers.LikeAPIController.GetLikesCount (api)'
2024-11-30 14:54:38.642 +01:00 [INF] Executed endpoint 'friendly.Controllers.UserAPIController.UserList (api)'
2024-11-30 14:54:38.642 +01:00 [INF] Executed endpoint 'friendly.Controllers.PostAPIController.PostList (api)'
2024-11-30 14:54:38.642 +01:00 [INF] Route matched with {action = "GetLikesCount", controller = "LikeAPI"}. Executing controller action with signature System.Threading.Tasks.Task`1[Microsoft.AspNetCore.Mvc.IActionResult] GetLikesCount(Int32) on controller friendly.Controllers.LikeAPIController (api).
2024-11-30 14:54:38.642 +01:00 [INF] Route matched with {action = "GetLikesCount", controller = "LikeAPI"}. Executing controller action with signature System.Threading.Tasks.Task`1[Microsoft.AspNetCore.Mvc.IActionResult] GetLikesCount(Int32) on controller friendly.Controllers.LikeAPIController (api).
2024-11-30 14:54:38.642 +01:00 [INF] Route matched with {action = "GetLikesCount", controller = "LikeAPI"}. Executing controller action with signature System.Threading.Tasks.Task`1[Microsoft.AspNetCore.Mvc.IActionResult] GetLikesCount(Int32) on controller friendly.Controllers.LikeAPIController (api).
2024-11-30 14:54:38.642 +01:00 [INF] Request finished HTTP/1.1 GET http://localhost:5062/api/UserAPI/userlist - 200 1221 application/json; charset=utf-8 5.9441ms
2024-11-30 14:54:38.642 +01:00 [INF] Request finished HTTP/1.1 GET http://localhost:5062/api/CommentAPI/commentlist - 200 447 application/json; charset=utf-8 5.9304ms
2024-11-30 14:54:38.642 +01:00 [INF] Request finished HTTP/1.1 GET http://localhost:5062/api/PostAPI/postlist - 200 530 application/json; charset=utf-8 5.9412ms
2024-11-30 14:54:38.648 +01:00 [INF] Like count retrieved successfully for PostId: 3, Count: 1
2024-11-30 14:54:38.649 +01:00 [INF] Executing OkObjectResult, writing value of type 'System.Int32'.
2024-11-30 14:54:38.676 +01:00 [INF] Like count retrieved successfully for PostId: 1, Count: 1
2024-11-30 14:54:38.677 +01:00 [INF] Executed action friendly.Controllers.LikeAPIController.GetLikesCount (api) in 34.8478ms
2024-11-30 14:54:38.677 +01:00 [INF] Executed endpoint 'friendly.Controllers.LikeAPIController.GetLikesCount (api)'
2024-11-30 14:54:38.677 +01:00 [INF] Like count retrieved successfully for PostId: 2, Count: 1
2024-11-30 14:54:38.677 +01:00 [INF] Executing OkObjectResult, writing value of type 'System.Int32'.
2024-11-30 14:54:38.677 +01:00 [INF] Executing OkObjectResult, writing value of type 'System.Int32'.
2024-11-30 14:54:38.677 +01:00 [INF] Request finished HTTP/1.1 GET http://localhost:5062/api/LikeAPI/likes/3 - 200 1 application/json; charset=utf-8 35.8995ms
2024-11-30 14:54:38.677 +01:00 [INF] Executed action friendly.Controllers.LikeAPIController.GetLikesCount (api) in 35.5077ms
2024-11-30 14:54:38.677 +01:00 [INF] Executed action friendly.Controllers.LikeAPIController.GetLikesCount (api) in 35.5244ms
2024-11-30 14:54:38.677 +01:00 [INF] Executed endpoint 'friendly.Controllers.LikeAPIController.GetLikesCount (api)'
2024-11-30 14:54:38.677 +01:00 [INF] Executed endpoint 'friendly.Controllers.LikeAPIController.GetLikesCount (api)'
2024-11-30 14:54:38.678 +01:00 [INF] Request finished HTTP/1.1 GET http://localhost:5062/api/LikeAPI/likes/2 - 200 1 application/json; charset=utf-8 36.1466ms
2024-11-30 14:54:38.678 +01:00 [INF] Request finished HTTP/1.1 GET http://localhost:5062/api/LikeAPI/likes/1 - 200 1 application/json; charset=utf-8 36.1544ms
2024-11-30 14:54:38.678 +01:00 [INF] Request starting HTTP/1.1 GET http://localhost:5062/api/LikeAPI/likes/3 - null null
2024-11-30 14:54:38.678 +01:00 [INF] CORS policy execution successful.
2024-11-30 14:54:38.679 +01:00 [INF] Request starting HTTP/1.1 GET http://localhost:5062/api/LikeAPI/likes/1 - null null
2024-11-30 14:54:38.679 +01:00 [INF] Executing endpoint 'friendly.Controllers.LikeAPIController.GetLikesCount (api)'
2024-11-30 14:54:38.679 +01:00 [INF] CORS policy execution successful.
2024-11-30 14:54:38.679 +01:00 [INF] Executing endpoint 'friendly.Controllers.LikeAPIController.GetLikesCount (api)'
2024-11-30 14:54:38.679 +01:00 [INF] Route matched with {action = "GetLikesCount", controller = "LikeAPI"}. Executing controller action with signature System.Threading.Tasks.Task`1[Microsoft.AspNetCore.Mvc.IActionResult] GetLikesCount(Int32) on controller friendly.Controllers.LikeAPIController (api).
2024-11-30 14:54:38.679 +01:00 [INF] Route matched with {action = "GetLikesCount", controller = "LikeAPI"}. Executing controller action with signature System.Threading.Tasks.Task`1[Microsoft.AspNetCore.Mvc.IActionResult] GetLikesCount(Int32) on controller friendly.Controllers.LikeAPIController (api).
2024-11-30 14:54:38.679 +01:00 [INF] Request starting HTTP/1.1 GET http://localhost:5062/api/LikeAPI/likes/2 - null null
2024-11-30 14:54:38.679 +01:00 [INF] CORS policy execution successful.
2024-11-30 14:54:38.679 +01:00 [INF] Executing endpoint 'friendly.Controllers.LikeAPIController.GetLikesCount (api)'
2024-11-30 14:54:38.679 +01:00 [INF] Route matched with {action = "GetLikesCount", controller = "LikeAPI"}. Executing controller action with signature System.Threading.Tasks.Task`1[Microsoft.AspNetCore.Mvc.IActionResult] GetLikesCount(Int32) on controller friendly.Controllers.LikeAPIController (api).
2024-11-30 14:54:38.684 +01:00 [INF] Like count retrieved successfully for PostId: 1, Count: 1
2024-11-30 14:54:38.684 +01:00 [INF] Like count retrieved successfully for PostId: 3, Count: 1
2024-11-30 14:54:38.685 +01:00 [INF] Executing OkObjectResult, writing value of type 'System.Int32'.
2024-11-30 14:54:38.685 +01:00 [INF] Executing OkObjectResult, writing value of type 'System.Int32'.
2024-11-30 14:54:38.685 +01:00 [INF] Like count retrieved successfully for PostId: 2, Count: 1
2024-11-30 14:54:38.685 +01:00 [INF] Executed action friendly.Controllers.LikeAPIController.GetLikesCount (api) in 6.5002ms
2024-11-30 14:54:38.685 +01:00 [INF] Executed action friendly.Controllers.LikeAPIController.GetLikesCount (api) in 6.5035ms
2024-11-30 14:54:38.685 +01:00 [INF] Executed endpoint 'friendly.Controllers.LikeAPIController.GetLikesCount (api)'
2024-11-30 14:54:38.685 +01:00 [INF] Executing OkObjectResult, writing value of type 'System.Int32'.
2024-11-30 14:54:38.685 +01:00 [INF] Executed endpoint 'friendly.Controllers.LikeAPIController.GetLikesCount (api)'
2024-11-30 14:54:38.685 +01:00 [INF] Executed action friendly.Controllers.LikeAPIController.GetLikesCount (api) in 6.3309ms
2024-11-30 14:54:38.685 +01:00 [INF] Request finished HTTP/1.1 GET http://localhost:5062/api/LikeAPI/likes/3 - 200 1 application/json; charset=utf-8 7.1221ms
2024-11-30 14:54:38.685 +01:00 [INF] Executed endpoint 'friendly.Controllers.LikeAPIController.GetLikesCount (api)'
2024-11-30 14:54:38.685 +01:00 [INF] Request finished HTTP/1.1 GET http://localhost:5062/api/LikeAPI/likes/1 - 200 1 application/json; charset=utf-8 6.8236ms
2024-11-30 14:54:38.685 +01:00 [INF] Request finished HTTP/1.1 GET http://localhost:5062/api/LikeAPI/likes/2 - 200 1 application/json; charset=utf-8 6.5805ms
2024-11-30 14:54:53.633 +01:00 [INF] Request starting HTTP/1.1 GET http://localhost:5062/api/CommentAPI/commentlist - null null
2024-11-30 14:54:53.633 +01:00 [INF] Request starting HTTP/1.1 GET http://localhost:5062/api/UserAPI/userlist - null null
2024-11-30 14:54:53.633 +01:00 [INF] Request starting HTTP/1.1 GET http://localhost:5062/api/PostAPI/postlist - null null
2024-11-30 14:54:53.633 +01:00 [INF] CORS policy execution successful.
2024-11-30 14:54:53.633 +01:00 [INF] CORS policy execution successful.
2024-11-30 14:54:53.633 +01:00 [INF] CORS policy execution successful.
2024-11-30 14:54:53.633 +01:00 [INF] Executing endpoint 'friendly.Controllers.UserAPIController.UserList (api)'
2024-11-30 14:54:53.633 +01:00 [INF] Executing endpoint 'friendly.Controllers.CommentAPIController.CommentList (api)'
2024-11-30 14:54:53.633 +01:00 [INF] Executing endpoint 'friendly.Controllers.PostAPIController.PostList (api)'
2024-11-30 14:54:53.633 +01:00 [INF] Route matched with {action = "UserList", controller = "UserAPI"}. Executing controller action with signature System.Threading.Tasks.Task`1[Microsoft.AspNetCore.Mvc.IActionResult] UserList() on controller friendly.Controllers.UserAPIController (api).
2024-11-30 14:54:53.633 +01:00 [INF] Route matched with {action = "CommentList", controller = "CommentAPI"}. Executing controller action with signature System.Threading.Tasks.Task`1[Microsoft.AspNetCore.Mvc.IActionResult] CommentList() on controller friendly.Controllers.CommentAPIController (api).
2024-11-30 14:54:53.633 +01:00 [INF] Route matched with {action = "PostList", controller = "PostAPI"}. Executing controller action with signature System.Threading.Tasks.Task`1[Microsoft.AspNetCore.Mvc.IActionResult] PostList() on controller friendly.Controllers.PostAPIController (api).
2024-11-30 14:54:53.638 +01:00 [INF] Executing OkObjectResult, writing value of type 'System.Linq.Enumerable+SelectListIterator`2[[friendly.Models.Post, api, Version=0.0.0.0, Culture=neutral, PublicKeyToken=null],[friendly.DTOs.PostDto, api, Version=0.0.0.0, Culture=neutral, PublicKeyToken=null]]'.
2024-11-30 14:54:53.638 +01:00 [INF] Executing OkObjectResult, writing value of type 'System.Linq.Enumerable+SelectListIterator`2[[friendly.Models.Comment, api, Version=0.0.0.0, Culture=neutral, PublicKeyToken=null],[friendly.DTOs.CommentDto, api, Version=0.0.0.0, Culture=neutral, PublicKeyToken=null]]'.
2024-11-30 14:54:53.638 +01:00 [INF] Executing OkObjectResult, writing value of type 'System.Linq.Enumerable+SelectListIterator`2[[friendly.Models.User, api, Version=0.0.0.0, Culture=neutral, PublicKeyToken=null],[friendly.DTOs.UserDto, api, Version=0.0.0.0, Culture=neutral, PublicKeyToken=null]]'.
2024-11-30 14:54:53.639 +01:00 [INF] Executed action friendly.Controllers.PostAPIController.PostList (api) in 5.1026ms
2024-11-30 14:54:53.639 +01:00 [INF] Executed action friendly.Controllers.UserAPIController.UserList (api) in 5.1025ms
2024-11-30 14:54:53.639 +01:00 [INF] Executed action friendly.Controllers.CommentAPIController.CommentList (api) in 5.1004ms
2024-11-30 14:54:53.639 +01:00 [INF] Executed endpoint 'friendly.Controllers.PostAPIController.PostList (api)'
2024-11-30 14:54:53.639 +01:00 [INF] Executed endpoint 'friendly.Controllers.UserAPIController.UserList (api)'
2024-11-30 14:54:53.639 +01:00 [INF] Executed endpoint 'friendly.Controllers.CommentAPIController.CommentList (api)'
2024-11-30 14:54:53.639 +01:00 [INF] Request finished HTTP/1.1 GET http://localhost:5062/api/UserAPI/userlist - 200 1221 application/json; charset=utf-8 6.0372ms
2024-11-30 14:54:53.639 +01:00 [INF] Request finished HTTP/1.1 GET http://localhost:5062/api/CommentAPI/commentlist - 200 447 application/json; charset=utf-8 6.0371ms
2024-11-30 14:54:53.639 +01:00 [INF] Request finished HTTP/1.1 GET http://localhost:5062/api/PostAPI/postlist - 200 530 application/json; charset=utf-8 6.041ms
2024-11-30 14:54:53.639 +01:00 [INF] Request starting HTTP/1.1 GET http://localhost:5062/api/CommentAPI/commentlist - null null
2024-11-30 14:54:53.639 +01:00 [INF] Request starting HTTP/1.1 GET http://localhost:5062/api/PostAPI/postlist - null null
2024-11-30 14:54:53.640 +01:00 [INF] CORS policy execution successful.
2024-11-30 14:54:53.640 +01:00 [INF] Request starting HTTP/1.1 GET http://localhost:5062/api/UserAPI/userlist - null null
2024-11-30 14:54:53.640 +01:00 [INF] CORS policy execution successful.
2024-11-30 14:54:53.640 +01:00 [INF] CORS policy execution successful.
2024-11-30 14:54:53.640 +01:00 [INF] Executing endpoint 'friendly.Controllers.CommentAPIController.CommentList (api)'
2024-11-30 14:54:53.640 +01:00 [INF] Executing endpoint 'friendly.Controllers.PostAPIController.PostList (api)'
2024-11-30 14:54:53.640 +01:00 [INF] Executing endpoint 'friendly.Controllers.UserAPIController.UserList (api)'
2024-11-30 14:54:53.640 +01:00 [INF] Route matched with {action = "CommentList", controller = "CommentAPI"}. Executing controller action with signature System.Threading.Tasks.Task`1[Microsoft.AspNetCore.Mvc.IActionResult] CommentList() on controller friendly.Controllers.CommentAPIController (api).
2024-11-30 14:54:53.640 +01:00 [INF] Route matched with {action = "UserList", controller = "UserAPI"}. Executing controller action with signature System.Threading.Tasks.Task`1[Microsoft.AspNetCore.Mvc.IActionResult] UserList() on controller friendly.Controllers.UserAPIController (api).
2024-11-30 14:54:53.640 +01:00 [INF] Route matched with {action = "PostList", controller = "PostAPI"}. Executing controller action with signature System.Threading.Tasks.Task`1[Microsoft.AspNetCore.Mvc.IActionResult] PostList() on controller friendly.Controllers.PostAPIController (api).
2024-11-30 14:54:53.645 +01:00 [INF] Executing OkObjectResult, writing value of type 'System.Linq.Enumerable+SelectListIterator`2[[friendly.Models.Comment, api, Version=0.0.0.0, Culture=neutral, PublicKeyToken=null],[friendly.DTOs.CommentDto, api, Version=0.0.0.0, Culture=neutral, PublicKeyToken=null]]'.
2024-11-30 14:54:53.645 +01:00 [INF] Executing OkObjectResult, writing value of type 'System.Linq.Enumerable+SelectListIterator`2[[friendly.Models.Post, api, Version=0.0.0.0, Culture=neutral, PublicKeyToken=null],[friendly.DTOs.PostDto, api, Version=0.0.0.0, Culture=neutral, PublicKeyToken=null]]'.
2024-11-30 14:54:53.645 +01:00 [INF] Executing OkObjectResult, writing value of type 'System.Linq.Enumerable+SelectListIterator`2[[friendly.Models.User, api, Version=0.0.0.0, Culture=neutral, PublicKeyToken=null],[friendly.DTOs.UserDto, api, Version=0.0.0.0, Culture=neutral, PublicKeyToken=null]]'.
2024-11-30 14:54:53.645 +01:00 [INF] Executed action friendly.Controllers.CommentAPIController.CommentList (api) in 5.3471ms
2024-11-30 14:54:53.645 +01:00 [INF] Executed action friendly.Controllers.PostAPIController.PostList (api) in 5.3364ms
2024-11-30 14:54:53.645 +01:00 [INF] Executed action friendly.Controllers.UserAPIController.UserList (api) in 5.3718ms
2024-11-30 14:54:53.645 +01:00 [INF] Executed endpoint 'friendly.Controllers.PostAPIController.PostList (api)'
2024-11-30 14:54:53.645 +01:00 [INF] Executed endpoint 'friendly.Controllers.CommentAPIController.CommentList (api)'
2024-11-30 14:54:53.645 +01:00 [INF] Executed endpoint 'friendly.Controllers.UserAPIController.UserList (api)'
2024-11-30 14:54:53.645 +01:00 [INF] Request finished HTTP/1.1 GET http://localhost:5062/api/UserAPI/userlist - 200 1221 application/json; charset=utf-8 5.6234ms
2024-11-30 14:54:53.645 +01:00 [INF] Request finished HTTP/1.1 GET http://localhost:5062/api/PostAPI/postlist - 200 530 application/json; charset=utf-8 5.6695ms
2024-11-30 14:54:53.645 +01:00 [INF] Request finished HTTP/1.1 GET http://localhost:5062/api/CommentAPI/commentlist - 200 447 application/json; charset=utf-8 5.7059ms
2024-11-30 14:54:53.651 +01:00 [INF] Request starting HTTP/1.1 GET http://localhost:5062/api/LikeAPI/likes/1 - null null
2024-11-30 14:54:53.651 +01:00 [INF] CORS policy execution successful.
2024-11-30 14:54:53.651 +01:00 [INF] Executing endpoint 'friendly.Controllers.LikeAPIController.GetLikesCount (api)'
2024-11-30 14:54:53.651 +01:00 [INF] Request starting HTTP/1.1 GET http://localhost:5062/api/LikeAPI/likes/2 - null null
2024-11-30 14:54:53.651 +01:00 [INF] Route matched with {action = "GetLikesCount", controller = "LikeAPI"}. Executing controller action with signature System.Threading.Tasks.Task`1[Microsoft.AspNetCore.Mvc.IActionResult] GetLikesCount(Int32) on controller friendly.Controllers.LikeAPIController (api).
2024-11-30 14:54:53.651 +01:00 [INF] CORS policy execution successful.
2024-11-30 14:54:53.651 +01:00 [INF] Request starting HTTP/1.1 GET http://localhost:5062/api/LikeAPI/likes/3 - null null
2024-11-30 14:54:53.651 +01:00 [INF] Executing endpoint 'friendly.Controllers.LikeAPIController.GetLikesCount (api)'
2024-11-30 14:54:53.651 +01:00 [INF] CORS policy execution successful.
2024-11-30 14:54:53.651 +01:00 [INF] Route matched with {action = "GetLikesCount", controller = "LikeAPI"}. Executing controller action with signature System.Threading.Tasks.Task`1[Microsoft.AspNetCore.Mvc.IActionResult] GetLikesCount(Int32) on controller friendly.Controllers.LikeAPIController (api).
2024-11-30 14:54:53.651 +01:00 [INF] Executing endpoint 'friendly.Controllers.LikeAPIController.GetLikesCount (api)'
2024-11-30 14:54:53.651 +01:00 [INF] Route matched with {action = "GetLikesCount", controller = "LikeAPI"}. Executing controller action with signature System.Threading.Tasks.Task`1[Microsoft.AspNetCore.Mvc.IActionResult] GetLikesCount(Int32) on controller friendly.Controllers.LikeAPIController (api).
2024-11-30 14:54:53.656 +01:00 [INF] Like count retrieved successfully for PostId: 2, Count: 1
2024-11-30 14:54:53.657 +01:00 [INF] Like count retrieved successfully for PostId: 1, Count: 1
2024-11-30 14:54:53.657 +01:00 [INF] Executing OkObjectResult, writing value of type 'System.Int32'.
2024-11-30 14:54:53.657 +01:00 [INF] Executing OkObjectResult, writing value of type 'System.Int32'.
2024-11-30 14:54:53.658 +01:00 [INF] Like count retrieved successfully for PostId: 3, Count: 1
2024-11-30 14:54:53.658 +01:00 [INF] Executed action friendly.Controllers.LikeAPIController.GetLikesCount (api) in 6.7055ms
2024-11-30 14:54:53.658 +01:00 [INF] Executed action friendly.Controllers.LikeAPIController.GetLikesCount (api) in 6.8028ms
2024-11-30 14:54:53.658 +01:00 [INF] Executing OkObjectResult, writing value of type 'System.Int32'.
2024-11-30 14:54:53.658 +01:00 [INF] Executed endpoint 'friendly.Controllers.LikeAPIController.GetLikesCount (api)'
2024-11-30 14:54:53.658 +01:00 [INF] Executed endpoint 'friendly.Controllers.LikeAPIController.GetLikesCount (api)'
2024-11-30 14:54:53.658 +01:00 [INF] Executed action friendly.Controllers.LikeAPIController.GetLikesCount (api) in 6.6925ms
2024-11-30 14:54:53.658 +01:00 [INF] Executed endpoint 'friendly.Controllers.LikeAPIController.GetLikesCount (api)'
2024-11-30 14:54:53.658 +01:00 [INF] Request finished HTTP/1.1 GET http://localhost:5062/api/LikeAPI/likes/2 - 200 1 application/json; charset=utf-8 6.9223ms
2024-11-30 14:54:53.658 +01:00 [INF] Request finished HTTP/1.1 GET http://localhost:5062/api/LikeAPI/likes/1 - 200 1 application/json; charset=utf-8 7.1914ms
2024-11-30 14:54:53.658 +01:00 [INF] Request finished HTTP/1.1 GET http://localhost:5062/api/LikeAPI/likes/3 - 200 1 application/json; charset=utf-8 6.8831ms
2024-11-30 14:54:53.658 +01:00 [INF] Request starting HTTP/1.1 GET http://localhost:5062/api/LikeAPI/likes/2 - null null
2024-11-30 14:54:53.658 +01:00 [INF] Request starting HTTP/1.1 GET http://localhost:5062/api/LikeAPI/likes/1 - null null
2024-11-30 14:54:53.658 +01:00 [INF] Request starting HTTP/1.1 GET http://localhost:5062/api/LikeAPI/likes/3 - null null
2024-11-30 14:54:53.658 +01:00 [INF] CORS policy execution successful.
2024-11-30 14:54:53.658 +01:00 [INF] CORS policy execution successful.
2024-11-30 14:54:53.658 +01:00 [INF] CORS policy execution successful.
2024-11-30 14:54:53.659 +01:00 [INF] Executing endpoint 'friendly.Controllers.LikeAPIController.GetLikesCount (api)'
2024-11-30 14:54:53.659 +01:00 [INF] Executing endpoint 'friendly.Controllers.LikeAPIController.GetLikesCount (api)'
2024-11-30 14:54:53.659 +01:00 [INF] Executing endpoint 'friendly.Controllers.LikeAPIController.GetLikesCount (api)'
2024-11-30 14:54:53.659 +01:00 [INF] Route matched with {action = "GetLikesCount", controller = "LikeAPI"}. Executing controller action with signature System.Threading.Tasks.Task`1[Microsoft.AspNetCore.Mvc.IActionResult] GetLikesCount(Int32) on controller friendly.Controllers.LikeAPIController (api).
2024-11-30 14:54:53.659 +01:00 [INF] Route matched with {action = "GetLikesCount", controller = "LikeAPI"}. Executing controller action with signature System.Threading.Tasks.Task`1[Microsoft.AspNetCore.Mvc.IActionResult] GetLikesCount(Int32) on controller friendly.Controllers.LikeAPIController (api).
2024-11-30 14:54:53.659 +01:00 [INF] Route matched with {action = "GetLikesCount", controller = "LikeAPI"}. Executing controller action with signature System.Threading.Tasks.Task`1[Microsoft.AspNetCore.Mvc.IActionResult] GetLikesCount(Int32) on controller friendly.Controllers.LikeAPIController (api).
2024-11-30 14:54:53.663 +01:00 [INF] Like count retrieved successfully for PostId: 3, Count: 1
2024-11-30 14:54:53.664 +01:00 [INF] Like count retrieved successfully for PostId: 1, Count: 1
2024-11-30 14:54:53.665 +01:00 [INF] Executing OkObjectResult, writing value of type 'System.Int32'.
2024-11-30 14:54:53.665 +01:00 [INF] Executing OkObjectResult, writing value of type 'System.Int32'.
2024-11-30 14:54:53.665 +01:00 [INF] Like count retrieved successfully for PostId: 2, Count: 1
2024-11-30 14:54:53.665 +01:00 [INF] Executing OkObjectResult, writing value of type 'System.Int32'.
2024-11-30 14:54:53.665 +01:00 [INF] Executed action friendly.Controllers.LikeAPIController.GetLikesCount (api) in 6.5758ms
2024-11-30 14:54:53.665 +01:00 [INF] Executed action friendly.Controllers.LikeAPIController.GetLikesCount (api) in 6.5796ms
2024-11-30 14:54:53.665 +01:00 [INF] Executed endpoint 'friendly.Controllers.LikeAPIController.GetLikesCount (api)'
2024-11-30 14:54:53.665 +01:00 [INF] Executed endpoint 'friendly.Controllers.LikeAPIController.GetLikesCount (api)'
2024-11-30 14:54:53.665 +01:00 [INF] Executed action friendly.Controllers.LikeAPIController.GetLikesCount (api) in 6.6187ms
2024-11-30 14:54:53.665 +01:00 [INF] Executed endpoint 'friendly.Controllers.LikeAPIController.GetLikesCount (api)'
2024-11-30 14:54:53.665 +01:00 [INF] Request finished HTTP/1.1 GET http://localhost:5062/api/LikeAPI/likes/1 - 200 1 application/json; charset=utf-8 6.8494ms
2024-11-30 14:54:53.665 +01:00 [INF] Request finished HTTP/1.1 GET http://localhost:5062/api/LikeAPI/likes/3 - 200 1 application/json; charset=utf-8 6.828ms
2024-11-30 14:54:53.665 +01:00 [INF] Request finished HTTP/1.1 GET http://localhost:5062/api/LikeAPI/likes/2 - 200 1 application/json; charset=utf-8 6.8472ms
