2024-11-30 16:58:42.407 +01:00 [INF] User profile is available. Using 'C:\Users\Kristoffer\AppData\Local\ASP.NET\DataProtection-Keys' as key repository and Windows DPAPI to encrypt keys at rest.
2024-11-30 16:58:43.497 +01:00 [WRN] The ASP.NET Core developer certificate is not trusted. For information about trusting the ASP.NET Core developer certificate, see https://aka.ms/aspnet/https-trust-dev-cert.
2024-11-30 16:58:43.513 +01:00 [INF] Now listening on: https://localhost:7046
2024-11-30 16:58:43.513 +01:00 [INF] Now listening on: http://localhost:5062
2024-11-30 16:58:43.516 +01:00 [INF] Application started. Press Ctrl+C to shut down.
2024-11-30 16:58:43.517 +01:00 [INF] Hosting environment: Development
2024-11-30 16:58:43.518 +01:00 [INF] Content root path: C:\Users\Kristoffer\Documents\TestFriendly\api
2024-11-30 16:58:44.577 +01:00 [INF] Request starting HTTP/1.1 GET http://localhost:5062/api/CommentAPI/commentlist - null null
2024-11-30 16:58:44.577 +01:00 [INF] Request starting HTTP/1.1 GET http://localhost:5062/api/UserAPI/userlist - null null
2024-11-30 16:58:44.577 +01:00 [INF] Request starting HTTP/1.1 GET http://localhost:5062/api/PostAPI/postlist - null null
2024-11-30 16:58:44.609 +01:00 [INF] CORS policy execution successful.
2024-11-30 16:58:44.609 +01:00 [INF] CORS policy execution successful.
2024-11-30 16:58:44.609 +01:00 [INF] CORS policy execution successful.
2024-11-30 16:58:44.618 +01:00 [INF] Executing endpoint 'friendly.Controllers.PostAPIController.PostList (api)'
2024-11-30 16:58:44.618 +01:00 [INF] Executing endpoint 'friendly.Controllers.UserAPIController.UserList (api)'
2024-11-30 16:58:44.618 +01:00 [INF] Executing endpoint 'friendly.Controllers.CommentAPIController.CommentList (api)'
2024-11-30 16:58:44.625 +01:00 [INF] Route matched with {action = "PostList", controller = "PostAPI"}. Executing controller action with signature System.Threading.Tasks.Task`1[Microsoft.AspNetCore.Mvc.IActionResult] PostList() on controller friendly.Controllers.PostAPIController (api).
2024-11-30 16:58:44.625 +01:00 [INF] Route matched with {action = "CommentList", controller = "CommentAPI"}. Executing controller action with signature System.Threading.Tasks.Task`1[Microsoft.AspNetCore.Mvc.IActionResult] CommentList() on controller friendly.Controllers.CommentAPIController (api).
2024-11-30 16:58:44.625 +01:00 [INF] Route matched with {action = "UserList", controller = "UserAPI"}. Executing controller action with signature System.Threading.Tasks.Task`1[Microsoft.AspNetCore.Mvc.IActionResult] UserList() on controller friendly.Controllers.UserAPIController (api).
2024-11-30 16:58:44.655 +01:00 [INF] Executing OkObjectResult, writing value of type 'System.Linq.Enumerable+SelectListIterator`2[[friendly.Models.User, api, Version=0.0.0.0, Culture=neutral, PublicKeyToken=null],[friendly.DTOs.UserDto, api, Version=0.0.0.0, Culture=neutral, PublicKeyToken=null]]'.
2024-11-30 16:58:44.655 +01:00 [INF] Executing OkObjectResult, writing value of type 'System.Linq.Enumerable+SelectListIterator`2[[friendly.Models.Comment, api, Version=0.0.0.0, Culture=neutral, PublicKeyToken=null],[friendly.DTOs.CommentDto, api, Version=0.0.0.0, Culture=neutral, PublicKeyToken=null]]'.
2024-11-30 16:58:44.655 +01:00 [INF] Executing OkObjectResult, writing value of type 'System.Linq.Enumerable+SelectListIterator`2[[friendly.Models.Post, api, Version=0.0.0.0, Culture=neutral, PublicKeyToken=null],[friendly.DTOs.PostDto, api, Version=0.0.0.0, Culture=neutral, PublicKeyToken=null]]'.
2024-11-30 16:58:44.700 +01:00 [INF] Request starting HTTP/1.1 GET http://localhost:5062/api/PostAPI/postlist - null null
2024-11-30 16:58:44.700 +01:00 [INF] Request starting HTTP/1.1 GET http://localhost:5062/api/CommentAPI/commentlist - null null
2024-11-30 16:58:44.700 +01:00 [INF] Executed action friendly.Controllers.UserAPIController.UserList (api) in 72.6022ms
2024-11-30 16:58:44.700 +01:00 [INF] Executed action friendly.Controllers.PostAPIController.PostList (api) in 72.6019ms
2024-11-30 16:58:44.700 +01:00 [INF] Executed action friendly.Controllers.CommentAPIController.CommentList (api) in 72.6025ms
2024-11-30 16:58:44.700 +01:00 [INF] Executed endpoint 'friendly.Controllers.UserAPIController.UserList (api)'
2024-11-30 16:58:44.700 +01:00 [INF] Executed endpoint 'friendly.Controllers.PostAPIController.PostList (api)'
2024-11-30 16:58:44.700 +01:00 [INF] Executed endpoint 'friendly.Controllers.CommentAPIController.CommentList (api)'
2024-11-30 16:58:44.701 +01:00 [INF] Request starting HTTP/1.1 GET http://localhost:5062/api/LikeAPI/likes/3 - null null
2024-11-30 16:58:44.701 +01:00 [INF] CORS policy execution successful.
2024-11-30 16:58:44.701 +01:00 [INF] CORS policy execution successful.
2024-11-30 16:58:44.701 +01:00 [INF] CORS policy execution successful.
2024-11-30 16:58:44.702 +01:00 [INF] Executing endpoint 'friendly.Controllers.PostAPIController.PostList (api)'
2024-11-30 16:58:44.702 +01:00 [INF] Executing endpoint 'friendly.Controllers.LikeAPIController.GetLikesCount (api)'
2024-11-30 16:58:44.702 +01:00 [INF] Executing endpoint 'friendly.Controllers.CommentAPIController.CommentList (api)'
2024-11-30 16:58:44.703 +01:00 [INF] Route matched with {action = "PostList", controller = "PostAPI"}. Executing controller action with signature System.Threading.Tasks.Task`1[Microsoft.AspNetCore.Mvc.IActionResult] PostList() on controller friendly.Controllers.PostAPIController (api).
2024-11-30 16:58:44.703 +01:00 [INF] Route matched with {action = "CommentList", controller = "CommentAPI"}. Executing controller action with signature System.Threading.Tasks.Task`1[Microsoft.AspNetCore.Mvc.IActionResult] CommentList() on controller friendly.Controllers.CommentAPIController (api).
2024-11-30 16:58:44.703 +01:00 [INF] Request finished HTTP/1.1 GET http://localhost:5062/api/UserAPI/userlist - 200 1221 application/json; charset=utf-8 127.2158ms
2024-11-30 16:58:44.703 +01:00 [INF] Request finished HTTP/1.1 GET http://localhost:5062/api/CommentAPI/commentlist - 200 447 application/json; charset=utf-8 127.2179ms
2024-11-30 16:58:44.703 +01:00 [INF] Request finished HTTP/1.1 GET http://localhost:5062/api/PostAPI/postlist - 200 500 application/json; charset=utf-8 127.2161ms
2024-11-30 16:58:44.704 +01:00 [INF] Request starting HTTP/1.1 GET http://localhost:5062/api/LikeAPI/likes/1 - null null
2024-11-30 16:58:44.704 +01:00 [INF] Request starting HTTP/1.1 GET http://localhost:5062/api/UserAPI/userlist - null null
2024-11-30 16:58:44.704 +01:00 [INF] Request starting HTTP/1.1 GET http://localhost:5062/api/LikeAPI/likes/2 - null null
2024-11-30 16:58:44.704 +01:00 [INF] CORS policy execution successful.
2024-11-30 16:58:44.704 +01:00 [INF] CORS policy execution successful.
2024-11-30 16:58:44.704 +01:00 [INF] CORS policy execution successful.
2024-11-30 16:58:44.704 +01:00 [INF] Executing endpoint 'friendly.Controllers.UserAPIController.UserList (api)'
2024-11-30 16:58:44.704 +01:00 [INF] Executing endpoint 'friendly.Controllers.LikeAPIController.GetLikesCount (api)'
2024-11-30 16:58:44.704 +01:00 [INF] Route matched with {action = "UserList", controller = "UserAPI"}. Executing controller action with signature System.Threading.Tasks.Task`1[Microsoft.AspNetCore.Mvc.IActionResult] UserList() on controller friendly.Controllers.UserAPIController (api).
2024-11-30 16:58:44.704 +01:00 [INF] Executing endpoint 'friendly.Controllers.LikeAPIController.GetLikesCount (api)'
2024-11-30 16:58:44.706 +01:00 [INF] Route matched with {action = "GetLikesCount", controller = "LikeAPI"}. Executing controller action with signature System.Threading.Tasks.Task`1[Microsoft.AspNetCore.Mvc.IActionResult] GetLikesCount(Int32) on controller friendly.Controllers.LikeAPIController (api).
2024-11-30 16:58:44.706 +01:00 [INF] Route matched with {action = "GetLikesCount", controller = "LikeAPI"}. Executing controller action with signature System.Threading.Tasks.Task`1[Microsoft.AspNetCore.Mvc.IActionResult] GetLikesCount(Int32) on controller friendly.Controllers.LikeAPIController (api).
2024-11-30 16:58:44.706 +01:00 [INF] Route matched with {action = "GetLikesCount", controller = "LikeAPI"}. Executing controller action with signature System.Threading.Tasks.Task`1[Microsoft.AspNetCore.Mvc.IActionResult] GetLikesCount(Int32) on controller friendly.Controllers.LikeAPIController (api).
2024-11-30 16:58:44.725 +01:00 [INF] Executing OkObjectResult, writing value of type 'System.Linq.Enumerable+SelectListIterator`2[[friendly.Models.Post, api, Version=0.0.0.0, Culture=neutral, PublicKeyToken=null],[friendly.DTOs.PostDto, api, Version=0.0.0.0, Culture=neutral, PublicKeyToken=null]]'.
2024-11-30 16:58:44.725 +01:00 [INF] Executing OkObjectResult, writing value of type 'System.Linq.Enumerable+SelectListIterator`2[[friendly.Models.User, api, Version=0.0.0.0, Culture=neutral, PublicKeyToken=null],[friendly.DTOs.UserDto, api, Version=0.0.0.0, Culture=neutral, PublicKeyToken=null]]'.
2024-11-30 16:58:44.725 +01:00 [INF] Executing OkObjectResult, writing value of type 'System.Linq.Enumerable+SelectListIterator`2[[friendly.Models.Comment, api, Version=0.0.0.0, Culture=neutral, PublicKeyToken=null],[friendly.DTOs.CommentDto, api, Version=0.0.0.0, Culture=neutral, PublicKeyToken=null]]'.
2024-11-30 16:58:44.726 +01:00 [INF] Executed action friendly.Controllers.CommentAPIController.CommentList (api) in 23.0517ms
2024-11-30 16:58:44.726 +01:00 [INF] Executed action friendly.Controllers.PostAPIController.PostList (api) in 23.0766ms
2024-11-30 16:58:44.726 +01:00 [INF] Executed action friendly.Controllers.UserAPIController.UserList (api) in 21.4045ms
2024-11-30 16:58:44.726 +01:00 [INF] Executed endpoint 'friendly.Controllers.PostAPIController.PostList (api)'
2024-11-30 16:58:44.726 +01:00 [INF] Executed endpoint 'friendly.Controllers.CommentAPIController.CommentList (api)'
2024-11-30 16:58:44.726 +01:00 [INF] Executed endpoint 'friendly.Controllers.UserAPIController.UserList (api)'
2024-11-30 16:58:44.726 +01:00 [INF] Request finished HTTP/1.1 GET http://localhost:5062/api/UserAPI/userlist - 200 1221 application/json; charset=utf-8 22.0345ms
2024-11-30 16:58:44.726 +01:00 [INF] Request finished HTTP/1.1 GET http://localhost:5062/api/CommentAPI/commentlist - 200 447 application/json; charset=utf-8 26.2091ms
2024-11-30 16:58:44.726 +01:00 [INF] Request finished HTTP/1.1 GET http://localhost:5062/api/PostAPI/postlist - 200 500 application/json; charset=utf-8 26.2091ms
2024-11-30 16:58:44.740 +01:00 [INF] Like count retrieved successfully for PostId: 1, Count: 0
2024-11-30 16:58:44.772 +01:00 [INF] Like count retrieved successfully for PostId: 2, Count: 0
2024-11-30 16:58:44.772 +01:00 [INF] Executing OkObjectResult, writing value of type 'System.Int32'.
2024-11-30 16:58:44.772 +01:00 [INF] Like count retrieved successfully for PostId: 3, Count: 0
2024-11-30 16:58:44.772 +01:00 [INF] Executing OkObjectResult, writing value of type 'System.Int32'.
2024-11-30 16:58:44.772 +01:00 [INF] Executing OkObjectResult, writing value of type 'System.Int32'.
2024-11-30 16:58:44.772 +01:00 [INF] Executed action friendly.Controllers.LikeAPIController.GetLikesCount (api) in 66.0772ms
2024-11-30 16:58:44.773 +01:00 [INF] Executed action friendly.Controllers.LikeAPIController.GetLikesCount (api) in 66.1011ms
2024-11-30 16:58:44.773 +01:00 [INF] Executed endpoint 'friendly.Controllers.LikeAPIController.GetLikesCount (api)'
2024-11-30 16:58:44.773 +01:00 [INF] Executed endpoint 'friendly.Controllers.LikeAPIController.GetLikesCount (api)'
2024-11-30 16:58:44.773 +01:00 [INF] Executed action friendly.Controllers.LikeAPIController.GetLikesCount (api) in 66.0232ms
2024-11-30 16:58:44.773 +01:00 [INF] Request finished HTTP/1.1 GET http://localhost:5062/api/LikeAPI/likes/3 - 200 1 application/json; charset=utf-8 71.6135ms
2024-11-30 16:58:44.773 +01:00 [INF] Executed endpoint 'friendly.Controllers.LikeAPIController.GetLikesCount (api)'
2024-11-30 16:58:44.773 +01:00 [INF] Request finished HTTP/1.1 GET http://localhost:5062/api/LikeAPI/likes/2 - 200 1 application/json; charset=utf-8 68.8226ms
2024-11-30 16:58:44.773 +01:00 [INF] Request finished HTTP/1.1 GET http://localhost:5062/api/LikeAPI/likes/1 - 200 1 application/json; charset=utf-8 68.8816ms
2024-11-30 16:58:44.774 +01:00 [INF] Request starting HTTP/1.1 GET http://localhost:5062/api/LikeAPI/likes/3 - null null
2024-11-30 16:58:44.774 +01:00 [INF] Request starting HTTP/1.1 GET http://localhost:5062/api/LikeAPI/likes/1 - null null
2024-11-30 16:58:44.774 +01:00 [INF] CORS policy execution successful.
2024-11-30 16:58:44.774 +01:00 [INF] Request starting HTTP/1.1 GET http://localhost:5062/api/LikeAPI/likes/2 - null null
2024-11-30 16:58:44.774 +01:00 [INF] CORS policy execution successful.
2024-11-30 16:58:44.774 +01:00 [INF] CORS policy execution successful.
2024-11-30 16:58:44.774 +01:00 [INF] Executing endpoint 'friendly.Controllers.LikeAPIController.GetLikesCount (api)'
2024-11-30 16:58:44.774 +01:00 [INF] Executing endpoint 'friendly.Controllers.LikeAPIController.GetLikesCount (api)'
2024-11-30 16:58:44.774 +01:00 [INF] Route matched with {action = "GetLikesCount", controller = "LikeAPI"}. Executing controller action with signature System.Threading.Tasks.Task`1[Microsoft.AspNetCore.Mvc.IActionResult] GetLikesCount(Int32) on controller friendly.Controllers.LikeAPIController (api).
2024-11-30 16:58:44.774 +01:00 [INF] Route matched with {action = "GetLikesCount", controller = "LikeAPI"}. Executing controller action with signature System.Threading.Tasks.Task`1[Microsoft.AspNetCore.Mvc.IActionResult] GetLikesCount(Int32) on controller friendly.Controllers.LikeAPIController (api).
2024-11-30 16:58:44.774 +01:00 [INF] Executing endpoint 'friendly.Controllers.LikeAPIController.GetLikesCount (api)'
2024-11-30 16:58:44.774 +01:00 [INF] Route matched with {action = "GetLikesCount", controller = "LikeAPI"}. Executing controller action with signature System.Threading.Tasks.Task`1[Microsoft.AspNetCore.Mvc.IActionResult] GetLikesCount(Int32) on controller friendly.Controllers.LikeAPIController (api).
2024-11-30 16:58:44.782 +01:00 [INF] Like count retrieved successfully for PostId: 2, Count: 0
2024-11-30 16:58:44.784 +01:00 [INF] Executing OkObjectResult, writing value of type 'System.Int32'.
2024-11-30 16:58:44.787 +01:00 [INF] Like count retrieved successfully for PostId: 3, Count: 0
2024-11-30 16:58:44.787 +01:00 [INF] Executed action friendly.Controllers.LikeAPIController.GetLikesCount (api) in 12.9545ms
2024-11-30 16:58:44.788 +01:00 [INF] Executed endpoint 'friendly.Controllers.LikeAPIController.GetLikesCount (api)'
2024-11-30 16:58:44.789 +01:00 [INF] Executing OkObjectResult, writing value of type 'System.Int32'.
2024-11-30 16:58:44.789 +01:00 [INF] Like count retrieved successfully for PostId: 1, Count: 0
2024-11-30 16:58:44.789 +01:00 [INF] Request finished HTTP/1.1 GET http://localhost:5062/api/LikeAPI/likes/2 - 200 1 application/json; charset=utf-8 15.5158ms
2024-11-30 16:58:44.789 +01:00 [INF] Executing OkObjectResult, writing value of type 'System.Int32'.
2024-11-30 16:58:44.789 +01:00 [INF] Executed action friendly.Controllers.LikeAPIController.GetLikesCount (api) in 15.4064ms
2024-11-30 16:58:44.789 +01:00 [INF] Executed endpoint 'friendly.Controllers.LikeAPIController.GetLikesCount (api)'
2024-11-30 16:58:44.789 +01:00 [INF] Executed action friendly.Controllers.LikeAPIController.GetLikesCount (api) in 15.4501ms
2024-11-30 16:58:44.789 +01:00 [INF] Executed endpoint 'friendly.Controllers.LikeAPIController.GetLikesCount (api)'
2024-11-30 16:58:44.789 +01:00 [INF] Request finished HTTP/1.1 GET http://localhost:5062/api/LikeAPI/likes/1 - 200 1 application/json; charset=utf-8 15.8573ms
2024-11-30 16:58:44.789 +01:00 [INF] Request finished HTTP/1.1 GET http://localhost:5062/api/LikeAPI/likes/3 - 200 1 application/json; charset=utf-8 15.897ms
2024-11-30 16:58:48.487 +01:00 [INF] Request starting HTTP/1.1 OPTIONS http://localhost:5062/api/likeapi/create - null null
2024-11-30 16:58:48.488 +01:00 [INF] CORS policy execution successful.
2024-11-30 16:58:48.490 +01:00 [INF] Request finished HTTP/1.1 OPTIONS http://localhost:5062/api/likeapi/create - 204 null null 2.334ms
2024-11-30 16:58:48.491 +01:00 [INF] Request starting HTTP/1.1 POST http://localhost:5062/api/likeapi/create - application/json 60
2024-11-30 16:58:48.491 +01:00 [INF] CORS policy execution successful.
2024-11-30 16:58:48.492 +01:00 [INF] Executing endpoint 'friendly.Controllers.LikeAPIController.CreateLike (api)'
2024-11-30 16:58:48.496 +01:00 [INF] Route matched with {action = "CreateLike", controller = "LikeAPI"}. Executing controller action with signature System.Threading.Tasks.Task`1[Microsoft.AspNetCore.Mvc.IActionResult] CreateLike(friendly.DTOs.LikeDto) on controller friendly.Controllers.LikeAPIController (api).
2024-11-30 16:58:48.545 +01:00 [INF] Like created successfully for PostId: 1 and UserId: 63b36e57-264b-46fd-a9bd-d70889bc86f5
2024-11-30 16:58:48.545 +01:00 [INF] Executing OkObjectResult, writing value of type '<>f__AnonymousType1`1[[System.String, System.Private.CoreLib, Version=8.0.0.0, Culture=neutral, PublicKeyToken=7cec85d7bea7798e]]'.
2024-11-30 16:58:48.547 +01:00 [INF] Executed action friendly.Controllers.LikeAPIController.CreateLike (api) in 51.6747ms
2024-11-30 16:58:48.547 +01:00 [INF] Executed endpoint 'friendly.Controllers.LikeAPIController.CreateLike (api)'
2024-11-30 16:58:48.547 +01:00 [INF] Request finished HTTP/1.1 POST http://localhost:5062/api/likeapi/create - 200 39 application/json; charset=utf-8 56.3315ms
2024-11-30 16:58:48.550 +01:00 [INF] Request starting HTTP/1.1 GET http://localhost:5062/api/UserAPI/userlist - null null
2024-11-30 16:58:48.550 +01:00 [INF] Request starting HTTP/1.1 GET http://localhost:5062/api/PostAPI/postlist - null null
2024-11-30 16:58:48.550 +01:00 [INF] Request starting HTTP/1.1 GET http://localhost:5062/api/CommentAPI/commentlist - null null
2024-11-30 16:58:48.551 +01:00 [INF] CORS policy execution successful.
2024-11-30 16:58:48.551 +01:00 [INF] CORS policy execution successful.
2024-11-30 16:58:48.551 +01:00 [INF] CORS policy execution successful.
2024-11-30 16:58:48.551 +01:00 [INF] Executing endpoint 'friendly.Controllers.PostAPIController.PostList (api)'
2024-11-30 16:58:48.551 +01:00 [INF] Executing endpoint 'friendly.Controllers.UserAPIController.UserList (api)'
2024-11-30 16:58:48.551 +01:00 [INF] Executing endpoint 'friendly.Controllers.CommentAPIController.CommentList (api)'
2024-11-30 16:58:48.551 +01:00 [INF] Route matched with {action = "UserList", controller = "UserAPI"}. Executing controller action with signature System.Threading.Tasks.Task`1[Microsoft.AspNetCore.Mvc.IActionResult] UserList() on controller friendly.Controllers.UserAPIController (api).
2024-11-30 16:58:48.551 +01:00 [INF] Route matched with {action = "PostList", controller = "PostAPI"}. Executing controller action with signature System.Threading.Tasks.Task`1[Microsoft.AspNetCore.Mvc.IActionResult] PostList() on controller friendly.Controllers.PostAPIController (api).
2024-11-30 16:58:48.551 +01:00 [INF] Route matched with {action = "CommentList", controller = "CommentAPI"}. Executing controller action with signature System.Threading.Tasks.Task`1[Microsoft.AspNetCore.Mvc.IActionResult] CommentList() on controller friendly.Controllers.CommentAPIController (api).
2024-11-30 16:58:48.556 +01:00 [INF] Executing OkObjectResult, writing value of type 'System.Linq.Enumerable+SelectListIterator`2[[friendly.Models.Post, api, Version=0.0.0.0, Culture=neutral, PublicKeyToken=null],[friendly.DTOs.PostDto, api, Version=0.0.0.0, Culture=neutral, PublicKeyToken=null]]'.
2024-11-30 16:58:48.556 +01:00 [INF] Executing OkObjectResult, writing value of type 'System.Linq.Enumerable+SelectListIterator`2[[friendly.Models.Comment, api, Version=0.0.0.0, Culture=neutral, PublicKeyToken=null],[friendly.DTOs.CommentDto, api, Version=0.0.0.0, Culture=neutral, PublicKeyToken=null]]'.
2024-11-30 16:58:48.557 +01:00 [INF] Executing OkObjectResult, writing value of type 'System.Linq.Enumerable+SelectListIterator`2[[friendly.Models.User, api, Version=0.0.0.0, Culture=neutral, PublicKeyToken=null],[friendly.DTOs.UserDto, api, Version=0.0.0.0, Culture=neutral, PublicKeyToken=null]]'.
2024-11-30 16:58:48.557 +01:00 [INF] Executed action friendly.Controllers.CommentAPIController.CommentList (api) in 5.7261ms
2024-11-30 16:58:48.557 +01:00 [INF] Executed action friendly.Controllers.PostAPIController.PostList (api) in 5.7634ms
2024-11-30 16:58:48.557 +01:00 [INF] Executed endpoint 'friendly.Controllers.CommentAPIController.CommentList (api)'
2024-11-30 16:58:48.557 +01:00 [INF] Executed endpoint 'friendly.Controllers.PostAPIController.PostList (api)'
2024-11-30 16:58:48.557 +01:00 [INF] Executed action friendly.Controllers.UserAPIController.UserList (api) in 5.8557ms
2024-11-30 16:58:48.557 +01:00 [INF] Executed endpoint 'friendly.Controllers.UserAPIController.UserList (api)'
2024-11-30 16:58:48.557 +01:00 [INF] Request finished HTTP/1.1 GET http://localhost:5062/api/CommentAPI/commentlist - 200 447 application/json; charset=utf-8 6.5249ms
2024-11-30 16:58:48.557 +01:00 [INF] Request finished HTTP/1.1 GET http://localhost:5062/api/PostAPI/postlist - 200 500 application/json; charset=utf-8 6.6728ms
2024-11-30 16:58:48.557 +01:00 [INF] Request finished HTTP/1.1 GET http://localhost:5062/api/UserAPI/userlist - 200 1221 application/json; charset=utf-8 6.7377ms
2024-11-30 16:58:48.560 +01:00 [INF] Request starting HTTP/1.1 GET http://localhost:5062/api/LikeAPI/likes/2 - null null
2024-11-30 16:58:48.560 +01:00 [INF] Request starting HTTP/1.1 GET http://localhost:5062/api/LikeAPI/likes/3 - null null
2024-11-30 16:58:48.560 +01:00 [INF] Request starting HTTP/1.1 GET http://localhost:5062/api/LikeAPI/likes/1 - null null
2024-11-30 16:58:48.560 +01:00 [INF] CORS policy execution successful.
2024-11-30 16:58:48.560 +01:00 [INF] CORS policy execution successful.
2024-11-30 16:58:48.560 +01:00 [INF] CORS policy execution successful.
2024-11-30 16:58:48.560 +01:00 [INF] Executing endpoint 'friendly.Controllers.LikeAPIController.GetLikesCount (api)'
2024-11-30 16:58:48.560 +01:00 [INF] Executing endpoint 'friendly.Controllers.LikeAPIController.GetLikesCount (api)'
2024-11-30 16:58:48.560 +01:00 [INF] Route matched with {action = "GetLikesCount", controller = "LikeAPI"}. Executing controller action with signature System.Threading.Tasks.Task`1[Microsoft.AspNetCore.Mvc.IActionResult] GetLikesCount(Int32) on controller friendly.Controllers.LikeAPIController (api).
2024-11-30 16:58:48.560 +01:00 [INF] Executing endpoint 'friendly.Controllers.LikeAPIController.GetLikesCount (api)'
2024-11-30 16:58:48.560 +01:00 [INF] Route matched with {action = "GetLikesCount", controller = "LikeAPI"}. Executing controller action with signature System.Threading.Tasks.Task`1[Microsoft.AspNetCore.Mvc.IActionResult] GetLikesCount(Int32) on controller friendly.Controllers.LikeAPIController (api).
2024-11-30 16:58:48.560 +01:00 [INF] Route matched with {action = "GetLikesCount", controller = "LikeAPI"}. Executing controller action with signature System.Threading.Tasks.Task`1[Microsoft.AspNetCore.Mvc.IActionResult] GetLikesCount(Int32) on controller friendly.Controllers.LikeAPIController (api).
2024-11-30 16:58:48.565 +01:00 [INF] Like count retrieved successfully for PostId: 2, Count: 0
2024-11-30 16:58:48.567 +01:00 [INF] Executing OkObjectResult, writing value of type 'System.Int32'.
2024-11-30 16:58:48.567 +01:00 [INF] Like count retrieved successfully for PostId: 3, Count: 0
2024-11-30 16:58:48.568 +01:00 [INF] Executing OkObjectResult, writing value of type 'System.Int32'.
2024-11-30 16:58:48.568 +01:00 [INF] Like count retrieved successfully for PostId: 1, Count: 1
2024-11-30 16:58:48.568 +01:00 [INF] Executed action friendly.Controllers.LikeAPIController.GetLikesCount (api) in 7.94ms
2024-11-30 16:58:48.568 +01:00 [INF] Executed action friendly.Controllers.LikeAPIController.GetLikesCount (api) in 7.9783ms
2024-11-30 16:58:48.568 +01:00 [INF] Executed endpoint 'friendly.Controllers.LikeAPIController.GetLikesCount (api)'
2024-11-30 16:58:48.568 +01:00 [INF] Executing OkObjectResult, writing value of type 'System.Int32'.
2024-11-30 16:58:48.568 +01:00 [INF] Executed endpoint 'friendly.Controllers.LikeAPIController.GetLikesCount (api)'
2024-11-30 16:58:48.568 +01:00 [INF] Request finished HTTP/1.1 GET http://localhost:5062/api/LikeAPI/likes/3 - 200 1 application/json; charset=utf-8 8.4551ms
2024-11-30 16:58:48.568 +01:00 [INF] Executed action friendly.Controllers.LikeAPIController.GetLikesCount (api) in 8.0903ms
2024-11-30 16:58:48.568 +01:00 [INF] Request finished HTTP/1.1 GET http://localhost:5062/api/LikeAPI/likes/2 - 200 1 application/json; charset=utf-8 8.4662ms
2024-11-30 16:58:48.568 +01:00 [INF] Executed endpoint 'friendly.Controllers.LikeAPIController.GetLikesCount (api)'
2024-11-30 16:58:48.568 +01:00 [INF] Request finished HTTP/1.1 GET http://localhost:5062/api/LikeAPI/likes/1 - 200 1 application/json; charset=utf-8 8.5958ms
2024-11-30 16:58:57.809 +01:00 [INF] Request starting HTTP/1.1 OPTIONS http://localhost:5062/api/likeapi/create - null null
2024-11-30 16:58:57.809 +01:00 [INF] CORS policy execution successful.
2024-11-30 16:58:57.809 +01:00 [INF] Request finished HTTP/1.1 OPTIONS http://localhost:5062/api/likeapi/create - 204 null null 0.5152ms
2024-11-30 16:58:57.810 +01:00 [INF] Request starting HTTP/1.1 POST http://localhost:5062/api/likeapi/create - application/json 60
2024-11-30 16:58:57.811 +01:00 [INF] CORS policy execution successful.
2024-11-30 16:58:57.811 +01:00 [INF] Executing endpoint 'friendly.Controllers.LikeAPIController.CreateLike (api)'
2024-11-30 16:58:57.811 +01:00 [INF] Route matched with {action = "CreateLike", controller = "LikeAPI"}. Executing controller action with signature System.Threading.Tasks.Task`1[Microsoft.AspNetCore.Mvc.IActionResult] CreateLike(friendly.DTOs.LikeDto) on controller friendly.Controllers.LikeAPIController (api).
2024-11-30 16:58:57.819 +01:00 [WRN] Like already exists for postId 1 and userId 63b36e57-264b-46fd-a9bd-d70889bc86f5
2024-11-30 16:58:57.819 +01:00 [INF] Executing ConflictObjectResult, writing value of type 'System.String'.
2024-11-30 16:58:57.820 +01:00 [INF] Executed action friendly.Controllers.LikeAPIController.CreateLike (api) in 8.4544ms
2024-11-30 16:58:57.820 +01:00 [INF] Executed endpoint 'friendly.Controllers.LikeAPIController.CreateLike (api)'
2024-11-30 16:58:57.820 +01:00 [INF] Request finished HTTP/1.1 POST http://localhost:5062/api/likeapi/create - 409 null text/plain; charset=utf-8 9.3889ms
2024-11-30 16:58:57.823 +01:00 [INF] Request starting HTTP/1.1 GET http://localhost:5062/api/UserAPI/userlist - null null
2024-11-30 16:58:57.823 +01:00 [INF] Request starting HTTP/1.1 GET http://localhost:5062/api/PostAPI/postlist - null null
2024-11-30 16:58:57.823 +01:00 [INF] Request starting HTTP/1.1 GET http://localhost:5062/api/CommentAPI/commentlist - null null
2024-11-30 16:58:57.823 +01:00 [INF] CORS policy execution successful.
2024-11-30 16:58:57.823 +01:00 [INF] CORS policy execution successful.
2024-11-30 16:58:57.823 +01:00 [INF] CORS policy execution successful.
2024-11-30 16:58:57.824 +01:00 [INF] Executing endpoint 'friendly.Controllers.CommentAPIController.CommentList (api)'
2024-11-30 16:58:57.824 +01:00 [INF] Executing endpoint 'friendly.Controllers.UserAPIController.UserList (api)'
2024-11-30 16:58:57.824 +01:00 [INF] Executing endpoint 'friendly.Controllers.PostAPIController.PostList (api)'
2024-11-30 16:58:57.824 +01:00 [INF] Route matched with {action = "CommentList", controller = "CommentAPI"}. Executing controller action with signature System.Threading.Tasks.Task`1[Microsoft.AspNetCore.Mvc.IActionResult] CommentList() on controller friendly.Controllers.CommentAPIController (api).
2024-11-30 16:58:57.824 +01:00 [INF] Route matched with {action = "UserList", controller = "UserAPI"}. Executing controller action with signature System.Threading.Tasks.Task`1[Microsoft.AspNetCore.Mvc.IActionResult] UserList() on controller friendly.Controllers.UserAPIController (api).
2024-11-30 16:58:57.824 +01:00 [INF] Route matched with {action = "PostList", controller = "PostAPI"}. Executing controller action with signature System.Threading.Tasks.Task`1[Microsoft.AspNetCore.Mvc.IActionResult] PostList() on controller friendly.Controllers.PostAPIController (api).
2024-11-30 16:58:57.828 +01:00 [INF] Executing OkObjectResult, writing value of type 'System.Linq.Enumerable+SelectListIterator`2[[friendly.Models.Post, api, Version=0.0.0.0, Culture=neutral, PublicKeyToken=null],[friendly.DTOs.PostDto, api, Version=0.0.0.0, Culture=neutral, PublicKeyToken=null]]'.
2024-11-30 16:58:57.828 +01:00 [INF] Executing OkObjectResult, writing value of type 'System.Linq.Enumerable+SelectListIterator`2[[friendly.Models.Comment, api, Version=0.0.0.0, Culture=neutral, PublicKeyToken=null],[friendly.DTOs.CommentDto, api, Version=0.0.0.0, Culture=neutral, PublicKeyToken=null]]'.
2024-11-30 16:58:57.828 +01:00 [INF] Executing OkObjectResult, writing value of type 'System.Linq.Enumerable+SelectListIterator`2[[friendly.Models.User, api, Version=0.0.0.0, Culture=neutral, PublicKeyToken=null],[friendly.DTOs.UserDto, api, Version=0.0.0.0, Culture=neutral, PublicKeyToken=null]]'.
2024-11-30 16:58:57.828 +01:00 [INF] Executed action friendly.Controllers.PostAPIController.PostList (api) in 4.4894ms
2024-11-30 16:58:57.828 +01:00 [INF] Executed action friendly.Controllers.CommentAPIController.CommentList (api) in 4.5091ms
2024-11-30 16:58:57.828 +01:00 [INF] Executed endpoint 'friendly.Controllers.PostAPIController.PostList (api)'
2024-11-30 16:58:57.828 +01:00 [INF] Executed endpoint 'friendly.Controllers.CommentAPIController.CommentList (api)'
2024-11-30 16:58:57.828 +01:00 [INF] Executed action friendly.Controllers.UserAPIController.UserList (api) in 4.613ms
2024-11-30 16:58:57.828 +01:00 [INF] Request finished HTTP/1.1 GET http://localhost:5062/api/PostAPI/postlist - 200 500 application/json; charset=utf-8 5.0641ms
2024-11-30 16:58:57.828 +01:00 [INF] Request finished HTTP/1.1 GET http://localhost:5062/api/CommentAPI/commentlist - 200 447 application/json; charset=utf-8 5.0107ms
2024-11-30 16:58:57.828 +01:00 [INF] Executed endpoint 'friendly.Controllers.UserAPIController.UserList (api)'
2024-11-30 16:58:57.828 +01:00 [INF] Request finished HTTP/1.1 GET http://localhost:5062/api/UserAPI/userlist - 200 1221 application/json; charset=utf-8 5.186ms
2024-11-30 16:58:57.832 +01:00 [INF] Request starting HTTP/1.1 GET http://localhost:5062/api/LikeAPI/likes/1 - null null
2024-11-30 16:58:57.832 +01:00 [INF] Request starting HTTP/1.1 GET http://localhost:5062/api/LikeAPI/likes/2 - null null
2024-11-30 16:58:57.832 +01:00 [INF] CORS policy execution successful.
2024-11-30 16:58:57.832 +01:00 [INF] CORS policy execution successful.
2024-11-30 16:58:57.832 +01:00 [INF] Request starting HTTP/1.1 GET http://localhost:5062/api/LikeAPI/likes/3 - null null
2024-11-30 16:58:57.832 +01:00 [INF] Executing endpoint 'friendly.Controllers.LikeAPIController.GetLikesCount (api)'
2024-11-30 16:58:57.832 +01:00 [INF] Executing endpoint 'friendly.Controllers.LikeAPIController.GetLikesCount (api)'
2024-11-30 16:58:57.832 +01:00 [INF] CORS policy execution successful.
2024-11-30 16:58:57.832 +01:00 [INF] Route matched with {action = "GetLikesCount", controller = "LikeAPI"}. Executing controller action with signature System.Threading.Tasks.Task`1[Microsoft.AspNetCore.Mvc.IActionResult] GetLikesCount(Int32) on controller friendly.Controllers.LikeAPIController (api).
2024-11-30 16:58:57.832 +01:00 [INF] Route matched with {action = "GetLikesCount", controller = "LikeAPI"}. Executing controller action with signature System.Threading.Tasks.Task`1[Microsoft.AspNetCore.Mvc.IActionResult] GetLikesCount(Int32) on controller friendly.Controllers.LikeAPIController (api).
2024-11-30 16:58:57.832 +01:00 [INF] Executing endpoint 'friendly.Controllers.LikeAPIController.GetLikesCount (api)'
2024-11-30 16:58:57.832 +01:00 [INF] Route matched with {action = "GetLikesCount", controller = "LikeAPI"}. Executing controller action with signature System.Threading.Tasks.Task`1[Microsoft.AspNetCore.Mvc.IActionResult] GetLikesCount(Int32) on controller friendly.Controllers.LikeAPIController (api).
2024-11-30 16:58:57.837 +01:00 [INF] Like count retrieved successfully for PostId: 3, Count: 0
2024-11-30 16:58:57.838 +01:00 [INF] Like count retrieved successfully for PostId: 2, Count: 0
2024-11-30 16:58:57.838 +01:00 [INF] Executing OkObjectResult, writing value of type 'System.Int32'.
2024-11-30 16:58:57.838 +01:00 [INF] Executing OkObjectResult, writing value of type 'System.Int32'.
2024-11-30 16:58:57.839 +01:00 [INF] Like count retrieved successfully for PostId: 1, Count: 1
2024-11-30 16:58:57.839 +01:00 [INF] Executing OkObjectResult, writing value of type 'System.Int32'.
2024-11-30 16:58:57.839 +01:00 [INF] Executed action friendly.Controllers.LikeAPIController.GetLikesCount (api) in 7.0814ms
2024-11-30 16:58:57.839 +01:00 [INF] Executed action friendly.Controllers.LikeAPIController.GetLikesCount (api) in 7.0307ms
2024-11-30 16:58:57.839 +01:00 [INF] Executed endpoint 'friendly.Controllers.LikeAPIController.GetLikesCount (api)'
2024-11-30 16:58:57.839 +01:00 [INF] Executed action friendly.Controllers.LikeAPIController.GetLikesCount (api) in 7.1189ms
2024-11-30 16:58:57.839 +01:00 [INF] Executed endpoint 'friendly.Controllers.LikeAPIController.GetLikesCount (api)'
2024-11-30 16:58:57.839 +01:00 [INF] Executed endpoint 'friendly.Controllers.LikeAPIController.GetLikesCount (api)'
2024-11-30 16:58:57.839 +01:00 [INF] Request finished HTTP/1.1 GET http://localhost:5062/api/LikeAPI/likes/2 - 200 1 application/json; charset=utf-8 7.5616ms
2024-11-30 16:58:57.839 +01:00 [INF] Request finished HTTP/1.1 GET http://localhost:5062/api/LikeAPI/likes/3 - 200 1 application/json; charset=utf-8 7.3152ms
2024-11-30 16:58:57.839 +01:00 [INF] Request finished HTTP/1.1 GET http://localhost:5062/api/LikeAPI/likes/1 - 200 1 application/json; charset=utf-8 7.5889ms
2024-11-30 16:59:00.793 +01:00 [INF] Request starting HTTP/1.1 POST http://localhost:5062/api/likeapi/create - application/json 60
2024-11-30 16:59:00.793 +01:00 [INF] CORS policy execution successful.
2024-11-30 16:59:00.794 +01:00 [INF] Executing endpoint 'friendly.Controllers.LikeAPIController.CreateLike (api)'
2024-11-30 16:59:00.794 +01:00 [INF] Route matched with {action = "CreateLike", controller = "LikeAPI"}. Executing controller action with signature System.Threading.Tasks.Task`1[Microsoft.AspNetCore.Mvc.IActionResult] CreateLike(friendly.DTOs.LikeDto) on controller friendly.Controllers.LikeAPIController (api).
2024-11-30 16:59:00.802 +01:00 [INF] Like created successfully for PostId: 2 and UserId: 63b36e57-264b-46fd-a9bd-d70889bc86f5
2024-11-30 16:59:00.803 +01:00 [INF] Executing OkObjectResult, writing value of type '<>f__AnonymousType1`1[[System.String, System.Private.CoreLib, Version=8.0.0.0, Culture=neutral, PublicKeyToken=7cec85d7bea7798e]]'.
2024-11-30 16:59:00.803 +01:00 [INF] Executed action friendly.Controllers.LikeAPIController.CreateLike (api) in 8.78ms
2024-11-30 16:59:00.803 +01:00 [INF] Executed endpoint 'friendly.Controllers.LikeAPIController.CreateLike (api)'
2024-11-30 16:59:00.803 +01:00 [INF] Request finished HTTP/1.1 POST http://localhost:5062/api/likeapi/create - 200 39 application/json; charset=utf-8 9.7397ms
2024-11-30 16:59:00.806 +01:00 [INF] Request starting HTTP/1.1 GET http://localhost:5062/api/UserAPI/userlist - null null
2024-11-30 16:59:00.806 +01:00 [INF] Request starting HTTP/1.1 GET http://localhost:5062/api/PostAPI/postlist - null null
2024-11-30 16:59:00.806 +01:00 [INF] Request starting HTTP/1.1 GET http://localhost:5062/api/CommentAPI/commentlist - null null
2024-11-30 16:59:00.806 +01:00 [INF] CORS policy execution successful.
2024-11-30 16:59:00.806 +01:00 [INF] CORS policy execution successful.
2024-11-30 16:59:00.806 +01:00 [INF] CORS policy execution successful.
2024-11-30 16:59:00.806 +01:00 [INF] Executing endpoint 'friendly.Controllers.UserAPIController.UserList (api)'
2024-11-30 16:59:00.806 +01:00 [INF] Executing endpoint 'friendly.Controllers.PostAPIController.PostList (api)'
2024-11-30 16:59:00.806 +01:00 [INF] Executing endpoint 'friendly.Controllers.CommentAPIController.CommentList (api)'
2024-11-30 16:59:00.806 +01:00 [INF] Route matched with {action = "UserList", controller = "UserAPI"}. Executing controller action with signature System.Threading.Tasks.Task`1[Microsoft.AspNetCore.Mvc.IActionResult] UserList() on controller friendly.Controllers.UserAPIController (api).
2024-11-30 16:59:00.806 +01:00 [INF] Route matched with {action = "CommentList", controller = "CommentAPI"}. Executing controller action with signature System.Threading.Tasks.Task`1[Microsoft.AspNetCore.Mvc.IActionResult] CommentList() on controller friendly.Controllers.CommentAPIController (api).
2024-11-30 16:59:00.806 +01:00 [INF] Route matched with {action = "PostList", controller = "PostAPI"}. Executing controller action with signature System.Threading.Tasks.Task`1[Microsoft.AspNetCore.Mvc.IActionResult] PostList() on controller friendly.Controllers.PostAPIController (api).
2024-11-30 16:59:00.810 +01:00 [INF] Executing OkObjectResult, writing value of type 'System.Linq.Enumerable+SelectListIterator`2[[friendly.Models.Post, api, Version=0.0.0.0, Culture=neutral, PublicKeyToken=null],[friendly.DTOs.PostDto, api, Version=0.0.0.0, Culture=neutral, PublicKeyToken=null]]'.
2024-11-30 16:59:00.811 +01:00 [INF] Executed action friendly.Controllers.PostAPIController.PostList (api) in 4.2404ms
2024-11-30 16:59:00.811 +01:00 [INF] Executing OkObjectResult, writing value of type 'System.Linq.Enumerable+SelectListIterator`2[[friendly.Models.Comment, api, Version=0.0.0.0, Culture=neutral, PublicKeyToken=null],[friendly.DTOs.CommentDto, api, Version=0.0.0.0, Culture=neutral, PublicKeyToken=null]]'.
2024-11-30 16:59:00.811 +01:00 [INF] Executed endpoint 'friendly.Controllers.PostAPIController.PostList (api)'
2024-11-30 16:59:00.811 +01:00 [INF] Executing OkObjectResult, writing value of type 'System.Linq.Enumerable+SelectListIterator`2[[friendly.Models.User, api, Version=0.0.0.0, Culture=neutral, PublicKeyToken=null],[friendly.DTOs.UserDto, api, Version=0.0.0.0, Culture=neutral, PublicKeyToken=null]]'.
2024-11-30 16:59:00.811 +01:00 [INF] Executed action friendly.Controllers.CommentAPIController.CommentList (api) in 4.4318ms
2024-11-30 16:59:00.811 +01:00 [INF] Executed endpoint 'friendly.Controllers.CommentAPIController.CommentList (api)'
2024-11-30 16:59:00.811 +01:00 [INF] Request finished HTTP/1.1 GET http://localhost:5062/api/PostAPI/postlist - 200 500 application/json; charset=utf-8 4.9343ms
2024-11-30 16:59:00.811 +01:00 [INF] Request finished HTTP/1.1 GET http://localhost:5062/api/CommentAPI/commentlist - 200 447 application/json; charset=utf-8 4.9617ms
2024-11-30 16:59:00.811 +01:00 [INF] Executed action friendly.Controllers.UserAPIController.UserList (api) in 4.5426ms
2024-11-30 16:59:00.811 +01:00 [INF] Executed endpoint 'friendly.Controllers.UserAPIController.UserList (api)'
2024-11-30 16:59:00.811 +01:00 [INF] Request finished HTTP/1.1 GET http://localhost:5062/api/UserAPI/userlist - 200 1221 application/json; charset=utf-8 5.1442ms
2024-11-30 16:59:00.814 +01:00 [INF] Request starting HTTP/1.1 GET http://localhost:5062/api/LikeAPI/likes/2 - null null
2024-11-30 16:59:00.814 +01:00 [INF] Request starting HTTP/1.1 GET http://localhost:5062/api/LikeAPI/likes/1 - null null
2024-11-30 16:59:00.814 +01:00 [INF] CORS policy execution successful.
2024-11-30 16:59:00.814 +01:00 [INF] CORS policy execution successful.
2024-11-30 16:59:00.814 +01:00 [INF] Request starting HTTP/1.1 GET http://localhost:5062/api/LikeAPI/likes/3 - null null
2024-11-30 16:59:00.814 +01:00 [INF] Executing endpoint 'friendly.Controllers.LikeAPIController.GetLikesCount (api)'
2024-11-30 16:59:00.814 +01:00 [INF] Executing endpoint 'friendly.Controllers.LikeAPIController.GetLikesCount (api)'
2024-11-30 16:59:00.814 +01:00 [INF] CORS policy execution successful.
2024-11-30 16:59:00.814 +01:00 [INF] Route matched with {action = "GetLikesCount", controller = "LikeAPI"}. Executing controller action with signature System.Threading.Tasks.Task`1[Microsoft.AspNetCore.Mvc.IActionResult] GetLikesCount(Int32) on controller friendly.Controllers.LikeAPIController (api).
2024-11-30 16:59:00.814 +01:00 [INF] Route matched with {action = "GetLikesCount", controller = "LikeAPI"}. Executing controller action with signature System.Threading.Tasks.Task`1[Microsoft.AspNetCore.Mvc.IActionResult] GetLikesCount(Int32) on controller friendly.Controllers.LikeAPIController (api).
2024-11-30 16:59:00.814 +01:00 [INF] Executing endpoint 'friendly.Controllers.LikeAPIController.GetLikesCount (api)'
2024-11-30 16:59:00.815 +01:00 [INF] Route matched with {action = "GetLikesCount", controller = "LikeAPI"}. Executing controller action with signature System.Threading.Tasks.Task`1[Microsoft.AspNetCore.Mvc.IActionResult] GetLikesCount(Int32) on controller friendly.Controllers.LikeAPIController (api).
2024-11-30 16:59:00.830 +01:00 [INF] Like count retrieved successfully for PostId: 3, Count: 0
2024-11-30 16:59:00.831 +01:00 [INF] Executing OkObjectResult, writing value of type 'System.Int32'.
2024-11-30 16:59:00.831 +01:00 [INF] Like count retrieved successfully for PostId: 2, Count: 1
2024-11-30 16:59:00.832 +01:00 [INF] Executing OkObjectResult, writing value of type 'System.Int32'.
2024-11-30 16:59:00.832 +01:00 [INF] Executed action friendly.Controllers.LikeAPIController.GetLikesCount (api) in 17.0435ms
2024-11-30 16:59:00.832 +01:00 [INF] Executed endpoint 'friendly.Controllers.LikeAPIController.GetLikesCount (api)'
2024-11-30 16:59:00.832 +01:00 [INF] Like count retrieved successfully for PostId: 1, Count: 1
2024-11-30 16:59:00.832 +01:00 [INF] Request finished HTTP/1.1 GET http://localhost:5062/api/LikeAPI/likes/3 - 200 1 application/json; charset=utf-8 17.3398ms
2024-11-30 16:59:00.832 +01:00 [INF] Executing OkObjectResult, writing value of type 'System.Int32'.
2024-11-30 16:59:00.832 +01:00 [INF] Executed action friendly.Controllers.LikeAPIController.GetLikesCount (api) in 17.7008ms
2024-11-30 16:59:00.832 +01:00 [INF] Executed endpoint 'friendly.Controllers.LikeAPIController.GetLikesCount (api)'
2024-11-30 16:59:00.832 +01:00 [INF] Executed action friendly.Controllers.LikeAPIController.GetLikesCount (api) in 17.7748ms
2024-11-30 16:59:00.832 +01:00 [INF] Request finished HTTP/1.1 GET http://localhost:5062/api/LikeAPI/likes/2 - 200 1 application/json; charset=utf-8 18.2168ms
2024-11-30 16:59:00.832 +01:00 [INF] Executed endpoint 'friendly.Controllers.LikeAPIController.GetLikesCount (api)'
2024-11-30 16:59:00.832 +01:00 [INF] Request finished HTTP/1.1 GET http://localhost:5062/api/LikeAPI/likes/1 - 200 1 application/json; charset=utf-8 18.2905ms
2024-11-30 16:59:04.673 +01:00 [INF] Request starting HTTP/1.1 OPTIONS http://localhost:5062/api/likeapi/create - null null
2024-11-30 16:59:04.674 +01:00 [INF] CORS policy execution successful.
2024-11-30 16:59:04.674 +01:00 [INF] Request finished HTTP/1.1 OPTIONS http://localhost:5062/api/likeapi/create - 204 null null 0.2783ms
2024-11-30 16:59:04.675 +01:00 [INF] Request starting HTTP/1.1 POST http://localhost:5062/api/likeapi/create - application/json 60
2024-11-30 16:59:04.675 +01:00 [INF] CORS policy execution successful.
2024-11-30 16:59:04.675 +01:00 [INF] Executing endpoint 'friendly.Controllers.LikeAPIController.CreateLike (api)'
2024-11-30 16:59:04.675 +01:00 [INF] Route matched with {action = "CreateLike", controller = "LikeAPI"}. Executing controller action with signature System.Threading.Tasks.Task`1[Microsoft.AspNetCore.Mvc.IActionResult] CreateLike(friendly.DTOs.LikeDto) on controller friendly.Controllers.LikeAPIController (api).
2024-11-30 16:59:04.686 +01:00 [INF] Like created successfully for PostId: 3 and UserId: 63b36e57-264b-46fd-a9bd-d70889bc86f5
2024-11-30 16:59:04.686 +01:00 [INF] Executing OkObjectResult, writing value of type '<>f__AnonymousType1`1[[System.String, System.Private.CoreLib, Version=8.0.0.0, Culture=neutral, PublicKeyToken=7cec85d7bea7798e]]'.
2024-11-30 16:59:04.686 +01:00 [INF] Executed action friendly.Controllers.LikeAPIController.CreateLike (api) in 11.0138ms
2024-11-30 16:59:04.686 +01:00 [INF] Executed endpoint 'friendly.Controllers.LikeAPIController.CreateLike (api)'
2024-11-30 16:59:04.686 +01:00 [INF] Request finished HTTP/1.1 POST http://localhost:5062/api/likeapi/create - 200 39 application/json; charset=utf-8 11.7057ms
2024-11-30 16:59:04.689 +01:00 [INF] Request starting HTTP/1.1 GET http://localhost:5062/api/PostAPI/postlist - null null
2024-11-30 16:59:04.689 +01:00 [INF] CORS policy execution successful.
2024-11-30 16:59:04.689 +01:00 [INF] Request starting HTTP/1.1 GET http://localhost:5062/api/UserAPI/userlist - null null
2024-11-30 16:59:04.689 +01:00 [INF] Request starting HTTP/1.1 GET http://localhost:5062/api/CommentAPI/commentlist - null null
2024-11-30 16:59:04.689 +01:00 [INF] CORS policy execution successful.
2024-11-30 16:59:04.690 +01:00 [INF] CORS policy execution successful.
2024-11-30 16:59:04.690 +01:00 [INF] Executing endpoint 'friendly.Controllers.UserAPIController.UserList (api)'
2024-11-30 16:59:04.690 +01:00 [INF] Executing endpoint 'friendly.Controllers.PostAPIController.PostList (api)'
2024-11-30 16:59:04.690 +01:00 [INF] Route matched with {action = "UserList", controller = "UserAPI"}. Executing controller action with signature System.Threading.Tasks.Task`1[Microsoft.AspNetCore.Mvc.IActionResult] UserList() on controller friendly.Controllers.UserAPIController (api).
2024-11-30 16:59:04.690 +01:00 [INF] Route matched with {action = "PostList", controller = "PostAPI"}. Executing controller action with signature System.Threading.Tasks.Task`1[Microsoft.AspNetCore.Mvc.IActionResult] PostList() on controller friendly.Controllers.PostAPIController (api).
2024-11-30 16:59:04.690 +01:00 [INF] Executing endpoint 'friendly.Controllers.CommentAPIController.CommentList (api)'
2024-11-30 16:59:04.690 +01:00 [INF] Route matched with {action = "CommentList", controller = "CommentAPI"}. Executing controller action with signature System.Threading.Tasks.Task`1[Microsoft.AspNetCore.Mvc.IActionResult] CommentList() on controller friendly.Controllers.CommentAPIController (api).
2024-11-30 16:59:04.693 +01:00 [INF] Executing OkObjectResult, writing value of type 'System.Linq.Enumerable+SelectListIterator`2[[friendly.Models.Comment, api, Version=0.0.0.0, Culture=neutral, PublicKeyToken=null],[friendly.DTOs.CommentDto, api, Version=0.0.0.0, Culture=neutral, PublicKeyToken=null]]'.
2024-11-30 16:59:04.694 +01:00 [INF] Executed action friendly.Controllers.CommentAPIController.CommentList (api) in 3.9267ms
2024-11-30 16:59:04.694 +01:00 [INF] Executing OkObjectResult, writing value of type 'System.Linq.Enumerable+SelectListIterator`2[[friendly.Models.Post, api, Version=0.0.0.0, Culture=neutral, PublicKeyToken=null],[friendly.DTOs.PostDto, api, Version=0.0.0.0, Culture=neutral, PublicKeyToken=null]]'.
2024-11-30 16:59:04.694 +01:00 [INF] Executed endpoint 'friendly.Controllers.CommentAPIController.CommentList (api)'
2024-11-30 16:59:04.694 +01:00 [INF] Executing OkObjectResult, writing value of type 'System.Linq.Enumerable+SelectListIterator`2[[friendly.Models.User, api, Version=0.0.0.0, Culture=neutral, PublicKeyToken=null],[friendly.DTOs.UserDto, api, Version=0.0.0.0, Culture=neutral, PublicKeyToken=null]]'.
2024-11-30 16:59:04.694 +01:00 [INF] Executed action friendly.Controllers.PostAPIController.PostList (api) in 4.0832ms
2024-11-30 16:59:04.694 +01:00 [INF] Request finished HTTP/1.1 GET http://localhost:5062/api/CommentAPI/commentlist - 200 447 application/json; charset=utf-8 4.282ms
2024-11-30 16:59:04.694 +01:00 [INF] Executed endpoint 'friendly.Controllers.PostAPIController.PostList (api)'
2024-11-30 16:59:04.694 +01:00 [INF] Request finished HTTP/1.1 GET http://localhost:5062/api/PostAPI/postlist - 200 500 application/json; charset=utf-8 4.6684ms
2024-11-30 16:59:04.694 +01:00 [INF] Executed action friendly.Controllers.UserAPIController.UserList (api) in 4.1744ms
2024-11-30 16:59:04.694 +01:00 [INF] Executed endpoint 'friendly.Controllers.UserAPIController.UserList (api)'
2024-11-30 16:59:04.694 +01:00 [INF] Request finished HTTP/1.1 GET http://localhost:5062/api/UserAPI/userlist - 200 1221 application/json; charset=utf-8 4.4545ms
2024-11-30 16:59:04.697 +01:00 [INF] Request starting HTTP/1.1 GET http://localhost:5062/api/LikeAPI/likes/1 - null null
2024-11-30 16:59:04.697 +01:00 [INF] CORS policy execution successful.
2024-11-30 16:59:04.697 +01:00 [INF] Executing endpoint 'friendly.Controllers.LikeAPIController.GetLikesCount (api)'
2024-11-30 16:59:04.697 +01:00 [INF] Route matched with {action = "GetLikesCount", controller = "LikeAPI"}. Executing controller action with signature System.Threading.Tasks.Task`1[Microsoft.AspNetCore.Mvc.IActionResult] GetLikesCount(Int32) on controller friendly.Controllers.LikeAPIController (api).
2024-11-30 16:59:04.697 +01:00 [INF] Request starting HTTP/1.1 GET http://localhost:5062/api/LikeAPI/likes/2 - null null
2024-11-30 16:59:04.697 +01:00 [INF] Request starting HTTP/1.1 GET http://localhost:5062/api/LikeAPI/likes/3 - null null
2024-11-30 16:59:04.697 +01:00 [INF] CORS policy execution successful.
2024-11-30 16:59:04.697 +01:00 [INF] CORS policy execution successful.
2024-11-30 16:59:04.697 +01:00 [INF] Executing endpoint 'friendly.Controllers.LikeAPIController.GetLikesCount (api)'
2024-11-30 16:59:04.697 +01:00 [INF] Executing endpoint 'friendly.Controllers.LikeAPIController.GetLikesCount (api)'
2024-11-30 16:59:04.697 +01:00 [INF] Route matched with {action = "GetLikesCount", controller = "LikeAPI"}. Executing controller action with signature System.Threading.Tasks.Task`1[Microsoft.AspNetCore.Mvc.IActionResult] GetLikesCount(Int32) on controller friendly.Controllers.LikeAPIController (api).
2024-11-30 16:59:04.698 +01:00 [INF] Route matched with {action = "GetLikesCount", controller = "LikeAPI"}. Executing controller action with signature System.Threading.Tasks.Task`1[Microsoft.AspNetCore.Mvc.IActionResult] GetLikesCount(Int32) on controller friendly.Controllers.LikeAPIController (api).
2024-11-30 16:59:04.702 +01:00 [INF] Like count retrieved successfully for PostId: 2, Count: 1
2024-11-30 16:59:04.703 +01:00 [INF] Executing OkObjectResult, writing value of type 'System.Int32'.
2024-11-30 16:59:04.703 +01:00 [INF] Like count retrieved successfully for PostId: 1, Count: 1
2024-11-30 16:59:04.703 +01:00 [INF] Executing OkObjectResult, writing value of type 'System.Int32'.
2024-11-30 16:59:04.704 +01:00 [INF] Like count retrieved successfully for PostId: 3, Count: 1
2024-11-30 16:59:04.704 +01:00 [INF] Executed action friendly.Controllers.LikeAPIController.GetLikesCount (api) in 6.6615ms
2024-11-30 16:59:04.704 +01:00 [INF] Executed action friendly.Controllers.LikeAPIController.GetLikesCount (api) in 6.3735ms
2024-11-30 16:59:04.704 +01:00 [INF] Executed endpoint 'friendly.Controllers.LikeAPIController.GetLikesCount (api)'
2024-11-30 16:59:04.704 +01:00 [INF] Executing OkObjectResult, writing value of type 'System.Int32'.
2024-11-30 16:59:04.704 +01:00 [INF] Executed endpoint 'friendly.Controllers.LikeAPIController.GetLikesCount (api)'
2024-11-30 16:59:04.704 +01:00 [INF] Request finished HTTP/1.1 GET http://localhost:5062/api/LikeAPI/likes/1 - 200 1 application/json; charset=utf-8 7.0902ms
2024-11-30 16:59:04.704 +01:00 [INF] Request finished HTTP/1.1 GET http://localhost:5062/api/LikeAPI/likes/2 - 200 1 application/json; charset=utf-8 6.7243ms
2024-11-30 16:59:04.704 +01:00 [INF] Executed action friendly.Controllers.LikeAPIController.GetLikesCount (api) in 6.4982ms
2024-11-30 16:59:04.704 +01:00 [INF] Executed endpoint 'friendly.Controllers.LikeAPIController.GetLikesCount (api)'
2024-11-30 16:59:04.704 +01:00 [INF] Request finished HTTP/1.1 GET http://localhost:5062/api/LikeAPI/likes/3 - 200 1 application/json; charset=utf-8 6.773ms
