2024-12-01 16:04:07.928 +01:00 [INF] User profile is available. Using '/Users/axel/.aspnet/DataProtection-Keys' as key repository; keys will not be encrypted at rest.
2024-12-01 16:04:09.301 +01:00 [INF] Now listening on: https://localhost:7046
2024-12-01 16:04:09.301 +01:00 [INF] Now listening on: http://localhost:5062
2024-12-01 16:04:09.303 +01:00 [INF] Application started. Press Ctrl+C to shut down.
2024-12-01 16:04:09.303 +01:00 [INF] Hosting environment: Development
2024-12-01 16:04:09.303 +01:00 [INF] Content root path: /Users/axel/Documents/Skole/TestFriendly/api
2024-12-01 16:04:09.675 +01:00 [INF] Request starting HTTP/1.1 GET http://localhost:5062/api/userapi/userlist - null null
2024-12-01 16:04:09.675 +01:00 [INF] Request starting HTTP/1.1 GET http://localhost:5062/api/userapi/userlist - null null
2024-12-01 16:04:09.694 +01:00 [INF] CORS policy execution successful.
2024-12-01 16:04:09.694 +01:00 [INF] CORS policy execution successful.
2024-12-01 16:04:09.700 +01:00 [INF] Executing endpoint 'friendly.Controllers.UserAPIController.UserList (api)'
2024-12-01 16:04:09.700 +01:00 [INF] Executing endpoint 'friendly.Controllers.UserAPIController.UserList (api)'
2024-12-01 16:04:09.711 +01:00 [INF] Route matched with {action = "UserList", controller = "UserAPI"}. Executing controller action with signature System.Threading.Tasks.Task`1[Microsoft.AspNetCore.Mvc.IActionResult] UserList() on controller friendly.Controllers.UserAPIController (api).
2024-12-01 16:04:09.711 +01:00 [INF] Route matched with {action = "UserList", controller = "UserAPI"}. Executing controller action with signature System.Threading.Tasks.Task`1[Microsoft.AspNetCore.Mvc.IActionResult] UserList() on controller friendly.Controllers.UserAPIController (api).
2024-12-01 16:04:09.733 +01:00 [INF] Executing OkObjectResult, writing value of type 'System.Linq.Enumerable+SelectListIterator`2[[friendly.Models.User, api, Version=0.0.0.0, Culture=neutral, PublicKeyToken=null],[friendly.DTOs.UserDto, api, Version=0.0.0.0, Culture=neutral, PublicKeyToken=null]]'.
2024-12-01 16:04:09.733 +01:00 [INF] Executing OkObjectResult, writing value of type 'System.Linq.Enumerable+SelectListIterator`2[[friendly.Models.User, api, Version=0.0.0.0, Culture=neutral, PublicKeyToken=null],[friendly.DTOs.UserDto, api, Version=0.0.0.0, Culture=neutral, PublicKeyToken=null]]'.
2024-12-01 16:04:09.779 +01:00 [INF] Executed action friendly.Controllers.UserAPIController.UserList (api) in 65.7768ms
2024-12-01 16:04:09.779 +01:00 [INF] Executed action friendly.Controllers.UserAPIController.UserList (api) in 65.8602ms
2024-12-01 16:04:09.780 +01:00 [INF] Executed endpoint 'friendly.Controllers.UserAPIController.UserList (api)'
2024-12-01 16:04:09.780 +01:00 [INF] Executed endpoint 'friendly.Controllers.UserAPIController.UserList (api)'
2024-12-01 16:04:09.782 +01:00 [INF] Request finished HTTP/1.1 GET http://localhost:5062/api/userapi/userlist - 200 1221 application/json; charset=utf-8 108.4877ms
2024-12-01 16:04:09.783 +01:00 [INF] Request finished HTTP/1.1 GET http://localhost:5062/api/userapi/userlist - 200 1221 application/json; charset=utf-8 108.9377ms
2024-12-01 16:04:10.394 +01:00 [INF] Request starting HTTP/1.1 GET http://localhost:5062/api/PostAPI/postlist - null null
2024-12-01 16:04:10.394 +01:00 [INF] Request starting HTTP/1.1 GET http://localhost:5062/api/UserAPI/userlist - null null
2024-12-01 16:04:10.395 +01:00 [INF] Request starting HTTP/1.1 GET http://localhost:5062/api/CommentAPI/commentlist - null null
2024-12-01 16:04:10.396 +01:00 [INF] CORS policy execution successful.
2024-12-01 16:04:10.396 +01:00 [INF] CORS policy execution successful.
2024-12-01 16:04:10.396 +01:00 [INF] CORS policy execution successful.
2024-12-01 16:04:10.397 +01:00 [INF] Executing endpoint 'friendly.Controllers.CommentAPIController.CommentList (api)'
2024-12-01 16:04:10.397 +01:00 [INF] Executing endpoint 'friendly.Controllers.UserAPIController.UserList (api)'
2024-12-01 16:04:10.397 +01:00 [INF] Executing endpoint 'friendly.Controllers.PostAPIController.PostList (api)'
2024-12-01 16:04:10.397 +01:00 [INF] Route matched with {action = "UserList", controller = "UserAPI"}. Executing controller action with signature System.Threading.Tasks.Task`1[Microsoft.AspNetCore.Mvc.IActionResult] UserList() on controller friendly.Controllers.UserAPIController (api).
2024-12-01 16:04:10.399 +01:00 [INF] Route matched with {action = "PostList", controller = "PostAPI"}. Executing controller action with signature System.Threading.Tasks.Task`1[Microsoft.AspNetCore.Mvc.IActionResult] PostList() on controller friendly.Controllers.PostAPIController (api).
2024-12-01 16:04:10.399 +01:00 [INF] Route matched with {action = "CommentList", controller = "CommentAPI"}. Executing controller action with signature System.Threading.Tasks.Task`1[Microsoft.AspNetCore.Mvc.IActionResult] CommentList() on controller friendly.Controllers.CommentAPIController (api).
2024-12-01 16:04:10.419 +01:00 [INF] Executing OkObjectResult, writing value of type 'System.Linq.Enumerable+SelectListIterator`2[[friendly.Models.User, api, Version=0.0.0.0, Culture=neutral, PublicKeyToken=null],[friendly.DTOs.UserDto, api, Version=0.0.0.0, Culture=neutral, PublicKeyToken=null]]'.
2024-12-01 16:04:10.420 +01:00 [INF] Executed action friendly.Controllers.UserAPIController.UserList (api) in 22.6174ms
2024-12-01 16:04:10.420 +01:00 [INF] Executed endpoint 'friendly.Controllers.UserAPIController.UserList (api)'
2024-12-01 16:04:10.420 +01:00 [INF] Request finished HTTP/1.1 GET http://localhost:5062/api/UserAPI/userlist - 200 1221 application/json; charset=utf-8 26.0175ms
2024-12-01 16:04:10.422 +01:00 [INF] Executing OkObjectResult, writing value of type 'System.Linq.Enumerable+SelectListIterator`2[[friendly.Models.Post, api, Version=0.0.0.0, Culture=neutral, PublicKeyToken=null],[friendly.DTOs.PostDto, api, Version=0.0.0.0, Culture=neutral, PublicKeyToken=null]]'.
2024-12-01 16:04:10.423 +01:00 [INF] Executing OkObjectResult, writing value of type 'System.Linq.Enumerable+SelectListIterator`2[[friendly.Models.Comment, api, Version=0.0.0.0, Culture=neutral, PublicKeyToken=null],[friendly.DTOs.CommentDto, api, Version=0.0.0.0, Culture=neutral, PublicKeyToken=null]]'.
2024-12-01 16:04:10.425 +01:00 [INF] Executed action friendly.Controllers.CommentAPIController.CommentList (api) in 26.3169ms
2024-12-01 16:04:10.426 +01:00 [INF] Executed action friendly.Controllers.PostAPIController.PostList (api) in 26.6322ms
2024-12-01 16:04:10.426 +01:00 [INF] Executed endpoint 'friendly.Controllers.PostAPIController.PostList (api)'
2024-12-01 16:04:10.426 +01:00 [INF] Executed endpoint 'friendly.Controllers.CommentAPIController.CommentList (api)'
2024-12-01 16:04:10.426 +01:00 [INF] Request finished HTTP/1.1 GET http://localhost:5062/api/PostAPI/postlist - 200 494 application/json; charset=utf-8 32.2517ms
2024-12-01 16:04:10.427 +01:00 [INF] Request finished HTTP/1.1 GET http://localhost:5062/api/CommentAPI/commentlist - 200 441 application/json; charset=utf-8 31.9587ms
2024-12-01 16:04:10.431 +01:00 [INF] Request starting HTTP/1.1 GET http://localhost:5062/api/LikeAPI/likes/1 - null null
2024-12-01 16:04:10.431 +01:00 [INF] Request starting HTTP/1.1 GET http://localhost:5062/api/LikeAPI/likes/2 - null null
2024-12-01 16:04:10.431 +01:00 [INF] Request starting HTTP/1.1 GET http://localhost:5062/api/LikeAPI/likes/3 - null null
2024-12-01 16:04:10.431 +01:00 [INF] CORS policy execution successful.
2024-12-01 16:04:10.431 +01:00 [INF] CORS policy execution successful.
2024-12-01 16:04:10.431 +01:00 [INF] CORS policy execution successful.
2024-12-01 16:04:10.432 +01:00 [INF] Executing endpoint 'friendly.Controllers.LikeAPIController.GetLikesCount (api)'
2024-12-01 16:04:10.432 +01:00 [INF] Executing endpoint 'friendly.Controllers.LikeAPIController.GetLikesCount (api)'
2024-12-01 16:04:10.432 +01:00 [INF] Executing endpoint 'friendly.Controllers.LikeAPIController.GetLikesCount (api)'
2024-12-01 16:04:10.437 +01:00 [INF] Route matched with {action = "GetLikesCount", controller = "LikeAPI"}. Executing controller action with signature System.Threading.Tasks.Task`1[Microsoft.AspNetCore.Mvc.IActionResult] GetLikesCount(Int32) on controller friendly.Controllers.LikeAPIController (api).
2024-12-01 16:04:10.437 +01:00 [INF] Route matched with {action = "GetLikesCount", controller = "LikeAPI"}. Executing controller action with signature System.Threading.Tasks.Task`1[Microsoft.AspNetCore.Mvc.IActionResult] GetLikesCount(Int32) on controller friendly.Controllers.LikeAPIController (api).
2024-12-01 16:04:10.437 +01:00 [INF] Route matched with {action = "GetLikesCount", controller = "LikeAPI"}. Executing controller action with signature System.Threading.Tasks.Task`1[Microsoft.AspNetCore.Mvc.IActionResult] GetLikesCount(Int32) on controller friendly.Controllers.LikeAPIController (api).
2024-12-01 16:04:10.454 +01:00 [INF] Like count retrieved successfully for PostId: 3, Count: 0
2024-12-01 16:04:10.454 +01:00 [INF] Like count retrieved successfully for PostId: 2, Count: 0
2024-12-01 16:04:10.454 +01:00 [INF] Executing OkObjectResult, writing value of type 'System.Int32'.
2024-12-01 16:04:10.454 +01:00 [INF] Executing OkObjectResult, writing value of type 'System.Int32'.
2024-12-01 16:04:10.454 +01:00 [INF] Executed action friendly.Controllers.LikeAPIController.GetLikesCount (api) in 17.667ms
2024-12-01 16:04:10.454 +01:00 [INF] Executed action friendly.Controllers.LikeAPIController.GetLikesCount (api) in 17.6488ms
2024-12-01 16:04:10.454 +01:00 [INF] Executed endpoint 'friendly.Controllers.LikeAPIController.GetLikesCount (api)'
2024-12-01 16:04:10.454 +01:00 [INF] Executed endpoint 'friendly.Controllers.LikeAPIController.GetLikesCount (api)'
2024-12-01 16:04:10.454 +01:00 [INF] Request finished HTTP/1.1 GET http://localhost:5062/api/LikeAPI/likes/2 - 200 1 application/json; charset=utf-8 23.3522ms
2024-12-01 16:04:10.454 +01:00 [INF] Like count retrieved successfully for PostId: 1, Count: 0
2024-12-01 16:04:10.454 +01:00 [INF] Request finished HTTP/1.1 GET http://localhost:5062/api/LikeAPI/likes/3 - 200 1 application/json; charset=utf-8 23.282ms
2024-12-01 16:04:10.455 +01:00 [INF] Executing OkObjectResult, writing value of type 'System.Int32'.
2024-12-01 16:04:10.455 +01:00 [INF] Executed action friendly.Controllers.LikeAPIController.GetLikesCount (api) in 18.0123ms
2024-12-01 16:04:10.455 +01:00 [INF] Executed endpoint 'friendly.Controllers.LikeAPIController.GetLikesCount (api)'
2024-12-01 16:04:10.455 +01:00 [INF] Request finished HTTP/1.1 GET http://localhost:5062/api/LikeAPI/likes/1 - 200 1 application/json; charset=utf-8 23.6709ms
2024-12-01 16:04:15.714 +01:00 [INF] Request starting HTTP/1.1 OPTIONS http://localhost:5062/api/likeapi/create - null 0
2024-12-01 16:04:15.718 +01:00 [INF] CORS policy execution successful.
2024-12-01 16:04:15.720 +01:00 [INF] Request finished HTTP/1.1 OPTIONS http://localhost:5062/api/likeapi/create - 204 null null 6.1767ms
2024-12-01 16:04:15.721 +01:00 [INF] Request starting HTTP/1.1 POST http://localhost:5062/api/likeapi/create - application/json 60
2024-12-01 16:04:15.721 +01:00 [INF] CORS policy execution successful.
2024-12-01 16:04:15.725 +01:00 [INF] Executing endpoint 'friendly.Controllers.LikeAPIController.CreateLike (api)'
2024-12-01 16:04:15.734 +01:00 [INF] Route matched with {action = "CreateLike", controller = "LikeAPI"}. Executing controller action with signature System.Threading.Tasks.Task`1[Microsoft.AspNetCore.Mvc.IActionResult] CreateLike(friendly.DTOs.LikeDto) on controller friendly.Controllers.LikeAPIController (api).
2024-12-01 16:04:15.783 +01:00 [INF] Like created successfully for PostId: 1 and UserId: 9dafc4b1-adde-4274-9f48-bd3fd6d00e45
2024-12-01 16:04:15.783 +01:00 [INF] Executing OkObjectResult, writing value of type '<>f__AnonymousType1`1[[System.String, System.Private.CoreLib, Version=8.0.0.0, Culture=neutral, PublicKeyToken=7cec85d7bea7798e]]'.
2024-12-01 16:04:15.786 +01:00 [INF] Executed action friendly.Controllers.LikeAPIController.CreateLike (api) in 51.7867ms
2024-12-01 16:04:15.786 +01:00 [INF] Executed endpoint 'friendly.Controllers.LikeAPIController.CreateLike (api)'
2024-12-01 16:04:15.786 +01:00 [INF] Request finished HTTP/1.1 POST http://localhost:5062/api/likeapi/create - 200 39 application/json; charset=utf-8 64.9495ms
2024-12-01 16:04:15.789 +01:00 [INF] Request starting HTTP/1.1 GET http://localhost:5062/api/PostAPI/postlist - null null
2024-12-01 16:04:15.789 +01:00 [INF] Request starting HTTP/1.1 GET http://localhost:5062/api/UserAPI/userlist - null null
2024-12-01 16:04:15.789 +01:00 [INF] Request starting HTTP/1.1 GET http://localhost:5062/api/CommentAPI/commentlist - null null
2024-12-01 16:04:15.789 +01:00 [INF] CORS policy execution successful.
2024-12-01 16:04:15.789 +01:00 [INF] Executing endpoint 'friendly.Controllers.UserAPIController.UserList (api)'
2024-12-01 16:04:15.789 +01:00 [INF] Route matched with {action = "UserList", controller = "UserAPI"}. Executing controller action with signature System.Threading.Tasks.Task`1[Microsoft.AspNetCore.Mvc.IActionResult] UserList() on controller friendly.Controllers.UserAPIController (api).
2024-12-01 16:04:15.790 +01:00 [INF] CORS policy execution successful.
2024-12-01 16:04:15.790 +01:00 [INF] CORS policy execution successful.
2024-12-01 16:04:15.790 +01:00 [INF] Executing endpoint 'friendly.Controllers.PostAPIController.PostList (api)'
2024-12-01 16:04:15.790 +01:00 [INF] Executing endpoint 'friendly.Controllers.CommentAPIController.CommentList (api)'
2024-12-01 16:04:15.790 +01:00 [INF] Route matched with {action = "PostList", controller = "PostAPI"}. Executing controller action with signature System.Threading.Tasks.Task`1[Microsoft.AspNetCore.Mvc.IActionResult] PostList() on controller friendly.Controllers.PostAPIController (api).
2024-12-01 16:04:15.790 +01:00 [INF] Route matched with {action = "CommentList", controller = "CommentAPI"}. Executing controller action with signature System.Threading.Tasks.Task`1[Microsoft.AspNetCore.Mvc.IActionResult] CommentList() on controller friendly.Controllers.CommentAPIController (api).
2024-12-01 16:04:15.792 +01:00 [INF] Executing OkObjectResult, writing value of type 'System.Linq.Enumerable+SelectListIterator`2[[friendly.Models.Comment, api, Version=0.0.0.0, Culture=neutral, PublicKeyToken=null],[friendly.DTOs.CommentDto, api, Version=0.0.0.0, Culture=neutral, PublicKeyToken=null]]'.
2024-12-01 16:04:15.792 +01:00 [INF] Executing OkObjectResult, writing value of type 'System.Linq.Enumerable+SelectListIterator`2[[friendly.Models.Post, api, Version=0.0.0.0, Culture=neutral, PublicKeyToken=null],[friendly.DTOs.PostDto, api, Version=0.0.0.0, Culture=neutral, PublicKeyToken=null]]'.
2024-12-01 16:04:15.792 +01:00 [INF] Executing OkObjectResult, writing value of type 'System.Linq.Enumerable+SelectListIterator`2[[friendly.Models.User, api, Version=0.0.0.0, Culture=neutral, PublicKeyToken=null],[friendly.DTOs.UserDto, api, Version=0.0.0.0, Culture=neutral, PublicKeyToken=null]]'.
2024-12-01 16:04:15.792 +01:00 [INF] Executed action friendly.Controllers.CommentAPIController.CommentList (api) in 1.9405ms
2024-12-01 16:04:15.792 +01:00 [INF] Executed endpoint 'friendly.Controllers.CommentAPIController.CommentList (api)'
2024-12-01 16:04:15.792 +01:00 [INF] Executed action friendly.Controllers.PostAPIController.PostList (api) in 2.0741ms
2024-12-01 16:04:15.792 +01:00 [INF] Executed endpoint 'friendly.Controllers.PostAPIController.PostList (api)'
2024-12-01 16:04:15.792 +01:00 [INF] Request finished HTTP/1.1 GET http://localhost:5062/api/CommentAPI/commentlist - 200 441 application/json; charset=utf-8 3.4248ms
2024-12-01 16:04:15.792 +01:00 [INF] Executed action friendly.Controllers.UserAPIController.UserList (api) in 2.9685ms
2024-12-01 16:04:15.792 +01:00 [INF] Executed endpoint 'friendly.Controllers.UserAPIController.UserList (api)'
2024-12-01 16:04:15.793 +01:00 [INF] Request finished HTTP/1.1 GET http://localhost:5062/api/UserAPI/userlist - 200 1221 application/json; charset=utf-8 3.764ms
2024-12-01 16:04:15.793 +01:00 [INF] Request finished HTTP/1.1 GET http://localhost:5062/api/PostAPI/postlist - 200 494 application/json; charset=utf-8 3.814ms
2024-12-01 16:04:15.796 +01:00 [INF] Request starting HTTP/1.1 GET http://localhost:5062/api/LikeAPI/likes/1 - null null
2024-12-01 16:04:15.796 +01:00 [INF] Request starting HTTP/1.1 GET http://localhost:5062/api/LikeAPI/likes/2 - null null
2024-12-01 16:04:15.796 +01:00 [INF] CORS policy execution successful.
2024-12-01 16:04:15.796 +01:00 [INF] CORS policy execution successful.
2024-12-01 16:04:15.796 +01:00 [INF] Request starting HTTP/1.1 GET http://localhost:5062/api/LikeAPI/likes/3 - null null
2024-12-01 16:04:15.796 +01:00 [INF] CORS policy execution successful.
2024-12-01 16:04:15.796 +01:00 [INF] Executing endpoint 'friendly.Controllers.LikeAPIController.GetLikesCount (api)'
2024-12-01 16:04:15.796 +01:00 [INF] Executing endpoint 'friendly.Controllers.LikeAPIController.GetLikesCount (api)'
2024-12-01 16:04:15.796 +01:00 [INF] Executing endpoint 'friendly.Controllers.LikeAPIController.GetLikesCount (api)'
2024-12-01 16:04:15.796 +01:00 [INF] Route matched with {action = "GetLikesCount", controller = "LikeAPI"}. Executing controller action with signature System.Threading.Tasks.Task`1[Microsoft.AspNetCore.Mvc.IActionResult] GetLikesCount(Int32) on controller friendly.Controllers.LikeAPIController (api).
2024-12-01 16:04:15.796 +01:00 [INF] Route matched with {action = "GetLikesCount", controller = "LikeAPI"}. Executing controller action with signature System.Threading.Tasks.Task`1[Microsoft.AspNetCore.Mvc.IActionResult] GetLikesCount(Int32) on controller friendly.Controllers.LikeAPIController (api).
2024-12-01 16:04:15.796 +01:00 [INF] Route matched with {action = "GetLikesCount", controller = "LikeAPI"}. Executing controller action with signature System.Threading.Tasks.Task`1[Microsoft.AspNetCore.Mvc.IActionResult] GetLikesCount(Int32) on controller friendly.Controllers.LikeAPIController (api).
2024-12-01 16:04:15.798 +01:00 [INF] Like count retrieved successfully for PostId: 1, Count: 1
2024-12-01 16:04:15.798 +01:00 [INF] Like count retrieved successfully for PostId: 3, Count: 0
2024-12-01 16:04:15.798 +01:00 [INF] Like count retrieved successfully for PostId: 2, Count: 0
2024-12-01 16:04:15.798 +01:00 [INF] Executing OkObjectResult, writing value of type 'System.Int32'.
2024-12-01 16:04:15.798 +01:00 [INF] Executing OkObjectResult, writing value of type 'System.Int32'.
2024-12-01 16:04:15.798 +01:00 [INF] Executing OkObjectResult, writing value of type 'System.Int32'.
2024-12-01 16:04:15.798 +01:00 [INF] Executed action friendly.Controllers.LikeAPIController.GetLikesCount (api) in 1.3057ms
2024-12-01 16:04:15.798 +01:00 [INF] Executed action friendly.Controllers.LikeAPIController.GetLikesCount (api) in 1.3186ms
2024-12-01 16:04:15.798 +01:00 [INF] Executed endpoint 'friendly.Controllers.LikeAPIController.GetLikesCount (api)'
2024-12-01 16:04:15.798 +01:00 [INF] Executed endpoint 'friendly.Controllers.LikeAPIController.GetLikesCount (api)'
2024-12-01 16:04:15.798 +01:00 [INF] Executed action friendly.Controllers.LikeAPIController.GetLikesCount (api) in 1.4746ms
2024-12-01 16:04:15.798 +01:00 [INF] Executed endpoint 'friendly.Controllers.LikeAPIController.GetLikesCount (api)'
2024-12-01 16:04:15.798 +01:00 [INF] Request finished HTTP/1.1 GET http://localhost:5062/api/LikeAPI/likes/1 - 200 1 application/json; charset=utf-8 2.1851ms
2024-12-01 16:04:15.798 +01:00 [INF] Request finished HTTP/1.1 GET http://localhost:5062/api/LikeAPI/likes/2 - 200 1 application/json; charset=utf-8 2.096ms
2024-12-01 16:04:15.798 +01:00 [INF] Request finished HTTP/1.1 GET http://localhost:5062/api/LikeAPI/likes/3 - 200 1 application/json; charset=utf-8 1.8632ms
2024-12-01 16:04:18.054 +01:00 [INF] Request starting HTTP/1.1 OPTIONS http://localhost:5062/api/CommentAPI/create - null 0
2024-12-01 16:04:18.055 +01:00 [INF] CORS policy execution successful.
2024-12-01 16:04:18.055 +01:00 [INF] Request finished HTTP/1.1 OPTIONS http://localhost:5062/api/CommentAPI/create - 204 null null 0.9295ms
2024-12-01 16:04:18.056 +01:00 [INF] Request starting HTTP/1.1 POST http://localhost:5062/api/CommentAPI/create - application/json 121
2024-12-01 16:04:18.056 +01:00 [INF] CORS policy execution successful.
2024-12-01 16:04:18.057 +01:00 [INF] Executing endpoint 'friendly.Controllers.CommentAPIController.CreateComment (api)'
2024-12-01 16:04:18.062 +01:00 [INF] Route matched with {action = "CreateComment", controller = "CommentAPI"}. Executing controller action with signature System.Threading.Tasks.Task`1[Microsoft.AspNetCore.Mvc.IActionResult] CreateComment(friendly.DTOs.CommentDto) on controller friendly.Controllers.CommentAPIController (api).
2024-12-01 16:04:18.075 +01:00 [INF] Executing CreatedAtActionResult, writing value of type 'friendly.DTOs.CommentDto'.
2024-12-01 16:04:18.087 +01:00 [INF] Executed action friendly.Controllers.CommentAPIController.CreateComment (api) in 24.8977ms
2024-12-01 16:04:18.087 +01:00 [INF] Executed endpoint 'friendly.Controllers.CommentAPIController.CreateComment (api)'
2024-12-01 16:04:18.088 +01:00 [INF] Request finished HTTP/1.1 POST http://localhost:5062/api/CommentAPI/create - 201 130 application/json; charset=utf-8 31.5065ms
2024-12-01 16:04:19.051 +01:00 [INF] Request starting HTTP/1.1 GET http://localhost:5062/api/CommentAPI/comment/4 - null null
2024-12-01 16:04:19.051 +01:00 [INF] CORS policy execution successful.
2024-12-01 16:04:19.052 +01:00 [INF] Executing endpoint 'friendly.Controllers.CommentAPIController.GetCommentById (api)'
2024-12-01 16:04:19.062 +01:00 [INF] Route matched with {action = "GetCommentById", controller = "CommentAPI"}. Executing controller action with signature System.Threading.Tasks.Task`1[Microsoft.AspNetCore.Mvc.IActionResult] GetCommentById(Int32) on controller friendly.Controllers.CommentAPIController (api).
2024-12-01 16:04:19.072 +01:00 [INF] Executing OkObjectResult, writing value of type 'friendly.DTOs.CommentDto'.
2024-12-01 16:04:19.073 +01:00 [INF] Executed action friendly.Controllers.CommentAPIController.GetCommentById (api) in 10.7176ms
2024-12-01 16:04:19.073 +01:00 [INF] Executed endpoint 'friendly.Controllers.CommentAPIController.GetCommentById (api)'
2024-12-01 16:04:19.073 +01:00 [INF] Request finished HTTP/1.1 GET http://localhost:5062/api/CommentAPI/comment/4 - 200 130 application/json; charset=utf-8 21.9404ms
2024-12-01 16:04:19.076 +01:00 [INF] Request starting HTTP/1.1 GET http://localhost:5062/api/PostAPI/post/1 - null null
2024-12-01 16:04:19.077 +01:00 [INF] CORS policy execution successful.
2024-12-01 16:04:19.077 +01:00 [INF] Executing endpoint 'friendly.Controllers.PostAPIController.GetPostById (api)'
2024-12-01 16:04:19.079 +01:00 [INF] Route matched with {action = "GetPostById", controller = "PostAPI"}. Executing controller action with signature System.Threading.Tasks.Task`1[Microsoft.AspNetCore.Mvc.IActionResult] GetPostById(Int32) on controller friendly.Controllers.PostAPIController (api).
2024-12-01 16:04:19.083 +01:00 [INF] Executing OkObjectResult, writing value of type 'friendly.DTOs.PostDto'.
2024-12-01 16:04:19.084 +01:00 [INF] Executed action friendly.Controllers.PostAPIController.GetPostById (api) in 4.5957ms
2024-12-01 16:04:19.084 +01:00 [INF] Executed endpoint 'friendly.Controllers.PostAPIController.GetPostById (api)'
2024-12-01 16:04:19.084 +01:00 [INF] Request finished HTTP/1.1 GET http://localhost:5062/api/PostAPI/post/1 - 200 169 application/json; charset=utf-8 7.7741ms
2024-12-01 16:04:20.437 +01:00 [INF] Request starting HTTP/1.1 GET http://localhost:5062/api/UserAPI/userlist - null null
2024-12-01 16:04:20.437 +01:00 [INF] Request starting HTTP/1.1 GET http://localhost:5062/api/PostAPI/postlist - null null
2024-12-01 16:04:20.440 +01:00 [INF] CORS policy execution successful.
2024-12-01 16:04:20.440 +01:00 [INF] Request starting HTTP/1.1 GET http://localhost:5062/api/CommentAPI/commentlist - null null
2024-12-01 16:04:20.440 +01:00 [INF] CORS policy execution successful.
2024-12-01 16:04:20.440 +01:00 [INF] Executing endpoint 'friendly.Controllers.CommentAPIController.CommentList (api)'
2024-12-01 16:04:20.440 +01:00 [INF] CORS policy execution successful.
2024-12-01 16:04:20.440 +01:00 [INF] Route matched with {action = "CommentList", controller = "CommentAPI"}. Executing controller action with signature System.Threading.Tasks.Task`1[Microsoft.AspNetCore.Mvc.IActionResult] CommentList() on controller friendly.Controllers.CommentAPIController (api).
2024-12-01 16:04:20.440 +01:00 [INF] Executing endpoint 'friendly.Controllers.UserAPIController.UserList (api)'
2024-12-01 16:04:20.441 +01:00 [INF] Route matched with {action = "UserList", controller = "UserAPI"}. Executing controller action with signature System.Threading.Tasks.Task`1[Microsoft.AspNetCore.Mvc.IActionResult] UserList() on controller friendly.Controllers.UserAPIController (api).
2024-12-01 16:04:20.440 +01:00 [INF] Executing endpoint 'friendly.Controllers.PostAPIController.PostList (api)'
2024-12-01 16:04:20.442 +01:00 [INF] Route matched with {action = "PostList", controller = "PostAPI"}. Executing controller action with signature System.Threading.Tasks.Task`1[Microsoft.AspNetCore.Mvc.IActionResult] PostList() on controller friendly.Controllers.PostAPIController (api).
2024-12-01 16:04:20.443 +01:00 [INF] Executing OkObjectResult, writing value of type 'System.Linq.Enumerable+SelectListIterator`2[[friendly.Models.User, api, Version=0.0.0.0, Culture=neutral, PublicKeyToken=null],[friendly.DTOs.UserDto, api, Version=0.0.0.0, Culture=neutral, PublicKeyToken=null]]'.
2024-12-01 16:04:20.443 +01:00 [INF] Executed action friendly.Controllers.UserAPIController.UserList (api) in 2.2305ms
2024-12-01 16:04:20.443 +01:00 [INF] Executed endpoint 'friendly.Controllers.UserAPIController.UserList (api)'
2024-12-01 16:04:20.444 +01:00 [INF] Request finished HTTP/1.1 GET http://localhost:5062/api/UserAPI/userlist - 200 1221 application/json; charset=utf-8 6.7969ms
2024-12-01 16:04:20.444 +01:00 [INF] Executing OkObjectResult, writing value of type 'System.Linq.Enumerable+SelectListIterator`2[[friendly.Models.Post, api, Version=0.0.0.0, Culture=neutral, PublicKeyToken=null],[friendly.DTOs.PostDto, api, Version=0.0.0.0, Culture=neutral, PublicKeyToken=null]]'.
2024-12-01 16:04:20.444 +01:00 [INF] Executing OkObjectResult, writing value of type 'System.Linq.Enumerable+SelectListIterator`2[[friendly.Models.Comment, api, Version=0.0.0.0, Culture=neutral, PublicKeyToken=null],[friendly.DTOs.CommentDto, api, Version=0.0.0.0, Culture=neutral, PublicKeyToken=null]]'.
2024-12-01 16:04:20.444 +01:00 [INF] Executed action friendly.Controllers.PostAPIController.PostList (api) in 2.3242ms
2024-12-01 16:04:20.444 +01:00 [INF] Executed endpoint 'friendly.Controllers.PostAPIController.PostList (api)'
2024-12-01 16:04:20.444 +01:00 [INF] Executed action friendly.Controllers.CommentAPIController.CommentList (api) in 3.9875ms
2024-12-01 16:04:20.444 +01:00 [INF] Executed endpoint 'friendly.Controllers.CommentAPIController.CommentList (api)'
2024-12-01 16:04:20.444 +01:00 [INF] Request finished HTTP/1.1 GET http://localhost:5062/api/PostAPI/postlist - 200 494 application/json; charset=utf-8 7.5512ms
2024-12-01 16:04:20.444 +01:00 [INF] Request finished HTTP/1.1 GET http://localhost:5062/api/CommentAPI/commentlist - 200 572 application/json; charset=utf-8 7.7351ms
2024-12-01 16:04:20.448 +01:00 [INF] Request starting HTTP/1.1 GET http://localhost:5062/api/LikeAPI/likes/1 - null null
2024-12-01 16:04:20.448 +01:00 [INF] CORS policy execution successful.
2024-12-01 16:04:20.449 +01:00 [INF] Request starting HTTP/1.1 GET http://localhost:5062/api/LikeAPI/likes/2 - null null
2024-12-01 16:04:20.449 +01:00 [INF] Executing endpoint 'friendly.Controllers.LikeAPIController.GetLikesCount (api)'
2024-12-01 16:04:20.449 +01:00 [INF] CORS policy execution successful.
2024-12-01 16:04:20.449 +01:00 [INF] Request starting HTTP/1.1 GET http://localhost:5062/api/LikeAPI/likes/3 - null null
2024-12-01 16:04:20.449 +01:00 [INF] Route matched with {action = "GetLikesCount", controller = "LikeAPI"}. Executing controller action with signature System.Threading.Tasks.Task`1[Microsoft.AspNetCore.Mvc.IActionResult] GetLikesCount(Int32) on controller friendly.Controllers.LikeAPIController (api).
2024-12-01 16:04:20.449 +01:00 [INF] Executing endpoint 'friendly.Controllers.LikeAPIController.GetLikesCount (api)'
2024-12-01 16:04:20.449 +01:00 [INF] CORS policy execution successful.
2024-12-01 16:04:20.449 +01:00 [INF] Route matched with {action = "GetLikesCount", controller = "LikeAPI"}. Executing controller action with signature System.Threading.Tasks.Task`1[Microsoft.AspNetCore.Mvc.IActionResult] GetLikesCount(Int32) on controller friendly.Controllers.LikeAPIController (api).
2024-12-01 16:04:20.449 +01:00 [INF] Executing endpoint 'friendly.Controllers.LikeAPIController.GetLikesCount (api)'
2024-12-01 16:04:20.449 +01:00 [INF] Route matched with {action = "GetLikesCount", controller = "LikeAPI"}. Executing controller action with signature System.Threading.Tasks.Task`1[Microsoft.AspNetCore.Mvc.IActionResult] GetLikesCount(Int32) on controller friendly.Controllers.LikeAPIController (api).
2024-12-01 16:04:20.450 +01:00 [INF] Like count retrieved successfully for PostId: 1, Count: 1
2024-12-01 16:04:20.450 +01:00 [INF] Like count retrieved successfully for PostId: 2, Count: 0
2024-12-01 16:04:20.450 +01:00 [INF] Executing OkObjectResult, writing value of type 'System.Int32'.
2024-12-01 16:04:20.450 +01:00 [INF] Executing OkObjectResult, writing value of type 'System.Int32'.
2024-12-01 16:04:20.450 +01:00 [INF] Executed action friendly.Controllers.LikeAPIController.GetLikesCount (api) in 1.7032ms
2024-12-01 16:04:20.450 +01:00 [INF] Like count retrieved successfully for PostId: 3, Count: 0
2024-12-01 16:04:20.451 +01:00 [INF] Executed endpoint 'friendly.Controllers.LikeAPIController.GetLikesCount (api)'
2024-12-01 16:04:20.451 +01:00 [INF] Executing OkObjectResult, writing value of type 'System.Int32'.
2024-12-01 16:04:20.451 +01:00 [INF] Request finished HTTP/1.1 GET http://localhost:5062/api/LikeAPI/likes/2 - 200 1 application/json; charset=utf-8 2.091ms
2024-12-01 16:04:20.451 +01:00 [INF] Executed action friendly.Controllers.LikeAPIController.GetLikesCount (api) in 1.7576ms
2024-12-01 16:04:20.450 +01:00 [INF] Executed action friendly.Controllers.LikeAPIController.GetLikesCount (api) in 1.7709ms
2024-12-01 16:04:20.451 +01:00 [INF] Executed endpoint 'friendly.Controllers.LikeAPIController.GetLikesCount (api)'
2024-12-01 16:04:20.451 +01:00 [INF] Executed endpoint 'friendly.Controllers.LikeAPIController.GetLikesCount (api)'
2024-12-01 16:04:20.451 +01:00 [INF] Request finished HTTP/1.1 GET http://localhost:5062/api/LikeAPI/likes/3 - 200 1 application/json; charset=utf-8 2.086ms
2024-12-01 16:04:20.451 +01:00 [INF] Request finished HTTP/1.1 GET http://localhost:5062/api/LikeAPI/likes/1 - 200 1 application/json; charset=utf-8 2.8824ms
2024-12-01 16:04:21.364 +01:00 [INF] Request starting HTTP/1.1 OPTIONS http://localhost:5062/api/CommentAPI/delete/4 - null 0
2024-12-01 16:04:21.364 +01:00 [INF] CORS policy execution successful.
2024-12-01 16:04:21.364 +01:00 [INF] Request finished HTTP/1.1 OPTIONS http://localhost:5062/api/CommentAPI/delete/4 - 204 null null 0.4554ms
2024-12-01 16:04:21.365 +01:00 [INF] Request starting HTTP/1.1 DELETE http://localhost:5062/api/CommentAPI/delete/4 - null 0
2024-12-01 16:04:21.365 +01:00 [INF] CORS policy execution successful.
2024-12-01 16:04:21.366 +01:00 [INF] Executing endpoint 'friendly.Controllers.CommentAPIController.DeleteComment (api)'
2024-12-01 16:04:21.368 +01:00 [INF] Route matched with {action = "DeleteComment", controller = "CommentAPI"}. Executing controller action with signature System.Threading.Tasks.Task`1[Microsoft.AspNetCore.Mvc.IActionResult] DeleteComment(Int32) on controller friendly.Controllers.CommentAPIController (api).
2024-12-01 16:04:21.377 +01:00 [INF] Successfully deleted CommentId: 4
2024-12-01 16:04:21.381 +01:00 [INF] Executing StatusCodeResult, setting HTTP status code 204
2024-12-01 16:04:21.381 +01:00 [INF] Executed action friendly.Controllers.CommentAPIController.DeleteComment (api) in 12.5938ms
2024-12-01 16:04:21.381 +01:00 [INF] Executed endpoint 'friendly.Controllers.CommentAPIController.DeleteComment (api)'
2024-12-01 16:04:21.381 +01:00 [INF] Request finished HTTP/1.1 DELETE http://localhost:5062/api/CommentAPI/delete/4 - 204 null null 16.0971ms
