2024-11-28 14:06:58.889 +01:00 [INF] User profile is available. Using 'C:\Users\Kristoffer\AppData\Local\ASP.NET\DataProtection-Keys' as key repository and Windows DPAPI to encrypt keys at rest.
2024-11-28 14:06:59.948 +01:00 [WRN] The ASP.NET Core developer certificate is not trusted. For information about trusting the ASP.NET Core developer certificate, see https://aka.ms/aspnet/https-trust-dev-cert.
2024-11-28 14:06:59.965 +01:00 [INF] Now listening on: https://localhost:7046
2024-11-28 14:06:59.966 +01:00 [INF] Now listening on: http://localhost:5062
2024-11-28 14:06:59.969 +01:00 [INF] Application started. Press Ctrl+C to shut down.
2024-11-28 14:06:59.970 +01:00 [INF] Hosting environment: Development
2024-11-28 14:06:59.971 +01:00 [INF] Content root path: C:\Users\Kristoffer\Documents\TestFriendly\api
2024-11-28 14:07:02.360 +01:00 [INF] Request starting HTTP/1.1 GET http://localhost:5062/api/userapi/userlist - null null
2024-11-28 14:07:02.377 +01:00 [INF] CORS policy execution successful.
2024-11-28 14:07:02.382 +01:00 [INF] Executing endpoint 'friendly.Controllers.UserAPIController.UserList (api)'
2024-11-28 14:07:02.388 +01:00 [INF] Route matched with {action = "UserList", controller = "UserAPI"}. Executing controller action with signature System.Threading.Tasks.Task`1[Microsoft.AspNetCore.Mvc.IActionResult] UserList() on controller friendly.Controllers.UserAPIController (api).
2024-11-28 14:07:02.414 +01:00 [INF] Executing OkObjectResult, writing value of type 'System.Linq.Enumerable+SelectListIterator`2[[friendly.Models.User, api, Version=0.0.0.0, Culture=neutral, PublicKeyToken=null],[friendly.DTOs.UserDto, api, Version=0.0.0.0, Culture=neutral, PublicKeyToken=null]]'.
2024-11-28 14:07:02.462 +01:00 [INF] Executed action friendly.Controllers.UserAPIController.UserList (api) in 72.2163ms
2024-11-28 14:07:02.463 +01:00 [INF] Executed endpoint 'friendly.Controllers.UserAPIController.UserList (api)'
2024-11-28 14:07:02.466 +01:00 [INF] Request finished HTTP/1.1 GET http://localhost:5062/api/userapi/userlist - 200 979 application/json; charset=utf-8 107.1421ms
2024-11-28 14:07:02.467 +01:00 [INF] Request starting HTTP/1.1 GET http://localhost:5062/api/userapi/userlist - null null
2024-11-28 14:07:02.469 +01:00 [INF] CORS policy execution successful.
2024-11-28 14:07:02.470 +01:00 [INF] Executing endpoint 'friendly.Controllers.UserAPIController.UserList (api)'
2024-11-28 14:07:02.470 +01:00 [INF] Route matched with {action = "UserList", controller = "UserAPI"}. Executing controller action with signature System.Threading.Tasks.Task`1[Microsoft.AspNetCore.Mvc.IActionResult] UserList() on controller friendly.Controllers.UserAPIController (api).
2024-11-28 14:07:02.497 +01:00 [INF] Executing OkObjectResult, writing value of type 'System.Linq.Enumerable+SelectListIterator`2[[friendly.Models.User, api, Version=0.0.0.0, Culture=neutral, PublicKeyToken=null],[friendly.DTOs.UserDto, api, Version=0.0.0.0, Culture=neutral, PublicKeyToken=null]]'.
2024-11-28 14:07:02.498 +01:00 [INF] Executed action friendly.Controllers.UserAPIController.UserList (api) in 27.9732ms
2024-11-28 14:07:02.498 +01:00 [INF] Executed endpoint 'friendly.Controllers.UserAPIController.UserList (api)'
2024-11-28 14:07:02.498 +01:00 [INF] Request finished HTTP/1.1 GET http://localhost:5062/api/userapi/userlist - 200 979 application/json; charset=utf-8 30.4248ms
2024-11-28 14:07:55.846 +01:00 [INF] Request starting HTTP/1.1 GET http://localhost:5062/api/UserAPI/userlist - null null
2024-11-28 14:07:55.846 +01:00 [INF] Request starting HTTP/1.1 GET http://localhost:5062/api/PostAPI/postlist - null null
2024-11-28 14:07:55.846 +01:00 [INF] Request starting HTTP/1.1 GET http://localhost:5062/api/CommentAPI/commentlist - null null
2024-11-28 14:07:55.848 +01:00 [INF] CORS policy execution successful.
2024-11-28 14:07:55.848 +01:00 [INF] CORS policy execution successful.
2024-11-28 14:07:55.848 +01:00 [INF] CORS policy execution successful.
2024-11-28 14:07:55.849 +01:00 [INF] Executing endpoint 'friendly.Controllers.PostAPIController.PostList (api)'
2024-11-28 14:07:55.849 +01:00 [INF] Executing endpoint 'friendly.Controllers.UserAPIController.UserList (api)'
2024-11-28 14:07:55.849 +01:00 [INF] Executing endpoint 'friendly.Controllers.CommentAPIController.CommentList (api)'
2024-11-28 14:07:55.849 +01:00 [INF] Route matched with {action = "UserList", controller = "UserAPI"}. Executing controller action with signature System.Threading.Tasks.Task`1[Microsoft.AspNetCore.Mvc.IActionResult] UserList() on controller friendly.Controllers.UserAPIController (api).
2024-11-28 14:07:55.853 +01:00 [INF] Executing OkObjectResult, writing value of type 'System.Linq.Enumerable+SelectListIterator`2[[friendly.Models.User, api, Version=0.0.0.0, Culture=neutral, PublicKeyToken=null],[friendly.DTOs.UserDto, api, Version=0.0.0.0, Culture=neutral, PublicKeyToken=null]]'.
2024-11-28 14:07:55.853 +01:00 [INF] Route matched with {action = "CommentList", controller = "CommentAPI"}. Executing controller action with signature System.Threading.Tasks.Task`1[Microsoft.AspNetCore.Mvc.IActionResult] CommentList() on controller friendly.Controllers.CommentAPIController (api).
2024-11-28 14:07:55.853 +01:00 [INF] Route matched with {action = "PostList", controller = "PostAPI"}. Executing controller action with signature System.Threading.Tasks.Task`1[Microsoft.AspNetCore.Mvc.IActionResult] PostList() on controller friendly.Controllers.PostAPIController (api).
2024-11-28 14:07:55.853 +01:00 [INF] Executed action friendly.Controllers.UserAPIController.UserList (api) in 3.7669ms
2024-11-28 14:07:55.853 +01:00 [INF] Executed endpoint 'friendly.Controllers.UserAPIController.UserList (api)'
2024-11-28 14:07:55.854 +01:00 [INF] Request finished HTTP/1.1 GET http://localhost:5062/api/UserAPI/userlist - 200 979 application/json; charset=utf-8 7.0306ms
2024-11-28 14:07:55.857 +01:00 [INF] Request starting HTTP/1.1 GET http://localhost:5062/api/UserAPI/userlist - null null
2024-11-28 14:07:55.857 +01:00 [INF] CORS policy execution successful.
2024-11-28 14:07:55.857 +01:00 [INF] Executing endpoint 'friendly.Controllers.UserAPIController.UserList (api)'
2024-11-28 14:07:55.857 +01:00 [INF] Route matched with {action = "UserList", controller = "UserAPI"}. Executing controller action with signature System.Threading.Tasks.Task`1[Microsoft.AspNetCore.Mvc.IActionResult] UserList() on controller friendly.Controllers.UserAPIController (api).
2024-11-28 14:07:55.860 +01:00 [INF] Executing OkObjectResult, writing value of type 'System.Linq.Enumerable+SelectListIterator`2[[friendly.Models.User, api, Version=0.0.0.0, Culture=neutral, PublicKeyToken=null],[friendly.DTOs.UserDto, api, Version=0.0.0.0, Culture=neutral, PublicKeyToken=null]]'.
2024-11-28 14:07:55.860 +01:00 [INF] Executed action friendly.Controllers.UserAPIController.UserList (api) in 2.3953ms
2024-11-28 14:07:55.860 +01:00 [INF] Executed endpoint 'friendly.Controllers.UserAPIController.UserList (api)'
2024-11-28 14:07:55.860 +01:00 [INF] Request finished HTTP/1.1 GET http://localhost:5062/api/UserAPI/userlist - 200 979 application/json; charset=utf-8 2.9217ms
2024-11-28 14:07:55.874 +01:00 [INF] Executing OkObjectResult, writing value of type 'System.Linq.Enumerable+SelectListIterator`2[[friendly.Models.Post, api, Version=0.0.0.0, Culture=neutral, PublicKeyToken=null],[friendly.DTOs.PostDto, api, Version=0.0.0.0, Culture=neutral, PublicKeyToken=null]]'.
2024-11-28 14:07:55.876 +01:00 [INF] Executing OkObjectResult, writing value of type 'System.Linq.Enumerable+SelectListIterator`2[[friendly.Models.Comment, api, Version=0.0.0.0, Culture=neutral, PublicKeyToken=null],[friendly.DTOs.CommentDto, api, Version=0.0.0.0, Culture=neutral, PublicKeyToken=null]]'.
2024-11-28 14:07:55.878 +01:00 [INF] Executed action friendly.Controllers.PostAPIController.PostList (api) in 24.7444ms
2024-11-28 14:07:55.878 +01:00 [INF] Executed endpoint 'friendly.Controllers.PostAPIController.PostList (api)'
2024-11-28 14:07:55.878 +01:00 [INF] Request finished HTTP/1.1 GET http://localhost:5062/api/PostAPI/postlist - 200 500 application/json; charset=utf-8 31.7098ms
2024-11-28 14:07:55.879 +01:00 [INF] Executed action friendly.Controllers.CommentAPIController.CommentList (api) in 25.5605ms
2024-11-28 14:07:55.879 +01:00 [INF] Executed endpoint 'friendly.Controllers.CommentAPIController.CommentList (api)'
2024-11-28 14:07:55.879 +01:00 [INF] Request starting HTTP/1.1 GET http://localhost:5062/api/PostAPI/postlist - null null
2024-11-28 14:07:55.879 +01:00 [INF] CORS policy execution successful.
2024-11-28 14:07:55.879 +01:00 [INF] Request finished HTTP/1.1 GET http://localhost:5062/api/CommentAPI/commentlist - 200 447 application/json; charset=utf-8 33.9236ms
2024-11-28 14:07:55.879 +01:00 [INF] Request starting HTTP/1.1 GET http://localhost:5062/api/CommentAPI/commentlist - null null
2024-11-28 14:07:55.879 +01:00 [INF] Executing endpoint 'friendly.Controllers.PostAPIController.PostList (api)'
2024-11-28 14:07:55.879 +01:00 [INF] CORS policy execution successful.
2024-11-28 14:07:55.879 +01:00 [INF] Route matched with {action = "PostList", controller = "PostAPI"}. Executing controller action with signature System.Threading.Tasks.Task`1[Microsoft.AspNetCore.Mvc.IActionResult] PostList() on controller friendly.Controllers.PostAPIController (api).
2024-11-28 14:07:55.880 +01:00 [INF] Executing endpoint 'friendly.Controllers.CommentAPIController.CommentList (api)'
2024-11-28 14:07:55.880 +01:00 [INF] Route matched with {action = "CommentList", controller = "CommentAPI"}. Executing controller action with signature System.Threading.Tasks.Task`1[Microsoft.AspNetCore.Mvc.IActionResult] CommentList() on controller friendly.Controllers.CommentAPIController (api).
2024-11-28 14:07:55.884 +01:00 [INF] Executing OkObjectResult, writing value of type 'System.Linq.Enumerable+SelectListIterator`2[[friendly.Models.Comment, api, Version=0.0.0.0, Culture=neutral, PublicKeyToken=null],[friendly.DTOs.CommentDto, api, Version=0.0.0.0, Culture=neutral, PublicKeyToken=null]]'.
2024-11-28 14:07:55.884 +01:00 [INF] Executing OkObjectResult, writing value of type 'System.Linq.Enumerable+SelectListIterator`2[[friendly.Models.Post, api, Version=0.0.0.0, Culture=neutral, PublicKeyToken=null],[friendly.DTOs.PostDto, api, Version=0.0.0.0, Culture=neutral, PublicKeyToken=null]]'.
2024-11-28 14:07:55.885 +01:00 [INF] Executed action friendly.Controllers.CommentAPIController.CommentList (api) in 4.9042ms
2024-11-28 14:07:55.885 +01:00 [INF] Executed action friendly.Controllers.PostAPIController.PostList (api) in 4.9663ms
2024-11-28 14:07:55.885 +01:00 [INF] Executed endpoint 'friendly.Controllers.CommentAPIController.CommentList (api)'
2024-11-28 14:07:55.885 +01:00 [INF] Executed endpoint 'friendly.Controllers.PostAPIController.PostList (api)'
2024-11-28 14:07:55.885 +01:00 [INF] Request finished HTTP/1.1 GET http://localhost:5062/api/PostAPI/postlist - 200 500 application/json; charset=utf-8 5.9919ms
2024-11-28 14:07:55.885 +01:00 [INF] Request finished HTTP/1.1 GET http://localhost:5062/api/CommentAPI/commentlist - 200 447 application/json; charset=utf-8 5.4755ms
2024-11-28 14:07:55.887 +01:00 [INF] Request starting HTTP/1.1 GET http://localhost:5062/api/LikeAPI/likes/1 - null null
2024-11-28 14:07:55.887 +01:00 [INF] CORS policy execution successful.
2024-11-28 14:07:55.887 +01:00 [INF] Request starting HTTP/1.1 GET http://localhost:5062/api/LikeAPI/likes/2 - null null
2024-11-28 14:07:55.887 +01:00 [INF] Request starting HTTP/1.1 GET http://localhost:5062/api/LikeAPI/likes/3 - null null
2024-11-28 14:07:55.887 +01:00 [INF] CORS policy execution successful.
2024-11-28 14:07:55.887 +01:00 [INF] CORS policy execution successful.
2024-11-28 14:07:55.887 +01:00 [INF] Executing endpoint 'friendly.Controllers.LikeAPIController.GetLikesCount (api)'
2024-11-28 14:07:55.887 +01:00 [INF] Executing endpoint 'friendly.Controllers.LikeAPIController.GetLikesCount (api)'
2024-11-28 14:07:55.887 +01:00 [INF] Executing endpoint 'friendly.Controllers.LikeAPIController.GetLikesCount (api)'
2024-11-28 14:07:55.893 +01:00 [INF] Route matched with {action = "GetLikesCount", controller = "LikeAPI"}. Executing controller action with signature System.Threading.Tasks.Task`1[Microsoft.AspNetCore.Mvc.IActionResult] GetLikesCount(Int32) on controller friendly.Controllers.LikeAPIController (api).
2024-11-28 14:07:55.893 +01:00 [INF] Route matched with {action = "GetLikesCount", controller = "LikeAPI"}. Executing controller action with signature System.Threading.Tasks.Task`1[Microsoft.AspNetCore.Mvc.IActionResult] GetLikesCount(Int32) on controller friendly.Controllers.LikeAPIController (api).
2024-11-28 14:07:55.893 +01:00 [INF] Route matched with {action = "GetLikesCount", controller = "LikeAPI"}. Executing controller action with signature System.Threading.Tasks.Task`1[Microsoft.AspNetCore.Mvc.IActionResult] GetLikesCount(Int32) on controller friendly.Controllers.LikeAPIController (api).
2024-11-28 14:07:55.919 +01:00 [INF] Like count retrieved successfully for PostId: 2, Count: 0
2024-11-28 14:07:55.949 +01:00 [INF] Like count retrieved successfully for PostId: 3, Count: 0
2024-11-28 14:07:55.950 +01:00 [INF] Executing OkObjectResult, writing value of type 'System.Int32'.
2024-11-28 14:07:55.950 +01:00 [INF] Executing OkObjectResult, writing value of type 'System.Int32'.
2024-11-28 14:07:55.950 +01:00 [INF] Executed action friendly.Controllers.LikeAPIController.GetLikesCount (api) in 57.2373ms
2024-11-28 14:07:55.950 +01:00 [INF] Executed endpoint 'friendly.Controllers.LikeAPIController.GetLikesCount (api)'
2024-11-28 14:07:55.950 +01:00 [INF] Executed action friendly.Controllers.LikeAPIController.GetLikesCount (api) in 57.229ms
2024-11-28 14:07:55.950 +01:00 [INF] Executed endpoint 'friendly.Controllers.LikeAPIController.GetLikesCount (api)'
2024-11-28 14:07:55.951 +01:00 [INF] Like count retrieved successfully for PostId: 1, Count: 0
2024-11-28 14:07:55.951 +01:00 [INF] Request finished HTTP/1.1 GET http://localhost:5062/api/LikeAPI/likes/2 - 200 1 application/json; charset=utf-8 63.4203ms
2024-11-28 14:07:55.951 +01:00 [INF] Request finished HTTP/1.1 GET http://localhost:5062/api/LikeAPI/likes/3 - 200 1 application/json; charset=utf-8 63.7412ms
2024-11-28 14:07:55.951 +01:00 [INF] Executing OkObjectResult, writing value of type 'System.Int32'.
2024-11-28 14:07:55.951 +01:00 [INF] Executed action friendly.Controllers.LikeAPIController.GetLikesCount (api) in 58.2741ms
2024-11-28 14:07:55.951 +01:00 [INF] Request starting HTTP/1.1 GET http://localhost:5062/api/LikeAPI/likes/2 - null null
2024-11-28 14:07:55.951 +01:00 [INF] Executed endpoint 'friendly.Controllers.LikeAPIController.GetLikesCount (api)'
2024-11-28 14:07:55.952 +01:00 [INF] Request finished HTTP/1.1 GET http://localhost:5062/api/LikeAPI/likes/1 - 200 1 application/json; charset=utf-8 64.9957ms
2024-11-28 14:07:55.952 +01:00 [INF] CORS policy execution successful.
2024-11-28 14:07:55.952 +01:00 [INF] Request starting HTTP/1.1 GET http://localhost:5062/api/LikeAPI/likes/1 - null null
2024-11-28 14:07:55.980 +01:00 [INF] Executing endpoint 'friendly.Controllers.LikeAPIController.GetLikesCount (api)'
2024-11-28 14:07:55.980 +01:00 [INF] CORS policy execution successful.
2024-11-28 14:07:55.981 +01:00 [INF] Request starting HTTP/1.1 GET http://localhost:5062/api/LikeAPI/likes/3 - null null
2024-11-28 14:07:55.981 +01:00 [INF] Route matched with {action = "GetLikesCount", controller = "LikeAPI"}. Executing controller action with signature System.Threading.Tasks.Task`1[Microsoft.AspNetCore.Mvc.IActionResult] GetLikesCount(Int32) on controller friendly.Controllers.LikeAPIController (api).
2024-11-28 14:07:55.981 +01:00 [INF] CORS policy execution successful.
2024-11-28 14:07:55.981 +01:00 [INF] Executing endpoint 'friendly.Controllers.LikeAPIController.GetLikesCount (api)'
2024-11-28 14:07:55.981 +01:00 [INF] Route matched with {action = "GetLikesCount", controller = "LikeAPI"}. Executing controller action with signature System.Threading.Tasks.Task`1[Microsoft.AspNetCore.Mvc.IActionResult] GetLikesCount(Int32) on controller friendly.Controllers.LikeAPIController (api).
2024-11-28 14:07:55.981 +01:00 [INF] Executing endpoint 'friendly.Controllers.LikeAPIController.GetLikesCount (api)'
2024-11-28 14:07:55.981 +01:00 [INF] Route matched with {action = "GetLikesCount", controller = "LikeAPI"}. Executing controller action with signature System.Threading.Tasks.Task`1[Microsoft.AspNetCore.Mvc.IActionResult] GetLikesCount(Int32) on controller friendly.Controllers.LikeAPIController (api).
2024-11-28 14:07:55.986 +01:00 [INF] Like count retrieved successfully for PostId: 2, Count: 0
2024-11-28 14:07:56.009 +01:00 [INF] Like count retrieved successfully for PostId: 3, Count: 0
2024-11-28 14:07:56.009 +01:00 [INF] Executing OkObjectResult, writing value of type 'System.Int32'.
2024-11-28 14:07:56.010 +01:00 [INF] Like count retrieved successfully for PostId: 1, Count: 0
2024-11-28 14:07:56.010 +01:00 [INF] Executing OkObjectResult, writing value of type 'System.Int32'.
2024-11-28 14:07:56.010 +01:00 [INF] Executing OkObjectResult, writing value of type 'System.Int32'.
2024-11-28 14:07:56.010 +01:00 [INF] Executed action friendly.Controllers.LikeAPIController.GetLikesCount (api) in 28.6588ms
2024-11-28 14:07:56.010 +01:00 [INF] Executed action friendly.Controllers.LikeAPIController.GetLikesCount (api) in 28.5013ms
2024-11-28 14:07:56.010 +01:00 [INF] Executed action friendly.Controllers.LikeAPIController.GetLikesCount (api) in 28.4256ms
2024-11-28 14:07:56.010 +01:00 [INF] Executed endpoint 'friendly.Controllers.LikeAPIController.GetLikesCount (api)'
2024-11-28 14:07:56.010 +01:00 [INF] Executed endpoint 'friendly.Controllers.LikeAPIController.GetLikesCount (api)'
2024-11-28 14:07:56.010 +01:00 [INF] Executed endpoint 'friendly.Controllers.LikeAPIController.GetLikesCount (api)'
2024-11-28 14:07:56.010 +01:00 [INF] Request finished HTTP/1.1 GET http://localhost:5062/api/LikeAPI/likes/1 - 200 1 application/json; charset=utf-8 58.0851ms
2024-11-28 14:07:56.010 +01:00 [INF] Request finished HTTP/1.1 GET http://localhost:5062/api/LikeAPI/likes/3 - 200 1 application/json; charset=utf-8 29.7428ms
2024-11-28 14:07:56.010 +01:00 [INF] Request finished HTTP/1.1 GET http://localhost:5062/api/LikeAPI/likes/2 - 200 1 application/json; charset=utf-8 58.8283ms
2024-11-28 14:09:36.105 +01:00 [INF] Request starting HTTP/1.1 GET http://localhost:5062/api/userapi/userlist - null null
2024-11-28 14:09:36.106 +01:00 [INF] CORS policy execution successful.
2024-11-28 14:09:36.106 +01:00 [INF] Executing endpoint 'friendly.Controllers.UserAPIController.UserList (api)'
2024-11-28 14:09:36.106 +01:00 [INF] Route matched with {action = "UserList", controller = "UserAPI"}. Executing controller action with signature System.Threading.Tasks.Task`1[Microsoft.AspNetCore.Mvc.IActionResult] UserList() on controller friendly.Controllers.UserAPIController (api).
2024-11-28 14:09:36.111 +01:00 [INF] Executing OkObjectResult, writing value of type 'System.Linq.Enumerable+SelectListIterator`2[[friendly.Models.User, api, Version=0.0.0.0, Culture=neutral, PublicKeyToken=null],[friendly.DTOs.UserDto, api, Version=0.0.0.0, Culture=neutral, PublicKeyToken=null]]'.
2024-11-28 14:09:36.111 +01:00 [INF] Executed action friendly.Controllers.UserAPIController.UserList (api) in 5.3359ms
2024-11-28 14:09:36.111 +01:00 [INF] Executed endpoint 'friendly.Controllers.UserAPIController.UserList (api)'
2024-11-28 14:09:36.111 +01:00 [INF] Request finished HTTP/1.1 GET http://localhost:5062/api/userapi/userlist - 200 979 application/json; charset=utf-8 6.271ms
2024-11-28 14:09:36.112 +01:00 [INF] Request starting HTTP/1.1 GET http://localhost:5062/api/userapi/userlist - null null
2024-11-28 14:09:36.112 +01:00 [INF] CORS policy execution successful.
2024-11-28 14:09:36.112 +01:00 [INF] Executing endpoint 'friendly.Controllers.UserAPIController.UserList (api)'
2024-11-28 14:09:36.112 +01:00 [INF] Route matched with {action = "UserList", controller = "UserAPI"}. Executing controller action with signature System.Threading.Tasks.Task`1[Microsoft.AspNetCore.Mvc.IActionResult] UserList() on controller friendly.Controllers.UserAPIController (api).
2024-11-28 14:09:36.114 +01:00 [INF] Executing OkObjectResult, writing value of type 'System.Linq.Enumerable+SelectListIterator`2[[friendly.Models.User, api, Version=0.0.0.0, Culture=neutral, PublicKeyToken=null],[friendly.DTOs.UserDto, api, Version=0.0.0.0, Culture=neutral, PublicKeyToken=null]]'.
2024-11-28 14:09:36.114 +01:00 [INF] Executed action friendly.Controllers.UserAPIController.UserList (api) in 1.888ms
2024-11-28 14:09:36.114 +01:00 [INF] Executed endpoint 'friendly.Controllers.UserAPIController.UserList (api)'
2024-11-28 14:09:36.114 +01:00 [INF] Request finished HTTP/1.1 GET http://localhost:5062/api/userapi/userlist - 200 979 application/json; charset=utf-8 2.2487ms
2024-11-28 14:09:36.117 +01:00 [INF] Request starting HTTP/1.1 GET http://localhost:5062/uploads/profile-images/profileimage3.jpg - null null
2024-11-28 14:09:36.135 +01:00 [INF] Sending file. Request path: '/uploads/profile-images/profileimage3.jpg'. Physical path: 'C:\Users\Kristoffer\Documents\TestFriendly\api\wwwroot\uploads\profile-images\profileimage3.jpg'
2024-11-28 14:09:36.135 +01:00 [INF] Request finished HTTP/1.1 GET http://localhost:5062/uploads/profile-images/profileimage3.jpg - 200 34789 image/jpeg 18.4713ms
