2024-11-29 15:01:09.136 +01:00 [INF] User profile is available. Using '/Users/axel/.aspnet/DataProtection-Keys' as key repository; keys will not be encrypted at rest.
2024-11-29 15:01:10.873 +01:00 [INF] Now listening on: https://localhost:7046
2024-11-29 15:01:10.874 +01:00 [INF] Now listening on: http://localhost:5062
2024-11-29 15:01:10.875 +01:00 [INF] Application started. Press Ctrl+C to shut down.
2024-11-29 15:01:10.875 +01:00 [INF] Hosting environment: Development
2024-11-29 15:01:10.875 +01:00 [INF] Content root path: /Users/axel/Documents/Skole/TestFriendly/api
2024-11-29 15:01:14.823 +01:00 [INF] Request starting HTTP/1.1 GET http://localhost:5062/api/PostAPI/postlist - null null
2024-11-29 15:01:14.852 +01:00 [INF] CORS policy execution successful.
2024-11-29 15:01:14.858 +01:00 [INF] Executing endpoint 'friendly.Controllers.PostAPIController.PostList (api)'
2024-11-29 15:01:14.863 +01:00 [INF] Route matched with {action = "PostList", controller = "PostAPI"}. Executing controller action with signature System.Threading.Tasks.Task`1[Microsoft.AspNetCore.Mvc.IActionResult] PostList() on controller friendly.Controllers.PostAPIController (api).
2024-11-29 15:01:14.883 +01:00 [INF] Executing OkObjectResult, writing value of type 'System.Linq.Enumerable+SelectListIterator`2[[friendly.Models.Post, api, Version=0.0.0.0, Culture=neutral, PublicKeyToken=null],[friendly.DTOs.PostDto, api, Version=0.0.0.0, Culture=neutral, PublicKeyToken=null]]'.
2024-11-29 15:01:14.916 +01:00 [INF] Executed action friendly.Controllers.PostAPIController.PostList (api) in 51.3547ms
2024-11-29 15:01:14.916 +01:00 [INF] Executed endpoint 'friendly.Controllers.PostAPIController.PostList (api)'
2024-11-29 15:01:14.918 +01:00 [INF] Request finished HTTP/1.1 GET http://localhost:5062/api/PostAPI/postlist - 200 494 application/json; charset=utf-8 96.8039ms
2024-11-29 15:01:15.093 +01:00 [INF] Request starting HTTP/1.1 GET http://localhost:5062/api/LikeAPI/likes/1 - null null
2024-11-29 15:01:15.094 +01:00 [INF] Request starting HTTP/1.1 GET http://localhost:5062/api/LikeAPI/likes/2 - null null
2024-11-29 15:01:15.095 +01:00 [INF] CORS policy execution successful.
2024-11-29 15:01:15.096 +01:00 [INF] CORS policy execution successful.
2024-11-29 15:01:15.096 +01:00 [INF] Request starting HTTP/1.1 GET http://localhost:5062/api/LikeAPI/likes/3 - null null
2024-11-29 15:01:15.096 +01:00 [INF] CORS policy execution successful.
2024-11-29 15:01:15.096 +01:00 [INF] Executing endpoint 'friendly.Controllers.LikeAPIController.GetLikesCount (api)'
2024-11-29 15:01:15.096 +01:00 [INF] Executing endpoint 'friendly.Controllers.LikeAPIController.GetLikesCount (api)'
2024-11-29 15:01:15.098 +01:00 [INF] Executing endpoint 'friendly.Controllers.LikeAPIController.GetLikesCount (api)'
2024-11-29 15:01:15.105 +01:00 [INF] Route matched with {action = "GetLikesCount", controller = "LikeAPI"}. Executing controller action with signature System.Threading.Tasks.Task`1[Microsoft.AspNetCore.Mvc.IActionResult] GetLikesCount(Int32) on controller friendly.Controllers.LikeAPIController (api).
2024-11-29 15:01:15.105 +01:00 [INF] Route matched with {action = "GetLikesCount", controller = "LikeAPI"}. Executing controller action with signature System.Threading.Tasks.Task`1[Microsoft.AspNetCore.Mvc.IActionResult] GetLikesCount(Int32) on controller friendly.Controllers.LikeAPIController (api).
2024-11-29 15:01:15.105 +01:00 [INF] Route matched with {action = "GetLikesCount", controller = "LikeAPI"}. Executing controller action with signature System.Threading.Tasks.Task`1[Microsoft.AspNetCore.Mvc.IActionResult] GetLikesCount(Int32) on controller friendly.Controllers.LikeAPIController (api).
2024-11-29 15:01:15.155 +01:00 [INF] Like count retrieved successfully for PostId: 1, Count: 0
2024-11-29 15:01:15.155 +01:00 [INF] Executing OkObjectResult, writing value of type 'System.Int32'.
2024-11-29 15:01:15.156 +01:00 [INF] Executed action friendly.Controllers.LikeAPIController.GetLikesCount (api) in 50.2704ms
2024-11-29 15:01:15.156 +01:00 [INF] Executed endpoint 'friendly.Controllers.LikeAPIController.GetLikesCount (api)'
2024-11-29 15:01:15.156 +01:00 [INF] Like count retrieved successfully for PostId: 3, Count: 0
2024-11-29 15:01:15.156 +01:00 [INF] Like count retrieved successfully for PostId: 2, Count: 0
2024-11-29 15:01:15.156 +01:00 [INF] Executing OkObjectResult, writing value of type 'System.Int32'.
2024-11-29 15:01:15.156 +01:00 [INF] Executing OkObjectResult, writing value of type 'System.Int32'.
2024-11-29 15:01:15.156 +01:00 [INF] Executed action friendly.Controllers.LikeAPIController.GetLikesCount (api) in 50.5987ms
2024-11-29 15:01:15.156 +01:00 [INF] Executed endpoint 'friendly.Controllers.LikeAPIController.GetLikesCount (api)'
2024-11-29 15:01:15.156 +01:00 [INF] Request finished HTTP/1.1 GET http://localhost:5062/api/LikeAPI/likes/1 - 200 1 application/json; charset=utf-8 63.0458ms
2024-11-29 15:01:15.156 +01:00 [INF] Request finished HTTP/1.1 GET http://localhost:5062/api/LikeAPI/likes/2 - 200 1 application/json; charset=utf-8 61.8858ms
2024-11-29 15:01:15.156 +01:00 [INF] Executed action friendly.Controllers.LikeAPIController.GetLikesCount (api) in 50.6865ms
2024-11-29 15:01:15.156 +01:00 [INF] Executed endpoint 'friendly.Controllers.LikeAPIController.GetLikesCount (api)'
2024-11-29 15:01:15.156 +01:00 [INF] Request finished HTTP/1.1 GET http://localhost:5062/api/LikeAPI/likes/3 - 200 1 application/json; charset=utf-8 60.1136ms
2024-11-29 15:01:16.989 +01:00 [INF] Request starting HTTP/1.1 GET http://localhost:5062/swagger/index.html - null null
2024-11-29 15:01:17.034 +01:00 [INF] Request finished HTTP/1.1 GET http://localhost:5062/swagger/index.html - 200 null text/html;charset=utf-8 45.448ms
2024-11-29 15:01:17.039 +01:00 [INF] Request starting HTTP/1.1 GET http://localhost:5062/swagger/swagger-ui-standalone-preset.js - null null
2024-11-29 15:01:17.039 +01:00 [INF] Request starting HTTP/1.1 GET http://localhost:5062/swagger/swagger-ui-bundle.js - null null
2024-11-29 15:01:17.046 +01:00 [INF] Sending file. Request path: '/swagger-ui-standalone-preset.js'. Physical path: 'N/A'
2024-11-29 15:01:17.047 +01:00 [INF] Sending file. Request path: '/swagger-ui-bundle.js'. Physical path: 'N/A'
2024-11-29 15:01:17.047 +01:00 [INF] Request finished HTTP/1.1 GET http://localhost:5062/swagger/swagger-ui-standalone-preset.js - 200 339486 text/javascript 7.9182ms
2024-11-29 15:01:17.047 +01:00 [INF] Request finished HTTP/1.1 GET http://localhost:5062/swagger/swagger-ui-bundle.js - 200 1096145 text/javascript 7.9236ms
2024-11-29 15:01:17.161 +01:00 [INF] Request starting HTTP/1.1 GET http://localhost:5062/swagger/v1/swagger.json - null null
2024-11-29 15:01:17.200 +01:00 [INF] Request finished HTTP/1.1 GET http://localhost:5062/swagger/v1/swagger.json - 200 null application/json;charset=utf-8 39.2653ms
2024-11-29 15:01:33.384 +01:00 [INF] Request starting HTTP/1.1 GET http://localhost:5062/api/userapi/userlist - null null
2024-11-29 15:01:33.384 +01:00 [INF] Request starting HTTP/1.1 GET http://localhost:5062/api/userapi/userlist - null null
2024-11-29 15:01:33.386 +01:00 [INF] CORS policy execution successful.
2024-11-29 15:01:33.386 +01:00 [INF] CORS policy execution successful.
2024-11-29 15:01:33.392 +01:00 [INF] Executing endpoint 'friendly.Controllers.UserAPIController.UserList (api)'
2024-11-29 15:01:33.392 +01:00 [INF] Executing endpoint 'friendly.Controllers.UserAPIController.UserList (api)'
2024-11-29 15:01:33.406 +01:00 [INF] Route matched with {action = "UserList", controller = "UserAPI"}. Executing controller action with signature System.Threading.Tasks.Task`1[Microsoft.AspNetCore.Mvc.IActionResult] UserList() on controller friendly.Controllers.UserAPIController (api).
2024-11-29 15:01:33.406 +01:00 [INF] Route matched with {action = "UserList", controller = "UserAPI"}. Executing controller action with signature System.Threading.Tasks.Task`1[Microsoft.AspNetCore.Mvc.IActionResult] UserList() on controller friendly.Controllers.UserAPIController (api).
2024-11-29 15:01:33.420 +01:00 [INF] Executing OkObjectResult, writing value of type 'System.Linq.Enumerable+SelectListIterator`2[[friendly.Models.User, api, Version=0.0.0.0, Culture=neutral, PublicKeyToken=null],[friendly.DTOs.UserDto, api, Version=0.0.0.0, Culture=neutral, PublicKeyToken=null]]'.
2024-11-29 15:01:33.420 +01:00 [INF] Executing OkObjectResult, writing value of type 'System.Linq.Enumerable+SelectListIterator`2[[friendly.Models.User, api, Version=0.0.0.0, Culture=neutral, PublicKeyToken=null],[friendly.DTOs.UserDto, api, Version=0.0.0.0, Culture=neutral, PublicKeyToken=null]]'.
2024-11-29 15:01:33.425 +01:00 [INF] Executed action friendly.Controllers.UserAPIController.UserList (api) in 18.419ms
2024-11-29 15:01:33.425 +01:00 [INF] Executed action friendly.Controllers.UserAPIController.UserList (api) in 18.4516ms
2024-11-29 15:01:33.425 +01:00 [INF] Executed endpoint 'friendly.Controllers.UserAPIController.UserList (api)'
2024-11-29 15:01:33.425 +01:00 [INF] Executed endpoint 'friendly.Controllers.UserAPIController.UserList (api)'
2024-11-29 15:01:33.425 +01:00 [INF] Request finished HTTP/1.1 GET http://localhost:5062/api/userapi/userlist - 200 979 application/json; charset=utf-8 41.3332ms
2024-11-29 15:01:33.425 +01:00 [INF] Request finished HTTP/1.1 GET http://localhost:5062/api/userapi/userlist - 200 979 application/json; charset=utf-8 41.3852ms
2024-11-29 15:01:37.065 +01:00 [INF] Request starting HTTP/1.1 GET http://localhost:5062/api/UserAPI/userlist - null null
2024-11-29 15:01:37.065 +01:00 [INF] Request starting HTTP/1.1 GET http://localhost:5062/api/PostAPI/postlist - null null
2024-11-29 15:01:37.065 +01:00 [INF] Request starting HTTP/1.1 GET http://localhost:5062/api/CommentAPI/commentlist - null null
2024-11-29 15:01:37.067 +01:00 [INF] CORS policy execution successful.
2024-11-29 15:01:37.067 +01:00 [INF] CORS policy execution successful.
2024-11-29 15:01:37.067 +01:00 [INF] CORS policy execution successful.
2024-11-29 15:01:37.068 +01:00 [INF] Executing endpoint 'friendly.Controllers.UserAPIController.UserList (api)'
2024-11-29 15:01:37.068 +01:00 [INF] Executing endpoint 'friendly.Controllers.CommentAPIController.CommentList (api)'
2024-11-29 15:01:37.068 +01:00 [INF] Executing endpoint 'friendly.Controllers.PostAPIController.PostList (api)'
2024-11-29 15:01:37.068 +01:00 [INF] Route matched with {action = "UserList", controller = "UserAPI"}. Executing controller action with signature System.Threading.Tasks.Task`1[Microsoft.AspNetCore.Mvc.IActionResult] UserList() on controller friendly.Controllers.UserAPIController (api).
2024-11-29 15:01:37.068 +01:00 [INF] Route matched with {action = "PostList", controller = "PostAPI"}. Executing controller action with signature System.Threading.Tasks.Task`1[Microsoft.AspNetCore.Mvc.IActionResult] PostList() on controller friendly.Controllers.PostAPIController (api).
2024-11-29 15:01:37.072 +01:00 [INF] Route matched with {action = "CommentList", controller = "CommentAPI"}. Executing controller action with signature System.Threading.Tasks.Task`1[Microsoft.AspNetCore.Mvc.IActionResult] CommentList() on controller friendly.Controllers.CommentAPIController (api).
2024-11-29 15:01:37.080 +01:00 [INF] Executing OkObjectResult, writing value of type 'System.Linq.Enumerable+SelectListIterator`2[[friendly.Models.Post, api, Version=0.0.0.0, Culture=neutral, PublicKeyToken=null],[friendly.DTOs.PostDto, api, Version=0.0.0.0, Culture=neutral, PublicKeyToken=null]]'.
2024-11-29 15:01:37.080 +01:00 [INF] Executing OkObjectResult, writing value of type 'System.Linq.Enumerable+SelectListIterator`2[[friendly.Models.User, api, Version=0.0.0.0, Culture=neutral, PublicKeyToken=null],[friendly.DTOs.UserDto, api, Version=0.0.0.0, Culture=neutral, PublicKeyToken=null]]'.
2024-11-29 15:01:37.083 +01:00 [INF] Executed action friendly.Controllers.UserAPIController.UserList (api) in 13.4454ms
2024-11-29 15:01:37.083 +01:00 [INF] Executed action friendly.Controllers.PostAPIController.PostList (api) in 13.4355ms
2024-11-29 15:01:37.083 +01:00 [INF] Executed endpoint 'friendly.Controllers.UserAPIController.UserList (api)'
2024-11-29 15:01:37.083 +01:00 [INF] Executed endpoint 'friendly.Controllers.PostAPIController.PostList (api)'
2024-11-29 15:01:37.084 +01:00 [INF] Request finished HTTP/1.1 GET http://localhost:5062/api/UserAPI/userlist - 200 979 application/json; charset=utf-8 19.659ms
2024-11-29 15:01:37.084 +01:00 [INF] Request finished HTTP/1.1 GET http://localhost:5062/api/PostAPI/postlist - 200 494 application/json; charset=utf-8 19.7475ms
2024-11-29 15:01:37.092 +01:00 [INF] Request starting HTTP/1.1 GET http://localhost:5062/api/LikeAPI/likes/2 - null null
2024-11-29 15:01:37.092 +01:00 [INF] Request starting HTTP/1.1 GET http://localhost:5062/api/LikeAPI/likes/1 - null null
2024-11-29 15:01:37.092 +01:00 [INF] CORS policy execution successful.
2024-11-29 15:01:37.093 +01:00 [INF] CORS policy execution successful.
2024-11-29 15:01:37.093 +01:00 [INF] Executing endpoint 'friendly.Controllers.LikeAPIController.GetLikesCount (api)'
2024-11-29 15:01:37.093 +01:00 [INF] Route matched with {action = "GetLikesCount", controller = "LikeAPI"}. Executing controller action with signature System.Threading.Tasks.Task`1[Microsoft.AspNetCore.Mvc.IActionResult] GetLikesCount(Int32) on controller friendly.Controllers.LikeAPIController (api).
2024-11-29 15:01:37.093 +01:00 [INF] Executing endpoint 'friendly.Controllers.LikeAPIController.GetLikesCount (api)'
2024-11-29 15:01:37.093 +01:00 [INF] Route matched with {action = "GetLikesCount", controller = "LikeAPI"}. Executing controller action with signature System.Threading.Tasks.Task`1[Microsoft.AspNetCore.Mvc.IActionResult] GetLikesCount(Int32) on controller friendly.Controllers.LikeAPIController (api).
2024-11-29 15:01:37.095 +01:00 [INF] Request starting HTTP/1.1 GET http://localhost:5062/api/LikeAPI/likes/3 - null null
2024-11-29 15:01:37.095 +01:00 [INF] CORS policy execution successful.
2024-11-29 15:01:37.095 +01:00 [INF] Like count retrieved successfully for PostId: 1, Count: 0
2024-11-29 15:01:37.095 +01:00 [INF] Executing endpoint 'friendly.Controllers.LikeAPIController.GetLikesCount (api)'
2024-11-29 15:01:37.095 +01:00 [INF] Like count retrieved successfully for PostId: 2, Count: 0
2024-11-29 15:01:37.095 +01:00 [INF] Route matched with {action = "GetLikesCount", controller = "LikeAPI"}. Executing controller action with signature System.Threading.Tasks.Task`1[Microsoft.AspNetCore.Mvc.IActionResult] GetLikesCount(Int32) on controller friendly.Controllers.LikeAPIController (api).
2024-11-29 15:01:37.095 +01:00 [INF] Executing OkObjectResult, writing value of type 'System.Int32'.
2024-11-29 15:01:37.096 +01:00 [INF] Executed action friendly.Controllers.LikeAPIController.GetLikesCount (api) in 2.5527ms
2024-11-29 15:01:37.096 +01:00 [INF] Executed endpoint 'friendly.Controllers.LikeAPIController.GetLikesCount (api)'
2024-11-29 15:01:37.096 +01:00 [INF] Executing OkObjectResult, writing value of type 'System.Int32'.
2024-11-29 15:01:37.096 +01:00 [INF] Executed action friendly.Controllers.LikeAPIController.GetLikesCount (api) in 2.985ms
2024-11-29 15:01:37.096 +01:00 [INF] Executed endpoint 'friendly.Controllers.LikeAPIController.GetLikesCount (api)'
2024-11-29 15:01:37.096 +01:00 [INF] Request finished HTTP/1.1 GET http://localhost:5062/api/LikeAPI/likes/2 - 200 1 application/json; charset=utf-8 3.649ms
2024-11-29 15:01:37.096 +01:00 [INF] Like count retrieved successfully for PostId: 3, Count: 0
2024-11-29 15:01:37.096 +01:00 [INF] Executing OkObjectResult, writing value of type 'System.Int32'.
2024-11-29 15:01:37.096 +01:00 [INF] Executed action friendly.Controllers.LikeAPIController.GetLikesCount (api) in 1.1155ms
2024-11-29 15:01:37.097 +01:00 [INF] Executed endpoint 'friendly.Controllers.LikeAPIController.GetLikesCount (api)'
2024-11-29 15:01:37.097 +01:00 [INF] Executing OkObjectResult, writing value of type 'System.Linq.Enumerable+SelectListIterator`2[[friendly.Models.Comment, api, Version=0.0.0.0, Culture=neutral, PublicKeyToken=null],[friendly.DTOs.CommentDto, api, Version=0.0.0.0, Culture=neutral, PublicKeyToken=null]]'.
2024-11-29 15:01:37.097 +01:00 [INF] Request finished HTTP/1.1 GET http://localhost:5062/api/LikeAPI/likes/3 - 200 1 application/json; charset=utf-8 1.5189ms
2024-11-29 15:01:37.097 +01:00 [INF] Request finished HTTP/1.1 GET http://localhost:5062/api/LikeAPI/likes/1 - 200 1 application/json; charset=utf-8 5.1222ms
2024-11-29 15:01:37.100 +01:00 [INF] Executed action friendly.Controllers.CommentAPIController.CommentList (api) in 28.3635ms
2024-11-29 15:01:37.100 +01:00 [INF] Executed endpoint 'friendly.Controllers.CommentAPIController.CommentList (api)'
2024-11-29 15:01:37.100 +01:00 [INF] Request finished HTTP/1.1 GET http://localhost:5062/api/CommentAPI/commentlist - 200 441 application/json; charset=utf-8 35.8822ms
2024-11-29 15:01:48.256 +01:00 [INF] Request starting HTTP/1.1 OPTIONS http://localhost:5062/api/postapi/create - null 0
2024-11-29 15:01:48.259 +01:00 [INF] CORS policy execution successful.
2024-11-29 15:01:48.262 +01:00 [INF] Request finished HTTP/1.1 OPTIONS http://localhost:5062/api/postapi/create - 204 null null 5.8123ms
2024-11-29 15:01:48.263 +01:00 [INF] Request starting HTTP/1.1 POST http://localhost:5062/api/postapi/create - application/json 64
2024-11-29 15:01:48.263 +01:00 [INF] CORS policy execution successful.
2024-11-29 15:01:48.266 +01:00 [INF] Executing endpoint 'friendly.Controllers.PostAPIController.Create (api)'
2024-11-29 15:01:48.274 +01:00 [INF] Route matched with {action = "Create", controller = "PostAPI"}. Executing controller action with signature System.Threading.Tasks.Task`1[Microsoft.AspNetCore.Mvc.IActionResult] Create(friendly.DTOs.PostDto) on controller friendly.Controllers.PostAPIController (api).
2024-11-29 15:01:48.318 +01:00 [INF] [PostRepository] Adding post to the DbContext: {"PostId":0,"PostImagePath":null,"Caption":"hei","PostDate":null,"UserId":null,"User":null,"Comments":null,"Likes":null,"$type":"Post"}
2024-11-29 15:01:48.324 +01:00 [INF] [PostRepository] Entity state before saving: "Added"
2024-11-29 15:01:48.330 +01:00 [INF] [PostRepository] Entity state after saving: "Unchanged"
2024-11-29 15:01:48.330 +01:00 [INF] [PostRepository] Post creation succeeded with PostId: 4
2024-11-29 15:01:48.331 +01:00 [INF] Executing CreatedAtActionResult, writing value of type 'friendly.Models.Post'.
2024-11-29 15:01:48.346 +01:00 [INF] Executed action friendly.Controllers.PostAPIController.Create (api) in 71.4029ms
2024-11-29 15:01:48.346 +01:00 [INF] Executed endpoint 'friendly.Controllers.PostAPIController.Create (api)'
2024-11-29 15:01:48.346 +01:00 [INF] Request finished HTTP/1.1 POST http://localhost:5062/api/postapi/create - 201 120 application/json; charset=utf-8 83.0327ms
2024-11-29 15:01:49.863 +01:00 [INF] Request starting HTTP/1.1 GET http://localhost:5062/api/PostAPI/postlist - null null
2024-11-29 15:01:49.863 +01:00 [INF] Request starting HTTP/1.1 GET http://localhost:5062/api/UserAPI/userlist - null null
2024-11-29 15:01:49.863 +01:00 [INF] Request starting HTTP/1.1 GET http://localhost:5062/api/CommentAPI/commentlist - null null
2024-11-29 15:01:49.863 +01:00 [INF] CORS policy execution successful.
2024-11-29 15:01:49.863 +01:00 [INF] CORS policy execution successful.
2024-11-29 15:01:49.863 +01:00 [INF] CORS policy execution successful.
2024-11-29 15:01:49.864 +01:00 [INF] Executing endpoint 'friendly.Controllers.UserAPIController.UserList (api)'
2024-11-29 15:01:49.864 +01:00 [INF] Executing endpoint 'friendly.Controllers.CommentAPIController.CommentList (api)'
2024-11-29 15:01:49.864 +01:00 [INF] Executing endpoint 'friendly.Controllers.PostAPIController.PostList (api)'
2024-11-29 15:01:49.864 +01:00 [INF] Route matched with {action = "PostList", controller = "PostAPI"}. Executing controller action with signature System.Threading.Tasks.Task`1[Microsoft.AspNetCore.Mvc.IActionResult] PostList() on controller friendly.Controllers.PostAPIController (api).
2024-11-29 15:01:49.864 +01:00 [INF] Route matched with {action = "UserList", controller = "UserAPI"}. Executing controller action with signature System.Threading.Tasks.Task`1[Microsoft.AspNetCore.Mvc.IActionResult] UserList() on controller friendly.Controllers.UserAPIController (api).
2024-11-29 15:01:49.864 +01:00 [INF] Route matched with {action = "CommentList", controller = "CommentAPI"}. Executing controller action with signature System.Threading.Tasks.Task`1[Microsoft.AspNetCore.Mvc.IActionResult] CommentList() on controller friendly.Controllers.CommentAPIController (api).
2024-11-29 15:01:49.865 +01:00 [INF] Executing OkObjectResult, writing value of type 'System.Linq.Enumerable+SelectListIterator`2[[friendly.Models.Post, api, Version=0.0.0.0, Culture=neutral, PublicKeyToken=null],[friendly.DTOs.PostDto, api, Version=0.0.0.0, Culture=neutral, PublicKeyToken=null]]'.
2024-11-29 15:01:49.866 +01:00 [INF] Executed action friendly.Controllers.PostAPIController.PostList (api) in 1.7128ms
2024-11-29 15:01:49.866 +01:00 [INF] Executed endpoint 'friendly.Controllers.PostAPIController.PostList (api)'
2024-11-29 15:01:49.866 +01:00 [INF] Executing OkObjectResult, writing value of type 'System.Linq.Enumerable+SelectListIterator`2[[friendly.Models.Comment, api, Version=0.0.0.0, Culture=neutral, PublicKeyToken=null],[friendly.DTOs.CommentDto, api, Version=0.0.0.0, Culture=neutral, PublicKeyToken=null]]'.
2024-11-29 15:01:49.866 +01:00 [INF] Request finished HTTP/1.1 GET http://localhost:5062/api/PostAPI/postlist - 200 574 application/json; charset=utf-8 2.5952ms
2024-11-29 15:01:49.866 +01:00 [INF] Executed action friendly.Controllers.CommentAPIController.CommentList (api) in 1.9864ms
2024-11-29 15:01:49.866 +01:00 [INF] Executing OkObjectResult, writing value of type 'System.Linq.Enumerable+SelectListIterator`2[[friendly.Models.User, api, Version=0.0.0.0, Culture=neutral, PublicKeyToken=null],[friendly.DTOs.UserDto, api, Version=0.0.0.0, Culture=neutral, PublicKeyToken=null]]'.
2024-11-29 15:01:49.866 +01:00 [INF] Executed endpoint 'friendly.Controllers.CommentAPIController.CommentList (api)'
2024-11-29 15:01:49.866 +01:00 [INF] Request finished HTTP/1.1 GET http://localhost:5062/api/CommentAPI/commentlist - 200 441 application/json; charset=utf-8 2.7365ms
2024-11-29 15:01:49.866 +01:00 [INF] Executed action friendly.Controllers.UserAPIController.UserList (api) in 2.296ms
2024-11-29 15:01:49.866 +01:00 [INF] Executed endpoint 'friendly.Controllers.UserAPIController.UserList (api)'
2024-11-29 15:01:49.866 +01:00 [INF] Request finished HTTP/1.1 GET http://localhost:5062/api/UserAPI/userlist - 200 979 application/json; charset=utf-8 3.2396ms
2024-11-29 15:01:59.939 +01:00 [INF] Request starting HTTP/1.1 GET http://localhost:5062/api/PostAPI/postlist - null null
2024-11-29 15:01:59.962 +01:00 [INF] Executing endpoint 'friendly.Controllers.PostAPIController.PostList (api)'
2024-11-29 15:01:59.962 +01:00 [INF] Route matched with {action = "PostList", controller = "PostAPI"}. Executing controller action with signature System.Threading.Tasks.Task`1[Microsoft.AspNetCore.Mvc.IActionResult] PostList() on controller friendly.Controllers.PostAPIController (api).
2024-11-29 15:01:59.968 +01:00 [INF] Executing OkObjectResult, writing value of type 'System.Linq.Enumerable+SelectListIterator`2[[friendly.Models.Post, api, Version=0.0.0.0, Culture=neutral, PublicKeyToken=null],[friendly.DTOs.PostDto, api, Version=0.0.0.0, Culture=neutral, PublicKeyToken=null]]'.
2024-11-29 15:01:59.969 +01:00 [INF] Executed action friendly.Controllers.PostAPIController.PostList (api) in 6.7174ms
2024-11-29 15:01:59.969 +01:00 [INF] Executed endpoint 'friendly.Controllers.PostAPIController.PostList (api)'
2024-11-29 15:01:59.969 +01:00 [INF] Request finished HTTP/1.1 GET http://localhost:5062/api/PostAPI/postlist - 200 574 application/json; charset=utf-8 30.017ms
