2024-11-28 17:07:25.933 +01:00 [INF] User profile is available. Using 'C:\Users\Kristoffer\AppData\Local\ASP.NET\DataProtection-Keys' as key repository and Windows DPAPI to encrypt keys at rest.
2024-11-28 17:07:27.036 +01:00 [WRN] The ASP.NET Core developer certificate is not trusted. For information about trusting the ASP.NET Core developer certificate, see https://aka.ms/aspnet/https-trust-dev-cert.
2024-11-28 17:07:27.055 +01:00 [INF] Now listening on: https://localhost:7046
2024-11-28 17:07:27.056 +01:00 [INF] Now listening on: http://localhost:5062
2024-11-28 17:07:27.058 +01:00 [INF] Application started. Press Ctrl+C to shut down.
2024-11-28 17:07:27.059 +01:00 [INF] Hosting environment: Development
2024-11-28 17:07:27.060 +01:00 [INF] Content root path: C:\Users\Kristoffer\Documents\TestFriendly\api
2024-11-28 17:22:20.976 +01:00 [INF] Request starting HTTP/1.1 GET http://localhost:5062/api/PostAPI/postlist - null null
2024-11-28 17:22:20.976 +01:00 [INF] Request starting HTTP/1.1 GET http://localhost:5062/api/UserAPI/userlist - null null
2024-11-28 17:22:20.976 +01:00 [INF] Request starting HTTP/1.1 GET http://localhost:5062/api/CommentAPI/commentlist - null null
2024-11-28 17:22:21.003 +01:00 [INF] CORS policy execution successful.
2024-11-28 17:22:21.003 +01:00 [INF] CORS policy execution successful.
2024-11-28 17:22:21.003 +01:00 [INF] CORS policy execution successful.
2024-11-28 17:22:21.010 +01:00 [INF] Executing endpoint 'friendly.Controllers.CommentAPIController.CommentList (api)'
2024-11-28 17:22:21.010 +01:00 [INF] Executing endpoint 'friendly.Controllers.PostAPIController.PostList (api)'
2024-11-28 17:22:21.010 +01:00 [INF] Executing endpoint 'friendly.Controllers.UserAPIController.UserList (api)'
2024-11-28 17:22:21.016 +01:00 [INF] Route matched with {action = "CommentList", controller = "CommentAPI"}. Executing controller action with signature System.Threading.Tasks.Task`1[Microsoft.AspNetCore.Mvc.IActionResult] CommentList() on controller friendly.Controllers.CommentAPIController (api).
2024-11-28 17:22:21.016 +01:00 [INF] Route matched with {action = "UserList", controller = "UserAPI"}. Executing controller action with signature System.Threading.Tasks.Task`1[Microsoft.AspNetCore.Mvc.IActionResult] UserList() on controller friendly.Controllers.UserAPIController (api).
2024-11-28 17:22:21.016 +01:00 [INF] Route matched with {action = "PostList", controller = "PostAPI"}. Executing controller action with signature System.Threading.Tasks.Task`1[Microsoft.AspNetCore.Mvc.IActionResult] PostList() on controller friendly.Controllers.PostAPIController (api).
2024-11-28 17:22:21.047 +01:00 [INF] Executing OkObjectResult, writing value of type 'System.Linq.Enumerable+SelectListIterator`2[[friendly.Models.Comment, api, Version=0.0.0.0, Culture=neutral, PublicKeyToken=null],[friendly.DTOs.CommentDto, api, Version=0.0.0.0, Culture=neutral, PublicKeyToken=null]]'.
2024-11-28 17:22:21.047 +01:00 [INF] Executing OkObjectResult, writing value of type 'System.Linq.Enumerable+SelectListIterator`2[[friendly.Models.User, api, Version=0.0.0.0, Culture=neutral, PublicKeyToken=null],[friendly.DTOs.UserDto, api, Version=0.0.0.0, Culture=neutral, PublicKeyToken=null]]'.
2024-11-28 17:22:21.047 +01:00 [INF] Executing OkObjectResult, writing value of type 'System.Linq.Enumerable+SelectListIterator`2[[friendly.Models.Post, api, Version=0.0.0.0, Culture=neutral, PublicKeyToken=null],[friendly.DTOs.PostDto, api, Version=0.0.0.0, Culture=neutral, PublicKeyToken=null]]'.
2024-11-28 17:22:21.094 +01:00 [INF] Executed action friendly.Controllers.UserAPIController.UserList (api) in 72.6841ms
2024-11-28 17:22:21.094 +01:00 [INF] Executed action friendly.Controllers.CommentAPIController.CommentList (api) in 72.6837ms
2024-11-28 17:22:21.094 +01:00 [INF] Executed action friendly.Controllers.PostAPIController.PostList (api) in 72.6816ms
2024-11-28 17:22:21.095 +01:00 [INF] Executed endpoint 'friendly.Controllers.CommentAPIController.CommentList (api)'
2024-11-28 17:22:21.095 +01:00 [INF] Request starting HTTP/1.1 GET http://localhost:5062/api/PostAPI/postlist - null null
2024-11-28 17:22:21.095 +01:00 [INF] Request starting HTTP/1.1 GET http://localhost:5062/api/UserAPI/userlist - null null
2024-11-28 17:22:21.095 +01:00 [INF] Executed endpoint 'friendly.Controllers.UserAPIController.UserList (api)'
2024-11-28 17:22:21.095 +01:00 [INF] Executed endpoint 'friendly.Controllers.PostAPIController.PostList (api)'
2024-11-28 17:22:21.096 +01:00 [INF] Request starting HTTP/1.1 GET http://localhost:5062/api/LikeAPI/likes/3 - null null
2024-11-28 17:22:21.099 +01:00 [INF] CORS policy execution successful.
2024-11-28 17:22:21.099 +01:00 [INF] CORS policy execution successful.
2024-11-28 17:22:21.099 +01:00 [INF] CORS policy execution successful.
2024-11-28 17:22:21.101 +01:00 [INF] Executing endpoint 'friendly.Controllers.LikeAPIController.GetLikesCount (api)'
2024-11-28 17:22:21.101 +01:00 [INF] Request finished HTTP/1.1 GET http://localhost:5062/api/CommentAPI/commentlist - 200 447 application/json; charset=utf-8 125.7533ms
2024-11-28 17:22:21.101 +01:00 [INF] Request finished HTTP/1.1 GET http://localhost:5062/api/UserAPI/userlist - 200 979 application/json; charset=utf-8 125.758ms
2024-11-28 17:22:21.101 +01:00 [INF] Executing endpoint 'friendly.Controllers.UserAPIController.UserList (api)'
2024-11-28 17:22:21.101 +01:00 [INF] Request finished HTTP/1.1 GET http://localhost:5062/api/PostAPI/postlist - 200 500 application/json; charset=utf-8 125.7614ms
2024-11-28 17:22:21.101 +01:00 [INF] Executing endpoint 'friendly.Controllers.PostAPIController.PostList (api)'
2024-11-28 17:22:21.101 +01:00 [INF] Route matched with {action = "UserList", controller = "UserAPI"}. Executing controller action with signature System.Threading.Tasks.Task`1[Microsoft.AspNetCore.Mvc.IActionResult] UserList() on controller friendly.Controllers.UserAPIController (api).
2024-11-28 17:22:21.101 +01:00 [INF] Route matched with {action = "PostList", controller = "PostAPI"}. Executing controller action with signature System.Threading.Tasks.Task`1[Microsoft.AspNetCore.Mvc.IActionResult] PostList() on controller friendly.Controllers.PostAPIController (api).
2024-11-28 17:22:21.102 +01:00 [INF] Request starting HTTP/1.1 GET http://localhost:5062/api/CommentAPI/commentlist - null null
2024-11-28 17:22:21.102 +01:00 [INF] Request starting HTTP/1.1 GET http://localhost:5062/api/LikeAPI/likes/2 - null null
2024-11-28 17:22:21.102 +01:00 [INF] Request starting HTTP/1.1 GET http://localhost:5062/api/LikeAPI/likes/1 - null null
2024-11-28 17:22:21.102 +01:00 [INF] CORS policy execution successful.
2024-11-28 17:22:21.102 +01:00 [INF] CORS policy execution successful.
2024-11-28 17:22:21.102 +01:00 [INF] Executing endpoint 'friendly.Controllers.CommentAPIController.CommentList (api)'
2024-11-28 17:22:21.102 +01:00 [INF] CORS policy execution successful.
2024-11-28 17:22:21.102 +01:00 [INF] Route matched with {action = "CommentList", controller = "CommentAPI"}. Executing controller action with signature System.Threading.Tasks.Task`1[Microsoft.AspNetCore.Mvc.IActionResult] CommentList() on controller friendly.Controllers.CommentAPIController (api).
2024-11-28 17:22:21.102 +01:00 [INF] Executing endpoint 'friendly.Controllers.LikeAPIController.GetLikesCount (api)'
2024-11-28 17:22:21.102 +01:00 [INF] Executing endpoint 'friendly.Controllers.LikeAPIController.GetLikesCount (api)'
2024-11-28 17:22:21.105 +01:00 [INF] Route matched with {action = "GetLikesCount", controller = "LikeAPI"}. Executing controller action with signature System.Threading.Tasks.Task`1[Microsoft.AspNetCore.Mvc.IActionResult] GetLikesCount(Int32) on controller friendly.Controllers.LikeAPIController (api).
2024-11-28 17:22:21.105 +01:00 [INF] Route matched with {action = "GetLikesCount", controller = "LikeAPI"}. Executing controller action with signature System.Threading.Tasks.Task`1[Microsoft.AspNetCore.Mvc.IActionResult] GetLikesCount(Int32) on controller friendly.Controllers.LikeAPIController (api).
2024-11-28 17:22:21.105 +01:00 [INF] Route matched with {action = "GetLikesCount", controller = "LikeAPI"}. Executing controller action with signature System.Threading.Tasks.Task`1[Microsoft.AspNetCore.Mvc.IActionResult] GetLikesCount(Int32) on controller friendly.Controllers.LikeAPIController (api).
2024-11-28 17:22:21.127 +01:00 [INF] Executing OkObjectResult, writing value of type 'System.Linq.Enumerable+SelectListIterator`2[[friendly.Models.Comment, api, Version=0.0.0.0, Culture=neutral, PublicKeyToken=null],[friendly.DTOs.CommentDto, api, Version=0.0.0.0, Culture=neutral, PublicKeyToken=null]]'.
2024-11-28 17:22:21.127 +01:00 [INF] Executing OkObjectResult, writing value of type 'System.Linq.Enumerable+SelectListIterator`2[[friendly.Models.User, api, Version=0.0.0.0, Culture=neutral, PublicKeyToken=null],[friendly.DTOs.UserDto, api, Version=0.0.0.0, Culture=neutral, PublicKeyToken=null]]'.
2024-11-28 17:22:21.127 +01:00 [INF] Executing OkObjectResult, writing value of type 'System.Linq.Enumerable+SelectListIterator`2[[friendly.Models.Post, api, Version=0.0.0.0, Culture=neutral, PublicKeyToken=null],[friendly.DTOs.PostDto, api, Version=0.0.0.0, Culture=neutral, PublicKeyToken=null]]'.
2024-11-28 17:22:21.128 +01:00 [INF] Executed action friendly.Controllers.PostAPIController.PostList (api) in 26.0917ms
2024-11-28 17:22:21.128 +01:00 [INF] Executed action friendly.Controllers.CommentAPIController.CommentList (api) in 25.805ms
2024-11-28 17:22:21.128 +01:00 [INF] Executed action friendly.Controllers.UserAPIController.UserList (api) in 26.0984ms
2024-11-28 17:22:21.128 +01:00 [INF] Executed endpoint 'friendly.Controllers.PostAPIController.PostList (api)'
2024-11-28 17:22:21.128 +01:00 [INF] Executed endpoint 'friendly.Controllers.CommentAPIController.CommentList (api)'
2024-11-28 17:22:21.128 +01:00 [INF] Executed endpoint 'friendly.Controllers.UserAPIController.UserList (api)'
2024-11-28 17:22:21.128 +01:00 [INF] Request finished HTTP/1.1 GET http://localhost:5062/api/PostAPI/postlist - 200 500 application/json; charset=utf-8 33.3627ms
2024-11-28 17:22:21.128 +01:00 [INF] Request finished HTTP/1.1 GET http://localhost:5062/api/UserAPI/userlist - 200 979 application/json; charset=utf-8 33.363ms
2024-11-28 17:22:21.128 +01:00 [INF] Request finished HTTP/1.1 GET http://localhost:5062/api/CommentAPI/commentlist - 200 447 application/json; charset=utf-8 26.3168ms
2024-11-28 17:22:21.146 +01:00 [INF] Like count retrieved successfully for PostId: 2, Count: 0
2024-11-28 17:22:21.147 +01:00 [INF] Like count retrieved successfully for PostId: 1, Count: 0
2024-11-28 17:22:21.147 +01:00 [INF] Like count retrieved successfully for PostId: 3, Count: 0
2024-11-28 17:22:21.147 +01:00 [INF] Executing OkObjectResult, writing value of type 'System.Int32'.
2024-11-28 17:22:21.147 +01:00 [INF] Executing OkObjectResult, writing value of type 'System.Int32'.
2024-11-28 17:22:21.147 +01:00 [INF] Executing OkObjectResult, writing value of type 'System.Int32'.
2024-11-28 17:22:21.148 +01:00 [INF] Executed action friendly.Controllers.LikeAPIController.GetLikesCount (api) in 42.2628ms
2024-11-28 17:22:21.148 +01:00 [INF] Executed action friendly.Controllers.LikeAPIController.GetLikesCount (api) in 42.3649ms
2024-11-28 17:22:21.148 +01:00 [INF] Executed action friendly.Controllers.LikeAPIController.GetLikesCount (api) in 42.3401ms
2024-11-28 17:22:21.148 +01:00 [INF] Executed endpoint 'friendly.Controllers.LikeAPIController.GetLikesCount (api)'
2024-11-28 17:22:21.148 +01:00 [INF] Executed endpoint 'friendly.Controllers.LikeAPIController.GetLikesCount (api)'
2024-11-28 17:22:21.148 +01:00 [INF] Executed endpoint 'friendly.Controllers.LikeAPIController.GetLikesCount (api)'
2024-11-28 17:22:21.148 +01:00 [INF] Request finished HTTP/1.1 GET http://localhost:5062/api/LikeAPI/likes/2 - 200 1 application/json; charset=utf-8 46.196ms
2024-11-28 17:22:21.148 +01:00 [INF] Request finished HTTP/1.1 GET http://localhost:5062/api/LikeAPI/likes/1 - 200 1 application/json; charset=utf-8 46.196ms
2024-11-28 17:22:21.148 +01:00 [INF] Request finished HTTP/1.1 GET http://localhost:5062/api/LikeAPI/likes/3 - 200 1 application/json; charset=utf-8 51.6549ms
2024-11-28 17:22:21.148 +01:00 [INF] Request starting HTTP/1.1 GET http://localhost:5062/api/LikeAPI/likes/2 - null null
2024-11-28 17:22:21.148 +01:00 [INF] Request starting HTTP/1.1 GET http://localhost:5062/api/LikeAPI/likes/1 - null null
2024-11-28 17:22:21.148 +01:00 [INF] Request starting HTTP/1.1 GET http://localhost:5062/api/LikeAPI/likes/3 - null null
2024-11-28 17:22:21.148 +01:00 [INF] CORS policy execution successful.
2024-11-28 17:22:21.148 +01:00 [INF] CORS policy execution successful.
2024-11-28 17:22:21.148 +01:00 [INF] CORS policy execution successful.
2024-11-28 17:22:21.149 +01:00 [INF] Executing endpoint 'friendly.Controllers.LikeAPIController.GetLikesCount (api)'
2024-11-28 17:22:21.149 +01:00 [INF] Executing endpoint 'friendly.Controllers.LikeAPIController.GetLikesCount (api)'
2024-11-28 17:22:21.149 +01:00 [INF] Executing endpoint 'friendly.Controllers.LikeAPIController.GetLikesCount (api)'
2024-11-28 17:22:21.149 +01:00 [INF] Route matched with {action = "GetLikesCount", controller = "LikeAPI"}. Executing controller action with signature System.Threading.Tasks.Task`1[Microsoft.AspNetCore.Mvc.IActionResult] GetLikesCount(Int32) on controller friendly.Controllers.LikeAPIController (api).
2024-11-28 17:22:21.149 +01:00 [INF] Route matched with {action = "GetLikesCount", controller = "LikeAPI"}. Executing controller action with signature System.Threading.Tasks.Task`1[Microsoft.AspNetCore.Mvc.IActionResult] GetLikesCount(Int32) on controller friendly.Controllers.LikeAPIController (api).
2024-11-28 17:22:21.149 +01:00 [INF] Route matched with {action = "GetLikesCount", controller = "LikeAPI"}. Executing controller action with signature System.Threading.Tasks.Task`1[Microsoft.AspNetCore.Mvc.IActionResult] GetLikesCount(Int32) on controller friendly.Controllers.LikeAPIController (api).
2024-11-28 17:22:21.154 +01:00 [INF] Like count retrieved successfully for PostId: 2, Count: 0
2024-11-28 17:22:21.178 +01:00 [INF] Executing OkObjectResult, writing value of type 'System.Int32'.
2024-11-28 17:22:21.178 +01:00 [INF] Like count retrieved successfully for PostId: 3, Count: 0
2024-11-28 17:22:21.178 +01:00 [INF] Like count retrieved successfully for PostId: 1, Count: 0
2024-11-28 17:22:21.178 +01:00 [INF] Executing OkObjectResult, writing value of type 'System.Int32'.
2024-11-28 17:22:21.178 +01:00 [INF] Executing OkObjectResult, writing value of type 'System.Int32'.
2024-11-28 17:22:21.178 +01:00 [INF] Executed action friendly.Controllers.LikeAPIController.GetLikesCount (api) in 29.4856ms
2024-11-28 17:22:21.178 +01:00 [INF] Executed action friendly.Controllers.LikeAPIController.GetLikesCount (api) in 29.4801ms
2024-11-28 17:22:21.178 +01:00 [INF] Executed endpoint 'friendly.Controllers.LikeAPIController.GetLikesCount (api)'
2024-11-28 17:22:21.178 +01:00 [INF] Executed action friendly.Controllers.LikeAPIController.GetLikesCount (api) in 29.4828ms
2024-11-28 17:22:21.178 +01:00 [INF] Executed endpoint 'friendly.Controllers.LikeAPIController.GetLikesCount (api)'
2024-11-28 17:22:21.178 +01:00 [INF] Executed endpoint 'friendly.Controllers.LikeAPIController.GetLikesCount (api)'
2024-11-28 17:22:21.178 +01:00 [INF] Request finished HTTP/1.1 GET http://localhost:5062/api/LikeAPI/likes/2 - 200 1 application/json; charset=utf-8 30.001ms
2024-11-28 17:22:21.178 +01:00 [INF] Request finished HTTP/1.1 GET http://localhost:5062/api/LikeAPI/likes/3 - 200 1 application/json; charset=utf-8 29.9232ms
2024-11-28 17:22:21.178 +01:00 [INF] Request finished HTTP/1.1 GET http://localhost:5062/api/LikeAPI/likes/1 - 200 1 application/json; charset=utf-8 29.8944ms
2024-11-28 17:22:34.621 +01:00 [INF] Request starting HTTP/1.1 OPTIONS http://localhost:5062/api/postapi/create - null null
2024-11-28 17:22:34.622 +01:00 [INF] CORS policy execution successful.
2024-11-28 17:22:34.623 +01:00 [INF] Request finished HTTP/1.1 OPTIONS http://localhost:5062/api/postapi/create - 204 null null 2.2687ms
2024-11-28 17:22:34.625 +01:00 [INF] Request starting HTTP/1.1 POST http://localhost:5062/api/postapi/create - application/json 34
2024-11-28 17:22:34.625 +01:00 [INF] CORS policy execution successful.
2024-11-28 17:22:34.626 +01:00 [INF] Executing endpoint 'friendly.Controllers.PostAPIController.Create (api)'
2024-11-28 17:22:34.632 +01:00 [INF] Route matched with {action = "Create", controller = "PostAPI"}. Executing controller action with signature System.Threading.Tasks.Task`1[Microsoft.AspNetCore.Mvc.IActionResult] Create(friendly.DTOs.PostDto) on controller friendly.Controllers.PostAPIController (api).
2024-11-28 17:22:34.661 +01:00 [INF] [PostRepository] Adding post to the DbContext: {"PostId":0,"PostImagePath":null,"Caption":"HEI","PostDate":null,"UserId":null,"User":null,"Comments":null,"Likes":null,"$type":"Post"}
2024-11-28 17:22:34.665 +01:00 [INF] [PostRepository] Entity state before saving: "Added"
2024-11-28 17:22:34.672 +01:00 [INF] [PostRepository] Entity state after saving: "Unchanged"
2024-11-28 17:22:34.673 +01:00 [INF] [PostRepository] Post creation succeeded with PostId: 4
2024-11-28 17:22:34.673 +01:00 [INF] Executing CreatedAtActionResult, writing value of type 'friendly.Models.Post'.
2024-11-28 17:22:34.684 +01:00 [INF] Executed action friendly.Controllers.PostAPIController.Create (api) in 52.2233ms
2024-11-28 17:22:34.684 +01:00 [INF] Executed endpoint 'friendly.Controllers.PostAPIController.Create (api)'
2024-11-28 17:22:34.684 +01:00 [INF] Request finished HTTP/1.1 POST http://localhost:5062/api/postapi/create - 201 120 application/json; charset=utf-8 59.2054ms
2024-11-28 17:22:36.350 +01:00 [INF] Request starting HTTP/1.1 GET http://localhost:5062/api/PostAPI/postlist - null null
2024-11-28 17:22:36.350 +01:00 [INF] Request starting HTTP/1.1 GET http://localhost:5062/api/UserAPI/userlist - null null
2024-11-28 17:22:36.350 +01:00 [INF] Request starting HTTP/1.1 GET http://localhost:5062/api/CommentAPI/commentlist - null null
2024-11-28 17:22:36.351 +01:00 [INF] CORS policy execution successful.
2024-11-28 17:22:36.351 +01:00 [INF] CORS policy execution successful.
2024-11-28 17:22:36.351 +01:00 [INF] CORS policy execution successful.
2024-11-28 17:22:36.351 +01:00 [INF] Executing endpoint 'friendly.Controllers.UserAPIController.UserList (api)'
2024-11-28 17:22:36.351 +01:00 [INF] Executing endpoint 'friendly.Controllers.CommentAPIController.CommentList (api)'
2024-11-28 17:22:36.351 +01:00 [INF] Executing endpoint 'friendly.Controllers.PostAPIController.PostList (api)'
2024-11-28 17:22:36.351 +01:00 [INF] Route matched with {action = "UserList", controller = "UserAPI"}. Executing controller action with signature System.Threading.Tasks.Task`1[Microsoft.AspNetCore.Mvc.IActionResult] UserList() on controller friendly.Controllers.UserAPIController (api).
2024-11-28 17:22:36.351 +01:00 [INF] Route matched with {action = "PostList", controller = "PostAPI"}. Executing controller action with signature System.Threading.Tasks.Task`1[Microsoft.AspNetCore.Mvc.IActionResult] PostList() on controller friendly.Controllers.PostAPIController (api).
2024-11-28 17:22:36.351 +01:00 [INF] Route matched with {action = "CommentList", controller = "CommentAPI"}. Executing controller action with signature System.Threading.Tasks.Task`1[Microsoft.AspNetCore.Mvc.IActionResult] CommentList() on controller friendly.Controllers.CommentAPIController (api).
2024-11-28 17:22:36.356 +01:00 [INF] Executing OkObjectResult, writing value of type 'System.Linq.Enumerable+SelectListIterator`2[[friendly.Models.Post, api, Version=0.0.0.0, Culture=neutral, PublicKeyToken=null],[friendly.DTOs.PostDto, api, Version=0.0.0.0, Culture=neutral, PublicKeyToken=null]]'.
2024-11-28 17:22:36.356 +01:00 [INF] Executing OkObjectResult, writing value of type 'System.Linq.Enumerable+SelectListIterator`2[[friendly.Models.Comment, api, Version=0.0.0.0, Culture=neutral, PublicKeyToken=null],[friendly.DTOs.CommentDto, api, Version=0.0.0.0, Culture=neutral, PublicKeyToken=null]]'.
2024-11-28 17:22:36.356 +01:00 [INF] Executing OkObjectResult, writing value of type 'System.Linq.Enumerable+SelectListIterator`2[[friendly.Models.User, api, Version=0.0.0.0, Culture=neutral, PublicKeyToken=null],[friendly.DTOs.UserDto, api, Version=0.0.0.0, Culture=neutral, PublicKeyToken=null]]'.
2024-11-28 17:22:36.357 +01:00 [INF] Executed action friendly.Controllers.PostAPIController.PostList (api) in 5.4669ms
2024-11-28 17:22:36.357 +01:00 [INF] Executed action friendly.Controllers.CommentAPIController.CommentList (api) in 5.4469ms
2024-11-28 17:22:36.357 +01:00 [INF] Executed endpoint 'friendly.Controllers.PostAPIController.PostList (api)'
2024-11-28 17:22:36.357 +01:00 [INF] Executed endpoint 'friendly.Controllers.CommentAPIController.CommentList (api)'
2024-11-28 17:22:36.357 +01:00 [INF] Executed action friendly.Controllers.UserAPIController.UserList (api) in 5.5594ms
2024-11-28 17:22:36.357 +01:00 [INF] Executed endpoint 'friendly.Controllers.UserAPIController.UserList (api)'
2024-11-28 17:22:36.357 +01:00 [INF] Request finished HTTP/1.1 GET http://localhost:5062/api/UserAPI/userlist - 200 979 application/json; charset=utf-8 6.4209ms
2024-11-28 17:22:36.357 +01:00 [INF] Request finished HTTP/1.1 GET http://localhost:5062/api/PostAPI/postlist - 200 580 application/json; charset=utf-8 6.5834ms
2024-11-28 17:22:36.357 +01:00 [INF] Request finished HTTP/1.1 GET http://localhost:5062/api/CommentAPI/commentlist - 200 447 application/json; charset=utf-8 6.3837ms
2024-11-28 17:22:36.357 +01:00 [INF] Request starting HTTP/1.1 GET http://localhost:5062/api/CommentAPI/commentlist - null null
2024-11-28 17:22:36.357 +01:00 [INF] CORS policy execution successful.
2024-11-28 17:22:36.357 +01:00 [INF] Executing endpoint 'friendly.Controllers.CommentAPIController.CommentList (api)'
2024-11-28 17:22:36.357 +01:00 [INF] Request starting HTTP/1.1 GET http://localhost:5062/api/PostAPI/postlist - null null
2024-11-28 17:22:36.357 +01:00 [INF] Route matched with {action = "CommentList", controller = "CommentAPI"}. Executing controller action with signature System.Threading.Tasks.Task`1[Microsoft.AspNetCore.Mvc.IActionResult] CommentList() on controller friendly.Controllers.CommentAPIController (api).
2024-11-28 17:22:36.358 +01:00 [INF] CORS policy execution successful.
2024-11-28 17:22:36.358 +01:00 [INF] Request starting HTTP/1.1 GET http://localhost:5062/api/UserAPI/userlist - null null
2024-11-28 17:22:36.358 +01:00 [INF] CORS policy execution successful.
2024-11-28 17:22:36.358 +01:00 [INF] Executing endpoint 'friendly.Controllers.PostAPIController.PostList (api)'
2024-11-28 17:22:36.358 +01:00 [INF] Route matched with {action = "PostList", controller = "PostAPI"}. Executing controller action with signature System.Threading.Tasks.Task`1[Microsoft.AspNetCore.Mvc.IActionResult] PostList() on controller friendly.Controllers.PostAPIController (api).
2024-11-28 17:22:36.358 +01:00 [INF] Executing endpoint 'friendly.Controllers.UserAPIController.UserList (api)'
2024-11-28 17:22:36.358 +01:00 [INF] Route matched with {action = "UserList", controller = "UserAPI"}. Executing controller action with signature System.Threading.Tasks.Task`1[Microsoft.AspNetCore.Mvc.IActionResult] UserList() on controller friendly.Controllers.UserAPIController (api).
2024-11-28 17:22:36.360 +01:00 [INF] Executing OkObjectResult, writing value of type 'System.Linq.Enumerable+SelectListIterator`2[[friendly.Models.Comment, api, Version=0.0.0.0, Culture=neutral, PublicKeyToken=null],[friendly.DTOs.CommentDto, api, Version=0.0.0.0, Culture=neutral, PublicKeyToken=null]]'.
2024-11-28 17:22:36.362 +01:00 [INF] Executed action friendly.Controllers.CommentAPIController.CommentList (api) in 4.831ms
2024-11-28 17:22:36.362 +01:00 [INF] Executed endpoint 'friendly.Controllers.CommentAPIController.CommentList (api)'
2024-11-28 17:22:36.362 +01:00 [INF] Request finished HTTP/1.1 GET http://localhost:5062/api/CommentAPI/commentlist - 200 447 application/json; charset=utf-8 5.2701ms
2024-11-28 17:22:36.363 +01:00 [INF] Executing OkObjectResult, writing value of type 'System.Linq.Enumerable+SelectListIterator`2[[friendly.Models.Post, api, Version=0.0.0.0, Culture=neutral, PublicKeyToken=null],[friendly.DTOs.PostDto, api, Version=0.0.0.0, Culture=neutral, PublicKeyToken=null]]'.
2024-11-28 17:22:36.363 +01:00 [INF] Executing OkObjectResult, writing value of type 'System.Linq.Enumerable+SelectListIterator`2[[friendly.Models.User, api, Version=0.0.0.0, Culture=neutral, PublicKeyToken=null],[friendly.DTOs.UserDto, api, Version=0.0.0.0, Culture=neutral, PublicKeyToken=null]]'.
2024-11-28 17:22:36.363 +01:00 [INF] Executed action friendly.Controllers.PostAPIController.PostList (api) in 5.0943ms
2024-11-28 17:22:36.363 +01:00 [INF] Executed endpoint 'friendly.Controllers.PostAPIController.PostList (api)'
2024-11-28 17:22:36.363 +01:00 [INF] Executed action friendly.Controllers.UserAPIController.UserList (api) in 5.1392ms
2024-11-28 17:22:36.363 +01:00 [INF] Request finished HTTP/1.1 GET http://localhost:5062/api/PostAPI/postlist - 200 580 application/json; charset=utf-8 5.5099ms
2024-11-28 17:22:36.363 +01:00 [INF] Executed endpoint 'friendly.Controllers.UserAPIController.UserList (api)'
2024-11-28 17:22:36.363 +01:00 [INF] Request finished HTTP/1.1 GET http://localhost:5062/api/UserAPI/userlist - 200 979 application/json; charset=utf-8 5.5571ms
2024-11-28 17:27:38.963 +01:00 [INF] Request starting HTTP/1.1 OPTIONS http://localhost:5062/api/postapi/create - null null
2024-11-28 17:27:38.965 +01:00 [INF] CORS policy execution successful.
2024-11-28 17:27:38.965 +01:00 [INF] Request finished HTTP/1.1 OPTIONS http://localhost:5062/api/postapi/create - 204 null null 24.7005ms
2024-11-28 17:27:38.971 +01:00 [INF] Request starting HTTP/1.1 POST http://localhost:5062/api/postapi/create - application/json 56
2024-11-28 17:27:38.972 +01:00 [INF] CORS policy execution successful.
2024-11-28 17:27:38.973 +01:00 [INF] Executing endpoint 'friendly.Controllers.PostAPIController.Create (api)'
2024-11-28 17:27:38.973 +01:00 [INF] Route matched with {action = "Create", controller = "PostAPI"}. Executing controller action with signature System.Threading.Tasks.Task`1[Microsoft.AspNetCore.Mvc.IActionResult] Create(friendly.DTOs.PostDto) on controller friendly.Controllers.PostAPIController (api).
2024-11-28 17:27:39.014 +01:00 [INF] [PostRepository] Adding post to the DbContext: {"PostId":0,"PostImagePath":null,"Caption":"HEi","PostDate":null,"UserId":null,"User":null,"Comments":null,"Likes":null,"$type":"Post"}
2024-11-28 17:27:39.016 +01:00 [INF] [PostRepository] Entity state before saving: "Added"
2024-11-28 17:27:39.023 +01:00 [INF] [PostRepository] Entity state after saving: "Unchanged"
2024-11-28 17:27:39.024 +01:00 [INF] [PostRepository] Post creation succeeded with PostId: 5
2024-11-28 17:27:39.024 +01:00 [INF] Executing CreatedAtActionResult, writing value of type 'friendly.Models.Post'.
2024-11-28 17:27:39.025 +01:00 [INF] Executed action friendly.Controllers.PostAPIController.Create (api) in 51.5269ms
2024-11-28 17:27:39.025 +01:00 [INF] Executed endpoint 'friendly.Controllers.PostAPIController.Create (api)'
2024-11-28 17:27:39.025 +01:00 [INF] Request finished HTTP/1.1 POST http://localhost:5062/api/postapi/create - 201 120 application/json; charset=utf-8 53.7521ms
2024-11-28 17:27:40.760 +01:00 [INF] Request starting HTTP/1.1 GET http://localhost:5062/api/PostAPI/postlist - null null
2024-11-28 17:27:40.760 +01:00 [INF] CORS policy execution successful.
2024-11-28 17:27:40.761 +01:00 [INF] Request starting HTTP/1.1 GET http://localhost:5062/api/UserAPI/userlist - null null
2024-11-28 17:27:40.761 +01:00 [INF] CORS policy execution successful.
2024-11-28 17:27:40.761 +01:00 [INF] Executing endpoint 'friendly.Controllers.PostAPIController.PostList (api)'
2024-11-28 17:27:40.761 +01:00 [INF] Request starting HTTP/1.1 GET http://localhost:5062/api/CommentAPI/commentlist - null null
2024-11-28 17:27:40.761 +01:00 [INF] Executing endpoint 'friendly.Controllers.UserAPIController.UserList (api)'
2024-11-28 17:27:40.761 +01:00 [INF] Route matched with {action = "PostList", controller = "PostAPI"}. Executing controller action with signature System.Threading.Tasks.Task`1[Microsoft.AspNetCore.Mvc.IActionResult] PostList() on controller friendly.Controllers.PostAPIController (api).
2024-11-28 17:27:40.761 +01:00 [INF] CORS policy execution successful.
2024-11-28 17:27:40.761 +01:00 [INF] Route matched with {action = "UserList", controller = "UserAPI"}. Executing controller action with signature System.Threading.Tasks.Task`1[Microsoft.AspNetCore.Mvc.IActionResult] UserList() on controller friendly.Controllers.UserAPIController (api).
2024-11-28 17:27:40.761 +01:00 [INF] Executing endpoint 'friendly.Controllers.CommentAPIController.CommentList (api)'
2024-11-28 17:27:40.761 +01:00 [INF] Route matched with {action = "CommentList", controller = "CommentAPI"}. Executing controller action with signature System.Threading.Tasks.Task`1[Microsoft.AspNetCore.Mvc.IActionResult] CommentList() on controller friendly.Controllers.CommentAPIController (api).
2024-11-28 17:27:40.764 +01:00 [INF] Executing OkObjectResult, writing value of type 'System.Linq.Enumerable+SelectListIterator`2[[friendly.Models.Comment, api, Version=0.0.0.0, Culture=neutral, PublicKeyToken=null],[friendly.DTOs.CommentDto, api, Version=0.0.0.0, Culture=neutral, PublicKeyToken=null]]'.
2024-11-28 17:27:40.765 +01:00 [INF] Executed action friendly.Controllers.CommentAPIController.CommentList (api) in 3.1953ms
2024-11-28 17:27:40.765 +01:00 [INF] Executed endpoint 'friendly.Controllers.CommentAPIController.CommentList (api)'
2024-11-28 17:27:40.765 +01:00 [INF] Request finished HTTP/1.1 GET http://localhost:5062/api/CommentAPI/commentlist - 200 447 application/json; charset=utf-8 4.2696ms
2024-11-28 17:27:40.766 +01:00 [INF] Request starting HTTP/1.1 GET http://localhost:5062/api/CommentAPI/commentlist - null null
2024-11-28 17:27:40.766 +01:00 [INF] Executing OkObjectResult, writing value of type 'System.Linq.Enumerable+SelectListIterator`2[[friendly.Models.User, api, Version=0.0.0.0, Culture=neutral, PublicKeyToken=null],[friendly.DTOs.UserDto, api, Version=0.0.0.0, Culture=neutral, PublicKeyToken=null]]'.
2024-11-28 17:27:40.766 +01:00 [INF] CORS policy execution successful.
2024-11-28 17:27:40.766 +01:00 [INF] Executed action friendly.Controllers.UserAPIController.UserList (api) in 4.85ms
2024-11-28 17:27:40.766 +01:00 [INF] Executed endpoint 'friendly.Controllers.UserAPIController.UserList (api)'
2024-11-28 17:27:40.766 +01:00 [INF] Executing endpoint 'friendly.Controllers.CommentAPIController.CommentList (api)'
2024-11-28 17:27:40.766 +01:00 [INF] Request finished HTTP/1.1 GET http://localhost:5062/api/UserAPI/userlist - 200 979 application/json; charset=utf-8 5.4612ms
2024-11-28 17:27:40.766 +01:00 [INF] Route matched with {action = "CommentList", controller = "CommentAPI"}. Executing controller action with signature System.Threading.Tasks.Task`1[Microsoft.AspNetCore.Mvc.IActionResult] CommentList() on controller friendly.Controllers.CommentAPIController (api).
2024-11-28 17:27:40.767 +01:00 [INF] Request starting HTTP/1.1 GET http://localhost:5062/api/UserAPI/userlist - null null
2024-11-28 17:27:40.767 +01:00 [INF] CORS policy execution successful.
2024-11-28 17:27:40.767 +01:00 [INF] Executing endpoint 'friendly.Controllers.UserAPIController.UserList (api)'
2024-11-28 17:27:40.767 +01:00 [INF] Route matched with {action = "UserList", controller = "UserAPI"}. Executing controller action with signature System.Threading.Tasks.Task`1[Microsoft.AspNetCore.Mvc.IActionResult] UserList() on controller friendly.Controllers.UserAPIController (api).
2024-11-28 17:27:40.771 +01:00 [INF] Executing OkObjectResult, writing value of type 'System.Linq.Enumerable+SelectListIterator`2[[friendly.Models.Post, api, Version=0.0.0.0, Culture=neutral, PublicKeyToken=null],[friendly.DTOs.PostDto, api, Version=0.0.0.0, Culture=neutral, PublicKeyToken=null]]'.
2024-11-28 17:27:40.771 +01:00 [INF] Executing OkObjectResult, writing value of type 'System.Linq.Enumerable+SelectListIterator`2[[friendly.Models.User, api, Version=0.0.0.0, Culture=neutral, PublicKeyToken=null],[friendly.DTOs.UserDto, api, Version=0.0.0.0, Culture=neutral, PublicKeyToken=null]]'.
2024-11-28 17:27:40.771 +01:00 [INF] Executing OkObjectResult, writing value of type 'System.Linq.Enumerable+SelectListIterator`2[[friendly.Models.Comment, api, Version=0.0.0.0, Culture=neutral, PublicKeyToken=null],[friendly.DTOs.CommentDto, api, Version=0.0.0.0, Culture=neutral, PublicKeyToken=null]]'.
2024-11-28 17:27:40.771 +01:00 [INF] Executed action friendly.Controllers.PostAPIController.PostList (api) in 9.8486ms
2024-11-28 17:27:40.771 +01:00 [INF] Executed action friendly.Controllers.UserAPIController.UserList (api) in 4.319ms
2024-11-28 17:27:40.771 +01:00 [INF] Executed endpoint 'friendly.Controllers.PostAPIController.PostList (api)'
2024-11-28 17:27:40.771 +01:00 [INF] Executed endpoint 'friendly.Controllers.UserAPIController.UserList (api)'
2024-11-28 17:27:40.771 +01:00 [INF] Executed action friendly.Controllers.CommentAPIController.CommentList (api) in 4.6681ms
2024-11-28 17:27:40.771 +01:00 [INF] Executed endpoint 'friendly.Controllers.CommentAPIController.CommentList (api)'
2024-11-28 17:27:40.771 +01:00 [INF] Request finished HTTP/1.1 GET http://localhost:5062/api/UserAPI/userlist - 200 979 application/json; charset=utf-8 4.6434ms
2024-11-28 17:27:40.771 +01:00 [INF] Request finished HTTP/1.1 GET http://localhost:5062/api/PostAPI/postlist - 200 660 application/json; charset=utf-8 11.0499ms
2024-11-28 17:27:40.771 +01:00 [INF] Request finished HTTP/1.1 GET http://localhost:5062/api/CommentAPI/commentlist - 200 447 application/json; charset=utf-8 5.4304ms
2024-11-28 17:27:40.772 +01:00 [INF] Request starting HTTP/1.1 GET http://localhost:5062/api/PostAPI/postlist - null null
2024-11-28 17:27:40.772 +01:00 [INF] CORS policy execution successful.
2024-11-28 17:27:40.772 +01:00 [INF] Executing endpoint 'friendly.Controllers.PostAPIController.PostList (api)'
2024-11-28 17:27:40.772 +01:00 [INF] Route matched with {action = "PostList", controller = "PostAPI"}. Executing controller action with signature System.Threading.Tasks.Task`1[Microsoft.AspNetCore.Mvc.IActionResult] PostList() on controller friendly.Controllers.PostAPIController (api).
2024-11-28 17:27:40.774 +01:00 [INF] Executing OkObjectResult, writing value of type 'System.Linq.Enumerable+SelectListIterator`2[[friendly.Models.Post, api, Version=0.0.0.0, Culture=neutral, PublicKeyToken=null],[friendly.DTOs.PostDto, api, Version=0.0.0.0, Culture=neutral, PublicKeyToken=null]]'.
2024-11-28 17:27:40.774 +01:00 [INF] Executed action friendly.Controllers.PostAPIController.PostList (api) in 2.2513ms
2024-11-28 17:27:40.774 +01:00 [INF] Executed endpoint 'friendly.Controllers.PostAPIController.PostList (api)'
2024-11-28 17:27:40.775 +01:00 [INF] Request finished HTTP/1.1 GET http://localhost:5062/api/PostAPI/postlist - 200 660 application/json; charset=utf-8 2.7464ms
