2024-11-27 22:58:33.632 +01:00 [INF] User profile is available. Using '/Users/axel/.aspnet/DataProtection-Keys' as key repository; keys will not be encrypted at rest.
2024-11-27 22:58:34.857 +01:00 [INF] Now listening on: https://localhost:7046
2024-11-27 22:58:34.857 +01:00 [INF] Now listening on: http://localhost:5062
2024-11-27 22:58:34.858 +01:00 [INF] Application started. Press Ctrl+C to shut down.
2024-11-27 22:58:34.858 +01:00 [INF] Hosting environment: Development
2024-11-27 22:58:34.858 +01:00 [INF] Content root path: /Users/axel/Documents/Skole/TestFriendly/api
2024-11-27 22:58:35.555 +01:00 [INF] Request starting HTTP/1.1 GET http://localhost:5062/swagger/index.html - null null
2024-11-27 22:58:35.596 +01:00 [INF] Request finished HTTP/1.1 GET http://localhost:5062/swagger/index.html - 200 null text/html;charset=utf-8 40.9731ms
2024-11-27 22:58:35.745 +01:00 [INF] Request starting HTTP/1.1 GET http://localhost:5062/swagger/v1/swagger.json - null null
2024-11-27 22:58:35.780 +01:00 [INF] Request finished HTTP/1.1 GET http://localhost:5062/swagger/v1/swagger.json - 200 null application/json;charset=utf-8 34.9703ms
2024-11-27 22:58:55.496 +01:00 [INF] Request starting HTTP/1.1 GET http://localhost:5062/api/LikeAPI/likes/1 - null null
2024-11-27 22:58:55.547 +01:00 [INF] Executing endpoint 'friendly.Controllers.LikeAPIController.GetLikesCount (api)'
2024-11-27 22:58:55.559 +01:00 [INF] Route matched with {action = "GetLikesCount", controller = "LikeAPI"}. Executing controller action with signature System.Threading.Tasks.Task`1[Microsoft.AspNetCore.Mvc.IActionResult] GetLikesCount(Int32) on controller friendly.Controllers.LikeAPIController (api).
2024-11-27 22:58:55.593 +01:00 [INF] Like count retrieved successfully for PostId: 1, Count: 0
2024-11-27 22:58:55.595 +01:00 [INF] Executing OkObjectResult, writing value of type 'System.Int32'.
2024-11-27 22:58:55.611 +01:00 [INF] Executed action friendly.Controllers.LikeAPIController.GetLikesCount (api) in 50.7661ms
2024-11-27 22:58:55.611 +01:00 [INF] Executed endpoint 'friendly.Controllers.LikeAPIController.GetLikesCount (api)'
2024-11-27 22:58:55.613 +01:00 [INF] Request finished HTTP/1.1 GET http://localhost:5062/api/LikeAPI/likes/1 - 200 1 application/json; charset=utf-8 117.4038ms
2024-11-27 23:01:31.519 +01:00 [INF] Request starting HTTP/1.1 GET http://localhost:5062/api/CommentAPI/commentlist - null null
2024-11-27 23:01:31.526 +01:00 [INF] Executing endpoint 'friendly.Controllers.CommentAPIController.CommentList (api)'
2024-11-27 23:01:31.533 +01:00 [INF] Route matched with {action = "CommentList", controller = "CommentAPI"}. Executing controller action with signature System.Threading.Tasks.Task`1[Microsoft.AspNetCore.Mvc.IActionResult] CommentList() on controller friendly.Controllers.CommentAPIController (api).
2024-11-27 23:01:31.580 +01:00 [INF] Executing OkObjectResult, writing value of type 'System.Linq.Enumerable+SelectListIterator`2[[friendly.Models.Comment, api, Version=0.0.0.0, Culture=neutral, PublicKeyToken=null],[friendly.DTOs.CommentDto, api, Version=0.0.0.0, Culture=neutral, PublicKeyToken=null]]'.
2024-11-27 23:01:31.597 +01:00 [INF] Executed action friendly.Controllers.CommentAPIController.CommentList (api) in 63.5671ms
2024-11-27 23:01:31.597 +01:00 [INF] Executed endpoint 'friendly.Controllers.CommentAPIController.CommentList (api)'
2024-11-27 23:01:31.598 +01:00 [INF] Request finished HTTP/1.1 GET http://localhost:5062/api/CommentAPI/commentlist - 200 441 application/json; charset=utf-8 79.5135ms
