2024-11-27 22:38:18.224 +01:00 [INF] User profile is available. Using '/Users/axel/.aspnet/DataProtection-Keys' as key repository; keys will not be encrypted at rest.
2024-11-27 22:38:19.616 +01:00 [INF] Now listening on: https://localhost:7046
2024-11-27 22:38:19.616 +01:00 [INF] Now listening on: http://localhost:5062
2024-11-27 22:38:19.617 +01:00 [INF] Application started. Press Ctrl+C to shut down.
2024-11-27 22:38:19.617 +01:00 [INF] Hosting environment: Development
2024-11-27 22:38:19.617 +01:00 [INF] Content root path: /Users/axel/Documents/Skole/TestFriendly/api
2024-11-27 22:38:27.627 +01:00 [INF] Request starting HTTP/1.1 GET http://localhost:5062/swagger/index.html - null null
2024-11-27 22:38:27.662 +01:00 [INF] Request finished HTTP/1.1 GET http://localhost:5062/swagger/index.html - 200 null text/html;charset=utf-8 35.8989ms
2024-11-27 22:38:27.783 +01:00 [INF] Request starting HTTP/1.1 GET http://localhost:5062/swagger/v1/swagger.json - null null
2024-11-27 22:38:27.817 +01:00 [INF] Request finished HTTP/1.1 GET http://localhost:5062/swagger/v1/swagger.json - 200 null application/json;charset=utf-8 34.4237ms
2024-11-27 22:38:31.262 +01:00 [INF] Request starting HTTP/1.1 GET http://localhost:5062/api/PostAPI/postlist - null null
2024-11-27 22:38:31.293 +01:00 [INF] Executing endpoint 'friendly.Controllers.PostAPIController.PostList (api)'
2024-11-27 22:38:31.304 +01:00 [INF] Route matched with {action = "PostList", controller = "PostAPI"}. Executing controller action with signature System.Threading.Tasks.Task`1[Microsoft.AspNetCore.Mvc.IActionResult] PostList() on controller friendly.Controllers.PostAPIController (api).
2024-11-27 22:38:31.336 +01:00 [INF] Executing OkObjectResult, writing value of type 'System.Linq.Enumerable+SelectListIterator`2[[friendly.Models.Post, api, Version=0.0.0.0, Culture=neutral, PublicKeyToken=null],[friendly.DTOs.PostDto, api, Version=0.0.0.0, Culture=neutral, PublicKeyToken=null]]'.
2024-11-27 22:38:31.365 +01:00 [INF] Executed action friendly.Controllers.PostAPIController.PostList (api) in 59.8509ms
2024-11-27 22:38:31.365 +01:00 [INF] Executed endpoint 'friendly.Controllers.PostAPIController.PostList (api)'
2024-11-27 22:38:31.367 +01:00 [INF] Request finished HTTP/1.1 GET http://localhost:5062/api/PostAPI/postlist - 200 494 application/json; charset=utf-8 105.115ms
2024-11-27 22:39:34.052 +01:00 [INF] Request starting HTTP/1.1 GET http://localhost:5062/api/UserAPI/userlist - null null
2024-11-27 22:39:34.060 +01:00 [INF] Executing endpoint 'friendly.Controllers.UserAPIController.UserList (api)'
2024-11-27 22:39:34.065 +01:00 [INF] Route matched with {action = "UserList", controller = "UserAPI"}. Executing controller action with signature System.Threading.Tasks.Task`1[Microsoft.AspNetCore.Mvc.IActionResult] UserList() on controller friendly.Controllers.UserAPIController (api).
2024-11-27 22:39:34.108 +01:00 [INF] Executing OkObjectResult, writing value of type 'System.Linq.Enumerable+SelectListIterator`2[[friendly.Models.User, api, Version=0.0.0.0, Culture=neutral, PublicKeyToken=null],[friendly.DTOs.UserDto, api, Version=0.0.0.0, Culture=neutral, PublicKeyToken=null]]'.
2024-11-27 22:39:34.110 +01:00 [INF] Executed action friendly.Controllers.UserAPIController.UserList (api) in 45.4341ms
2024-11-27 22:39:34.110 +01:00 [INF] Executed endpoint 'friendly.Controllers.UserAPIController.UserList (api)'
2024-11-27 22:39:34.111 +01:00 [INF] Request finished HTTP/1.1 GET http://localhost:5062/api/UserAPI/userlist - 200 592 application/json; charset=utf-8 58.5969ms
